[2016.04.07-04.30.15:926][  0]Log file open, 04/06/16 21:30:15
[2016.04.07-04.30.15:926][  0]LogInit:Display: Running engine for game: Maze_Of_Doom
[2016.04.07-04.30.15:926][  0]LogPlatformFile: Not using cached read wrapper
[2016.04.07-04.30.15:926][  0]LogInit:Display: RandInit(-1903205269) SRandInit(-1903205267).
[2016.04.07-04.30.15:926][  0]LogTaskGraph: Started task graph with 4 named threads and 7 total threads.
[2016.04.07-04.30.15:926][  0]LogStats: Stats thread started at 3.768994
[2016.04.07-04.30.15:926][  0]LogInit: Version: 4.10.4-2872498+++depot+UE4-Releases+4.10
[2016.04.07-04.30.15:926][  0]LogInit: API Version: 2758231
[2016.04.07-04.30.15:926][  0]LogInit: Compiled (64-bit): Feb 18 2016 15:47:04
[2016.04.07-04.30.15:926][  0]LogInit: Compiled with Visual C++: 19.00.23026.00
[2016.04.07-04.30.15:926][  0]LogInit: Build Configuration: Development
[2016.04.07-04.30.15:926][  0]LogInit: Branch Name: ++depot+UE4-Releases+4.10
[2016.04.07-04.30.15:926][  0]LogInit: Command line:  
[2016.04.07-04.30.15:926][  0]LogInit: Base directory: C:/Program Files (x86)/Epic Games/4.10/Engine/Binaries/Win64/
[2016.04.07-04.30.15:926][  0]LogInit: Rocket: 1
[2016.04.07-04.30.16:207][  0]LogInit: Using libcurl 7.41.0
[2016.04.07-04.30.16:207][  0]LogInit:  - built for x86_64-pc-win32
[2016.04.07-04.30.16:207][  0]LogInit:  - supports SSL with WinSSL
[2016.04.07-04.30.16:207][  0]LogInit:  - other features:
[2016.04.07-04.30.16:207][  0]LogInit:      CURL_VERSION_SSL
[2016.04.07-04.30.16:207][  0]LogInit:      CURL_VERSION_IPV6
[2016.04.07-04.30.16:223][  0]LogInit:      CURL_VERSION_ASYNCHDNS
[2016.04.07-04.30.16:223][  0]LogInit:      CURL_VERSION_LARGEFILE
[2016.04.07-04.30.16:223][  0]LogInit:      CURL_VERSION_IDN
[2016.04.07-04.30.16:223][  0]LogInit:  CurlRequestOptions (configurable via config and command line):
[2016.04.07-04.30.16:223][  0]LogInit:  - bVerifyPeer = true  - Libcurl will verify peer certificate
[2016.04.07-04.30.16:223][  0]LogInit:  - bUseHttpProxy = false  - Libcurl will NOT use HTTP proxy
[2016.04.07-04.30.16:223][  0]LogInit:  - bDontReuseConnections = false  - Libcurl will reuse connections
[2016.04.07-04.30.16:223][  0]LogInit:  - CertBundlePath = nullptr  - Libcurl will use whatever was configured at build time.
[2016.04.07-04.30.16:395][  0]LogInit: Presizing for 0 objects not considered by GC, pre-allocating 0 bytes.
[2016.04.07-04.30.16:598][  0]LogInit: Object subsystem initialized
[2016.04.07-04.30.16:739][  0]LogInit: Selected Device Profile: [Windows]
[2016.04.07-04.30.16:739][  0]LogInit: Applying CVar settings loaded from the selected device profile: [Windows]
[2016.04.07-04.30.16:861][  0]LogInit: Computer: MIDAS2013
[2016.04.07-04.30.16:861][  0]LogInit: User: Aaron
[2016.04.07-04.30.16:861][  0]LogInit: CPU Page size=4096, Cores=4
[2016.04.07-04.30.16:861][  0]LogInit: High frequency timer resolution =4.232979 MHz
[2016.04.07-04.30.16:861][  0]LogMemory: Memory total: Physical=7.9GB (8GB approx)
[2016.04.07-04.30.16:861][  0]LogMemory: Platform Memory Stats for Windows
[2016.04.07-04.30.16:861][  0]LogMemory: Process Physical Memory: 54.40 MB used, 54.40 MB peak
[2016.04.07-04.30.16:861][  0]LogMemory: Process Virtual Memory: 56.53 MB used, 56.53 MB peak
[2016.04.07-04.30.16:861][  0]LogMemory: Physical Memory: 1220.91 MB used, 8090.14 MB total
[2016.04.07-04.30.16:861][  0]LogMemory: Virtual Memory: 364.64 MB used, 134217728.00 MB total
[2016.04.07-04.30.18:176][  0]LogTextLocalizationManager: No specific translations for ('en-US') exist, so ('en') translations will be used.
[2016.04.07-04.30.19:564][  0]LogD3D11RHI: Found D3D11 adapter 0: NVIDIA GeForce GTX 660   (Feature Level 11_0)
[2016.04.07-04.30.19:564][  0]LogD3D11RHI: Adapter has 1984MB of dedicated video memory, 0MB of dedicated system memory, and 2048MB of shared system memory, 1 output[s]
[2016.04.07-04.30.19:565][  0]LogD3D11RHI: Found D3D11 adapter 1: Microsoft Basic Render Driver (Feature Level 11_0)
[2016.04.07-04.30.19:565][  0]LogD3D11RHI: Adapter has 0MB of dedicated video memory, 0MB of dedicated system memory, and 256MB of shared system memory, 0 output[s]
[2016.04.07-04.30.19:565][  0]LogD3D11RHI: Chosen D3D11 Adapter Id = 0
[2016.04.07-04.30.19:569][  0]LogD3D11RHI: !Direct3DDevice
[2016.04.07-04.30.19:569][  0]LogRHI: Texture pool is 1361 MB (70% of 1945 MB)
[2016.04.07-04.30.19:592][  0]LogD3D11RHI: Async texture creation enabled
[2016.04.07-04.30.20:104][  0]LogShaderCompilers: Guid format shader working directory is -8 characters bigger than the processId version (../../../../../../Users/Aaron/Documents/a/Maze_Of_Doom/Intermediate/Shaders/WorkingDirectory/2140/).
[2016.04.07-04.30.20:104][  0]LogShaderCompilers: Cleaned the shader compiler working directory 'C:/Users/Aaron/AppData/Local/Temp/UnrealShaderWorkingDir/4F9F03C04B49E072A286499C01B6963E/'.
[2016.04.07-04.30.20:114][  0]LogShaderCompilers:Display: Using Local Shader Compiler.
[2016.04.07-04.30.31:071][  0]LogTemp:Display: Loaded TP AllDesktopTargetPlatform
[2016.04.07-04.30.31:076][  0]LogTemp:Display: Loaded TP WindowsClientTargetPlatform
[2016.04.07-04.30.31:081][  0]LogTemp:Display: Loaded TP WindowsNoEditorTargetPlatform
[2016.04.07-04.30.31:086][  0]LogTemp:Display: Loaded TP WindowsServerTargetPlatform
[2016.04.07-04.30.31:100][  0]LogTemp:Display: Loaded TP WindowsTargetPlatform
[2016.04.07-04.30.31:127][  0]LogTemp:Display: Loaded TP AndroidTargetPlatform
[2016.04.07-04.30.31:136][  0]LogTemp:Display: Loaded TP Android_ASTCTargetPlatform
[2016.04.07-04.30.31:147][  0]LogTemp:Display: Loaded TP Android_ATCTargetPlatform
[2016.04.07-04.30.31:164][  0]LogTemp:Display: Loaded TP Android_DXTTargetPlatform
[2016.04.07-04.30.31:178][  0]LogTemp:Display: Loaded TP Android_ETC1TargetPlatform
[2016.04.07-04.30.31:189][  0]LogTemp:Display: Loaded TP Android_ETC2TargetPlatform
[2016.04.07-04.30.31:221][  0]LogTemp:Display: Loaded TP Android_MultiTargetPlatform
[2016.04.07-04.30.31:221][  0]LogTemp:Display: Loaded TP Android_PVRTCTargetPlatform
[2016.04.07-04.30.31:222][  0]LogTemp:Display: Loaded TP HTML5TargetPlatform
[2016.04.07-04.30.31:324][  0]LogTemp:Display: Loaded TP IOSTargetPlatform
[2016.04.07-04.30.31:332][  0]LogTemp:Display: Loaded TP LinuxNoEditorTargetPlatform
[2016.04.07-04.30.31:342][  0]LogTemp:Display: Loaded TP LinuxServerTargetPlatform
[2016.04.07-04.30.31:363][  0]LogTemp:Display: Loaded TP LinuxTargetPlatform
[2016.04.07-04.30.31:363][  0]LogTargetPlatformManager:Display: Building Assets For Windows
[2016.04.07-04.30.32:375][  0]LogDerivedDataCache:Display: Max Cache Size: 512 MB
[2016.04.07-04.30.33:018][  0]LogDerivedDataCache: Loaded boot cache 0.63s 44MB C:/Users/Aaron/AppData/Local/UnrealEngine/4.10/DerivedDataCache/Boot.ddc.
[2016.04.07-04.30.33:018][  0]LogDerivedDataCache:Display: Loaded Boot cache: C:/Users/Aaron/AppData/Local/UnrealEngine/4.10/DerivedDataCache/Boot.ddc
[2016.04.07-04.30.33:018][  0]LogDerivedDataCache: FDerivedDataBackendGraph:  Pak pak cache file ../../../../../../Users/Aaron/Documents/a/Maze_Of_Doom/DerivedDataCache/DDC.ddp not found, will not use a pak cache.
[2016.04.07-04.30.33:018][  0]LogDerivedDataCache: Unable to find inner node Pak for hierarchical cache Hierarchy.
[2016.04.07-04.30.33:018][  0]LogDerivedDataCache: FDerivedDataBackendGraph:  CompressedPak pak cache file ../../../../../../Users/Aaron/Documents/a/Maze_Of_Doom/DerivedDataCache/Compressed.ddp not found, will not use a pak cache.
[2016.04.07-04.30.33:018][  0]LogDerivedDataCache: Unable to find inner node CompressedPak for hierarchical cache Hierarchy.
[2016.04.07-04.30.33:160][  0]LogDerivedDataCache:Display: Pak cache opened for reading ../../../Engine/DerivedDataCache/Compressed.ddp.
[2016.04.07-04.30.33:220][  0]LogDerivedDataCache: Using Local data cache path C:/Users/Aaron/AppData/Local/UnrealEngine/Common/DerivedDataCache: Writable
[2016.04.07-04.30.43:691][  0]LogInit: Selected Device Profile: [Windows]
[2016.04.07-04.30.43:772][  0]LogContentStreaming: Texture pool size is 0.000000MB
[2016.04.07-04.30.45:193][  0]LogMeshUtilities: No automatic mesh reduction module available
[2016.04.07-04.30.45:193][  0]LogMeshUtilities: No automatic mesh merging module available
[2016.04.07-04.30.49:067][  0]LogInit: WinSock: version 1.1 (2.2), MaxSocks=32767, MaxUdp=65467
[2016.04.07-04.31.08:777][  0]UdpMessaging: Initializing bridge on interface 0.0.0.0:0 to multicast group 230.0.0.1:6666.
[2016.04.07-04.31.13:096][  0]LogAssetRegistry: FAssetRegistry took 0.0137 seconds to start up
[2016.04.07-04.31.16:534][  0]SourceControl: Info Source control is disabled
[2016.04.07-04.31.18:478][  0]SourceControl: Info Source control is disabled
[2016.04.07-04.31.18:662][  0]SourceControl: Info Source control is disabled
[2016.04.07-04.31.18:874][  0]SourceControl: Info Source control is disabled
[2016.04.07-04.31.21:677][  0]LogObj: 35058 objects as part of root set at end of initial load.
[2016.04.07-04.31.21:677][  0]LogUObjectAllocator: 8379680 out of 0 bytes used by permanent object pool.
[2016.04.07-04.31.22:663][  0]LogEngine: Initializing Engine...
[2016.04.07-04.31.22:690][  0]LogHMD: Can't find Oculus library dev build: is proper Runtime installed? Version: 0.8.0.0
[2016.04.07-04.31.22:807][  0]LogHMD: SteamVR failed to initialize.  Err: 110
[2016.04.07-04.31.24:010][  0]LogAIModule: Creating AISystem for world NewWorld
[2016.04.07-04.31.24:310][  0]LogInit: XAudio2 using 'HP w2408-4 (NVIDIA High Definition Audio)' : 2 channels at 48 kHz using 16 bits per sample (channel mask 0x3)
[2016.04.07-04.31.24:383][  0]LogInit: FAudioDevice initialized.
[2016.04.07-04.31.24:418][  0]LogDerivedDataCache: Saved boot cache 0.03s 44MB C:/Users/Aaron/AppData/Local/UnrealEngine/4.10/DerivedDataCache/Boot.ddc.
[2016.04.07-04.31.24:430][  0]LogInit: Texture streaming: Enabled
[2016.04.07-04.31.24:575][  0]LogAnalytics: Creating configured Analytics provider AnalyticsET
[2016.04.07-04.31.24:593][  0]LogAnalytics: [UEEditor.Rocket.Release] APIServer = http://et2.epicgames.com/ET2/. AppVersion = 4.10.4-2872498+++depot+UE4-Releases+4.10
[2016.04.07-04.31.24:593][  0]LogAnalytics: [UEEditor.Rocket.Release] SetUserId ada7550f432c852206d4d89c1e3b3a85|ec7b00a30b924c4b8cae2a71e72a5f1b|6bbf40ba-94c5-49a6-82c8-1033ddda766d
[2016.04.07-04.31.24:605][  0]LogAnalytics: [UEEditor.Rocket.Release] AnalyticsET::StartSession
[2016.04.07-04.31.25:244][  0]LogInit: Transaction tracking system initialized
[2016.04.07-04.31.26:470][  0]BlueprintLog: New page: Editor Load
[2016.04.07-04.31.29:664][  0]LocalizationService: Info Localization service is disabled
[2016.04.07-04.31.31:914][  0]LogConsoleResponse:Display: 
[2016.04.07-04.31.35:886][  0]LogFileCache: Scanning file cache for directory 'C:/Users/Aaron/Documents/a/Maze_Of_Doom/Content/' took 0.04s
[2016.04.07-04.31.35:886][  0]LogCook:Display: Done creating registry. It took  0.00s.
[2016.04.07-04.31.38:205][  0]SourceControl: Info Source control is disabled
[2016.04.07-04.31.38:242][  0]Cmd: MAP LOAD FILE="../../../../../../Users/Aaron/Documents/a/Maze_Of_Doom/Content/ThirdPersonCPP/Maps/ThirdPersonExampleMap.umap" TEMPLATE=0 SHOWPROGRESS=1 FEATURELEVEL=3
[2016.04.07-04.31.38:287][  0]LogEditorServer:Warning: Can't find file '../../../../../../Users/Aaron/Documents/a/Maze_Of_Doom/Content/ThirdPersonCPP/Maps/ThirdPersonExampleMap.umap'
[2016.04.07-04.31.38:299][  0]Cmd: MAP CHECKDEP NOCLEARLOG
[2016.04.07-04.31.38:400][  0]MapCheck: Info Map check complete: 0 Error(s), 0 Warning(s), took 101.943ms to complete.
[2016.04.07-04.31.38:400][  0]LogFileHelpers: Loading map 'ThirdPersonExampleMap' took 0.165
[2016.04.07-04.31.42:214][  0]LogCollectionManager: Loaded 0 collections in 0.033895 seconds
[2016.04.07-04.31.42:886][  0]LogFileCache: Scanning file cache for directory 'C:/Users/Aaron/Documents/a/Maze_Of_Doom/Saved/Collections/' took 0.01s
[2016.04.07-04.31.42:886][  0]LogFileCache: Scanning file cache for directory 'C:/Users/Aaron/Documents/a/Maze_Of_Doom/Content/Developers/Aaron/Collections/' took 0.01s
[2016.04.07-04.31.42:886][  0]LogFileCache: Scanning file cache for directory 'C:/Users/Aaron/Documents/a/Maze_Of_Doom/Content/Collections/' took 0.01s
[2016.04.07-04.31.42:886][  0]LogCollectionManager: Rebuilt the GUID cache for 0 collections in 0.000009 seconds
[2016.04.07-04.31.43:082][  0]LogContentBrowser: Native class hierarchy populated in 0.1421 seconds. Added 1895 classes and 340 folders.
[2016.04.07-04.31.43:395][  0]LogContentBrowser: Native class hierarchy updated for 'WidgetCarousel' in 0.0012 seconds. Added 0 classes and 0 folders.
[2016.04.07-04.31.49:273][  0]LogContentBrowser: Native class hierarchy updated for 'AddContentDialog' in 0.0014 seconds. Added 0 classes and 0 folders.
[2016.04.07-04.31.49:582][  0]LogContentBrowser: Native class hierarchy updated for 'SceneOutliner' in 0.0014 seconds. Added 1 classes and 2 folders.
[2016.04.07-04.31.55:452][  0]LogCrashTracker: Crashtracker disabled due to settings.
[2016.04.07-04.31.56:611][  0]LogLoad: Full Startup: 111.16 seconds (BP compile: 0.77 seconds)
[2016.04.07-04.31.56:985][  0]LogOcInput: Can't find Oculus library dev build: is proper Runtime installed? Version: 0.8.0.0
[2016.04.07-04.31.59:103][  0]LogContentStreaming: Texture pool size now 1000 MB
[2016.04.07-04.32.00:392][  0]LogRenderer: Reallocating scene render targets to support 988x604 (Frame:2).
[2016.04.07-04.32.03:798][  5]LogAssetRegistry: Asset discovery search completed in 50.7152 seconds
[2016.04.07-04.32.03:819][  5]LogCollectionManager: Rebuilt the object cache for 0 collections in 0.000000 seconds (found 0 objects)
[2016.04.07-04.32.03:819][  5]LogCollectionManager: Fixed up redirectors for 0 collections in 0.007734 seconds (updated 0 objects)
[2016.04.07-04.33.23:798][648]LogLinker:Warning: Asset '../../../Engine/Content/ArtTools/RenderToTexture/Macros/RenderToTextureMacros.uasset' has been saved with empty engine version. The asset will be loaded but may be incompatible.
[2016.04.07-04.33.24:359][648]LogContentBrowser: Native class hierarchy updated for 'BlueprintGraph' in 0.0018 seconds. Added 107 classes and 0 folders.
[2016.04.07-04.33.29:750][961]BlueprintLog: New page: Compile ThirdPersonCharacter
[2016.04.07-04.33.29:899][961]LogActorComponent: UnregisterComponent: (/Engine/Transient.CharMoveComp) Not registered. Aborting.
[2016.04.07-04.33.29:942][961]BlueprintEditorCompileResults: Info [0204.49] Compile of ThirdPersonCharacter successful! [in 192 ms]
[2016.04.07-04.33.30:253][991]BlueprintLog: New page: Compile ThirdPersonCharacter
[2016.04.07-04.33.30:301][991]LogActorComponent: UnregisterComponent: (/Engine/Transient.CharMoveComp) Not registered. Aborting.
[2016.04.07-04.33.30:339][991]BlueprintEditorCompileResults: Info [0204.89] Compile of ThirdPersonCharacter successful! [in 85 ms]
[2016.04.07-04.33.31:960][ 65]LogSavePackage: Save=70.862625ms
[2016.04.07-04.33.31:960][ 65]LogSavePackage: Moving '../../../../../../Users/Aaron/Documents/a/Maze_Of_Doom/Saved/ThirdPersonCharacterFC2F8FD848F5A6EA02C2D7927E46105A.tmp' to '../../../../../../Users/Aaron/Documents/a/Maze_Of_Doom/Content/ThirdPersonCPP/Blueprints/ThirdPersonCharacter.uasset'
[2016.04.07-04.33.31:963][ 65]LogSavePackage: Total save time: 538.519092ms
[2016.04.07-04.33.31:963][ 65]LogSavePackage:Display: Finished SavePackage ../../../../../../Users/Aaron/Documents/a/Maze_Of_Doom/Content/ThirdPersonCPP/Blueprints/ThirdPersonCharacter.uasset
[2016.04.07-04.33.38:825][755]LogRenderer: Reallocating scene render targets to support 1208x652 (Frame:13196).
[2016.04.07-04.33.46:140][623]LogContentBrowser: Native class hierarchy updated for 'TextureEditor' in 0.0014 seconds. Added 1 classes and 2 folders.
[2016.04.07-04.33.54:206][565]LogActorComponent: UnregisterComponent: (/Engine/Transient.CharMoveComp) Not registered. Aborting.
[2016.04.07-04.34.38:126][994]LogActorComponent: UnregisterComponent: (/Engine/Transient.CharMoveComp) Not registered. Aborting.
[2016.04.07-04.34.39:488][141]BlueprintLog: New page: Compile Bullet
[2016.04.07-04.34.39:567][141]BlueprintEditorCompileResults: Info [0274.12] Compile of Bullet successful! [in 78 ms]
[2016.04.07-04.34.40:132][203]Cmd: OBJ SAVEPACKAGE PACKAGE="/Game/FirstPerson/FPWeapon/Mesh/Bullet" FILE="../../../../../../Users/Aaron/Documents/a/Maze_Of_Doom/Content/FirstPerson/FPWeapon/Mesh/Bullet.uasset" SILENT=true
[2016.04.07-04.34.40:165][203]LogSavePackage: Save=21.072157ms
[2016.04.07-04.34.40:165][203]LogSavePackage: Moving '../../../../../../Users/Aaron/Documents/a/Maze_Of_Doom/Saved/Bullet52FEC6A34A5D7B56D82B8D915DA8120C.tmp' to '../../../../../../Users/Aaron/Documents/a/Maze_Of_Doom/Content/FirstPerson/FPWeapon/Mesh/Bullet.uasset'
[2016.04.07-04.34.40:167][203]LogSavePackage: Total save time: 34.164831ms
[2016.04.07-04.34.40:167][203]LogSavePackage:Display: Finished SavePackage ../../../../../../Users/Aaron/Documents/a/Maze_Of_Doom/Content/FirstPerson/FPWeapon/Mesh/Bullet.uasset
[2016.04.07-04.35.15:946][130]BlueprintLog: New page: Compile Bullet
[2016.04.07-04.35.16:023][130]BlueprintEditorCompileResults: Info [0310.57] Compile of Bullet successful! [in 76 ms]
[2016.04.07-04.35.16:461][178]Cmd: OBJ SAVEPACKAGE PACKAGE="/Game/FirstPerson/FPWeapon/Mesh/Bullet" FILE="../../../../../../Users/Aaron/Documents/a/Maze_Of_Doom/Content/FirstPerson/FPWeapon/Mesh/Bullet.uasset" SILENT=true
[2016.04.07-04.35.16:492][178]LogSavePackage: Save=19.847725ms
[2016.04.07-04.35.16:492][178]LogSavePackage: Moving '../../../../../../Users/Aaron/Documents/a/Maze_Of_Doom/Saved/BulletB61EE1814A72656B96C1C98D06BC8200.tmp' to '../../../../../../Users/Aaron/Documents/a/Maze_Of_Doom/Content/FirstPerson/FPWeapon/Mesh/Bullet.uasset'
[2016.04.07-04.35.16:494][178]LogSavePackage: Total save time: 30.262846ms
[2016.04.07-04.35.16:494][178]LogSavePackage:Display: Finished SavePackage ../../../../../../Users/Aaron/Documents/a/Maze_Of_Doom/Content/FirstPerson/FPWeapon/Mesh/Bullet.uasset
[2016.04.07-04.35.19:095][488]LogRenderer: Reallocating scene render targets to support 1208x1020 (Frame:17122).
[2016.04.07-04.38.44:831][858]LogSlate:Warning: Prevented a slow task dialog from being summoned while a context menu was open
[2016.04.07-04.38.44:834][858]LogLinker:Warning: Asset '../../../../../../Users/Aaron/Documents/a/Maze_Of_Doom/Content/FirstPerson/Meshes/FirstPersonProjectileMesh.uasset' has been saved with empty engine version. The asset will be loaded but may be incompatible.
[2016.04.07-04.39.11:073][979]BlueprintLog: New page: Compile ThirdPersonCharacter
[2016.04.07-04.39.11:126][979]LogActorComponent: UnregisterComponent: (/Engine/Transient.CharMoveComp) Not registered. Aborting.
[2016.04.07-04.39.11:162][979]LogParticles: Destroying 0 GPU particle simulations for FXSystem 0x0000007A50E7B100
[2016.04.07-04.39.11:163][979]LogParticles: Destroying 0 GPU particle simulations for FXSystem 0x0000007A50E78D60
[2016.04.07-04.39.11:163][979]LogParticles: Destroying 0 GPU particle simulations for FXSystem 0x0000007A2D063BA0
[2016.04.07-04.39.11:173][979]BlueprintEditorCompileResults: Info [0545.72] Compile of ThirdPersonCharacter successful! [in 99 ms]
[2016.04.07-04.39.11:961][ 60]LogSavePackage: Save=59.788864ms
[2016.04.07-04.39.11:961][ 60]LogSavePackage: Moving '../../../../../../Users/Aaron/Documents/a/Maze_Of_Doom/Saved/ThirdPersonCharacter7CE434724036F660848E20999E686096.tmp' to '../../../../../../Users/Aaron/Documents/a/Maze_Of_Doom/Content/ThirdPersonCPP/Blueprints/ThirdPersonCharacter.uasset'
[2016.04.07-04.39.11:964][ 60]LogSavePackage: Total save time: 72.666556ms
[2016.04.07-04.39.11:964][ 60]LogSavePackage:Display: Finished SavePackage ../../../../../../Users/Aaron/Documents/a/Maze_Of_Doom/Content/ThirdPersonCPP/Blueprints/ThirdPersonCharacter.uasset
[2016.04.07-04.39.18:795][776]LogLinker:Warning: CreateExport: Failed to load Parent for BlueprintGeneratedClass /Game/Blueprint_Items/Energy_Pack/MyEnergyPickup.MyEnergyPickup_C
[2016.04.07-04.39.18:795][776]LogLinker:Warning: CreateExport: Failed to load Parent for BlueprintGeneratedClass /Game/Blueprint_Items/Energy_Pack/MyEnergyPickup.MyEnergyPickup_C
[2016.04.07-04.39.18:795][776]LogLinker:Warning: CreateExport: Failed to load Parent for BlueprintGeneratedClass /Game/Blueprint_Items/Energy_Pack/MyEnergyPickup.MyEnergyPickup_C
[2016.04.07-04.39.18:796][776]LogLinker:Warning: CreateExport: Failed to load Parent for BlueprintGeneratedClass /Game/Blueprint_Items/Energy_Pack/MyEnergyPickup.MyEnergyPickup_C
[2016.04.07-04.39.18:796][776]LogLinker:Warning: CreateExport: Failed to load Parent for BlueprintGeneratedClass /Game/Blueprint_Items/Energy_Pack/MyEnergyPickup.MyEnergyPickup_C
[2016.04.07-04.39.18:797][776]LogLinker:Warning: CreateExport: Failed to load Parent for BlueprintGeneratedClass /Game/Blueprint_Items/Energy_Pack/MyEnergyPickup.MyEnergyPickup_C
[2016.04.07-04.39.18:799][776]LogLinker:Warning: CreateExport: Failed to load Parent for BlueprintGeneratedClass /Game/Blueprint_Items/Energy_Pack/MyEnergyPickup.MyEnergyPickup_C
[2016.04.07-04.39.18:802][776]LogLinker:Warning: CreateExport: Failed to load Parent for BlueprintGeneratedClass /Game/Blueprint_Items/Energy_Pack/MyEnergyPickup.MyEnergyPickup_C
[2016.04.07-04.39.19:173][776]LogLinker:Warning: CreateExport: Failed to load Parent for BlueprintGeneratedClass /Game/Blueprint_Items/Energy_Pack/MyEnergyPickup.MyEnergyPickup_C
[2016.04.07-04.39.19:173][776]LogLinker:Warning: CreateExport: Failed to load Parent for BlueprintGeneratedClass /Game/Blueprint_Items/Energy_Pack/MyEnergyPickup.MyEnergyPickup_C
[2016.04.07-04.39.19:173][776]LogLinker:Warning: CreateExport: Failed to load Parent for BlueprintGeneratedClass /Game/Blueprint_Items/Energy_Pack/MyEnergyPickup.MyEnergyPickup_C
[2016.04.07-04.39.19:173][776]LogLinker:Warning: CreateExport: Failed to load Parent for BlueprintGeneratedClass /Game/Blueprint_Items/Energy_Pack/MyEnergyPickup.MyEnergyPickup_C
[2016.04.07-04.39.19:173][776]LogLinker:Warning: CreateExport: Failed to load Parent for BlueprintGeneratedClass /Game/Blueprint_Items/Energy_Pack/MyEnergyPickup.MyEnergyPickup_C
[2016.04.07-04.39.19:629][776]LogAIModule: Creating AISystem for world TutorialLevel
[2016.04.07-04.39.19:636][776]LogActorComponent: UnregisterComponent: (/Engine/Transient.CharMoveComp) Not registered. Aborting.
[2016.04.07-04.39.19:690][776]Cmd: MAP LOAD FILE="../../../../../../Users/Aaron/Documents/a/Maze_Of_Doom/Content/Rooms/TutorialLevel.umap" TEMPLATE=0 SHOWPROGRESS=1 FEATURELEVEL=3
[2016.04.07-04.39.19:690][776]LightingResults: New page: Lighting Build
[2016.04.07-04.39.19:696][776]LogContentBrowser: Native class hierarchy updated for 'StatsViewer' in 0.0014 seconds. Added 5 classes and 0 folders.
[2016.04.07-04.39.19:715][776]LoadErrors: New page: Loading map: TutorialLevel.umap
[2016.04.07-04.39.19:715][776]MapCheck: New page: Map Check
[2016.04.07-04.39.19:715][776]LightingResults: New page: Lighting Build
[2016.04.07-04.39.19:752][776]LogParticles: Destroying 0 GPU particle simulations for FXSystem 0x0000007A6104E160
[2016.04.07-04.39.19:754][776]LogParticles: Destroying 0 GPU particle simulations for FXSystem 0x0000007A5B848680
[2016.04.07-04.39.19:755][776]LogParticles: Destroying 0 GPU particle simulations for FXSystem 0x0000007A189EA200
[2016.04.07-04.39.19:818][776]LogEditorServer: Finished looking for orphan Actors (0.000 secs)
[2016.04.07-04.39.19:857][776]Cmd: MAP CHECKDEP NOCLEARLOG
[2016.04.07-04.39.19:924][776]MapCheck: Info Map check complete: 0 Error(s), 0 Warning(s), took 66.874ms to complete.
[2016.04.07-04.39.19:924][776]LogFileHelpers: Loading map 'TutorialLevel' took 0.235
[2016.04.07-04.39.19:931][776]LoadErrors:Warning: Warning CreateExport: Failed to load Outer for resource 'UserConstructionScript': BlueprintGeneratedClass /Game/Blueprint_Items/Energy_Pack/MyEnergyPickup.MyEnergyPickup_C
[2016.04.07-04.39.19:931][776]LoadErrors:Warning: Warning CreateExport: Failed to load Outer for resource 'DefaultSceneRoot_GEN_VARIABLE': BlueprintGeneratedClass /Game/Blueprint_Items/Energy_Pack/MyEnergyPickup.MyEnergyPickup_C
[2016.04.07-04.39.19:931][776]LoadErrors:Warning: Warning CreateExport: Failed to load Outer for resource 'SimpleConstructionScript_0': BlueprintGeneratedClass /Game/Blueprint_Items/Energy_Pack/MyEnergyPickup.MyEnergyPickup_C
[2016.04.07-04.39.19:931][776]LoadErrors:Warning: Warning CreateExport: Failed to load Outer for resource 'SCS_Node_0': SimpleConstructionScript /Game/Blueprint_Items/Energy_Pack/MyEnergyPickup.MyEnergyPickup_C:SimpleConstructionScript_0
[2016.04.07-04.39.19:931][776]LoadErrors:Warning: Warning CreateExport: Failed to load Outer for resource 'PickupMesh': MyEnergyPickup_C /Game/Blueprint_Items/Energy_Pack/MyEnergyPickup.Default__MyEnergyPickup_C
[2016.04.07-04.39.21:385][938]LogBlueprintUserMessages: Early PlayInEditor Detection: Level '/Game/Rooms/TutorialLevel.TutorialLevel:PersistentLevel' has LevelScriptBlueprint '/Game/Rooms/TutorialLevel.TutorialLevel:PersistentLevel.TutorialLevel' with GeneratedClass '/Game/Rooms/TutorialLevel.TutorialLevel_C' with ClassGeneratedBy '/Game/Rooms/TutorialLevel.TutorialLevel:PersistentLevel.TutorialLevel'
[2016.04.07-04.39.21:385][938]LogPlayLevel: PlayLevel: No blueprints needed recompiling
[2016.04.07-04.39.21:408][938]PIE: New page: PIE session: TutorialLevel (Apr 6, 2016, 2:39:21 PM)
[2016.04.07-04.39.21:408][938]LogPlayLevel: Creating play world package: /Game/Rooms/UEDPIE_0_TutorialLevel
[2016.04.07-04.39.21:422][938]LogPlayLevel: PIE: StaticDuplicateObject took: (0.013569s)
[2016.04.07-04.39.21:423][938]LogAIModule: Creating AISystem for world TutorialLevel
[2016.04.07-04.39.21:423][938]LogPlayLevel: PIE: World Init took: (0.001016s)
[2016.04.07-04.39.21:423][938]LogPlayLevel: PIE: Created PIE world by copying editor world from /Game/Rooms/TutorialLevel.TutorialLevel to /Game/Rooms/UEDPIE_0_TutorialLevel.TutorialLevel (0.015042s)
[2016.04.07-04.39.21:423][938]LogActorComponent: UnregisterComponent: (/Engine/Transient.CharMoveComp) Not registered. Aborting.
[2016.04.07-04.39.21:473][938]LogInit: XAudio2 using 'HP w2408-4 (NVIDIA High Definition Audio)' : 2 channels at 48 kHz using 16 bits per sample (channel mask 0x3)
[2016.04.07-04.39.21:478][938]LogInit: FAudioDevice initialized.
[2016.04.07-04.39.21:594][938]LogWorld: Game class is 'Maze_Of_DoomGameMode'
[2016.04.07-04.39.21:597][938]LogWorld: Bringing World /Game/Rooms/UEDPIE_0_TutorialLevel.TutorialLevel up for play (max tick rate 0) at 2016.04.06-21.39.21
[2016.04.07-04.39.21:597][938]LogActor:Warning: GameSession /Game/Rooms/UEDPIE_0_TutorialLevel.TutorialLevel:PersistentLevel.GameSession_0 has natively added scene component(s), but none of them were set as the actor's RootComponent - picking one arbitrarily
[2016.04.07-04.39.21:597][938]LogActor:Warning: GameNetworkManager /Game/Rooms/UEDPIE_0_TutorialLevel.TutorialLevel:PersistentLevel.GameNetworkManager_0 has natively added scene component(s), but none of them were set as the actor's RootComponent - picking one arbitrarily
[2016.04.07-04.39.21:597][938]LogWorld: Bringing up level for play took: 0.002569
[2016.04.07-04.39.21:635][938]PIE: Info Play in editor start time for /Game/Rooms/UEDPIE_0_TutorialLevel -0.329
[2016.04.07-04.39.21:635][938]LogBlueprintUserMessages: Late PlayInEditor Detection: Level '/Game/Rooms/TutorialLevel.TutorialLevel:PersistentLevel' has LevelScriptBlueprint '/Game/Rooms/TutorialLevel.TutorialLevel:PersistentLevel.TutorialLevel' with GeneratedClass '/Game/Rooms/TutorialLevel.TutorialLevel_C' with ClassGeneratedBy '/Game/Rooms/TutorialLevel.TutorialLevel:PersistentLevel.TutorialLevel'
[2016.04.07-04.39.57:474][173]LogBlueprintUserMessages: Early EndPlayMap Detection: Level '/Game/Rooms/TutorialLevel.TutorialLevel:PersistentLevel' has LevelScriptBlueprint '/Game/Rooms/TutorialLevel.TutorialLevel:PersistentLevel.TutorialLevel' with GeneratedClass '/Game/Rooms/TutorialLevel.TutorialLevel_C' with ClassGeneratedBy '/Game/Rooms/TutorialLevel.TutorialLevel:PersistentLevel.TutorialLevel'
[2016.04.07-04.39.57:595][173]LogBlueprintUserMessages: Late EndPlayMap Detection: Level '/Game/Rooms/TutorialLevel.TutorialLevel:PersistentLevel' has LevelScriptBlueprint '/Game/Rooms/TutorialLevel.TutorialLevel:PersistentLevel.TutorialLevel' with GeneratedClass '/Game/Rooms/TutorialLevel.TutorialLevel_C' with ClassGeneratedBy '/Game/Rooms/TutorialLevel.TutorialLevel:PersistentLevel.TutorialLevel'
[2016.04.07-04.39.57:644][173]LogParticles: Destroying 0 GPU particle simulations for FXSystem 0x0000007A4CC796C0
[2016.04.07-04.40.41:955][465]LogEditorTransaction: Undo Comment Bubble Visibility
[2016.04.07-04.40.41:960][465]LogActorComponent: UnregisterComponent: (/Engine/Transient.CharMoveComp) Not registered. Aborting.
[2016.04.07-04.40.44:959][801]LogEditorTransaction: Undo Move Node
[2016.04.07-04.40.44:965][801]LogActorComponent: UnregisterComponent: (/Engine/Transient.CharacterMovementComponent_0) Not registered. Aborting.
[2016.04.07-04.42.15:326][498]BlueprintLog: New page: Compile ThirdPersonCharacter
[2016.04.07-04.42.15:381][498]LogActorComponent: UnregisterComponent: (/Engine/Transient.CharacterMovementComponent_1) Not registered. Aborting.
[2016.04.07-04.42.15:424][498]BlueprintEditorCompileResults: Info [0729.98] Compile of ThirdPersonCharacter successful! [in 98 ms]
[2016.04.07-04.42.16:348][594]LogSavePackage: Save=62.534447ms
[2016.04.07-04.42.16:348][594]LogSavePackage: Moving '../../../../../../Users/Aaron/Documents/a/Maze_Of_Doom/Saved/ThirdPersonCharacter95454C0D4C112C021890CEA5738B1198.tmp' to '../../../../../../Users/Aaron/Documents/a/Maze_Of_Doom/Content/ThirdPersonCPP/Blueprints/ThirdPersonCharacter.uasset'
[2016.04.07-04.42.16:350][594]LogSavePackage: Total save time: 71.707420ms
[2016.04.07-04.42.16:350][594]LogSavePackage:Display: Finished SavePackage ../../../../../../Users/Aaron/Documents/a/Maze_Of_Doom/Content/ThirdPersonCPP/Blueprints/ThirdPersonCharacter.uasset
[2016.04.07-04.42.19:387][954]LogBlueprintUserMessages: Early PlayInEditor Detection: Level '/Game/Rooms/TutorialLevel.TutorialLevel:PersistentLevel' has LevelScriptBlueprint '/Game/Rooms/TutorialLevel.TutorialLevel:PersistentLevel.TutorialLevel' with GeneratedClass '/Game/Rooms/TutorialLevel.TutorialLevel_C' with ClassGeneratedBy '/Game/Rooms/TutorialLevel.TutorialLevel:PersistentLevel.TutorialLevel'
[2016.04.07-04.42.19:387][954]LogPlayLevel: PlayLevel: No blueprints needed recompiling
[2016.04.07-04.42.19:387][954]PIE: New page: PIE session: TutorialLevel (Apr 6, 2016, 2:42:19 PM)
[2016.04.07-04.42.19:387][954]LogPlayLevel: Creating play world package: /Game/Rooms/UEDPIE_0_TutorialLevel
[2016.04.07-04.42.19:401][954]LogPlayLevel: PIE: StaticDuplicateObject took: (0.014122s)
[2016.04.07-04.42.19:402][954]LogAIModule: Creating AISystem for world TutorialLevel
[2016.04.07-04.42.19:403][954]LogPlayLevel: PIE: World Init took: (0.001219s)
[2016.04.07-04.42.19:403][954]LogPlayLevel: PIE: Created PIE world by copying editor world from /Game/Rooms/TutorialLevel.TutorialLevel to /Game/Rooms/UEDPIE_0_TutorialLevel.TutorialLevel (0.015583s)
[2016.04.07-04.42.19:403][954]LogActorComponent: UnregisterComponent: (/Engine/Transient.CharMoveComp) Not registered. Aborting.
[2016.04.07-04.42.19:447][954]LogInit: XAudio2 using 'HP w2408-4 (NVIDIA High Definition Audio)' : 2 channels at 48 kHz using 16 bits per sample (channel mask 0x3)
[2016.04.07-04.42.19:451][954]LogInit: FAudioDevice initialized.
[2016.04.07-04.42.19:487][954]LogWorld: Game class is 'Maze_Of_DoomGameMode'
[2016.04.07-04.42.19:490][954]LogWorld: Bringing World /Game/Rooms/UEDPIE_0_TutorialLevel.TutorialLevel up for play (max tick rate 0) at 2016.04.06-21.42.19
[2016.04.07-04.42.19:490][954]LogActor:Warning: GameSession /Game/Rooms/UEDPIE_0_TutorialLevel.TutorialLevel:PersistentLevel.GameSession_1 has natively added scene component(s), but none of them were set as the actor's RootComponent - picking one arbitrarily
[2016.04.07-04.42.19:490][954]LogActor:Warning: GameNetworkManager /Game/Rooms/UEDPIE_0_TutorialLevel.TutorialLevel:PersistentLevel.GameNetworkManager_1 has natively added scene component(s), but none of them were set as the actor's RootComponent - picking one arbitrarily
[2016.04.07-04.42.19:491][954]LogWorld: Bringing up level for play took: 0.002522
[2016.04.07-04.42.19:496][954]PIE: Info Play in editor start time for /Game/Rooms/UEDPIE_0_TutorialLevel -0.468
[2016.04.07-04.42.19:496][954]LogBlueprintUserMessages: Late PlayInEditor Detection: Level '/Game/Rooms/TutorialLevel.TutorialLevel:PersistentLevel' has LevelScriptBlueprint '/Game/Rooms/TutorialLevel.TutorialLevel:PersistentLevel.TutorialLevel' with GeneratedClass '/Game/Rooms/TutorialLevel.TutorialLevel_C' with ClassGeneratedBy '/Game/Rooms/TutorialLevel.TutorialLevel:PersistentLevel.TutorialLevel'
[2016.04.07-04.42.37:650][112]LogBlueprintUserMessages: Early EndPlayMap Detection: Level '/Game/Rooms/TutorialLevel.TutorialLevel:PersistentLevel' has LevelScriptBlueprint '/Game/Rooms/TutorialLevel.TutorialLevel:PersistentLevel.TutorialLevel' with GeneratedClass '/Game/Rooms/TutorialLevel.TutorialLevel_C' with ClassGeneratedBy '/Game/Rooms/TutorialLevel.TutorialLevel:PersistentLevel.TutorialLevel'
[2016.04.07-04.42.37:685][112]LogBlueprintUserMessages: Late EndPlayMap Detection: Level '/Game/Rooms/TutorialLevel.TutorialLevel:PersistentLevel' has LevelScriptBlueprint '/Game/Rooms/TutorialLevel.TutorialLevel:PersistentLevel.TutorialLevel' with GeneratedClass '/Game/Rooms/TutorialLevel.TutorialLevel_C' with ClassGeneratedBy '/Game/Rooms/TutorialLevel.TutorialLevel:PersistentLevel.TutorialLevel'
[2016.04.07-04.42.37:725][112]LogParticles: Destroying 0 GPU particle simulations for FXSystem 0x0000007A4CC79800
[2016.04.07-04.42.39:044][263]LogBlueprintUserMessages: Early PlayInEditor Detection: Level '/Game/Rooms/TutorialLevel.TutorialLevel:PersistentLevel' has LevelScriptBlueprint '/Game/Rooms/TutorialLevel.TutorialLevel:PersistentLevel.TutorialLevel' with GeneratedClass '/Game/Rooms/TutorialLevel.TutorialLevel_C' with ClassGeneratedBy '/Game/Rooms/TutorialLevel.TutorialLevel:PersistentLevel.TutorialLevel'
[2016.04.07-04.42.39:044][263]LogPlayLevel: PlayLevel: No blueprints needed recompiling
[2016.04.07-04.42.39:044][263]PIE: New page: PIE session: TutorialLevel (Apr 6, 2016, 2:42:39 PM)
[2016.04.07-04.42.39:044][263]LogPlayLevel: Creating play world package: /Game/Rooms/UEDPIE_0_TutorialLevel
[2016.04.07-04.42.39:059][263]LogPlayLevel: PIE: StaticDuplicateObject took: (0.014692s)
[2016.04.07-04.42.39:060][263]LogAIModule: Creating AISystem for world TutorialLevel
[2016.04.07-04.42.39:060][263]LogPlayLevel: PIE: World Init took: (0.001203s)
[2016.04.07-04.42.39:061][263]LogPlayLevel: PIE: Created PIE world by copying editor world from /Game/Rooms/TutorialLevel.TutorialLevel to /Game/Rooms/UEDPIE_0_TutorialLevel.TutorialLevel (0.016169s)
[2016.04.07-04.42.39:108][263]LogInit: XAudio2 using 'HP w2408-4 (NVIDIA High Definition Audio)' : 2 channels at 48 kHz using 16 bits per sample (channel mask 0x3)
[2016.04.07-04.42.39:111][263]LogInit: FAudioDevice initialized.
[2016.04.07-04.42.39:146][263]LogWorld: Game class is 'Maze_Of_DoomGameMode'
[2016.04.07-04.42.39:149][263]LogWorld: Bringing World /Game/Rooms/UEDPIE_0_TutorialLevel.TutorialLevel up for play (max tick rate 0) at 2016.04.06-21.42.39
[2016.04.07-04.42.39:149][263]LogActor:Warning: GameSession /Game/Rooms/UEDPIE_0_TutorialLevel.TutorialLevel:PersistentLevel.GameSession_2 has natively added scene component(s), but none of them were set as the actor's RootComponent - picking one arbitrarily
[2016.04.07-04.42.39:149][263]LogActor:Warning: GameNetworkManager /Game/Rooms/UEDPIE_0_TutorialLevel.TutorialLevel:PersistentLevel.GameNetworkManager_2 has natively added scene component(s), but none of them were set as the actor's RootComponent - picking one arbitrarily
[2016.04.07-04.42.39:149][263]LogWorld: Bringing up level for play took: 0.002542
[2016.04.07-04.42.39:155][263]PIE: Info Play in editor start time for /Game/Rooms/UEDPIE_0_TutorialLevel -0.809
[2016.04.07-04.42.39:155][263]LogBlueprintUserMessages: Late PlayInEditor Detection: Level '/Game/Rooms/TutorialLevel.TutorialLevel:PersistentLevel' has LevelScriptBlueprint '/Game/Rooms/TutorialLevel.TutorialLevel:PersistentLevel.TutorialLevel' with GeneratedClass '/Game/Rooms/TutorialLevel.TutorialLevel_C' with ClassGeneratedBy '/Game/Rooms/TutorialLevel.TutorialLevel:PersistentLevel.TutorialLevel'
[2016.04.07-04.42.40:229][391]LogBlueprintUserMessages: Early EndPlayMap Detection: Level '/Game/Rooms/TutorialLevel.TutorialLevel:PersistentLevel' has LevelScriptBlueprint '/Game/Rooms/TutorialLevel.TutorialLevel:PersistentLevel.TutorialLevel' with GeneratedClass '/Game/Rooms/TutorialLevel.TutorialLevel_C' with ClassGeneratedBy '/Game/Rooms/TutorialLevel.TutorialLevel:PersistentLevel.TutorialLevel'
[2016.04.07-04.42.40:263][391]LogBlueprintUserMessages: Late EndPlayMap Detection: Level '/Game/Rooms/TutorialLevel.TutorialLevel:PersistentLevel' has LevelScriptBlueprint '/Game/Rooms/TutorialLevel.TutorialLevel:PersistentLevel.TutorialLevel' with GeneratedClass '/Game/Rooms/TutorialLevel.TutorialLevel_C' with ClassGeneratedBy '/Game/Rooms/TutorialLevel.TutorialLevel:PersistentLevel.TutorialLevel'
[2016.04.07-04.42.40:311][391]LogParticles: Destroying 0 GPU particle simulations for FXSystem 0x0000007A1162F9C0
[2016.04.07-04.44.12:957][385]BlueprintLog: New page: Compile ThirdPersonCharacter
[2016.04.07-04.44.13:012][385]LogActorComponent: UnregisterComponent: (/Engine/Transient.CharMoveComp) Not registered. Aborting.
[2016.04.07-04.44.13:056][385]BlueprintEditorCompileResults: Info [0847.61] Compile of ThirdPersonCharacter successful! [in 98 ms]
[2016.04.07-04.44.14:114][498]LogSavePackage: Save=64.567764ms
[2016.04.07-04.44.14:114][498]LogSavePackage: Moving '../../../../../../Users/Aaron/Documents/a/Maze_Of_Doom/Saved/ThirdPersonCharacterEC3CA01446EEB6FCB9C921ADDDCB63C6.tmp' to '../../../../../../Users/Aaron/Documents/a/Maze_Of_Doom/Content/ThirdPersonCPP/Blueprints/ThirdPersonCharacter.uasset'
[2016.04.07-04.44.14:116][498]LogSavePackage: Total save time: 77.414274ms
[2016.04.07-04.44.14:116][498]LogSavePackage:Display: Finished SavePackage ../../../../../../Users/Aaron/Documents/a/Maze_Of_Doom/Content/ThirdPersonCPP/Blueprints/ThirdPersonCharacter.uasset
[2016.04.07-04.44.17:582][911]LogBlueprintUserMessages: Early PlayInEditor Detection: Level '/Game/Rooms/TutorialLevel.TutorialLevel:PersistentLevel' has LevelScriptBlueprint '/Game/Rooms/TutorialLevel.TutorialLevel:PersistentLevel.TutorialLevel' with GeneratedClass '/Game/Rooms/TutorialLevel.TutorialLevel_C' with ClassGeneratedBy '/Game/Rooms/TutorialLevel.TutorialLevel:PersistentLevel.TutorialLevel'
[2016.04.07-04.44.17:582][911]LogPlayLevel: PlayLevel: No blueprints needed recompiling
[2016.04.07-04.44.17:582][911]PIE: New page: PIE session: TutorialLevel (Apr 6, 2016, 2:44:17 PM)
[2016.04.07-04.44.17:582][911]LogPlayLevel: Creating play world package: /Game/Rooms/UEDPIE_0_TutorialLevel
[2016.04.07-04.44.17:596][911]LogPlayLevel: PIE: StaticDuplicateObject took: (0.014096s)
[2016.04.07-04.44.17:598][911]LogAIModule: Creating AISystem for world TutorialLevel
[2016.04.07-04.44.17:598][911]LogPlayLevel: PIE: World Init took: (0.001685s)
[2016.04.07-04.44.17:598][911]LogPlayLevel: PIE: Created PIE world by copying editor world from /Game/Rooms/TutorialLevel.TutorialLevel to /Game/Rooms/UEDPIE_0_TutorialLevel.TutorialLevel (0.015975s)
[2016.04.07-04.44.17:598][911]LogActorComponent: UnregisterComponent: (/Engine/Transient.CharMoveComp) Not registered. Aborting.
[2016.04.07-04.44.17:646][911]LogInit: XAudio2 using 'HP w2408-4 (NVIDIA High Definition Audio)' : 2 channels at 48 kHz using 16 bits per sample (channel mask 0x3)
[2016.04.07-04.44.17:649][911]LogInit: FAudioDevice initialized.
[2016.04.07-04.44.17:683][911]LogWorld: Game class is 'Maze_Of_DoomGameMode'
[2016.04.07-04.44.17:686][911]LogWorld: Bringing World /Game/Rooms/UEDPIE_0_TutorialLevel.TutorialLevel up for play (max tick rate 0) at 2016.04.06-21.44.17
[2016.04.07-04.44.17:686][911]LogActor:Warning: GameSession /Game/Rooms/UEDPIE_0_TutorialLevel.TutorialLevel:PersistentLevel.GameSession_3 has natively added scene component(s), but none of them were set as the actor's RootComponent - picking one arbitrarily
[2016.04.07-04.44.17:686][911]LogActor:Warning: GameNetworkManager /Game/Rooms/UEDPIE_0_TutorialLevel.TutorialLevel:PersistentLevel.GameNetworkManager_3 has natively added scene component(s), but none of them were set as the actor's RootComponent - picking one arbitrarily
[2016.04.07-04.44.17:687][911]LogWorld: Bringing up level for play took: 0.002461
[2016.04.07-04.44.17:693][911]PIE: Info Play in editor start time for /Game/Rooms/UEDPIE_0_TutorialLevel -0.272
[2016.04.07-04.44.17:693][911]LogBlueprintUserMessages: Late PlayInEditor Detection: Level '/Game/Rooms/TutorialLevel.TutorialLevel:PersistentLevel' has LevelScriptBlueprint '/Game/Rooms/TutorialLevel.TutorialLevel:PersistentLevel.TutorialLevel' with GeneratedClass '/Game/Rooms/TutorialLevel.TutorialLevel_C' with ClassGeneratedBy '/Game/Rooms/TutorialLevel.TutorialLevel:PersistentLevel.TutorialLevel'
[2016.04.07-04.44.31:244][531]LogBlueprintUserMessages: Early EndPlayMap Detection: Level '/Game/Rooms/TutorialLevel.TutorialLevel:PersistentLevel' has LevelScriptBlueprint '/Game/Rooms/TutorialLevel.TutorialLevel:PersistentLevel.TutorialLevel' with GeneratedClass '/Game/Rooms/TutorialLevel.TutorialLevel_C' with ClassGeneratedBy '/Game/Rooms/TutorialLevel.TutorialLevel:PersistentLevel.TutorialLevel'
[2016.04.07-04.44.31:281][531]LogBlueprintUserMessages: Late EndPlayMap Detection: Level '/Game/Rooms/TutorialLevel.TutorialLevel:PersistentLevel' has LevelScriptBlueprint '/Game/Rooms/TutorialLevel.TutorialLevel:PersistentLevel.TutorialLevel' with GeneratedClass '/Game/Rooms/TutorialLevel.TutorialLevel_C' with ClassGeneratedBy '/Game/Rooms/TutorialLevel.TutorialLevel:PersistentLevel.TutorialLevel'
[2016.04.07-04.44.31:321][531]LogParticles: Destroying 0 GPU particle simulations for FXSystem 0x0000007A272007C0
[2016.04.07-04.46.49:022][808]LogEditorTransaction: Undo Move Node
[2016.04.07-04.46.49:028][808]LogActorComponent: UnregisterComponent: (/Engine/Transient.CharMoveComp) Not registered. Aborting.
[2016.04.07-04.46.49:660][863]LogEditorTransaction: Undo Move Node
[2016.04.07-04.46.49:666][863]LogActorComponent: UnregisterComponent: (/Engine/Transient.CharacterMovementComponent_2) Not registered. Aborting.
[2016.04.07-04.47.57:029][888]BlueprintLog: New page: Compile ThirdPersonCharacter
[2016.04.07-04.47.57:087][888]LogActorComponent: UnregisterComponent: (/Engine/Transient.CharacterMovementComponent_3) Not registered. Aborting.
[2016.04.07-04.47.57:131][888]BlueprintEditorCompileResults: Info [1071.68] Compile of ThirdPersonCharacter successful! [in 102 ms]
[2016.04.07-04.47.57:868][961]LogSavePackage: Save=70.177528ms
[2016.04.07-04.47.57:868][961]LogSavePackage: Moving '../../../../../../Users/Aaron/Documents/a/Maze_Of_Doom/Saved/ThirdPersonCharacter033616DE4E2C844A77F5EC80F127A53B.tmp' to '../../../../../../Users/Aaron/Documents/a/Maze_Of_Doom/Content/ThirdPersonCPP/Blueprints/ThirdPersonCharacter.uasset'
[2016.04.07-04.47.57:871][961]LogSavePackage: Total save time: 77.651463ms
[2016.04.07-04.47.57:871][961]LogSavePackage:Display: Finished SavePackage ../../../../../../Users/Aaron/Documents/a/Maze_Of_Doom/Content/ThirdPersonCPP/Blueprints/ThirdPersonCharacter.uasset
[2016.04.07-04.47.59:384][139]LogBlueprintUserMessages: Early PlayInEditor Detection: Level '/Game/Rooms/TutorialLevel.TutorialLevel:PersistentLevel' has LevelScriptBlueprint '/Game/Rooms/TutorialLevel.TutorialLevel:PersistentLevel.TutorialLevel' with GeneratedClass '/Game/Rooms/TutorialLevel.TutorialLevel_C' with ClassGeneratedBy '/Game/Rooms/TutorialLevel.TutorialLevel:PersistentLevel.TutorialLevel'
[2016.04.07-04.47.59:384][139]LogPlayLevel: PlayLevel: No blueprints needed recompiling
[2016.04.07-04.47.59:384][139]PIE: New page: PIE session: TutorialLevel (Apr 6, 2016, 2:47:59 PM)
[2016.04.07-04.47.59:384][139]LogPlayLevel: Creating play world package: /Game/Rooms/UEDPIE_0_TutorialLevel
[2016.04.07-04.47.59:398][139]LogPlayLevel: PIE: StaticDuplicateObject took: (0.013921s)
[2016.04.07-04.47.59:400][139]LogAIModule: Creating AISystem for world TutorialLevel
[2016.04.07-04.47.59:400][139]LogPlayLevel: PIE: World Init took: (0.001793s)
[2016.04.07-04.47.59:400][139]LogPlayLevel: PIE: Created PIE world by copying editor world from /Game/Rooms/TutorialLevel.TutorialLevel to /Game/Rooms/UEDPIE_0_TutorialLevel.TutorialLevel (0.015945s)
[2016.04.07-04.47.59:400][139]LogActorComponent: UnregisterComponent: (/Engine/Transient.CharMoveComp) Not registered. Aborting.
[2016.04.07-04.47.59:447][139]LogInit: XAudio2 using 'HP w2408-4 (NVIDIA High Definition Audio)' : 2 channels at 48 kHz using 16 bits per sample (channel mask 0x3)
[2016.04.07-04.47.59:451][139]LogInit: FAudioDevice initialized.
[2016.04.07-04.47.59:483][139]LogWorld: Game class is 'Maze_Of_DoomGameMode'
[2016.04.07-04.47.59:486][139]LogWorld: Bringing World /Game/Rooms/UEDPIE_0_TutorialLevel.TutorialLevel up for play (max tick rate 0) at 2016.04.06-21.47.59
[2016.04.07-04.47.59:486][139]LogActor:Warning: GameSession /Game/Rooms/UEDPIE_0_TutorialLevel.TutorialLevel:PersistentLevel.GameSession_4 has natively added scene component(s), but none of them were set as the actor's RootComponent - picking one arbitrarily
[2016.04.07-04.47.59:486][139]LogActor:Warning: GameNetworkManager /Game/Rooms/UEDPIE_0_TutorialLevel.TutorialLevel:PersistentLevel.GameNetworkManager_4 has natively added scene component(s), but none of them were set as the actor's RootComponent - picking one arbitrarily
[2016.04.07-04.47.59:486][139]LogWorld: Bringing up level for play took: 0.002412
[2016.04.07-04.47.59:492][139]PIE: Info Play in editor start time for /Game/Rooms/UEDPIE_0_TutorialLevel -0.472
[2016.04.07-04.47.59:492][139]LogBlueprintUserMessages: Late PlayInEditor Detection: Level '/Game/Rooms/TutorialLevel.TutorialLevel:PersistentLevel' has LevelScriptBlueprint '/Game/Rooms/TutorialLevel.TutorialLevel:PersistentLevel.TutorialLevel' with GeneratedClass '/Game/Rooms/TutorialLevel.TutorialLevel_C' with ClassGeneratedBy '/Game/Rooms/TutorialLevel.TutorialLevel:PersistentLevel.TutorialLevel'
[2016.04.07-04.48.14:700][939]LogBlueprintUserMessages: Early EndPlayMap Detection: Level '/Game/Rooms/TutorialLevel.TutorialLevel:PersistentLevel' has LevelScriptBlueprint '/Game/Rooms/TutorialLevel.TutorialLevel:PersistentLevel.TutorialLevel' with GeneratedClass '/Game/Rooms/TutorialLevel.TutorialLevel_C' with ClassGeneratedBy '/Game/Rooms/TutorialLevel.TutorialLevel:PersistentLevel.TutorialLevel'
[2016.04.07-04.48.14:735][939]LogBlueprintUserMessages: Late EndPlayMap Detection: Level '/Game/Rooms/TutorialLevel.TutorialLevel:PersistentLevel' has LevelScriptBlueprint '/Game/Rooms/TutorialLevel.TutorialLevel:PersistentLevel.TutorialLevel' with GeneratedClass '/Game/Rooms/TutorialLevel.TutorialLevel_C' with ClassGeneratedBy '/Game/Rooms/TutorialLevel.TutorialLevel:PersistentLevel.TutorialLevel'
[2016.04.07-04.48.14:775][939]LogParticles: Destroying 0 GPU particle simulations for FXSystem 0x0000007A6E80B100
[2016.04.07-04.49.10:620][569]BlueprintLog: New page: Compile ThirdPersonCharacter
[2016.04.07-04.49.10:677][569]LogActorComponent: UnregisterComponent: (/Engine/Transient.CharMoveComp) Not registered. Aborting.
[2016.04.07-04.49.10:717][569]BlueprintEditorCompileResults: Info [1145.27] Compile of ThirdPersonCharacter successful! [in 96 ms]
[2016.04.07-04.49.11:457][643]LogSavePackage: Save=67.844894ms
[2016.04.07-04.49.11:457][643]LogSavePackage: Moving '../../../../../../Users/Aaron/Documents/a/Maze_Of_Doom/Saved/ThirdPersonCharacter89D7445F4D39D8E9E2557886BE539C09.tmp' to '../../../../../../Users/Aaron/Documents/a/Maze_Of_Doom/Content/ThirdPersonCPP/Blueprints/ThirdPersonCharacter.uasset'
[2016.04.07-04.49.11:459][643]LogSavePackage: Total save time: 75.215351ms
[2016.04.07-04.49.11:459][643]LogSavePackage:Display: Finished SavePackage ../../../../../../Users/Aaron/Documents/a/Maze_Of_Doom/Content/ThirdPersonCPP/Blueprints/ThirdPersonCharacter.uasset
[2016.04.07-04.49.14:568][ 13]LogBlueprintUserMessages: Early PlayInEditor Detection: Level '/Game/Rooms/TutorialLevel.TutorialLevel:PersistentLevel' has LevelScriptBlueprint '/Game/Rooms/TutorialLevel.TutorialLevel:PersistentLevel.TutorialLevel' with GeneratedClass '/Game/Rooms/TutorialLevel.TutorialLevel_C' with ClassGeneratedBy '/Game/Rooms/TutorialLevel.TutorialLevel:PersistentLevel.TutorialLevel'
[2016.04.07-04.49.14:568][ 13]LogPlayLevel: PlayLevel: No blueprints needed recompiling
[2016.04.07-04.49.14:569][ 13]PIE: New page: PIE session: TutorialLevel (Apr 6, 2016, 2:49:14 PM)
[2016.04.07-04.49.14:569][ 13]LogPlayLevel: Creating play world package: /Game/Rooms/UEDPIE_0_TutorialLevel
[2016.04.07-04.49.14:584][ 13]LogPlayLevel: PIE: StaticDuplicateObject took: (0.015170s)
[2016.04.07-04.49.14:586][ 13]LogAIModule: Creating AISystem for world TutorialLevel
[2016.04.07-04.49.14:586][ 13]LogPlayLevel: PIE: World Init took: (0.001890s)
[2016.04.07-04.49.14:586][ 13]LogPlayLevel: PIE: Created PIE world by copying editor world from /Game/Rooms/TutorialLevel.TutorialLevel to /Game/Rooms/UEDPIE_0_TutorialLevel.TutorialLevel (0.017260s)
[2016.04.07-04.49.14:586][ 13]LogActorComponent: UnregisterComponent: (/Engine/Transient.CharMoveComp) Not registered. Aborting.
[2016.04.07-04.49.14:634][ 13]LogInit: XAudio2 using 'HP w2408-4 (NVIDIA High Definition Audio)' : 2 channels at 48 kHz using 16 bits per sample (channel mask 0x3)
[2016.04.07-04.49.14:637][ 13]LogInit: FAudioDevice initialized.
[2016.04.07-04.49.14:673][ 13]LogWorld: Game class is 'Maze_Of_DoomGameMode'
[2016.04.07-04.49.14:676][ 13]LogWorld: Bringing World /Game/Rooms/UEDPIE_0_TutorialLevel.TutorialLevel up for play (max tick rate 0) at 2016.04.06-21.49.14
[2016.04.07-04.49.14:676][ 13]LogActor:Warning: GameSession /Game/Rooms/UEDPIE_0_TutorialLevel.TutorialLevel:PersistentLevel.GameSession_5 has natively added scene component(s), but none of them were set as the actor's RootComponent - picking one arbitrarily
[2016.04.07-04.49.14:676][ 13]LogActor:Warning: GameNetworkManager /Game/Rooms/UEDPIE_0_TutorialLevel.TutorialLevel:PersistentLevel.GameNetworkManager_5 has natively added scene component(s), but none of them were set as the actor's RootComponent - picking one arbitrarily
[2016.04.07-04.49.14:676][ 13]LogWorld: Bringing up level for play took: 0.002521
[2016.04.07-04.49.14:682][ 13]PIE: Info Play in editor start time for /Game/Rooms/UEDPIE_0_TutorialLevel 0.718
[2016.04.07-04.49.14:682][ 13]LogBlueprintUserMessages: Late PlayInEditor Detection: Level '/Game/Rooms/TutorialLevel.TutorialLevel:PersistentLevel' has LevelScriptBlueprint '/Game/Rooms/TutorialLevel.TutorialLevel:PersistentLevel.TutorialLevel' with GeneratedClass '/Game/Rooms/TutorialLevel.TutorialLevel_C' with ClassGeneratedBy '/Game/Rooms/TutorialLevel.TutorialLevel:PersistentLevel.TutorialLevel'
[2016.04.07-04.49.42:290][289]LogBlueprintUserMessages: Early EndPlayMap Detection: Level '/Game/Rooms/TutorialLevel.TutorialLevel:PersistentLevel' has LevelScriptBlueprint '/Game/Rooms/TutorialLevel.TutorialLevel:PersistentLevel.TutorialLevel' with GeneratedClass '/Game/Rooms/TutorialLevel.TutorialLevel_C' with ClassGeneratedBy '/Game/Rooms/TutorialLevel.TutorialLevel:PersistentLevel.TutorialLevel'
[2016.04.07-04.49.42:348][289]LogBlueprintUserMessages: Late EndPlayMap Detection: Level '/Game/Rooms/TutorialLevel.TutorialLevel:PersistentLevel' has LevelScriptBlueprint '/Game/Rooms/TutorialLevel.TutorialLevel:PersistentLevel.TutorialLevel' with GeneratedClass '/Game/Rooms/TutorialLevel.TutorialLevel_C' with ClassGeneratedBy '/Game/Rooms/TutorialLevel.TutorialLevel:PersistentLevel.TutorialLevel'
[2016.04.07-04.49.42:389][289]LogParticles: Destroying 0 GPU particle simulations for FXSystem 0x0000007A976C77E0
[2016.04.07-04.51.27:474][770]LogFileHelpers: Editor autosave (incl. sublevels) for '/Game/Rooms/TutorialLevel' took 0.039
[2016.04.07-04.51.27:497][770]OBJ SavePackage: Generating thumbnails for [0] asset(s) in package [/Game/ThirdPersonCPP/Blueprints/ThirdPersonCharacter] ([1] browsable assets)...
[2016.04.07-04.51.27:497][770]OBJ SavePackage: Finished generating thumbnails for package [/Game/ThirdPersonCPP/Blueprints/ThirdPersonCharacter]
[2016.04.07-04.51.27:566][770]LogSavePackage: Save=58.174633ms
[2016.04.07-04.51.27:566][770]LogSavePackage: Moving '../../../../../../Users/Aaron/Documents/a/Maze_Of_Doom/Saved/ThirdPersonCharacter_Auto1D0D511F44F62472FA53C1D86E23490AE.tmp' to '../../../../../../Users/Aaron/Documents/a/Maze_Of_Doom/Saved/Autosaves/Game/ThirdPersonCPP/Blueprints/ThirdPersonCharacter_Auto1.uasset'
[2016.04.07-04.51.27:576][770]LogSavePackage: Total save time: 76.997548ms
[2016.04.07-04.51.27:576][770]LogSavePackage:Display: Finished SavePackage ../../../../../../Users/Aaron/Documents/a/Maze_Of_Doom/Saved/Autosaves/Game/ThirdPersonCPP/Blueprints/ThirdPersonCharacter_Auto1.uasset
[2016.04.07-04.51.27:576][770]LogFileHelpers: Auto-saving content packages took 0.101
[2016.04.07-04.54.25:313][891]Cmd: TRANSACTION UNDO
[2016.04.07-04.54.25:313][891]LogEditorTransaction: Undo Create Pin Link
[2016.04.07-04.54.29:218][338]Cmd: TRANSACTION UNDO
[2016.04.07-04.54.29:218][338]LogEditorTransaction: Undo Delete current selection
[2016.04.07-04.54.29:224][338]LogActorComponent: UnregisterComponent: (/Engine/Transient.CharMoveComp) Not registered. Aborting.
[2016.04.07-04.54.32:933][754]Cmd: TRANSACTION UNDO
[2016.04.07-04.54.32:933][754]LogEditorTransaction: Undo Add Node
[2016.04.07-04.54.32:939][754]LogActorComponent: UnregisterComponent: (/Engine/Transient.CharacterMovementComponent_4) Not registered. Aborting.
[2016.04.07-04.54.35:290][ 13]Cmd: TRANSACTION UNDO
[2016.04.07-04.54.35:290][ 13]LogEditorTransaction: Undo Add Node
[2016.04.07-04.54.35:296][ 13]LogActorComponent: UnregisterComponent: (/Engine/Transient.CharacterMovementComponent_5) Not registered. Aborting.
[2016.04.07-04.54.58:408][742]BlueprintLog: New page: Compile ThirdPersonCharacter
[2016.04.07-04.54.58:465][742]LogActorComponent: UnregisterComponent: (/Engine/Transient.CharacterMovementComponent_6) Not registered. Aborting.
[2016.04.07-04.54.58:510][742]BlueprintEditorCompileResults: Info [1493.06] Compile of ThirdPersonCharacter successful! [in 101 ms]
[2016.04.07-04.54.59:267][818]LogSavePackage: Save=69.189804ms
[2016.04.07-04.54.59:267][818]LogSavePackage: Moving '../../../../../../Users/Aaron/Documents/a/Maze_Of_Doom/Saved/ThirdPersonCharacter9E50BA80453CB337CC77E585707F5176.tmp' to '../../../../../../Users/Aaron/Documents/a/Maze_Of_Doom/Content/ThirdPersonCPP/Blueprints/ThirdPersonCharacter.uasset'
[2016.04.07-04.54.59:269][818]LogSavePackage: Total save time: 78.375537ms
[2016.04.07-04.54.59:269][818]LogSavePackage:Display: Finished SavePackage ../../../../../../Users/Aaron/Documents/a/Maze_Of_Doom/Content/ThirdPersonCPP/Blueprints/ThirdPersonCharacter.uasset
[2016.04.07-04.56.02:342][477]LogBlueprintUserMessages: Early PlayInEditor Detection: Level '/Game/Rooms/TutorialLevel.TutorialLevel:PersistentLevel' has LevelScriptBlueprint '/Game/Rooms/TutorialLevel.TutorialLevel:PersistentLevel.TutorialLevel' with GeneratedClass '/Game/Rooms/TutorialLevel.TutorialLevel_C' with ClassGeneratedBy '/Game/Rooms/TutorialLevel.TutorialLevel:PersistentLevel.TutorialLevel'
[2016.04.07-04.56.02:342][477]LogPlayLevel: PlayLevel: No blueprints needed recompiling
[2016.04.07-04.56.02:342][477]PIE: New page: PIE session: TutorialLevel (Apr 6, 2016, 2:56:02 PM)
[2016.04.07-04.56.02:342][477]LogPlayLevel: Creating play world package: /Game/Rooms/UEDPIE_0_TutorialLevel
[2016.04.07-04.56.02:357][477]LogPlayLevel: PIE: StaticDuplicateObject took: (0.015170s)
[2016.04.07-04.56.02:359][477]LogAIModule: Creating AISystem for world TutorialLevel
[2016.04.07-04.56.02:359][477]LogPlayLevel: PIE: World Init took: (0.001525s)
[2016.04.07-04.56.02:359][477]LogPlayLevel: PIE: Created PIE world by copying editor world from /Game/Rooms/TutorialLevel.TutorialLevel to /Game/Rooms/UEDPIE_0_TutorialLevel.TutorialLevel (0.016938s)
[2016.04.07-04.56.02:359][477]LogActorComponent: UnregisterComponent: (/Engine/Transient.CharMoveComp) Not registered. Aborting.
[2016.04.07-04.56.02:404][477]LogInit: XAudio2 using 'HP w2408-4 (NVIDIA High Definition Audio)' : 2 channels at 48 kHz using 16 bits per sample (channel mask 0x3)
[2016.04.07-04.56.02:407][477]LogInit: FAudioDevice initialized.
[2016.04.07-04.56.02:446][477]LogWorld: Game class is 'Maze_Of_DoomGameMode'
[2016.04.07-04.56.02:449][477]LogWorld: Bringing World /Game/Rooms/UEDPIE_0_TutorialLevel.TutorialLevel up for play (max tick rate 0) at 2016.04.06-21.56.02
[2016.04.07-04.56.02:449][477]LogActor:Warning: GameSession /Game/Rooms/UEDPIE_0_TutorialLevel.TutorialLevel:PersistentLevel.GameSession_6 has natively added scene component(s), but none of them were set as the actor's RootComponent - picking one arbitrarily
[2016.04.07-04.56.02:449][477]LogActor:Warning: GameNetworkManager /Game/Rooms/UEDPIE_0_TutorialLevel.TutorialLevel:PersistentLevel.GameNetworkManager_6 has natively added scene component(s), but none of them were set as the actor's RootComponent - picking one arbitrarily
[2016.04.07-04.56.02:450][477]LogWorld: Bringing up level for play took: 0.002753
[2016.04.07-04.56.02:456][477]PIE: Info Play in editor start time for /Game/Rooms/UEDPIE_0_TutorialLevel 0.492
[2016.04.07-04.56.02:456][477]LogBlueprintUserMessages: Late PlayInEditor Detection: Level '/Game/Rooms/TutorialLevel.TutorialLevel:PersistentLevel' has LevelScriptBlueprint '/Game/Rooms/TutorialLevel.TutorialLevel:PersistentLevel.TutorialLevel' with GeneratedClass '/Game/Rooms/TutorialLevel.TutorialLevel_C' with ClassGeneratedBy '/Game/Rooms/TutorialLevel.TutorialLevel:PersistentLevel.TutorialLevel'
[2016.04.07-04.56.43:900][427]LogBlueprintUserMessages: Early EndPlayMap Detection: Level '/Game/Rooms/TutorialLevel.TutorialLevel:PersistentLevel' has LevelScriptBlueprint '/Game/Rooms/TutorialLevel.TutorialLevel:PersistentLevel.TutorialLevel' with GeneratedClass '/Game/Rooms/TutorialLevel.TutorialLevel_C' with ClassGeneratedBy '/Game/Rooms/TutorialLevel.TutorialLevel:PersistentLevel.TutorialLevel'
[2016.04.07-04.56.43:935][427]LogBlueprintUserMessages: Late EndPlayMap Detection: Level '/Game/Rooms/TutorialLevel.TutorialLevel:PersistentLevel' has LevelScriptBlueprint '/Game/Rooms/TutorialLevel.TutorialLevel:PersistentLevel.TutorialLevel' with GeneratedClass '/Game/Rooms/TutorialLevel.TutorialLevel_C' with ClassGeneratedBy '/Game/Rooms/TutorialLevel.TutorialLevel:PersistentLevel.TutorialLevel'
[2016.04.07-04.56.43:976][427]LogParticles: Destroying 0 GPU particle simulations for FXSystem 0x0000007A6DF8E340
[2016.04.07-05.00.08:047][591]LogMaterial: Missing cached shader map for material Material_0, compiling. 
[2016.04.07-05.00.08:086][592]LogMaterial: Missing cached shader map for material Material_1, compiling. 
[2016.04.07-05.00.08:427][594]LogMaterial: Missing cached shader map for material Material_2, compiling. 
[2016.04.07-05.00.08:446][595]LogMaterial: Missing cached shader map for material Material_3, compiling. 
[2016.04.07-05.03.01:785][ 79]BlueprintLog: New page: Compile ThirdPersonCharacter
[2016.04.07-05.03.01:843][ 79]LogActorComponent: UnregisterComponent: (/Engine/Transient.CharMoveComp) Not registered. Aborting.
[2016.04.07-05.03.01:882][ 79]LogParticles: Destroying 0 GPU particle simulations for FXSystem 0x0000007A9B552840
[2016.04.07-05.03.01:889][ 79]BlueprintEditorCompileResults: Info [1976.44] Compile of ThirdPersonCharacter successful! [in 103 ms]
[2016.04.07-05.03.02:483][135]LogSavePackage: Save=70.185799ms
[2016.04.07-05.03.02:483][135]LogSavePackage: Moving '../../../../../../Users/Aaron/Documents/a/Maze_Of_Doom/Saved/ThirdPersonCharacter891B6CAC43A695B948C8C0820795B6DE.tmp' to '../../../../../../Users/Aaron/Documents/a/Maze_Of_Doom/Content/ThirdPersonCPP/Blueprints/ThirdPersonCharacter.uasset'
[2016.04.07-05.03.02:486][135]LogSavePackage: Total save time: 83.466280ms
[2016.04.07-05.03.02:486][135]LogSavePackage:Display: Finished SavePackage ../../../../../../Users/Aaron/Documents/a/Maze_Of_Doom/Content/ThirdPersonCPP/Blueprints/ThirdPersonCharacter.uasset
[2016.04.07-05.03.04:212][337]LogBlueprintUserMessages: Early PlayInEditor Detection: Level '/Game/Rooms/TutorialLevel.TutorialLevel:PersistentLevel' has LevelScriptBlueprint '/Game/Rooms/TutorialLevel.TutorialLevel:PersistentLevel.TutorialLevel' with GeneratedClass '/Game/Rooms/TutorialLevel.TutorialLevel_C' with ClassGeneratedBy '/Game/Rooms/TutorialLevel.TutorialLevel:PersistentLevel.TutorialLevel'
[2016.04.07-05.03.04:212][337]LogPlayLevel: PlayLevel: No blueprints needed recompiling
[2016.04.07-05.03.04:212][337]PIE: New page: PIE session: TutorialLevel (Apr 6, 2016, 3:03:04 PM)
[2016.04.07-05.03.04:212][337]LogPlayLevel: Creating play world package: /Game/Rooms/UEDPIE_0_TutorialLevel
[2016.04.07-05.03.04:227][337]LogPlayLevel: PIE: StaticDuplicateObject took: (0.014510s)
[2016.04.07-05.03.04:228][337]LogAIModule: Creating AISystem for world TutorialLevel
[2016.04.07-05.03.04:228][337]LogPlayLevel: PIE: World Init took: (0.001322s)
[2016.04.07-05.03.04:228][337]LogPlayLevel: PIE: Created PIE world by copying editor world from /Game/Rooms/TutorialLevel.TutorialLevel to /Game/Rooms/UEDPIE_0_TutorialLevel.TutorialLevel (0.016095s)
[2016.04.07-05.03.04:228][337]LogActorComponent: UnregisterComponent: (/Engine/Transient.CharMoveComp) Not registered. Aborting.
[2016.04.07-05.03.04:275][337]LogInit: XAudio2 using 'HP w2408-4 (NVIDIA High Definition Audio)' : 2 channels at 48 kHz using 16 bits per sample (channel mask 0x3)
[2016.04.07-05.03.04:279][337]LogInit: FAudioDevice initialized.
[2016.04.07-05.03.04:318][337]LogWorld: Game class is 'Maze_Of_DoomGameMode'
[2016.04.07-05.03.04:321][337]LogWorld: Bringing World /Game/Rooms/UEDPIE_0_TutorialLevel.TutorialLevel up for play (max tick rate 0) at 2016.04.06-22.03.04
[2016.04.07-05.03.04:321][337]LogActor:Warning: GameSession /Game/Rooms/UEDPIE_0_TutorialLevel.TutorialLevel:PersistentLevel.GameSession_7 has natively added scene component(s), but none of them were set as the actor's RootComponent - picking one arbitrarily
[2016.04.07-05.03.04:321][337]LogActor:Warning: GameNetworkManager /Game/Rooms/UEDPIE_0_TutorialLevel.TutorialLevel:PersistentLevel.GameNetworkManager_7 has natively added scene component(s), but none of them were set as the actor's RootComponent - picking one arbitrarily
[2016.04.07-05.03.04:322][337]LogWorld: Bringing up level for play took: 0.002507
[2016.04.07-05.03.04:328][337]PIE: Info Play in editor start time for /Game/Rooms/UEDPIE_0_TutorialLevel 0.363
[2016.04.07-05.03.04:328][337]LogBlueprintUserMessages: Late PlayInEditor Detection: Level '/Game/Rooms/TutorialLevel.TutorialLevel:PersistentLevel' has LevelScriptBlueprint '/Game/Rooms/TutorialLevel.TutorialLevel:PersistentLevel.TutorialLevel' with GeneratedClass '/Game/Rooms/TutorialLevel.TutorialLevel_C' with ClassGeneratedBy '/Game/Rooms/TutorialLevel.TutorialLevel:PersistentLevel.TutorialLevel'
[2016.04.07-05.03.43:976][316]LogBlueprintUserMessages: Early EndPlayMap Detection: Level '/Game/Rooms/TutorialLevel.TutorialLevel:PersistentLevel' has LevelScriptBlueprint '/Game/Rooms/TutorialLevel.TutorialLevel:PersistentLevel.TutorialLevel' with GeneratedClass '/Game/Rooms/TutorialLevel.TutorialLevel_C' with ClassGeneratedBy '/Game/Rooms/TutorialLevel.TutorialLevel:PersistentLevel.TutorialLevel'
[2016.04.07-05.03.44:014][316]LogBlueprintUserMessages: Late EndPlayMap Detection: Level '/Game/Rooms/TutorialLevel.TutorialLevel:PersistentLevel' has LevelScriptBlueprint '/Game/Rooms/TutorialLevel.TutorialLevel:PersistentLevel.TutorialLevel' with GeneratedClass '/Game/Rooms/TutorialLevel.TutorialLevel_C' with ClassGeneratedBy '/Game/Rooms/TutorialLevel.TutorialLevel:PersistentLevel.TutorialLevel'
[2016.04.07-05.03.44:055][316]LogParticles: Destroying 0 GPU particle simulations for FXSystem 0x0000007ABF8B0720
[2016.04.07-05.04.46:040][193]LogSavePackage: Save=62.662018ms
[2016.04.07-05.04.46:040][193]LogSavePackage: Moving '../../../../../../Users/Aaron/Documents/a/Maze_Of_Doom/Saved/ThirdPersonCharacter6CED6D3B49662D5496027AA500FD3C44.tmp' to '../../../../../../Users/Aaron/Documents/a/Maze_Of_Doom/Content/ThirdPersonCPP/Blueprints/ThirdPersonCharacter.uasset'
[2016.04.07-05.04.46:041][193]LogSavePackage: Total save time: 70.641268ms
[2016.04.07-05.04.46:041][193]LogSavePackage:Display: Finished SavePackage ../../../../../../Users/Aaron/Documents/a/Maze_Of_Doom/Content/ThirdPersonCPP/Blueprints/ThirdPersonCharacter.uasset
[2016.04.07-05.05.03:204][243]LogParticles: Destroying 0 GPU particle simulations for FXSystem 0x0000007ABC280FE0
[2016.04.07-05.05.03:205][243]LogParticles: Destroying 0 GPU particle simulations for FXSystem 0x0000007ABC281260
[2016.04.07-05.05.03:321][243]LogActorComponent: UnregisterComponent: (/Engine/Transient.EditorFloorComp) Not registered. Aborting.
[2016.04.07-05.05.03:374][243]LogWindowsTextInputMethodSystem:Display: IME system now deactivated.
[2016.04.07-05.05.03:586][244]Cmd: QUIT_EDITOR
[2016.04.07-05.05.04:170][244]LogExit: Preparing to exit.
[2016.04.07-05.05.05:128][244]LogExit: Editor shut down
[2016.04.07-05.05.05:128][244]LogExit: Transaction tracking system shut down
[2016.04.07-05.05.05:128][244]LogParticles: Destroying 0 GPU particle simulations for FXSystem 0x0000007A4E1F5760
[2016.04.07-05.05.05:129][244]LogParticles: Destroying 0 GPU particle simulations for FXSystem 0x0000007A4F215080
[2016.04.07-05.05.05:129][244]LogParticles: Destroying 0 GPU particle simulations for FXSystem 0x0000007A4F214AE0
[2016.04.07-05.05.05:130][244]LogParticles: Destroying 0 GPU particle simulations for FXSystem 0x0000007A4F214D60
[2016.04.07-05.05.05:130][244]LogParticles: Destroying 0 GPU particle simulations for FXSystem 0x0000007A07036160
[2016.04.07-05.05.05:134][244]LogParticles: Destroying 0 GPU particle simulations for FXSystem 0x0000007A184F4860
[2016.04.07-05.05.05:134][244]LogParticles: Destroying 0 GPU particle simulations for FXSystem 0x0000007A29FCCC20
[2016.04.07-05.05.05:135][244]LogParticles: Destroying 0 GPU particle simulations for FXSystem 0x0000007A4E3B82C0
[2016.04.07-05.05.05:135][244]LogParticles: Destroying 0 GPU particle simulations for FXSystem 0x0000007A50E7A660
[2016.04.07-05.05.05:355][244]LogExit: Object subsystem successfully closed.
[2016.04.07-05.05.05:366][244]LogD3D11RHI: Shutdown
[2016.04.07-05.05.05:366][244]LogD3D11RHI: CleanupD3DDevice
[2016.04.07-05.05.05:460][244]LogD3D11RHI: ~FD3D11DynamicRHI
[2016.04.07-05.05.05:477][244]LogModuleManager: Shutting down and abandoning module StatsViewer (202)
[2016.04.07-05.05.05:478][244]LogModuleManager: Shutting down and abandoning module TextureEditor (201)
[2016.04.07-05.05.05:478][244]LogModuleManager: Shutting down and abandoning module CookingStats (200)
[2016.04.07-05.05.05:478][244]LogModuleManager: Shutting down and abandoning module BlueprintGraph (199)
[2016.04.07-05.05.05:478][244]LogModuleManager: Shutting down and abandoning module CrashTracker (198)
[2016.04.07-05.05.05:478][244]LogModuleManager: Shutting down and abandoning module SceneOutliner (197)
[2016.04.07-05.05.05:478][244]LogModuleManager: Shutting down and abandoning module SuperSearch (196)
[2016.04.07-05.05.05:478][244]LogModuleManager: Shutting down and abandoning module WidgetCarousel (195)
[2016.04.07-05.05.05:478][244]LogModuleManager: Shutting down and abandoning module AddContentDialog (194)
[2016.04.07-05.05.05:479][244]LogModuleManager: Shutting down and abandoning module EditorWidgets (193)
[2016.04.07-05.05.05:479][244]LogModuleManager: Shutting down and abandoning module CollectionManager (192)
[2016.04.07-05.05.05:479][244]LogModuleManager: Shutting down and abandoning module FoliageEdit (191)
[2016.04.07-05.05.05:479][244]LogModuleManager: Shutting down and abandoning module LandscapeEditor (190)
[2016.04.07-05.05.05:480][244]LogModuleManager: Shutting down and abandoning module ActorPickerMode (189)
[2016.04.07-05.05.05:480][244]LogModuleManager: Shutting down and abandoning module GeometryMode (188)
[2016.04.07-05.05.05:480][244]LogModuleManager: Shutting down and abandoning module TextureAlignMode (187)
[2016.04.07-05.05.05:480][244]LogModuleManager: Shutting down and abandoning module BspMode (186)
[2016.04.07-05.05.05:480][244]LogModuleManager: Shutting down and abandoning module PlacementMode (185)
[2016.04.07-05.05.05:480][244]LogModuleManager: Shutting down and abandoning module AutomationWorker (184)
[2016.04.07-05.05.05:480][244]LogModuleManager: Shutting down and abandoning module CharacterAI (183)
[2016.04.07-05.05.05:480][244]LogModuleManager: Shutting down and abandoning module SmartSnapping (182)
[2016.04.07-05.05.05:480][244]LogModuleManager: Shutting down and abandoning module ViewportSnapping (181)
[2016.04.07-05.05.05:480][244]LogModuleManager: Shutting down and abandoning module LogVisualizer (180)
[2016.04.07-05.05.05:480][244]LogModuleManager: Shutting down and abandoning module GameProjectGeneration (179)
[2016.04.07-05.05.05:480][244]LogModuleManager: Shutting down and abandoning module IntroTutorials (178)
[2016.04.07-05.05.05:480][244]LogModuleManager: Shutting down and abandoning module EditorLiveStreaming (177)
[2016.04.07-05.05.05:480][244]LogModuleManager: Shutting down and abandoning module IOSPlatformEditor (176)
[2016.04.07-05.05.05:480][244]LogModuleManager: Shutting down and abandoning module HTML5PlatformEditor (175)
[2016.04.07-05.05.05:480][244]LogModuleManager: Shutting down and abandoning module AndroidDeviceDetection (174)
[2016.04.07-05.05.06:414][244]LogModuleManager: Shutting down and abandoning module AndroidPlatformEditor (173)
[2016.04.07-05.05.06:414][244]LogModuleManager: Shutting down and abandoning module IOSRuntimeSettings (172)
[2016.04.07-05.05.06:414][244]LogModuleManager: Shutting down and abandoning module AndroidRuntimeSettings (171)
[2016.04.07-05.05.06:414][244]LogModuleManager: Shutting down and abandoning module MergeActors (170)
[2016.04.07-05.05.06:414][244]LogModuleManager: Shutting down and abandoning module SizeMap (169)
[2016.04.07-05.05.06:414][244]LogModuleManager: Shutting down and abandoning module TreeMap (168)
[2016.04.07-05.05.06:414][244]LogModuleManager: Shutting down and abandoning module ReferenceViewer (167)
[2016.04.07-05.05.06:414][244]LogModuleManager: Shutting down and abandoning module LocalizationService (166)
[2016.04.07-05.05.06:414][244]LogModuleManager: Shutting down and abandoning module LocalizationDashboard (165)
[2016.04.07-05.05.06:414][244]LogModuleManager: Shutting down and abandoning module HardwareTargeting (164)
[2016.04.07-05.05.06:414][244]LogModuleManager: Shutting down and abandoning module DeviceProfileEditor (163)
[2016.04.07-05.05.06:414][244]LogModuleManager: Shutting down and abandoning module UndoHistory (162)
[2016.04.07-05.05.06:414][244]LogModuleManager: Shutting down and abandoning module GameplayTagsEditor (161)
[2016.04.07-05.05.06:414][244]LogModuleManager: Shutting down and abandoning module UserFeedback (160)
[2016.04.07-05.05.06:414][244]LogModuleManager: Shutting down and abandoning module XmlParser (159)
[2016.04.07-05.05.06:414][244]LogModuleManager: Shutting down and abandoning module Blutility (158)
[2016.04.07-05.05.06:414][244]LogModuleManager: Shutting down and abandoning module ProjectTargetPlatformEditor (157)
[2016.04.07-05.05.06:414][244]LogModuleManager: Shutting down and abandoning module ProjectSettingsViewer (156)
[2016.04.07-05.05.06:414][244]LogModuleManager: Shutting down and abandoning module InputBindingEditor (155)
[2016.04.07-05.05.06:415][244]LogModuleManager: Shutting down and abandoning module EditorSettingsViewer (154)
[2016.04.07-05.05.06:415][244]LogModuleManager: Shutting down and abandoning module SettingsEditor (153)
[2016.04.07-05.05.06:415][244]LogModuleManager: Shutting down and abandoning module ProjectLauncher (152)
[2016.04.07-05.05.06:415][244]LogModuleManager: Shutting down and abandoning module SessionFrontend (151)
[2016.04.07-05.05.06:415][244]LogModuleManager: Shutting down and abandoning module ProfilerClient (150)
[2016.04.07-05.05.06:415][244]LogModuleManager: Shutting down and abandoning module TargetDeviceServices (149)
[2016.04.07-05.05.06:415][244]LogModuleManager: Shutting down and abandoning module DeviceManager (148)
[2016.04.07-05.05.06:415][244]LogModuleManager: Shutting down and abandoning module AutomationController (147)
[2016.04.07-05.05.06:415][244]LogModuleManager: Shutting down and abandoning module AutomationWindow (146)
[2016.04.07-05.05.06:415][244]LogModuleManager: Shutting down and abandoning module Layers (145)
[2016.04.07-05.05.06:415][244]LogModuleManager: Shutting down and abandoning module ComponentVisualizers (144)
[2016.04.07-05.05.06:415][244]LogModuleManager: Shutting down and abandoning module DetailCustomizations (143)
[2016.04.07-05.05.06:415][244]LogModuleManager: Shutting down and abandoning module PackagesDialog (142)
[2016.04.07-05.05.06:415][244]LogModuleManager: Shutting down and abandoning module Persona (141)
[2016.04.07-05.05.06:415][244]LogModuleManager: Shutting down and abandoning module Kismet (140)
[2016.04.07-05.05.06:415][244]LogModuleManager: Shutting down and abandoning module GraphEditor (139)
[2016.04.07-05.05.06:415][244]LogModuleManager: Shutting down and abandoning module ClassViewer (138)
[2016.04.07-05.05.06:416][244]LogModuleManager: Shutting down and abandoning module Toolbox (137)
[2016.04.07-05.05.06:416][244]LogModuleManager: Shutting down and abandoning module ModuleUI (136)
[2016.04.07-05.05.06:416][244]LogModuleManager: Shutting down and abandoning module MovieSceneTools (135)
[2016.04.07-05.05.06:416][244]LogModuleManager: Shutting down and abandoning module OutputLog (134)
[2016.04.07-05.05.06:416][244]LogModuleManager: Shutting down and abandoning module GammaUI (133)
[2016.04.07-05.05.06:416][244]LogModuleManager: Shutting down and abandoning module Documentation (132)
[2016.04.07-05.05.06:416][244]LogModuleManager: Shutting down and abandoning module GameLiveStreaming (131)
[2016.04.07-05.05.06:416][244]LogModuleManager: Shutting down and abandoning module StreamingPauseRendering (130)
[2016.04.07-05.05.06:416][244]LogModuleManager: Shutting down and abandoning module AnalyticsET (129)
[2016.04.07-05.05.06:416][244]LogModuleManager: Shutting down and abandoning module Analytics (128)
[2016.04.07-05.05.06:416][244]LogModuleManager: Shutting down and abandoning module AITestSuite (127)
[2016.04.07-05.05.06:416][244]LogModuleManager: Shutting down and abandoning module GameplayDebugger (126)
[2016.04.07-05.05.06:416][244]LogModuleManager: Shutting down and abandoning module AIModule (125)
[2016.04.07-05.05.06:416][244]LogModuleManager: Shutting down and abandoning module ProfilerService (124)
[2016.04.07-05.05.06:524][244]LogModuleManager: Shutting down and abandoning module TaskGraph (123)
[2016.04.07-05.05.06:524][244]LogModuleManager: Shutting down and abandoning module SlateRemote (122)
[2016.04.07-05.05.06:524][244]LogModuleManager: Shutting down and abandoning module SteamVRController (121)
[2016.04.07-05.05.06:524][244]LogModuleManager: Shutting down and abandoning module SteamVR (120)
[2016.04.07-05.05.06:524][244]LogModuleManager: Shutting down and abandoning module ProceduralMeshComponent (119)
[2016.04.07-05.05.06:524][244]LogModuleManager: Shutting down and abandoning module OculusLibrary (118)
[2016.04.07-05.05.06:524][244]LogModuleManager: Shutting down and abandoning module OculusInput (117)
[2016.04.07-05.05.06:524][244]LogModuleManager: Shutting down and abandoning module LeapMotionController (116)
[2016.04.07-05.05.06:529][244]LogModuleManager: Shutting down and abandoning module CustomMeshComponent (115)
[2016.04.07-05.05.06:529][244]LogModuleManager: Shutting down and abandoning module CableComponent (114)
[2016.04.07-05.05.06:530][244]LogModuleManager: Shutting down and abandoning module ArchVisCharacter (113)
[2016.04.07-05.05.06:530][244]LogModuleManager: Shutting down and abandoning module MessagingDebugger (112)
[2016.04.07-05.05.06:530][244]LogModuleManager: Shutting down and abandoning module MediaPlayerEditor (111)
[2016.04.07-05.05.06:530][244]LogModuleManager: Shutting down and abandoning module HTML5Networking (110)
[2016.04.07-05.05.06:530][244]LogModuleManager: Shutting down and abandoning module SpeedTreeImporter (109)
[2016.04.07-05.05.06:530][244]LogModuleManager: Shutting down and abandoning module PluginBrowser (108)
[2016.04.07-05.05.06:530][244]LogModuleManager: Shutting down and abandoning module EpicSurvey (107)
[2016.04.07-05.05.06:530][244]LogModuleManager: Shutting down and abandoning module DesktopPlatform (106)
[2016.04.07-05.05.06:530][244]LogModuleManager: Shutting down and abandoning module VisualStudioSourceCodeAccess (105)
[2016.04.07-05.05.06:530][244]LogModuleManager: Shutting down and abandoning module UObjectPlugin (104)
[2016.04.07-05.05.06:530][244]LogModuleManager: Shutting down and abandoning module SubversionSourceControl (103)
[2016.04.07-05.05.06:530][244]LogModuleManager: Shutting down and abandoning module PerforceSourceControl (102)
[2016.04.07-05.05.06:530][244]LogModuleManager: Shutting down and abandoning module SourceControl (101)
[2016.04.07-05.05.06:530][244]LogModuleManager: Shutting down and abandoning module GitSourceControl (100)
[2016.04.07-05.05.06:530][244]LogModuleManager: Shutting down and abandoning module LightPropagationVolumeEditor (99)
[2016.04.07-05.05.06:530][244]LogModuleManager: Shutting down and abandoning module PaperTiledImporter (98)
[2016.04.07-05.05.06:530][244]LogModuleManager: Shutting down and abandoning module PaperSpriteSheetImporter (97)
[2016.04.07-05.05.06:530][244]LogModuleManager: Shutting down and abandoning module MeshPaint (96)
[2016.04.07-05.05.06:530][244]LogModuleManager: Shutting down and abandoning module SlateReflector (95)
[2016.04.07-05.05.06:530][244]LogModuleManager: Shutting down and abandoning module HotReload (94)
[2016.04.07-05.05.06:530][244]LogModuleManager: Shutting down and abandoning module MainFrame (93)
[2016.04.07-05.05.06:530][244]LogModuleManager: Shutting down and abandoning module LevelEditor (92)
[2016.04.07-05.05.06:531][244]LogModuleManager: Shutting down and abandoning module DirectoryWatcher (91)
[2016.04.07-05.05.06:532][244]LogModuleManager: Shutting down and abandoning module AssetRegistry (90)
[2016.04.07-05.05.06:644][244]LogModuleManager: Shutting down and abandoning module ContentBrowser (89)
[2016.04.07-05.05.06:645][244]LogModuleManager: Shutting down and abandoning module Paper2DEditor (88)
[2016.04.07-05.05.06:645][244]LogModuleManager: Shutting down and abandoning module Maze_Of_Doom (87)
[2016.04.07-05.05.06:645][244]LogModuleManager: Shutting down and abandoning module UdpMessaging (86)
[2016.04.07-05.05.06:745][244]LogModuleManager: Shutting down and abandoning module LightPropagationVolumeRuntime (85)
[2016.04.07-05.05.06:745][244]LogModuleManager: Shutting down and abandoning module Paper2D (84)
[2016.04.07-05.05.06:745][244]LogModuleManager: Shutting down and abandoning module WindowsMoviePlayer (83)
[2016.04.07-05.05.06:748][244]LogModuleManager: Shutting down and abandoning module Media (82)
[2016.04.07-05.05.06:748][244]LogModuleManager: Shutting down and abandoning module WmfMedia (81)
[2016.04.07-05.05.06:748][244]LogModuleManager: Shutting down and abandoning module OnlineBlueprintSupport (80)
[2016.04.07-05.05.06:748][244]LogModuleManager: Shutting down and abandoning module GameplayTasksEditor (79)
[2016.04.07-05.05.06:748][244]LogModuleManager: Shutting down and abandoning module PropertyEditor (78)
[2016.04.07-05.05.06:748][244]LogModuleManager: Shutting down and abandoning module BehaviorTreeEditor (77)
[2016.04.07-05.05.06:748][244]LogModuleManager: Shutting down and abandoning module FunctionalTesting (76)
[2016.04.07-05.05.06:748][244]LogModuleManager: Shutting down and abandoning module CollisionAnalyzer (75)
[2016.04.07-05.05.06:748][244]LogModuleManager: Shutting down and abandoning module WorkspaceMenuStructure (74)
[2016.04.07-05.05.06:748][244]LogModuleManager: Shutting down and abandoning module MessageLog (73)
[2016.04.07-05.05.06:748][244]LogModuleManager: Shutting down and abandoning module Sequencer (72)
[2016.04.07-05.05.06:749][244]LogModuleManager: Shutting down and abandoning module AssetTools (71)
[2016.04.07-05.05.06:749][244]LogModuleManager: Shutting down and abandoning module UMGEditor (70)
[2016.04.07-05.05.06:749][244]LogModuleManager: Shutting down and abandoning module UMG (69)
[2016.04.07-05.05.06:749][244]LogModuleManager: Shutting down and abandoning module Slate (68)
[2016.04.07-05.05.06:749][244]LogModuleManager: Shutting down and abandoning module EditorStyle (67)
[2016.04.07-05.05.06:751][244]LogModuleManager: Shutting down and abandoning module SessionServices (66)
[2016.04.07-05.05.06:751][244]LogModuleManager: Shutting down and abandoning module SourceCodeAccess (65)
[2016.04.07-05.05.06:751][244]LogModuleManager: Shutting down and abandoning module HeadMountedDisplay (64)
[2016.04.07-05.05.06:751][244]LogModuleManager: Shutting down and abandoning module XAudio2 (63)
[2016.04.07-05.05.06:751][244]LogModuleManager: Shutting down and abandoning module Networking (61)
[2016.04.07-05.05.06:751][244]LogModuleManager: Shutting down and abandoning module Core (60)
[2016.04.07-05.05.06:751][244]LogModuleManager: Shutting down and abandoning module KismetCompiler (59)
[2016.04.07-05.05.06:751][244]LogModuleManager: Shutting down and abandoning module PhysXFormats (58)
[2016.04.07-05.05.06:751][244]LogModuleManager: Shutting down and abandoning module MeshUtilities (57)
[2016.04.07-05.05.06:751][244]LogModuleManager: Shutting down and abandoning module DerivedDataCache (56)
[2016.04.07-05.05.06:821][244]LogDerivedDataCache: Shutdown
[2016.04.07-05.05.06:821][244]LogModuleManager: Shutting down and abandoning module ShaderFormatOpenGL (55)
[2016.04.07-05.05.06:821][244]LogModuleManager: Shutting down and abandoning module ShaderFormatD3D (54)
[2016.04.07-05.05.06:821][244]LogModuleManager: Shutting down and abandoning module MetalShaderFormat (53)
[2016.04.07-05.05.06:821][244]LogModuleManager: Shutting down and abandoning module TextureFormatUncompressed (52)
[2016.04.07-05.05.06:821][244]LogModuleManager: Shutting down and abandoning module TextureFormatPVR (51)
[2016.04.07-05.05.06:821][244]LogModuleManager: Shutting down and abandoning module TextureFormatIntelISPCTexComp (50)
[2016.04.07-05.05.06:821][244]LogModuleManager: Shutting down and abandoning module TextureFormatDXT (49)
[2016.04.07-05.05.06:821][244]LogModuleManager: Shutting down and abandoning module ImageWrapper (48)
[2016.04.07-05.05.06:821][244]LogModuleManager: Shutting down and abandoning module TextureFormatASTC (47)
[2016.04.07-05.05.06:821][244]LogModuleManager: Shutting down and abandoning module TextureFormatAndroid (46)
[2016.04.07-05.05.06:821][244]LogModuleManager: Shutting down and abandoning module AudioFormatOpus (45)
[2016.04.07-05.05.06:821][244]LogModuleManager: Shutting down and abandoning module AudioFormatOgg (44)
[2016.04.07-05.05.06:821][244]LogModuleManager: Shutting down and abandoning module AudioFormatADPCM (43)
[2016.04.07-05.05.06:821][244]LogModuleManager: Shutting down and abandoning module LinuxTargetPlatform (42)
[2016.04.07-05.05.06:821][244]LogModuleManager: Shutting down and abandoning module LinuxServerTargetPlatform (41)
[2016.04.07-05.05.06:821][244]LogModuleManager: Shutting down and abandoning module LinuxNoEditorTargetPlatform (40)
[2016.04.07-05.05.06:821][244]LogModuleManager: Shutting down and abandoning module Messaging (39)
[2016.04.07-05.05.06:821][244]LogModuleManager: Shutting down and abandoning module IOSTargetPlatform (38)
[2016.04.07-05.05.06:821][244]LogModuleManager: Shutting down and abandoning module HTML5TargetPlatform (37)
[2016.04.07-05.05.06:821][244]LogModuleManager: Shutting down and abandoning module Android_PVRTCTargetPlatform (36)
[2016.04.07-05.05.06:821][244]LogModuleManager: Shutting down and abandoning module Android_MultiTargetPlatform (35)
[2016.04.07-05.05.06:821][244]LogModuleManager: Shutting down and abandoning module Android_ETC2TargetPlatform (34)
[2016.04.07-05.05.06:821][244]LogModuleManager: Shutting down and abandoning module Android_ETC1TargetPlatform (33)
[2016.04.07-05.05.06:821][244]LogModuleManager: Shutting down and abandoning module Android_DXTTargetPlatform (32)
[2016.04.07-05.05.06:821][244]LogModuleManager: Shutting down and abandoning module Android_ATCTargetPlatform (31)
[2016.04.07-05.05.06:821][244]LogModuleManager: Shutting down and abandoning module Android_ASTCTargetPlatform (30)
[2016.04.07-05.05.06:821][244]LogModuleManager: Shutting down and abandoning module AndroidTargetPlatform (29)
[2016.04.07-05.05.06:822][244]LogModuleManager: Shutting down and abandoning module WindowsTargetPlatform (28)
[2016.04.07-05.05.06:822][244]LogModuleManager: Shutting down and abandoning module WindowsServerTargetPlatform (27)
[2016.04.07-05.05.06:822][244]LogModuleManager: Shutting down and abandoning module WindowsNoEditorTargetPlatform (26)
[2016.04.07-05.05.06:822][244]LogModuleManager: Shutting down and abandoning module WindowsClientTargetPlatform (25)
[2016.04.07-05.05.06:822][244]LogModuleManager: Shutting down and abandoning module AllDesktopTargetPlatform (24)
[2016.04.07-05.05.06:822][244]LogModuleManager: Shutting down and abandoning module TargetPlatform (23)
[2016.04.07-05.05.06:822][244]LogModuleManager: Shutting down and abandoning module InputCore (22)
[2016.04.07-05.05.06:822][244]LogModuleManager: Shutting down and abandoning module Settings (21)
[2016.04.07-05.05.06:822][244]LogModuleManager: Shutting down and abandoning module OnlineSubsystem (19)
[2016.04.07-05.05.06:822][244]LogModuleManager: Shutting down and abandoning module HTTP (18)
[2016.04.07-05.05.09:326][244]LogModuleManager: Shutting down and abandoning module XMPP (17)
[2016.04.07-05.05.09:326][244]LogModuleManager: Shutting down and abandoning module OculusRift (16)
[2016.04.07-05.05.09:326][244]LogModuleManager: Shutting down and abandoning module ExampleDeviceProfileSelector (15)
[2016.04.07-05.05.09:326][244]LogModuleManager: Shutting down and abandoning module TextureCompressor (14)
[2016.04.07-05.05.09:326][244]LogModuleManager: Shutting down and abandoning module ShaderCore (13)
[2016.04.07-05.05.09:326][244]LogModuleManager: Shutting down and abandoning module Landscape (12)
[2016.04.07-05.05.09:326][244]LogModuleManager: Shutting down and abandoning module SlateRHIRenderer (11)
[2016.04.07-05.05.09:327][244]LogModuleManager: Shutting down and abandoning module OpenGLDrv (10)
[2016.04.07-05.05.09:327][244]LogModuleManager: Shutting down and abandoning module D3D11RHI (9)
[2016.04.07-05.05.09:327][244]LogModuleManager: Shutting down and abandoning module AnimGraphRuntime (8)
[2016.04.07-05.05.09:327][244]LogModuleManager: Shutting down and abandoning module Renderer (7)
[2016.04.07-05.05.09:327][244]LogModuleManager: Shutting down and abandoning module Engine (6)
[2016.04.07-05.05.09:327][244]LogModuleManager: Shutting down and abandoning module CoreUObject (5)
[2016.04.07-05.05.09:327][244]LogModuleManager: Shutting down and abandoning module NetworkFile (4)
[2016.04.07-05.05.09:327][244]LogModuleManager: Shutting down and abandoning module StreamingFile (3)
[2016.04.07-05.05.09:327][244]LogModuleManager: Shutting down and abandoning module SandboxFile (2)
[2016.04.07-05.05.09:327][244]LogModuleManager: Shutting down and abandoning module PakFile (1)
[2016.04.07-05.05.09:329][244]LogExit: Exiting.
[2016.04.07-05.05.09:351][244]Log file closed, 04/06/16 22:05:09
