[2016.03.31-01.07.29:840][  0]Log file open, 03/30/16 18:07:29
[2016.03.31-01.07.29:840][  0]LogInit:Display: Running engine for game: Maze_Of_Doom
[2016.03.31-01.07.29:840][  0]LogPlatformFile: Not using cached read wrapper
[2016.03.31-01.07.29:840][  0]LogInit:Display: RandInit(1248562118) SRandInit(1248562118).
[2016.03.31-01.07.29:840][  0]LogTaskGraph: Started task graph with 4 named threads and 7 total threads.
[2016.03.31-01.07.29:840][  0]LogStats: Stats thread started at 0.073370
[2016.03.31-01.07.29:840][  0]LogInit: Version: 4.10.2-2818068+++depot+UE4-Releases+4.10
[2016.03.31-01.07.29:840][  0]LogInit: API Version: 2758231
[2016.03.31-01.07.29:840][  0]LogInit: Compiled (64-bit): Jan  6 2016 17:36:42
[2016.03.31-01.07.29:840][  0]LogInit: Compiled with Visual C++: 19.00.23026.00
[2016.03.31-01.07.29:840][  0]LogInit: Build Configuration: Development
[2016.03.31-01.07.29:840][  0]LogInit: Branch Name: ++depot+UE4-Releases+4.10
[2016.03.31-01.07.29:840][  0]LogInit: Command line:  
[2016.03.31-01.07.29:840][  0]LogInit: Base directory: C:/Program Files (x86)/Epic Games/4.10/Engine/Binaries/Win64/
[2016.03.31-01.07.29:840][  0]LogInit: Rocket: 1
[2016.03.31-01.07.29:847][  0]LogInit: Using libcurl 7.41.0
[2016.03.31-01.07.29:847][  0]LogInit:  - built for x86_64-pc-win32
[2016.03.31-01.07.29:847][  0]LogInit:  - supports SSL with WinSSL
[2016.03.31-01.07.29:847][  0]LogInit:  - other features:
[2016.03.31-01.07.29:847][  0]LogInit:      CURL_VERSION_SSL
[2016.03.31-01.07.29:847][  0]LogInit:      CURL_VERSION_IPV6
[2016.03.31-01.07.29:847][  0]LogInit:      CURL_VERSION_ASYNCHDNS
[2016.03.31-01.07.29:847][  0]LogInit:      CURL_VERSION_LARGEFILE
[2016.03.31-01.07.29:847][  0]LogInit:      CURL_VERSION_IDN
[2016.03.31-01.07.29:847][  0]LogInit:  CurlRequestOptions (configurable via config and command line):
[2016.03.31-01.07.29:847][  0]LogInit:  - bVerifyPeer = true  - Libcurl will verify peer certificate
[2016.03.31-01.07.29:847][  0]LogInit:  - bUseHttpProxy = false  - Libcurl will NOT use HTTP proxy
[2016.03.31-01.07.29:847][  0]LogInit:  - bDontReuseConnections = false  - Libcurl will reuse connections
[2016.03.31-01.07.29:847][  0]LogInit:  - CertBundlePath = nullptr  - Libcurl will use whatever was configured at build time.
[2016.03.31-01.07.29:854][  0]LogInit: Presizing for 0 objects not considered by GC, pre-allocating 0 bytes.
[2016.03.31-01.07.29:859][  0]LogInit: Object subsystem initialized
[2016.03.31-01.07.29:860][  0]LogInit: Selected Device Profile: [Windows]
[2016.03.31-01.07.29:860][  0]LogInit: Applying CVar settings loaded from the selected device profile: [Windows]
[2016.03.31-01.07.29:869][  0]LogInit: Computer: DAVIDMIERKE
[2016.03.31-01.07.29:869][  0]LogInit: User: David
[2016.03.31-01.07.29:869][  0]LogInit: CPU Page size=4096, Cores=4
[2016.03.31-01.07.29:869][  0]LogInit: High frequency timer resolution =2.533205 MHz
[2016.03.31-01.07.29:869][  0]LogMemory: Memory total: Physical=16.0GB (16GB approx)
[2016.03.31-01.07.29:869][  0]LogMemory: Platform Memory Stats for Windows
[2016.03.31-01.07.29:869][  0]LogMemory: Process Physical Memory: 56.05 MB used, 56.05 MB peak
[2016.03.31-01.07.29:869][  0]LogMemory: Process Virtual Memory: 56.80 MB used, 56.80 MB peak
[2016.03.31-01.07.29:869][  0]LogMemory: Physical Memory: 6853.39 MB used, 16333.18 MB total
[2016.03.31-01.07.29:869][  0]LogMemory: Virtual Memory: 382.86 MB used, 134217728.00 MB total
[2016.03.31-01.07.29:903][  0]LogTextLocalizationManager: No specific translations for ('en-US') exist, so ('en') translations will be used.
[2016.03.31-01.07.30:362][  0]LogD3D11RHI: Found D3D11 adapter 0: NVIDIA GeForce GTX 965M (Feature Level 11_0)
[2016.03.31-01.07.30:362][  0]LogD3D11RHI: Adapter has 1969MB of dedicated video memory, 0MB of dedicated system memory, and 8166MB of shared system memory, 1 output[s]
[2016.03.31-01.07.30:363][  0]LogD3D11RHI: Found D3D11 adapter 1: Microsoft Basic Render Driver (Feature Level 11_0)
[2016.03.31-01.07.30:363][  0]LogD3D11RHI: Adapter has 0MB of dedicated video memory, 0MB of dedicated system memory, and 8166MB of shared system memory, 0 output[s]
[2016.03.31-01.07.30:363][  0]LogD3D11RHI: Chosen D3D11 Adapter Id = 0
[2016.03.31-01.07.30:369][  0]LogD3D11RHI: !Direct3DDevice
[2016.03.31-01.07.30:369][  0]LogRHI: Texture pool is 1361 MB (70% of 1945 MB)
[2016.03.31-01.07.30:383][  0]LogD3D11RHI: Async texture creation enabled
[2016.03.31-01.07.30:400][  0]LogShaderCompilers: Guid format shader working directory is -23 characters bigger than the processId version (../../../../../../Users/David/Desktop/ASU/SER432/Group2/Maze_Of_Doom/Intermediate/Shaders/WorkingDirectory/10720/).
[2016.03.31-01.07.30:400][  0]LogShaderCompilers: Cleaned the shader compiler working directory 'C:/Users/David/AppData/Local/Temp/UnrealShaderWorkingDir/7259F280457B86432D0D29AB9A12F473/'.
[2016.03.31-01.07.30:400][  0]LogShaderCompilers:Display: Using Local Shader Compiler.
[2016.03.31-01.07.31:187][  0]LogTemp:Display: Loaded TP AllDesktopTargetPlatform
[2016.03.31-01.07.31:191][  0]LogTemp:Display: Loaded TP WindowsClientTargetPlatform
[2016.03.31-01.07.31:196][  0]LogTemp:Display: Loaded TP WindowsNoEditorTargetPlatform
[2016.03.31-01.07.31:200][  0]LogTemp:Display: Loaded TP WindowsServerTargetPlatform
[2016.03.31-01.07.31:205][  0]LogTemp:Display: Loaded TP WindowsTargetPlatform
[2016.03.31-01.07.31:209][  0]LogTemp:Display: Loaded TP AndroidTargetPlatform
[2016.03.31-01.07.31:212][  0]LogTemp:Display: Loaded TP Android_ASTCTargetPlatform
[2016.03.31-01.07.31:215][  0]LogTemp:Display: Loaded TP Android_ATCTargetPlatform
[2016.03.31-01.07.31:217][  0]LogTemp:Display: Loaded TP Android_DXTTargetPlatform
[2016.03.31-01.07.31:220][  0]LogTemp:Display: Loaded TP Android_ETC1TargetPlatform
[2016.03.31-01.07.31:223][  0]LogTemp:Display: Loaded TP Android_ETC2TargetPlatform
[2016.03.31-01.07.31:229][  0]LogTemp:Display: Loaded TP Android_MultiTargetPlatform
[2016.03.31-01.07.31:229][  0]LogTemp:Display: Loaded TP Android_PVRTCTargetPlatform
[2016.03.31-01.07.31:230][  0]LogTemp:Display: Loaded TP HTML5TargetPlatform
[2016.03.31-01.07.31:248][  0]LogTemp:Display: Loaded TP IOSTargetPlatform
[2016.03.31-01.07.31:251][  0]LogTemp:Display: Loaded TP LinuxNoEditorTargetPlatform
[2016.03.31-01.07.31:253][  0]LogTemp:Display: Loaded TP LinuxServerTargetPlatform
[2016.03.31-01.07.31:257][  0]LogTemp:Display: Loaded TP LinuxTargetPlatform
[2016.03.31-01.07.31:257][  0]LogTargetPlatformManager:Display: Building Assets For Windows
[2016.03.31-01.07.31:346][  0]LogDerivedDataCache:Display: Max Cache Size: 512 MB
[2016.03.31-01.07.31:863][  0]LogDerivedDataCache: Loaded boot cache 0.52s 42MB C:/Users/David/AppData/Local/UnrealEngine/4.10/DerivedDataCache/Boot.ddc.
[2016.03.31-01.07.31:863][  0]LogDerivedDataCache:Display: Loaded Boot cache: C:/Users/David/AppData/Local/UnrealEngine/4.10/DerivedDataCache/Boot.ddc
[2016.03.31-01.07.31:863][  0]LogDerivedDataCache: FDerivedDataBackendGraph:  Pak pak cache file ../../../../../../Users/David/Desktop/ASU/SER432/Group2/Maze_Of_Doom/DerivedDataCache/DDC.ddp not found, will not use a pak cache.
[2016.03.31-01.07.31:863][  0]LogDerivedDataCache: Unable to find inner node Pak for hierarchical cache Hierarchy.
[2016.03.31-01.07.31:863][  0]LogDerivedDataCache: FDerivedDataBackendGraph:  CompressedPak pak cache file ../../../../../../Users/David/Desktop/ASU/SER432/Group2/Maze_Of_Doom/DerivedDataCache/Compressed.ddp not found, will not use a pak cache.
[2016.03.31-01.07.31:863][  0]LogDerivedDataCache: Unable to find inner node CompressedPak for hierarchical cache Hierarchy.
[2016.03.31-01.07.31:919][  0]LogDerivedDataCache:Display: Pak cache opened for reading ../../../Engine/DerivedDataCache/Compressed.ddp.
[2016.03.31-01.07.31:930][  0]LogDerivedDataCache: Using Local data cache path C:/Users/David/AppData/Local/UnrealEngine/Common/DerivedDataCache: Writable
[2016.03.31-01.07.32:107][  0]LogInit: Selected Device Profile: [Windows]
[2016.03.31-01.07.32:109][  0]LogContentStreaming: Texture pool size is 0.000000MB
[2016.03.31-01.07.32:205][  0]LogMeshUtilities: No automatic mesh reduction module available
[2016.03.31-01.07.32:205][  0]LogMeshUtilities: No automatic mesh merging module available
[2016.03.31-01.07.32:528][  0]LogInit: WinSock: version 1.1 (2.2), MaxSocks=32767, MaxUdp=65467
[2016.03.31-01.07.49:025][  0]UdpMessaging: Initializing bridge on interface 0.0.0.0:0 to multicast group 230.0.0.1:6666.
[2016.03.31-01.07.49:792][  0]LogAssetRegistry: FAssetRegistry took 0.0109 seconds to start up
[2016.03.31-01.07.50:248][  0]SourceControl: Info Source control is disabled
[2016.03.31-01.07.50:277][  0]SourceControl: Info Source control is disabled
[2016.03.31-01.07.50:288][  0]SourceControl: Info Source control is disabled
[2016.03.31-01.07.50:299][  0]SourceControl: Info Source control is disabled
[2016.03.31-01.07.50:721][  0]LogObj: 33994 objects as part of root set at end of initial load.
[2016.03.31-01.07.50:721][  0]LogUObjectAllocator: 8001952 out of 0 bytes used by permanent object pool.
[2016.03.31-01.07.50:804][  0]LogEngine: Initializing Engine...
[2016.03.31-01.07.50:807][  0]LogHMD: Can't find Oculus library dev build: is proper Runtime installed? Version: 0.8.0.0
[2016.03.31-01.07.50:808][  0]LogHMD: SteamVR failed to initialize.  Err: 110
[2016.03.31-01.07.51:311][  0]LogAIModule: Creating AISystem for world NewWorld
[2016.03.31-01.07.51:315][  0]LogInit: XAudio2 using 'Speakers (Realtek High Definition Audio)' : 2 channels at 48 kHz using 32 bits per sample (channel mask 0x3)
[2016.03.31-01.07.51:614][  0]LogInit: FAudioDevice initialized.
[2016.03.31-01.07.51:633][  0]LogDerivedDataCache: Saved boot cache 0.02s 42MB C:/Users/David/AppData/Local/UnrealEngine/4.10/DerivedDataCache/Boot.ddc.
[2016.03.31-01.07.51:638][  0]LogInit: Texture streaming: Enabled
[2016.03.31-01.07.51:643][  0]LogAnalytics: Creating configured Analytics provider AnalyticsET
[2016.03.31-01.07.51:643][  0]LogAnalytics: [UEEditor.Rocket.Release] APIServer = http://et2.epicgames.com/ET2/. AppVersion = 4.10.2-2818068+++depot+UE4-Releases+4.10
[2016.03.31-01.07.51:644][  0]LogAnalytics: [UEEditor.Rocket.Release] SetUserId f3fd65ed42405c16483d24826775683a|859fd02483094003b2ff534449d086e1|f7dbdf05-1b9e-457e-a434-53e302263073
[2016.03.31-01.07.51:644][  0]LogAnalytics: [UEEditor.Rocket.Release] AnalyticsET::StartSession
[2016.03.31-01.07.51:653][  0]LogInit: Transaction tracking system initialized
[2016.03.31-01.07.51:680][  0]BlueprintLog: New page: Editor Load
[2016.03.31-01.07.51:817][  0]LocalizationService: Info Localization service is disabled
[2016.03.31-01.07.52:103][  0]LogConsoleResponse:Display: 
[2016.03.31-01.07.52:610][  0]LogCook:Display: Done creating registry. It took  0.00s.
[2016.03.31-01.07.52:839][  0]LogFileCache: Scanning file cache for directory 'C:/Users/David/Desktop/ASU/SER432/Group2/Maze_Of_Doom/Content/' took 0.02s
[2016.03.31-01.07.52:839][  0]SourceControl: Info Source control is disabled
[2016.03.31-01.07.52:839][  0]Cmd: MAP LOAD FILE="../../../../../../Users/David/Desktop/ASU/SER432/Group2/Maze_Of_Doom/Content/ThirdPersonCPP/Maps/ThirdPersonExampleMap.umap" TEMPLATE=0 SHOWPROGRESS=1 FEATURELEVEL=3
[2016.03.31-01.07.52:840][  0]LogEditorServer:Warning: Can't find file '../../../../../../Users/David/Desktop/ASU/SER432/Group2/Maze_Of_Doom/Content/ThirdPersonCPP/Maps/ThirdPersonExampleMap.umap'
[2016.03.31-01.07.52:840][  0]Cmd: MAP CHECKDEP NOCLEARLOG
[2016.03.31-01.07.52:879][  0]MapCheck: Info Map check complete: 0 Error(s), 0 Warning(s), took 39.715ms to complete.
[2016.03.31-01.07.52:879][  0]LogFileHelpers: Loading map 'ThirdPersonExampleMap' took 0.040
[2016.03.31-01.07.53:052][  0]LogCollectionManager: Loaded 0 collections in 0.002125 seconds
[2016.03.31-01.07.53:090][  0]LogFileCache: Scanning file cache for directory 'C:/Users/David/Desktop/ASU/SER432/Group2/Maze_Of_Doom/Saved/Collections/' took 0.01s
[2016.03.31-01.07.53:090][  0]LogFileCache: Scanning file cache for directory 'C:/Users/David/Desktop/ASU/SER432/Group2/Maze_Of_Doom/Content/Developers/David/Collections/' took 0.01s
[2016.03.31-01.07.53:090][  0]LogFileCache: Scanning file cache for directory 'C:/Users/David/Desktop/ASU/SER432/Group2/Maze_Of_Doom/Content/Collections/' took 0.01s
[2016.03.31-01.07.53:090][  0]LogCollectionManager: Rebuilt the GUID cache for 0 collections in 0.000002 seconds
[2016.03.31-01.07.53:097][  0]LogContentBrowser: Native class hierarchy populated in 0.0069 seconds. Added 1898 classes and 340 folders.
[2016.03.31-01.07.53:108][  0]LogContentBrowser: Native class hierarchy updated for 'WidgetCarousel' in 0.0048 seconds. Added 0 classes and 0 folders.
[2016.03.31-01.07.54:059][  0]LogContentBrowser: Native class hierarchy updated for 'AddContentDialog' in 0.0012 seconds. Added 0 classes and 0 folders.
[2016.03.31-01.07.54:067][  0]LogContentBrowser: Native class hierarchy updated for 'SceneOutliner' in 0.0012 seconds. Added 1 classes and 2 folders.
[2016.03.31-01.07.54:123][  0]LogCrashTracker: Crashtracker disabled due to settings.
[2016.03.31-01.07.54:157][  0]LogUObjectGlobals:Warning: Failed to find object 'Class None.'
[2016.03.31-01.07.54:180][  0]LogLoad: Full Startup: 25.12 seconds (BP compile: 0.18 seconds)
[2016.03.31-01.07.54:192][  0]LogWindowsTextInputMethodSystem:Display: IME system now deactivated.
[2016.03.31-01.07.54:192][  0]LogWindowsTextInputMethodSystem:Display: IME system now deactivated.
[2016.03.31-01.07.54:197][  0]LogOcInput: Can't find Oculus library dev build: is proper Runtime installed? Version: 0.8.0.0
[2016.03.31-01.07.54:706][  0]LogContentStreaming: Texture pool size now 1000 MB
[2016.03.31-01.07.56:075][  0]LogRenderer: Reallocating scene render targets to support 1208x572 (Frame:2).
[2016.03.31-01.07.56:811][  3]LogAssetRegistry: Asset discovery search completed in 7.0299 seconds
[2016.03.31-01.07.56:811][  3]LogCollectionManager: Rebuilt the object cache for 0 collections in 0.000001 seconds (found 0 objects)
[2016.03.31-01.07.56:811][  3]LogCollectionManager: Fixed up redirectors for 0 collections in 0.000036 seconds (updated 0 objects)
[2016.03.31-01.09.03:967][ 13]LogRenderer: Reallocating scene render targets to support 1208x600 (Frame:5).
[2016.03.31-01.38.07:810][369]Recompiling Maze_Of_Doom...
[2016.03.31-01.38.07:811][369]Launching UnrealBuildTool... [C:/Program Files (x86)/Epic Games/4.10/Engine/Binaries/DotNET/UnrealBuildTool.exe Maze_Of_Doom -ModuleWithSuffix Maze_Of_Doom 1846 Win64 Development -editorrecompile -canskiplink "C:/Users/David/Desktop/ASU/SER432/Group2/Maze_Of_Doom/Maze_Of_Doom.uproject" -rocket  -rocket -2015]
[2016.03.31-01.38.07:813][369]Warning: Starting HotReload took  0.0s.
[2016.03.31-01.38.22:165][225]CompilerResultsLog: New page: Compilation - Mar 30, 2016, 11:38:22 AM
[2016.03.31-01.38.22:166][225]CompilerResultsLog: Info Compiling game modules for hot reload
[2016.03.31-01.38.22:166][225]CompilerResultsLog: Info Parsing headers for Maze_Of_DoomEditor
[2016.03.31-01.38.22:166][225]CompilerResultsLog: Info   Running UnrealHeaderTool "C:/Users/David/Desktop/ASU/SER432/Group2/Maze_Of_Doom/Maze_Of_Doom.uproject" "C:\Users\David\Desktop\ASU\SER432\Group2\Maze_Of_Doom\Intermediate\Build\Win64\Maze_Of_DoomEditor\Development\UnrealHeaderTool.manifest" -LogCmds="loginit warning, logexit warning, logdatabase error" -rocket -installed
[2016.03.31-01.38.22:166][225]CompilerResultsLog: Info Reflection code generated for Maze_Of_DoomEditor in 10.469206 seconds
[2016.03.31-01.38.22:166][225]CompilerResultsLog: Info Performing 4 actions (4 in parallel)
[2016.03.31-01.38.22:166][225]CompilerResultsLog: Info Maze_Of_Doom.generated.cpp
[2016.03.31-01.38.22:166][225]CompilerResultsLog: Info LevelGenerator.cpp
[2016.03.31-01.38.22:166][225]CompilerResultsLog: Info Room.cpp
[2016.03.31-01.38.22:166][225]CompilerResultsLog:Error: Error C:\Users\David\Desktop\ASU\SER432\Group2\Maze_Of_Doom\Source\Maze_Of_Doom\Room.cpp(10) : error C4430: missing type specifier - int assumed. Note: C++ does not support default-int
[2016.03.31-01.38.22:166][225]CompilerResultsLog:Error: Error C:\Users\David\Desktop\ASU\SER432\Group2\Maze_Of_Doom\Source\Maze_Of_Doom\Room.cpp(10) : error C2556: 'int ARoom::setType(int32)': overloaded function differs only by return type from 'void ARoom::setType(int32)'
[2016.03.31-01.38.22:166][225]CompilerResultsLog:Error: Error c:\users\david\desktop\asu\ser432\group2\maze_of_doom\source\maze_of_doom\Room.h(55) : note: see declaration of 'ARoom::setType'
[2016.03.31-01.38.22:166][225]CompilerResultsLog:Error: Error C:\Users\David\Desktop\ASU\SER432\Group2\Maze_Of_Doom\Source\Maze_Of_Doom\Room.cpp(10) : error C2371: 'ARoom::setType': redefinition; different basic types
[2016.03.31-01.38.22:166][225]CompilerResultsLog:Error: Error c:\users\david\desktop\asu\ser432\group2\maze_of_doom\source\maze_of_doom\Room.h(55) : note: see declaration of 'ARoom::setType'
[2016.03.31-01.38.22:166][225]CompilerResultsLog: Info -------- End Detailed Actions Stats -----------------------------------------------------------
[2016.03.31-01.38.22:166][225]CompilerResultsLog: Info ERROR: UBT ERROR: Failed to produce item: C:\Users\David\Desktop\ASU\SER432\Group2\Maze_Of_Doom\Binaries\Win64\UE4Editor-Maze_Of_Doom-1846.dll
[2016.03.31-01.38.22:166][225]CompilerResultsLog: Info Total build time: 14.10 seconds
[2016.03.31-01.38.22:167][225]LogMainFrame: MainFrame: Module compiling took 14.368 seconds
[2016.03.31-01.38.22:167][225]Warning: HotReload failed, recompile failed
[2016.03.31-01.39.18:208][958]Recompiling Maze_Of_Doom...
[2016.03.31-01.39.18:208][958]Launching UnrealBuildTool... [C:/Program Files (x86)/Epic Games/4.10/Engine/Binaries/DotNET/UnrealBuildTool.exe Maze_Of_Doom -ModuleWithSuffix Maze_Of_Doom 4751 Win64 Development -editorrecompile -canskiplink "C:/Users/David/Desktop/ASU/SER432/Group2/Maze_Of_Doom/Maze_Of_Doom.uproject" -rocket  -rocket -2015]
[2016.03.31-01.39.18:210][958]Warning: Starting HotReload took  0.0s.
[2016.03.31-01.39.21:356][148]CompilerResultsLog: New page: Compilation - Mar 30, 2016, 11:39:21 AM
[2016.03.31-01.39.21:357][148]CompilerResultsLog: Info Compiling game modules for hot reload
[2016.03.31-01.39.21:357][148]CompilerResultsLog: Info Performing 2 actions (4 in parallel)
[2016.03.31-01.39.21:357][148]CompilerResultsLog: Info Room.cpp
[2016.03.31-01.39.21:357][148]CompilerResultsLog: Info [2/2] Link UE4Editor-Maze_Of_Doom-4751.dll
[2016.03.31-01.39.21:357][148]CompilerResultsLog: Info    Creating library C:\Users\David\Desktop\ASU\SER432\Group2\Maze_Of_Doom\Intermediate/Build/Win64\UE4Editor\Development\UE4Editor-Maze_Of_Doom-4751.lib and object C:\Users\David\Desktop\ASU\SER432\Group2\Maze_Of_Doom\Intermediate/Build/Win64\UE4Editor\Development\UE4Editor-Maze_Of_Doom-4751.exp
[2016.03.31-01.39.21:357][148]CompilerResultsLog: Info -------- End Detailed Actions Stats -----------------------------------------------------------
[2016.03.31-01.39.21:357][148]CompilerResultsLog: Info Total build time: 3.07 seconds
[2016.03.31-01.39.21:357][148]LogMainFrame: MainFrame: Module compiling took 3.160 seconds
[2016.03.31-01.39.21:440][148]LogContentBrowser: Native class hierarchy updated for 'Maze_Of_Doom' in 0.0016 seconds. Added 5 classes and 2 folders.
[2016.03.31-01.39.21:442][148]Warning: HotReload successful (11 functions remapped  0 scriptstructs remapped)
[2016.03.31-01.39.21:538][148]LogContentBrowser: Native class hierarchy populated in 0.0158 seconds. Added 1899 classes and 342 folders.
[2016.03.31-01.39.30:666][124]LogLinker:Warning: Asset '../../../Engine/Content/ArtTools/RenderToTexture/Macros/RenderToTextureMacros.uasset' has been saved with empty engine version. The asset will be loaded but may be incompatible.
[2016.03.31-01.39.31:501][124]LogContentBrowser: Native class hierarchy updated for 'BlueprintGraph' in 0.0015 seconds. Added 107 classes and 0 folders.
[2016.03.31-01.39.44:298][998]LogRenderer: Reallocating scene render targets to support 1208x888 (Frame:5321).
[2016.03.31-01.40.03:595][ 98]LogClass:Warning: Type mismatch in Direction of Room_C - Previous (ArrayProperty) Current(IntProperty) for package:  FObjectReader
[2016.03.31-01.40.03:744][ 98]LogAIModule: Creating AISystem for world Level
[2016.03.31-01.40.03:779][ 98]LogParticles: Destroying 0 GPU particle simulations for FXSystem 0x0000020209A12480
[2016.03.31-01.40.03:789][ 98]Cmd: MAP LOAD FILE="../../../../../../Users/David/Desktop/ASU/SER432/Group2/Maze_Of_Doom/Content/Rooms/Level.umap" TEMPLATE=0 SHOWPROGRESS=1 FEATURELEVEL=3
[2016.03.31-01.40.03:789][ 98]LightingResults: New page: Lighting Build
[2016.03.31-01.40.03:794][ 98]LogContentBrowser: Native class hierarchy updated for 'StatsViewer' in 0.0013 seconds. Added 5 classes and 0 folders.
[2016.03.31-01.40.03:808][ 98]LoadErrors: New page: Loading map: Level.umap
[2016.03.31-01.40.03:809][ 98]MapCheck: New page: Map Check
[2016.03.31-01.40.03:809][ 98]LightingResults: New page: Lighting Build
[2016.03.31-01.40.03:831][ 98]LogParticles: Destroying 0 GPU particle simulations for FXSystem 0x0000020278E836A0
[2016.03.31-01.40.03:837][ 98]LogEditorServer: Finished looking for orphan Actors (0.000 secs)
[2016.03.31-01.40.03:862][ 98]Cmd: MAP CHECKDEP NOCLEARLOG
[2016.03.31-01.40.03:911][ 98]MapCheck: Info Map check complete: 0 Error(s), 0 Warning(s), took 49.359ms to complete.
[2016.03.31-01.40.03:911][ 98]LogFileHelpers: Loading map 'Level' took 0.123
[2016.03.31-01.40.03:917][ 98]LoadErrors:Error: Error /Game/Rooms/Level : Failed import for IntProperty /Game/Rooms/Room.Room_C:Direction
[2016.03.31-01.40.12:226][735]LogEditor: Attempting to add actor of class 'LevelGenerator' to level at 750.00,-80.00,680.00
[2016.03.31-01.40.13:332][835]LogEditor: Attempting to add actor of class 'LevelGenerator' to level at -40.00,190.00,20.00
[2016.03.31-01.41.11:626][370]BlueprintLog: New page: Compile Level
[2016.03.31-01.41.11:743][370]LogActorComponent: UnregisterComponent: (/Engine/Transient.CharMoveComp) Not registered. Aborting.
[2016.03.31-01.41.11:810][370]BlueprintEditorCompileResults: Info [2022.79] Compile of Level successful! [in 184 ms]
[2016.03.31-01.41.17:132][774]LogBlueprintUserMessages: Early PlayInEditor Detection: Level '/Game/Rooms/Level.Level:PersistentLevel' has LevelScriptBlueprint '/Game/Rooms/Level.Level:PersistentLevel.Level' with GeneratedClass '/Game/Rooms/Level.Level_C' with ClassGeneratedBy '/Game/Rooms/Level.Level:PersistentLevel.Level'
[2016.03.31-01.41.17:132][774]LogPlayLevel: PlayLevel: No blueprints needed recompiling
[2016.03.31-01.41.17:132][774]PIE: New page: PIE session: Level (Mar 30, 2016, 11:41:17 AM)
[2016.03.31-01.41.17:133][774]LogPlayLevel: Creating play world package: /Game/Rooms/UEDPIE_0_Level
[2016.03.31-01.41.17:138][774]LogPlayLevel: PIE: StaticDuplicateObject took: (0.005669s)
[2016.03.31-01.41.17:140][774]LogAIModule: Creating AISystem for world Level
[2016.03.31-01.41.17:140][774]LogPlayLevel: PIE: World Init took: (0.001823s)
[2016.03.31-01.41.17:141][774]LogPlayLevel: PIE: Created PIE world by copying editor world from /Game/Rooms/Level.Level to /Game/Rooms/UEDPIE_0_Level.Level (0.008063s)
[2016.03.31-01.41.17:189][774]LogInit: XAudio2 using 'Speakers (Realtek High Definition Audio)' : 2 channels at 48 kHz using 32 bits per sample (channel mask 0x3)
[2016.03.31-01.41.17:204][774]LogInit: FAudioDevice initialized.
[2016.03.31-01.41.17:268][774]LogWorld: Game class is 'Maze_Of_DoomGameMode'
[2016.03.31-01.41.17:270][774]LogWorld: Bringing World /Game/Rooms/UEDPIE_0_Level.Level up for play (max tick rate 0) at 2016.03.30-18.41.17
[2016.03.31-01.41.17:270][774]LogActor:Warning: GameSession /Game/Rooms/UEDPIE_0_Level.Level:PersistentLevel.GameSession_0 has natively added scene component(s), but none of them were set as the actor's RootComponent - picking one arbitrarily
[2016.03.31-01.41.17:270][774]LogActor:Warning: GameNetworkManager /Game/Rooms/UEDPIE_0_Level.Level:PersistentLevel.GameNetworkManager_0 has natively added scene component(s), but none of them were set as the actor's RootComponent - picking one arbitrarily
[2016.03.31-01.41.17:270][774]LogWorld: Bringing up level for play took: 0.001540
[2016.03.31-01.41.17:273][774]PIE: Info Play in editor start time for /Game/Rooms/UEDPIE_0_Level 0.628
[2016.03.31-01.41.17:283][774]LogWindows:Error: Windows GetLastError: The operation completed successfully. (0)
[2016.03.31-01.41.17:877][774]LogCrashTracker: 


[2016.03.31-01.41.17:921][774]LogCrashTracker: 


[2016.03.31-01.41.17:922][774]LogWindows:Error: === Critical error: ===
Fatal error: [File:D:\BuildFarm\buildmachine_++depot+UE4-Releases+4.10\Engine\Source\Runtime\CoreUObject\Private\Templates\Casts.cpp] [Line: 11] 
Cast of Package /Engine/Transient to Level failed




[2016.03.31-01.41.17:982][774]LogExit: Executing StaticShutdownAfterError
[2016.03.31-01.41.17:987][774]LogPhysics:Warning: PHYSX: ..\..\PhysX\src\NpScene.cpp (2946) 8 : PxScene::unlockWrite() called without matching call to PxScene::lockWrite(), behaviour will be undefined.
[2016.03.31-01.41.17:987][774]LogPhysics:Warning: PHYSX: ..\..\PhysX\src\NpScene.cpp (2946) 8 : PxScene::unlockWrite() called without matching call to PxScene::lockWrite(), behaviour will be undefined.
[2016.03.31-01.41.17:987][774]LogPhysics:Warning: PHYSX: ..\..\PhysX\src\NpScene.cpp (2946) 8 : PxScene::unlockWrite() called without matching call to PxScene::lockWrite(), behaviour will be undefined.
[2016.03.31-01.41.17:987][774]LogPhysics:Warning: PHYSX: ..\..\PhysX\src\NpScene.cpp (2946) 8 : PxScene::unlockWrite() called without matching call to PxScene::lockWrite(), behaviour will be undefined.
[2016.03.31-01.41.17:987][774]LogPhysics:Warning: PHYSX: ..\..\PhysX\src\NpScene.cpp (2946) 8 : PxScene::unlockWrite() called without matching call to PxScene::lockWrite(), behaviour will be undefined.
[2016.03.31-01.41.17:987][774]LogPhysics:Warning: PHYSX: ..\..\PhysX\src\NpScene.cpp (2946) 8 : PxScene::unlockWrite() called without matching call to PxScene::lockWrite(), behaviour will be undefined.
[2016.03.31-01.41.17:987][774]LogWindows: FPlatformMisc::RequestExit(1)
[2016.03.31-01.41.17:987][774]Log file closed, 03/30/16 18:41:17
