[2016.03.27-21.38.52:846][  0]Log file open, 03/27/16 14:38:52
[2016.03.27-21.38.52:846][  0]LogInit:Display: Running engine for game: Maze_Of_Doom
[2016.03.27-21.38.52:846][  0]LogPlatformFile: Not using cached read wrapper
[2016.03.27-21.38.52:846][  0]LogInit:Display: RandInit(-1890130262) SRandInit(-1890130261).
[2016.03.27-21.38.52:846][  0]LogTaskGraph: Started task graph with 4 named threads and 7 total threads.
[2016.03.27-21.38.52:846][  0]LogStats: Stats thread started at 0.078801
[2016.03.27-21.38.52:846][  0]LogInit: Version: 4.10.4-2872498+++depot+UE4-Releases+4.10
[2016.03.27-21.38.52:846][  0]LogInit: API Version: 2758231
[2016.03.27-21.38.52:846][  0]LogInit: Compiled (64-bit): Feb 18 2016 15:47:04
[2016.03.27-21.38.52:846][  0]LogInit: Compiled with Visual C++: 19.00.23026.00
[2016.03.27-21.38.52:846][  0]LogInit: Build Configuration: Development
[2016.03.27-21.38.52:846][  0]LogInit: Branch Name: ++depot+UE4-Releases+4.10
[2016.03.27-21.38.52:846][  0]LogInit: Command line: -EpicPortal 
[2016.03.27-21.38.52:846][  0]LogInit: Base directory: C:/Program Files (x86)/Epic Games/4.10/Engine/Binaries/Win64/
[2016.03.27-21.38.52:846][  0]LogInit: Rocket: 1
[2016.03.27-21.38.52:852][  0]LogInit: Using libcurl 7.41.0
[2016.03.27-21.38.52:852][  0]LogInit:  - built for x86_64-pc-win32
[2016.03.27-21.38.52:852][  0]LogInit:  - supports SSL with WinSSL
[2016.03.27-21.38.52:852][  0]LogInit:  - other features:
[2016.03.27-21.38.52:852][  0]LogInit:      CURL_VERSION_SSL
[2016.03.27-21.38.52:852][  0]LogInit:      CURL_VERSION_IPV6
[2016.03.27-21.38.52:852][  0]LogInit:      CURL_VERSION_ASYNCHDNS
[2016.03.27-21.38.52:852][  0]LogInit:      CURL_VERSION_LARGEFILE
[2016.03.27-21.38.52:852][  0]LogInit:      CURL_VERSION_IDN
[2016.03.27-21.38.52:852][  0]LogInit:  CurlRequestOptions (configurable via config and command line):
[2016.03.27-21.38.52:852][  0]LogInit:  - bVerifyPeer = true  - Libcurl will verify peer certificate
[2016.03.27-21.38.52:852][  0]LogInit:  - bUseHttpProxy = false  - Libcurl will NOT use HTTP proxy
[2016.03.27-21.38.52:852][  0]LogInit:  - bDontReuseConnections = false  - Libcurl will reuse connections
[2016.03.27-21.38.52:852][  0]LogInit:  - CertBundlePath = nullptr  - Libcurl will use whatever was configured at build time.
[2016.03.27-21.38.52:859][  0]LogInit: Presizing for 0 objects not considered by GC, pre-allocating 0 bytes.
[2016.03.27-21.38.52:865][  0]LogInit: Object subsystem initialized
[2016.03.27-21.38.52:865][  0]LogInit: Selected Device Profile: [Windows]
[2016.03.27-21.38.52:865][  0]LogInit: Applying CVar settings loaded from the selected device profile: [Windows]
[2016.03.27-21.38.52:879][  0]LogInit: Computer: DRTRACY1
[2016.03.27-21.38.52:879][  0]LogInit: User: daniel
[2016.03.27-21.38.52:879][  0]LogInit: CPU Page size=4096, Cores=4
[2016.03.27-21.38.52:879][  0]LogInit: High frequency timer resolution =2.338347 MHz
[2016.03.27-21.38.52:879][  0]LogMemory: Memory total: Physical=7.8GB (8GB approx)
[2016.03.27-21.38.52:879][  0]LogMemory: Platform Memory Stats for Windows
[2016.03.27-21.38.52:879][  0]LogMemory: Process Physical Memory: 56.36 MB used, 56.36 MB peak
[2016.03.27-21.38.52:879][  0]LogMemory: Process Virtual Memory: 56.99 MB used, 56.99 MB peak
[2016.03.27-21.38.52:879][  0]LogMemory: Physical Memory: 4473.15 MB used, 7944.27 MB total
[2016.03.27-21.38.52:879][  0]LogMemory: Virtual Memory: 383.85 MB used, 134217728.00 MB total
[2016.03.27-21.38.52:908][  0]LogTextLocalizationManager: No specific translations for ('en-US') exist, so ('en') translations will be used.
[2016.03.27-21.38.53:337][  0]LogD3D11RHI: Found D3D11 adapter 0: Intel(R) HD Graphics 4600 (Feature Level 11_0)
[2016.03.27-21.38.53:338][  0]LogD3D11RHI: Adapter has 112MB of dedicated video memory, 0MB of dedicated system memory, and 3972MB of shared system memory, 1 output[s]
[2016.03.27-21.38.53:339][  0]LogD3D11RHI: Found D3D11 adapter 1: Microsoft Basic Render Driver (Feature Level 11_0)
[2016.03.27-21.38.53:339][  0]LogD3D11RHI: Adapter has 0MB of dedicated video memory, 0MB of dedicated system memory, and 3972MB of shared system memory, 0 output[s]
[2016.03.27-21.38.53:339][  0]LogD3D11RHI: Chosen D3D11 Adapter Id = 0
[2016.03.27-21.38.53:345][  0]LogD3D11RHI: !Direct3DDevice
[2016.03.27-21.38.53:345][  0]LogRHI: Texture pool is 1361 MB (70% of 1945 MB)
[2016.03.27-21.38.53:349][  0]LogD3D11RHI: Async texture creation enabled
[2016.03.27-21.38.53:352][  0]LogShaderCompilers: Guid format shader working directory is -29 characters bigger than the processId version (../../../../../../Users/daniel/Documents/Unreal Projects/Group2/Maze_Of_Doom/Intermediate/Shaders/WorkingDirectory/8816/).
[2016.03.27-21.38.53:352][  0]LogShaderCompilers: Cleaned the shader compiler working directory 'C:/Users/daniel/AppData/Local/Temp/UnrealShaderWorkingDir/87D8A0CA4E28691808BE23AF0B42197A/'.
[2016.03.27-21.38.53:352][  0]LogShaderCompilers:Display: Using Local Shader Compiler.
[2016.03.27-21.38.54:105][  0]LogTemp:Display: Loaded TP AllDesktopTargetPlatform
[2016.03.27-21.38.54:111][  0]LogTemp:Display: Loaded TP WindowsClientTargetPlatform
[2016.03.27-21.38.54:116][  0]LogTemp:Display: Loaded TP WindowsNoEditorTargetPlatform
[2016.03.27-21.38.54:122][  0]LogTemp:Display: Loaded TP WindowsServerTargetPlatform
[2016.03.27-21.38.54:127][  0]LogTemp:Display: Loaded TP WindowsTargetPlatform
[2016.03.27-21.38.54:130][  0]LogTemp:Display: Loaded TP AndroidTargetPlatform
[2016.03.27-21.38.54:133][  0]LogTemp:Display: Loaded TP Android_ASTCTargetPlatform
[2016.03.27-21.38.54:138][  0]LogTemp:Display: Loaded TP Android_ATCTargetPlatform
[2016.03.27-21.38.54:143][  0]LogTemp:Display: Loaded TP Android_DXTTargetPlatform
[2016.03.27-21.38.54:147][  0]LogTemp:Display: Loaded TP Android_ETC1TargetPlatform
[2016.03.27-21.38.54:150][  0]LogTemp:Display: Loaded TP Android_ETC2TargetPlatform
[2016.03.27-21.38.54:160][  0]LogTemp:Display: Loaded TP Android_MultiTargetPlatform
[2016.03.27-21.38.54:160][  0]LogTemp:Display: Loaded TP Android_PVRTCTargetPlatform
[2016.03.27-21.38.54:161][  0]LogTemp:Display: Loaded TP HTML5TargetPlatform
[2016.03.27-21.38.54:179][  0]LogTemp:Display: Loaded TP IOSTargetPlatform
[2016.03.27-21.38.54:182][  0]LogTemp:Display: Loaded TP LinuxNoEditorTargetPlatform
[2016.03.27-21.38.54:186][  0]LogTemp:Display: Loaded TP LinuxServerTargetPlatform
[2016.03.27-21.38.54:190][  0]LogTemp:Display: Loaded TP LinuxTargetPlatform
[2016.03.27-21.38.54:190][  0]LogTargetPlatformManager:Display: Building Assets For Windows
[2016.03.27-21.38.54:309][  0]LogDerivedDataCache:Display: Max Cache Size: 512 MB
[2016.03.27-21.38.54:386][  0]LogDerivedDataCache: Loaded boot cache 0.08s 42MB C:/Users/daniel/AppData/Local/UnrealEngine/4.10/DerivedDataCache/Boot.ddc.
[2016.03.27-21.38.54:386][  0]LogDerivedDataCache:Display: Loaded Boot cache: C:/Users/daniel/AppData/Local/UnrealEngine/4.10/DerivedDataCache/Boot.ddc
[2016.03.27-21.38.54:386][  0]LogDerivedDataCache: FDerivedDataBackendGraph:  Pak pak cache file ../../../../../../Users/daniel/Documents/Unreal Projects/Group2/Maze_Of_Doom/DerivedDataCache/DDC.ddp not found, will not use a pak cache.
[2016.03.27-21.38.54:386][  0]LogDerivedDataCache: Unable to find inner node Pak for hierarchical cache Hierarchy.
[2016.03.27-21.38.54:386][  0]LogDerivedDataCache: FDerivedDataBackendGraph:  CompressedPak pak cache file ../../../../../../Users/daniel/Documents/Unreal Projects/Group2/Maze_Of_Doom/DerivedDataCache/Compressed.ddp not found, will not use a pak cache.
[2016.03.27-21.38.54:386][  0]LogDerivedDataCache: Unable to find inner node CompressedPak for hierarchical cache Hierarchy.
[2016.03.27-21.38.54:446][  0]LogDerivedDataCache:Display: Pak cache opened for reading ../../../Engine/DerivedDataCache/Compressed.ddp.
[2016.03.27-21.38.54:457][  0]LogDerivedDataCache: Using Local data cache path C:/Users/daniel/AppData/Local/UnrealEngine/Common/DerivedDataCache: Writable
[2016.03.27-21.38.54:827][  0]LogInit: Selected Device Profile: [Windows]
[2016.03.27-21.38.54:830][  0]LogContentStreaming: Texture pool size is 0.000000MB
[2016.03.27-21.38.54:933][  0]LogMeshUtilities: No automatic mesh reduction module available
[2016.03.27-21.38.54:933][  0]LogMeshUtilities: No automatic mesh merging module available
[2016.03.27-21.38.55:201][  0]LogInit: WinSock: version 1.1 (2.2), MaxSocks=32767, MaxUdp=65467
[2016.03.27-21.38.55:914][  0]UdpMessaging: Initializing bridge on interface 0.0.0.0:0 to multicast group 230.0.0.1:6666.
[2016.03.27-21.38.56:518][  0]LogAssetRegistry: FAssetRegistry took 0.0106 seconds to start up
[2016.03.27-21.38.56:696][  0]SourceControl: Info Source control is disabled
[2016.03.27-21.38.56:726][  0]SourceControl: Info Source control is disabled
[2016.03.27-21.38.56:738][  0]SourceControl: Info Source control is disabled
[2016.03.27-21.38.56:750][  0]SourceControl: Info Source control is disabled
[2016.03.27-21.38.57:014][  0]LogObj: 31673 objects as part of root set at end of initial load.
[2016.03.27-21.38.57:014][  0]LogUObjectAllocator: 7186992 out of 0 bytes used by permanent object pool.
[2016.03.27-21.38.57:072][  0]LogEngine: Initializing Engine...
[2016.03.27-21.38.57:074][  0]LogHMD: Can't find Oculus library dev build: is proper Runtime installed? Version: 0.8.0.0
[2016.03.27-21.38.57:075][  0]LogHMD: SteamVR failed to initialize.  Err: 110
[2016.03.27-21.38.57:182][  0]LogAIModule: Creating AISystem for world NewWorld
[2016.03.27-21.38.57:186][  0]LogInit: XAudio2 using 'Speakers (Conexant SmartAudio HD)' : 2 channels at 48 kHz using 32 bits per sample (channel mask 0x3)
[2016.03.27-21.38.57:282][  0]LogInit: FAudioDevice initialized.
[2016.03.27-21.38.57:307][  0]LogDerivedDataCache: Saved boot cache 0.02s 42MB C:/Users/daniel/AppData/Local/UnrealEngine/4.10/DerivedDataCache/Boot.ddc.
[2016.03.27-21.38.57:312][  0]LogInit: Texture streaming: Enabled
[2016.03.27-21.38.57:317][  0]LogAnalytics: Creating configured Analytics provider AnalyticsET
[2016.03.27-21.38.57:317][  0]LogAnalytics: [UEEditor.Rocket.Release] APIServer = http://et2.epicgames.com/ET2/. AppVersion = 4.10.4-2872498+++depot+UE4-Releases+4.10
[2016.03.27-21.38.57:317][  0]LogAnalytics: [UEEditor.Rocket.Release] SetUserId e6cbf966431e512a7b04d5a733ea392e|6c86b16b7988417dbbb074f7c748ba39|eca68250-45aa-4f00-a963-ae6ccfaa3f66
[2016.03.27-21.38.57:318][  0]LogAnalytics: [UEEditor.Rocket.Release] AnalyticsET::StartSession
[2016.03.27-21.38.57:326][  0]LogInit: Transaction tracking system initialized
[2016.03.27-21.38.57:354][  0]BlueprintLog: New page: Editor Load
[2016.03.27-21.38.57:465][  0]LocalizationService: Info Localization service is disabled
[2016.03.27-21.38.57:678][  0]LogConsoleResponse:Display: 
[2016.03.27-21.38.57:818][  0]LogCook:Display: Done creating registry. It took  0.00s.
[2016.03.27-21.38.57:875][  0]LogFileCache: Scanning file cache for directory 'C:/Users/daniel/Documents/Unreal Projects/Group2/Maze_Of_Doom/Content/' took 0.02s
[2016.03.27-21.38.57:875][  0]SourceControl: Info Source control is disabled
[2016.03.27-21.38.57:875][  0]Cmd: MAP LOAD FILE="../../../../../../Users/daniel/Documents/Unreal Projects/Group2/Maze_Of_Doom/Content/ThirdPersonCPP/Maps/ThirdPersonExampleMap.umap" TEMPLATE=0 SHOWPROGRESS=1 FEATURELEVEL=3
[2016.03.27-21.38.57:901][  0]LightingResults: New page: Lighting Build
[2016.03.27-21.38.57:906][  0]MapCheck: New page: Map Check
[2016.03.27-21.38.57:906][  0]LightingResults: New page: Lighting Build
[2016.03.27-21.38.57:917][  0]LogParticles: Destroying 0 GPU particle simulations for FXSystem 0x0000027AB95C2AC0
[2016.03.27-21.38.58:390][  0]LogAIModule: Creating AISystem for world ThirdPersonExampleMap
[2016.03.27-21.38.58:396][  0]LogEditorServer: Finished looking for orphan Actors (0.000 secs)
[2016.03.27-21.38.58:396][  0]Cmd: MAP CHECKDEP NOCLEARLOG
[2016.03.27-21.38.58:445][  0]MapCheck: Info Map check complete: 0 Error(s), 0 Warning(s), took 48.456ms to complete.
[2016.03.27-21.38.58:445][  0]LogFileHelpers: Loading map 'ThirdPersonExampleMap' took 0.569
[2016.03.27-21.38.58:643][  0]LogCollectionManager: Loaded 0 collections in 0.002846 seconds
[2016.03.27-21.38.58:685][  0]LogFileCache: Scanning file cache for directory 'C:/Users/daniel/Documents/Unreal Projects/Group2/Maze_Of_Doom/Saved/Collections/' took 0.01s
[2016.03.27-21.38.58:685][  0]LogFileCache: Scanning file cache for directory 'C:/Users/daniel/Documents/Unreal Projects/Group2/Maze_Of_Doom/Content/Developers/daniel/Collections/' took 0.01s
[2016.03.27-21.38.58:685][  0]LogFileCache: Scanning file cache for directory 'C:/Users/daniel/Documents/Unreal Projects/Group2/Maze_Of_Doom/Content/Collections/' took 0.01s
[2016.03.27-21.38.58:685][  0]LogCollectionManager: Rebuilt the GUID cache for 0 collections in 0.000002 seconds
[2016.03.27-21.38.58:693][  0]LogContentBrowser: Native class hierarchy populated in 0.0083 seconds. Added 1896 classes and 340 folders.
[2016.03.27-21.38.58:705][  0]LogContentBrowser: Native class hierarchy updated for 'WidgetCarousel' in 0.0025 seconds. Added 0 classes and 0 folders.
[2016.03.27-21.39.00:817][  0]LogContentBrowser: Native class hierarchy updated for 'AddContentDialog' in 0.0013 seconds. Added 0 classes and 0 folders.
[2016.03.27-21.39.00:827][  0]LogContentBrowser: Native class hierarchy updated for 'SceneOutliner' in 0.0012 seconds. Added 1 classes and 2 folders.
[2016.03.27-21.39.00:900][  0]LogCrashTracker: Crashtracker disabled due to settings.
[2016.03.27-21.39.00:904][  0]LogUObjectGlobals:Warning: Failed to find object 'Class None.'
[2016.03.27-21.39.00:928][  0]LogLoad: Full Startup: 9.15 seconds (BP compile: 0.05 seconds)
[2016.03.27-21.39.00:946][  0]LogWindowsTextInputMethodSystem:Display: IME system now deactivated.
[2016.03.27-21.39.00:950][  0]LogOcInput: Can't find Oculus library dev build: is proper Runtime installed? Version: 0.8.0.0
[2016.03.27-21.39.01:105][  0]LogContentStreaming: Texture pool size now 400 MB
[2016.03.27-21.39.01:381][  1]LogRenderer: Reallocating scene render targets to support 856x504 (Frame:2).
[2016.03.27-21.39.01:816][  4]LogAssetRegistry: Asset discovery search completed in 5.3086 seconds
[2016.03.27-21.39.01:816][  4]LogCollectionManager: Rebuilt the object cache for 0 collections in 0.000000 seconds (found 0 objects)
[2016.03.27-21.39.01:816][  4]LogCollectionManager: Fixed up redirectors for 0 collections in 0.000036 seconds (updated 0 objects)
[2016.03.27-21.39.28:358][419]LogTexture:Display: Building textures: GC_Clothes_COL_2k (AutoDXT)
[2016.03.27-21.39.30:177][419]LogTexture:Display: Building textures: GC_Clothes_mask_2k (AutoDXT)
[2016.03.27-21.39.31:291][419]LogTexture:Display: Building textures: GC_Clothes_NM_2k (BC5)
[2016.03.27-21.39.31:920][419]LogMaterial: Missing cached shader map for material M_Maximo_Adam_Body, compiling. 
[2016.03.27-21.39.32:401][419]LogTexture:Display: Building textures: GC_Skin_COL_2k_diffuse (AutoDXT)
[2016.03.27-21.39.35:202][419]LogTexture:Display: Building textures: GC_Skin_Mask_2k (AutoDXT)
[2016.03.27-21.39.37:312][419]LogTexture:Display: Building textures: GC_Skin_NM_2k (BC5)
[2016.03.27-21.39.38:354][419]LogMaterial: Missing cached shader map for material M_Maximo_Adam_Face, compiling. 
[2016.03.27-21.39.39:538][419]LogLinker:Warning: Asset '../../../Engine/Content/ArtTools/RenderToTexture/Macros/RenderToTextureMacros.uasset' has been saved with empty engine version. The asset will be loaded but may be incompatible.
[2016.03.27-21.39.42:834][419]LogContentBrowser: Native class hierarchy updated for 'BlueprintGraph' in 0.0113 seconds. Added 107 classes and 0 folders.
[2016.03.27-21.39.55:635][487]LogRenderer: Reallocating scene render targets to support 1076x736 (Frame:486).
[2016.03.27-21.40.55:266][462]LogMaterial: Missing cached shader map for material Alpha_Joints_MAT, compiling. 
[2016.03.27-21.40.55:321][462]LogMaterial: Missing cached shader map for material Alpha_Body_MAT, compiling. 
[2016.03.27-21.40.55:549][462]LogMaterial: Missing cached shader map for material M_Maximo_Adam_Clothes, compiling. 
[2016.03.27-21.40.56:108][462]LogMaterial: Missing cached shader map for material Alpha_Body, compiling. 
[2016.03.27-21.40.56:229]