[2016.03.31-20.36.33:806][  0]Log file open, 03/31/16 13:36:33
[2016.03.31-20.36.33:806][  0]LogInit:Display: Running engine for game: Maze_Of_Doom
[2016.03.31-20.36.33:806][  0]LogPlatformFile: Not using cached read wrapper
[2016.03.31-20.36.33:806][  0]LogInit:Display: RandInit(-1161461902) SRandInit(-1161461900).
[2016.03.31-20.36.33:806][  0]LogTaskGraph: Started task graph with 4 named threads and 7 total threads.
[2016.03.31-20.36.33:806][  0]LogStats: Stats thread started at 0.080724
[2016.03.31-20.36.33:806][  0]LogInit: Version: 4.10.4-2872498+++depot+UE4-Releases+4.10
[2016.03.31-20.36.33:806][  0]LogInit: API Version: 2758231
[2016.03.31-20.36.33:806][  0]LogInit: Compiled (64-bit): Feb 18 2016 15:47:04
[2016.03.31-20.36.33:806][  0]LogInit: Compiled with Visual C++: 19.00.23026.00
[2016.03.31-20.36.33:806][  0]LogInit: Build Configuration: Development
[2016.03.31-20.36.33:806][  0]LogInit: Branch Name: ++depot+UE4-Releases+4.10
[2016.03.31-20.36.33:806][  0]LogInit: Command line: -EpicPortal 
[2016.03.31-20.36.33:806][  0]LogInit: Base directory: C:/Program Files (x86)/Epic Games/4.10/Engine/Binaries/Win64/
[2016.03.31-20.36.33:806][  0]LogInit: Rocket: 1
[2016.03.31-20.36.33:839][  0]LogInit: Using libcurl 7.41.0
[2016.03.31-20.36.33:839][  0]LogInit:  - built for x86_64-pc-win32
[2016.03.31-20.36.33:839][  0]LogInit:  - supports SSL with WinSSL
[2016.03.31-20.36.33:839][  0]LogInit:  - other features:
[2016.03.31-20.36.33:839][  0]LogInit:      CURL_VERSION_SSL
[2016.03.31-20.36.33:839][  0]LogInit:      CURL_VERSION_IPV6
[2016.03.31-20.36.33:839][  0]LogInit:      CURL_VERSION_ASYNCHDNS
[2016.03.31-20.36.33:839][  0]LogInit:      CURL_VERSION_LARGEFILE
[2016.03.31-20.36.33:839][  0]LogInit:      CURL_VERSION_IDN
[2016.03.31-20.36.33:839][  0]LogInit:  CurlRequestOptions (configurable via config and command line):
[2016.03.31-20.36.33:839][  0]LogInit:  - bVerifyPeer = true  - Libcurl will verify peer certificate
[2016.03.31-20.36.33:839][  0]LogInit:  - bUseHttpProxy = false  - Libcurl will NOT use HTTP proxy
[2016.03.31-20.36.33:839][  0]LogInit:  - bDontReuseConnections = false  - Libcurl will reuse connections
[2016.03.31-20.36.33:839][  0]LogInit:  - CertBundlePath = nullptr  - Libcurl will use whatever was configured at build time.
[2016.03.31-20.36.33:922][  0]LogInit: Presizing for 0 objects not considered by GC, pre-allocating 0 bytes.
[2016.03.31-20.36.33:942][  0]LogInit: Object subsystem initialized
[2016.03.31-20.36.33:944][  0]LogInit: Selected Device Profile: [Windows]
[2016.03.31-20.36.33:944][  0]LogInit: Applying CVar settings loaded from the selected device profile: [Windows]
[2016.03.31-20.36.33:997][  0]LogInit: Computer: DRTRACY1
[2016.03.31-20.36.33:997][  0]LogInit: User: daniel
[2016.03.31-20.36.33:997][  0]LogInit: CPU Page size=4096, Cores=4
[2016.03.31-20.36.33:997][  0]LogInit: High frequency timer resolution =2.338347 MHz
[2016.03.31-20.36.33:998][  0]LogMemory: Memory total: Physical=7.8GB (8GB approx)
[2016.03.31-20.36.33:998][  0]LogMemory: Platform Memory Stats for Windows
[2016.03.31-20.36.33:998][  0]LogMemory: Process Physical Memory: 56.30 MB used, 56.30 MB peak
[2016.03.31-20.36.33:998][  0]LogMemory: Process Virtual Memory: 56.90 MB used, 56.90 MB peak
[2016.03.31-20.36.33:998][  0]LogMemory: Physical Memory: 4490.53 MB used, 7944.27 MB total
[2016.03.31-20.36.33:998][  0]LogMemory: Virtual Memory: 383.85 MB used, 134217728.00 MB total
[2016.03.31-20.36.34:055][  0]LogTextLocalizationManager: No specific translations for ('en-US') exist, so ('en') translations will be used.
[2016.03.31-20.36.34:591][  0]LogD3D11RHI: Found D3D11 adapter 0: Intel(R) HD Graphics 4600 (Feature Level 11_0)
[2016.03.31-20.36.34:591][  0]LogD3D11RHI: Adapter has 112MB of dedicated video memory, 0MB of dedicated system memory, and 3972MB of shared system memory, 1 output[s]
[2016.03.31-20.36.34:593][  0]LogD3D11RHI: Found D3D11 adapter 1: Microsoft Basic Render Driver (Feature Level 11_0)
[2016.03.31-20.36.34:593][  0]LogD3D11RHI: Adapter has 0MB of dedicated video memory, 0MB of dedicated system memory, and 3972MB of shared system memory, 0 output[s]
[2016.03.31-20.36.34:593][  0]LogD3D11RHI: Chosen D3D11 Adapter Id = 0
[2016.03.31-20.36.34:601][  0]LogD3D11RHI: !Direct3DDevice
[2016.03.31-20.36.34:601][  0]LogRHI: Texture pool is 1361 MB (70% of 1945 MB)
[2016.03.31-20.36.34:606][  0]LogD3D11RHI: Async texture creation enabled
[2016.03.31-20.36.34:611][  0]LogShaderCompilers: Guid format shader working directory is -30 characters bigger than the processId version (../../../../../../Users/daniel/Documents/Unreal Projects/Group2/Maze_Of_Doom/Intermediate/Shaders/WorkingDirectory/13144/).
[2016.03.31-20.36.34:611][  0]LogShaderCompilers: Cleaned the shader compiler working directory 'C:/Users/daniel/AppData/Local/Temp/UnrealShaderWorkingDir/92CEB3AA4B9901B74196E982BEA13069/'.
[2016.03.31-20.36.34:611][  0]LogShaderCompilers:Display: Using Local Shader Compiler.
[2016.03.31-20.36.35:995][  0]LogTemp:Display: Loaded TP AllDesktopTargetPlatform
[2016.03.31-20.36.36:001][  0]LogTemp:Display: Loaded TP WindowsClientTargetPlatform
[2016.03.31-20.36.36:005][  0]LogTemp:Display: Loaded TP WindowsNoEditorTargetPlatform
[2016.03.31-20.36.36:011][  0]LogTemp:Display: Loaded TP WindowsServerTargetPlatform
[2016.03.31-20.36.36:019][  0]LogTemp:Display: Loaded TP WindowsTargetPlatform
[2016.03.31-20.36.36:025][  0]LogTemp:Display: Loaded TP AndroidTargetPlatform
[2016.03.31-20.36.36:028][  0]LogTemp:Display: Loaded TP Android_ASTCTargetPlatform
[2016.03.31-20.36.36:030][  0]LogTemp:Display: Loaded TP Android_ATCTargetPlatform
[2016.03.31-20.36.36:034][  0]LogTemp:Display: Loaded TP Android_DXTTargetPlatform
[2016.03.31-20.36.36:039][  0]LogTemp:Display: Loaded TP Android_ETC1TargetPlatform
[2016.03.31-20.36.36:042][  0]LogTemp:Display: Loaded TP Android_ETC2TargetPlatform
[2016.03.31-20.36.36:050][  0]LogTemp:Display: Loaded TP Android_MultiTargetPlatform
[2016.03.31-20.36.36:050][  0]LogTemp:Display: Loaded TP Android_PVRTCTargetPlatform
[2016.03.31-20.36.36:050][  0]LogTemp:Display: Loaded TP HTML5TargetPlatform
[2016.03.31-20.36.36:071][  0]LogTemp:Display: Loaded TP IOSTargetPlatform
[2016.03.31-20.36.36:074][  0]LogTemp:Display: Loaded TP LinuxNoEditorTargetPlatform
[2016.03.31-20.36.36:076][  0]LogTemp:Display: Loaded TP LinuxServerTargetPlatform
[2016.03.31-20.36.36:081][  0]LogTemp:Display: Loaded TP LinuxTargetPlatform
[2016.03.31-20.36.36:081][  0]LogTargetPlatformManager:Display: Building Assets For Windows
[2016.03.31-20.36.36:169][  0]LogDerivedDataCache:Display: Max Cache Size: 512 MB
[2016.03.31-20.36.36:217][  0]LogDerivedDataCache: Loaded boot cache 0.05s 42MB C:/Users/daniel/AppData/Local/UnrealEngine/4.10/DerivedDataCache/Boot.ddc.
[2016.03.31-20.36.36:217][  0]LogDerivedDataCache:Display: Loaded Boot cache: C:/Users/daniel/AppData/Local/UnrealEngine/4.10/DerivedDataCache/Boot.ddc
[2016.03.31-20.36.36:218][  0]LogDerivedDataCache: FDerivedDataBackendGraph:  Pak pak cache file ../../../../../../Users/daniel/Documents/Unreal Projects/Group2/Maze_Of_Doom/DerivedDataCache/DDC.ddp not found, will not use a pak cache.
[2016.03.31-20.36.36:218][  0]LogDerivedDataCache: Unable to find inner node Pak for hierarchical cache Hierarchy.
[2016.03.31-20.36.36:218][  0]LogDerivedDataCache: FDerivedDataBackendGraph:  CompressedPak pak cache file ../../../../../../Users/daniel/Documents/Unreal Projects/Group2/Maze_Of_Doom/DerivedDataCache/Compressed.ddp not found, will not use a pak cache.
[2016.03.31-20.36.36:218][  0]LogDerivedDataCache: Unable to find inner node CompressedPak for hierarchical cache Hierarchy.
[2016.03.31-20.36.36:278][  0]LogDerivedDataCache:Display: Pak cache opened for reading ../../../Engine/DerivedDataCache/Compressed.ddp.
[2016.03.31-20.36.36:290][  0]LogDerivedDataCache: Using Local data cache path C:/Users/daniel/AppData/Local/UnrealEngine/Common/DerivedDataCache: Writable
[2016.03.31-20.36.38:140][  0]LogInit: Selected Device Profile: [Windows]
[2016.03.31-20.36.38:150][  0]LogContentStreaming: Texture pool size is 0.000000MB
[2016.03.31-20.36.38:995][  0]LogMeshUtilities: No automatic mesh reduction module available
[2016.03.31-20.36.38:995][  0]LogMeshUtilities: No automatic mesh merging module available
[2016.03.31-20.36.41:875][  0]LogInit: WinSock: version 1.1 (2.2), MaxSocks=32767, MaxUdp=65467
[2016.03.31-20.37.04:823][  0]UdpMessaging: Initializing bridge on interface 0.0.0.0:0 to multicast group 230.0.0.1:6666.
[2016.03.31-20.37.08:547][  0]LogLinker:Warning: SkeletalMeshComponent_11 has an inappropriate outermost, it was probably saved with a deprecated outer (file: ../../../../../../Users/daniel/Documents/Unreal Projects/Group2/Maze_Of_Doom/Content/ThirdPersonCPP/Blueprints/ThirdPersonCharacter.uasset)
[2016.03.31-20.37.08:548][  0]LogLinker:Warning: SkeletalMeshComponent_11 has an inappropriate outermost, it was probably saved with a deprecated outer (file: ../../../../../../Users/daniel/Documents/Unreal Projects/Group2/Maze_Of_Doom/Content/ThirdPersonCPP/Blueprints/ThirdPersonCharacter.uasset)
[2016.03.31-20.37.08:549][  0]LogLinker:Warning: SkeletalMeshComponent_11 has an inappropriate outermost, it was probably saved with a deprecated outer (file: ../../../../../../Users/daniel/Documents/Unreal Projects/Group2/Maze_Of_Doom/Content/ThirdPersonCPP/Blueprints/ThirdPersonCharacter.uasset)
[2016.03.31-20.37.08:551][  0]LogLinker:Warning: SkeletalMeshComponent_11 has an inappropriate outermost, it was probably saved with a deprecated outer (file: ../../../../../../Users/daniel/Documents/Unreal Projects/Group2/Maze_Of_Doom/Content/ThirdPersonCPP/Blueprints/ThirdPersonCharacter.uasset)
[2016.03.31-20.37.10:940][  0]LogAssetRegistry: FAssetRegistry took 0.0126 seconds to start up
[2016.03.31-20.37.12:117][  0]SourceControl: Info Source control is disabled
[2016.03.31-20.37.12:163][  0]SourceControl: Info Source control is disabled
[2016.03.31-20.37.12:174][  0]SourceControl: Info Source control is disabled
[2016.03.31-20.37.12:185][  0]SourceControl: Info Source control is disabled
[2016.03.31-20.37.13:151][  0]LogObj: 34558 objects as part of root set at end of initial load.
[2016.03.31-20.37.13:151][  0]LogUObjectAllocator: 8206752 out of 0 bytes used by permanent object pool.
[2016.03.31-20.37.13:286][  0]LogEngine: Initializing Engine...
[2016.03.31-20.37.13:289][  0]LogHMD: Can't find Oculus library dev build: is proper Runtime installed? Version: 0.8.0.0
[2016.03.31-20.37.13:289][  0]LogHMD: SteamVR failed to initialize.  Err: 110
[2016.03.31-20.37.14:107][  0]LogAIModule: Creating AISystem for world NewWorld
[2016.03.31-20.37.14:118][  0]LogInit: XAudio2 using 'Speakers (Conexant SmartAudio HD)' : 2 channels at 48 kHz using 32 bits per sample (channel mask 0x3)
[2016.03.31-20.37.14:275][  0]LogInit: FAudioDevice initialized.
[2016.03.31-20.37.14:301][  0]LogDerivedDataCache: Saved boot cache 0.03s 42MB C:/Users/daniel/AppData/Local/UnrealEngine/4.10/DerivedDataCache/Boot.ddc.
[2016.03.31-20.37.14:341][  0]LogInit: Texture streaming: Enabled
[2016.03.31-20.37.14:346][  0]LogAnalytics: Creating configured Analytics provider AnalyticsET
[2016.03.31-20.37.14:346][  0]LogAnalytics: [UEEditor.Rocket.Release] APIServer = http://et2.epicgames.com/ET2/. AppVersion = 4.10.4-2872498+++depot+UE4-Releases+4.10
[2016.03.31-20.37.14:346][  0]LogAnalytics: [UEEditor.Rocket.Release] SetUserId e6cbf966431e512a7b04d5a733ea392e|6c86b16b7988417dbbb074f7c748ba39|eca68250-45aa-4f00-a963-ae6ccfaa3f66
[2016.03.31-20.37.14:346][  0]LogAnalytics: [UEEditor.Rocket.Release] AnalyticsET::StartSession
[2016.03.31-20.37.14:401][  0]LogInit: Transaction tracking system initialized
[2016.03.31-20.37.14:469][  0]BlueprintLog: New page: Editor Load
[2016.03.31-20.37.14:759][  0]LocalizationService: Info Localization service is disabled
[2016.03.31-20.37.15:271][  0]LogConsoleResponse:Display: 
[2016.03.31-20.37.16:197][  0]LogFileCache: Scanning file cache for directory 'C:/Users/daniel/Documents/Unreal Projects/Group2/Maze_Of_Doom/Content/' took 0.05s
[2016.03.31-20.37.16:197][  0]LogCook:Display: Done creating registry. It took  0.00s.
[2016.03.31-20.37.16:494][  0]SourceControl: Info Source control is disabled
[2016.03.31-20.37.16:494][  0]Cmd: MAP LOAD FILE="../../../../../../Users/daniel/Documents/Unreal Projects/Group2/Maze_Of_Doom/Content/ThirdPersonCPP/Maps/ThirdPersonExampleMap.umap" TEMPLATE=0 SHOWPROGRESS=1 FEATURELEVEL=3
[2016.03.31-20.37.16:511][  0]LogEditorServer:Warning: Can't find file '../../../../../../Users/daniel/Documents/Unreal Projects/Group2/Maze_Of_Doom/Content/ThirdPersonCPP/Maps/ThirdPersonExampleMap.umap'
[2016.03.31-20.37.16:524][  0]Cmd: MAP CHECKDEP NOCLEARLOG
[2016.03.31-20.37.16:577][  0]MapCheck: Info Map check complete: 0 Error(s), 0 Warning(s), took 52.32ms to complete.
[2016.03.31-20.37.16:577][  0]LogFileHelpers: Loading map 'ThirdPersonExampleMap' took 0.083
[2016.03.31-20.37.20:773][  0]LogCollectionManager: Loaded 0 collections in 0.008970 seconds
[2016.03.31-20.37.21:911][  0]LogFileCache: Scanning file cache for directory 'C:/Users/daniel/Documents/Unreal Projects/Group2/Maze_Of_Doom/Saved/Collections/' took 0.01s
[2016.03.31-20.37.21:911][  0]LogFileCache: Scanning file cache for directory 'C:/Users/daniel/Documents/Unreal Projects/Group2/Maze_Of_Doom/Content/Developers/daniel/Collections/' took 0.01s
[2016.03.31-20.37.21:911][  0]LogFileCache: Scanning file cache for directory 'C:/Users/daniel/Documents/Unreal Projects/Group2/Maze_Of_Doom/Content/Collections/' took 0.01s
[2016.03.31-20.37.21:912][  0]LogCollectionManager: Rebuilt the GUID cache for 0 collections in 0.000005 seconds
[2016.03.31-20.37.22:058][  0]LogContentBrowser: Native class hierarchy populated in 0.1041 seconds. Added 1896 classes and 340 folders.
[2016.03.31-20.37.22:747][  0]LogContentBrowser: Native class hierarchy updated for 'WidgetCarousel' in 0.0052 seconds. Added 0 classes and 0 folders.
[2016.03.31-20.37.27:211][  0]LogContentBrowser: Native class hierarchy updated for 'AddContentDialog' in 0.0053 seconds. Added 0 classes and 0 folders.
[2016.03.31-20.37.27:640][  0]LogContentBrowser: Native class hierarchy updated for 'SceneOutliner' in 0.0054 seconds. Added 1 classes and 2 folders.
[2016.03.31-20.37.29:813][  0]LogCrashTracker: Crashtracker disabled due to settings.
[2016.03.31-20.37.30:325][  0]LogUObjectGlobals:Warning: Failed to find object 'Class None.'
[2016.03.31-20.37.30:406][  0]LogLoad: Full Startup: 58.58 seconds (BP compile: 0.97 seconds)
[2016.03.31-20.37.30:756][  0]LogOcInput: Can't find Oculus library dev build: is proper Runtime installed? Version: 0.8.0.0
[2016.03.31-20.37.32:895][  0]LogContentStreaming: Texture pool size now 400 MB
[2016.03.31-20.37.34:654][  0]LogRenderer: Reallocating scene render targets to support 1024x640 (Frame:2).
[2016.03.31-20.37.38:182][  5]LogAssetRegistry: Asset discovery search completed in 27.2543 seconds
[2016.03.31-20.37.38:182][  5]LogCollectionManager: Rebuilt the object cache for 0 collections in 0.000001 seconds (found 0 objects)
[2016.03.31-20.37.38:182][  5]LogCollectionManager: Fixed up redirectors for 0 collections in 0.000024 seconds (updated 0 objects)
[2016.03.31-20.37.39:774][ 58]LogPlayLevel: PlayLevel: No blueprints needed recompiling
[2016.03.31-20.37.40:015][ 58]PIE: New page: PIE session: Untitled_0 (Mar 31, 2016, 6:37:39 AM)
[2016.03.31-20.37.40:039][ 58]LogPlayLevel: Creating play world package: /Temp/UEDPIE_0_Untitled_0
[2016.03.31-20.37.40:099][ 58]LogPlayLevel: PIE: StaticDuplicateObject took: (0.059557s)
[2016.03.31-20.37.40:101][ 58]LogAIModule: Creating AISystem for world NewWorld
[2016.03.31-20.37.40:101][ 58]LogPlayLevel: PIE: World Init took: (0.001753s)
[2016.03.31-20.37.40:102][ 58]LogPlayLevel: PIE: Created PIE world by copying editor world from /Temp/Untitled_0.NewWorld to /Temp/UEDPIE_0_Untitled_0.NewWorld (0.062350s)
[2016.03.31-20.37.40:146][ 58]LogActorComponent: UnregisterComponent: (/Engine/Transient.CharMoveComp) Not registered. Aborting.
[2016.03.31-20.37.40:367][ 58]LogInit: XAudio2 using 'Speakers (Conexant SmartAudio HD)' : 2 channels at 48 kHz using 32 bits per sample (channel mask 0x3)
[2016.03.31-20.37.40:486][ 58]LogInit: FAudioDevice initialized.
[2016.03.31-20.37.40:996][ 58]LogWorld: Game class is 'Maze_Of_DoomGameMode'
[2016.03.31-20.37.41:182][ 58]LogWorld: Bringing World /Temp/UEDPIE_0_Untitled_0.NewWorld up for play (max tick rate 60) at 2016.03.31-13.37.41
[2016.03.31-20.37.41:183][ 58]LogActor:Warning: GameSession /Temp/UEDPIE_0_Untitled_0.NewWorld:PersistentLevel.GameSession_0 has natively added scene component(s), but none of them were set as the actor's RootComponent - picking one arbitrarily
[2016.03.31-20.37.41:183][ 58]LogActor:Warning: GameNetworkManager /Temp/UEDPIE_0_Untitled_0.NewWorld:PersistentLevel.GameNetworkManager_0 has natively added scene component(s), but none of them were set as the actor's RootComponent - picking one arbitrarily
[2016.03.31-20.37.41:209][ 58]LogWorld: Bringing up level for play took: 0.028139
[2016.03.31-20.37.42:505][ 58]PIE: Info Play in editor start time for /Temp/UEDPIE_0_Untitled_0 2.975
[2016.03.31-20.37.44:954][159]LogParticles: Destroying 0 GPU particle simulations for FXSystem 0x000002102AA96E80
[2016.03.31-20.37.49:004][319]LogLinker:Warning: CreateExport: Failed to load Parent for BlueprintGeneratedClass /Game/Blueprint_Items/Energy_Pack/MyEnergyPickup.MyEnergyPickup_C
[2016.03.31-20.37.49:005][319]LogLinker:Warning: CreateExport: Failed to load Parent for BlueprintGeneratedClass /Game/Blueprint_Items/Energy_Pack/MyEnergyPickup.MyEnergyPickup_C
[2016.03.31-20.37.49:005][319]LogLinker:Warning: CreateExport: Failed to load Parent for BlueprintGeneratedClass /Game/Blueprint_Items/Energy_Pack/MyEnergyPickup.MyEnergyPickup_C
[2016.03.31-20.37.49:008][319]LogLinker:Warning: CreateExport: Failed to load Parent for BlueprintGeneratedClass /Game/Blueprint_Items/Energy_Pack/MyEnergyPickup.MyEnergyPickup_C
[2016.03.31-20.37.49:009][319]LogLinker:Warning: CreateExport: Failed to load Parent for BlueprintGeneratedClass /Game/Blueprint_Items/Energy_Pack/MyEnergyPickup.MyEnergyPickup_C
[2016.03.31-20.37.49:009][319]LogLinker:Warning: CreateExport: Failed to load Parent for BlueprintGeneratedClass /Game/Blueprint_Items/Energy_Pack/MyEnergyPickup.MyEnergyPickup_C
[2016.03.31-20.37.49:016][319]LogLinker:Warning: CreateExport: Failed to load Parent for BlueprintGeneratedClass /Game/Blueprint_Items/Energy_Pack/MyEnergyPickup.MyEnergyPickup_C
[2016.03.31-20.37.49:024][319]LogLinker:Warning: CreateExport: Failed to load Parent for BlueprintGeneratedClass /Game/Blueprint_Items/Energy_Pack/MyEnergyPickup.MyEnergyPickup_C
[2016.03.31-20.37.49:180][319]LogLinker:Warning: CreateExport: Failed to load Parent for BlueprintGeneratedClass /Game/Blueprint_Items/Energy_Pack/MyEnergyPickup.MyEnergyPickup_C
[2016.03.31-20.37.49:180][319]LogLinker:Warning: CreateExport: Failed to load Parent for BlueprintGeneratedClass /Game/Blueprint_Items/Energy_Pack/MyEnergyPickup.MyEnergyPickup_C
[2016.03.31-20.37.49:181][319]LogLinker:Warning: CreateExport: Failed to load Parent for BlueprintGeneratedClass /Game/Blueprint_Items/Energy_Pack/MyEnergyPickup.MyEnergyPickup_C
[2016.03.31-20.37.49:181][319]LogLinker:Warning: CreateExport: Failed to load Parent for BlueprintGeneratedClass /Game/Blueprint_Items/Energy_Pack/MyEnergyPickup.MyEnergyPickup_C
[2016.03.31-20.37.49:181][319]LogLinker:Warning: CreateExport: Failed to load Parent for BlueprintGeneratedClass /Game/Blueprint_Items/Energy_Pack/MyEnergyPickup.MyEnergyPickup_C
[2016.03.31-20.37.49:462][319]LogTexture:Display: Building textures: T_UnrealEngineDecal (DXT1)
[2016.03.31-20.37.49:842][319]LogMaterial: Missing cached shader map for material M_Pickup_Coin, compiling. 
[2016.03.31-20.37.50:346][319]LogStaticMesh: Building static mesh SM_Pickup_Coin...
[2016.03.31-20.37.50:437][319]LogStaticMesh: Built static mesh [0.141215.2s] /Game/ExampleContent/Blueprints/Meshes/SM_Pickup_Coin.SM_Pickup_Coin
[2016.03.31-20.37.50:706][319]LogAIModule: Creating AISystem for world TutorialLevel
[2016.03.31-20.37.50:926][319]LogActorComponent: UnregisterComponent: (/Engine/Transient.CharMoveComp) Not registered. Aborting.
[2016.03.31-20.37.50:949][319]Cmd: MAP LOAD FILE="../../../../../../Users/daniel/Documents/Unreal Projects/Group2/Maze_Of_Doom/Content/Rooms/TutorialLevel.umap" TEMPLATE=0 SHOWPROGRESS=1 FEATURELEVEL=3
[2016.03.31-20.37.50:950][319]LightingResults: New page: Lighting Build
[2016.03.31-20.37.50:955][319]LogContentBrowser: Native class hierarchy updated for 'StatsViewer' in 0.0015 seconds. Added 5 classes and 0 folders.
[2016.03.31-20.37.50:973][319]LoadErrors: New page: Loading map: TutorialLevel.umap
[2016.03.31-20.37.51:373][319]MapCheck: New page: Map Check
[2016.03.31-20.37.51:373][319]LightingResults: New page: Lighting Build
[2016.03.31-20.37.51:387][319]LogParticles: Destroying 0 GPU particle simulations for FXSystem 0x0000021036F52160
[2016.03.31-20.37.51:503][319]LogEditorServer: Finished looking for orphan Actors (0.000 secs)
[2016.03.31-20.37.51:531][319]Cmd: MAP CHECKDEP NOCLEARLOG
[2016.03.31-20.37.51:590][319]MapCheck: Info Map check complete: 0 Error(s), 0 Warning(s), took 58.645ms to complete.
[2016.03.31-20.37.51:591][319]LogFileHelpers: Loading map 'TutorialLevel' took 0.642
[2016.03.31-20.37.51:596][319]LoadErrors:Warning: Warning CreateExport: Failed to load Outer for resource 'UserConstructionScript': BlueprintGeneratedClass /Game/Blueprint_Items/Energy_Pack/MyEnergyPickup.MyEnergyPickup_C
[2016.03.31-20.37.52:048][319]LoadErrors:Warning: Warning CreateExport: Failed to load Outer for resource 'DefaultSceneRoot_GEN_VARIABLE': BlueprintGeneratedClass /Game/Blueprint_Items/Energy_Pack/MyEnergyPickup.MyEnergyPickup_C
[2016.03.31-20.37.52:048][319]LoadErrors:Warning: Warning CreateExport: Failed to load Outer for resource 'SimpleConstructionScript_0': BlueprintGeneratedClass /Game/Blueprint_Items/Energy_Pack/MyEnergyPickup.MyEnergyPickup_C
[2016.03.31-20.37.52:049][319]LoadErrors:Warning: Warning CreateExport: Failed to load Outer for resource 'SCS_Node_0': SimpleConstructionScript /Game/Blueprint_Items/Energy_Pack/MyEnergyPickup.MyEnergyPickup_C:SimpleConstructionScript_0
[2016.03.31-20.37.52:049][319]LoadErrors:Warning: Warning CreateExport: Failed to load Outer for resource 'PickupMesh': MyEnergyPickup_C /Game/Blueprint_Items/Energy_Pack/MyEnergyPickup.Default__MyEnergyPickup_C
[2016.03.31-20.37.52:647][333]LogBlueprintUserMessages: Early PlayInEditor Detection: Level '/Game/Rooms/TutorialLevel.TutorialLevel:PersistentLevel' has LevelScriptBlueprint '/Game/Rooms/TutorialLevel.TutorialLevel:PersistentLevel.TutorialLevel' with GeneratedClass '/Game/Rooms/TutorialLevel.TutorialLevel_C' with ClassGeneratedBy '/Game/Rooms/TutorialLevel.TutorialLevel:PersistentLevel.TutorialLevel'
[2016.03.31-20.37.52:647][333]LogPlayLevel: PlayLevel: No blueprints needed recompiling
[2016.03.31-20.37.52:648][333]PIE: New page: PIE session: TutorialLevel (Mar 31, 2016, 6:37:52 AM)
[2016.03.31-20.37.52:648][333]LogPlayLevel: Creating play world package: /Game/Rooms/UEDPIE_0_TutorialLevel
[2016.03.31-20.37.52:701][333]LogPlayLevel: PIE: StaticDuplicateObject took: (0.053389s)
[2016.03.31-20.37.52:702][333]LogAIModule: Creating AISystem for world TutorialLevel
[2016.03.31-20.37.52:702][333]LogPlayLevel: PIE: World Init took: (0.000659s)
[2016.03.31-20.37.52:702][333]LogPlayLevel: PIE: Created PIE world by copying editor world from /Game/Rooms/TutorialLevel.TutorialLevel to /Game/Rooms/UEDPIE_0_TutorialLevel.TutorialLevel (0.054302s)
[2016.03.31-20.37.52:721][333]LogInit: XAudio2 using 'Speakers (Conexant SmartAudio HD)' : 2 channels at 48 kHz using 32 bits per sample (channel mask 0x3)
[2016.03.31-20.37.52:815][333]LogInit: FAudioDevice initialized.
[2016.03.31-20.37.52:877][333]LogWorld: Game class is 'Maze_Of_DoomGameMode'
[2016.03.31-20.37.52:880][333]LogWorld: Bringing World /Game/Rooms/UEDPIE_0_TutorialLevel.TutorialLevel up for play (max tick rate 0) at 2016.03.31-13.37.52
[2016.03.31-20.37.52:880][333]LogActor:Warning: GameSession /Game/Rooms/UEDPIE_0_TutorialLevel.TutorialLevel:PersistentLevel.GameSession_1 has natively added scene component(s), but none of them were set as the actor's RootComponent - picking one arbitrarily
[2016.03.31-20.37.52:880][333]LogActor:Warning: GameNetworkManager /Game/Rooms/UEDPIE_0_TutorialLevel.TutorialLevel:PersistentLevel.GameNetworkManager_1 has natively added scene component(s), but none of them were set as the actor's RootComponent - picking one arbitrarily
[2016.03.31-20.37.52:880][333]LogWorld: Bringing up level for play took: 0.002385
[2016.03.31-20.37.53:159][333]PIE: Info Play in editor start time for /Game/Rooms/UEDPIE_0_TutorialLevel -0.372
[2016.03.31-20.37.53:159][333]LogBlueprintUserMessages: Late PlayInEditor Detection: Level '/Game/Rooms/TutorialLevel.TutorialLevel:PersistentLevel' has LevelScriptBlueprint '/Game/Rooms/TutorialLevel.TutorialLevel:PersistentLevel.TutorialLevel' with GeneratedClass '/Game/Rooms/TutorialLevel.TutorialLevel_C' with ClassGeneratedBy '/Game/Rooms/TutorialLevel.TutorialLevel:PersistentLevel.TutorialLevel'
[2016.03.31-20.38.33:019][502]LogBlueprintUserMessages: Early EndPlayMap Detection: Level '/Game/Rooms/TutorialLevel.TutorialLevel:PersistentLevel' has LevelScriptBlueprint '/Game/Rooms/TutorialLevel.TutorialLevel:PersistentLevel.TutorialLevel' with GeneratedClass '/Game/Rooms/TutorialLevel.TutorialLevel_C' with ClassGeneratedBy '/Game/Rooms/TutorialLevel.TutorialLevel:PersistentLevel.TutorialLevel'
[2016.03.31-20.38.33:059][502]LogBlueprintUserMessages: Late EndPlayMap Detection: Level '/Game/Rooms/TutorialLevel.TutorialLevel:PersistentLevel' has LevelScriptBlueprint '/Game/Rooms/TutorialLevel.TutorialLevel:PersistentLevel.TutorialLevel' with GeneratedClass '/Game/Rooms/TutorialLevel.TutorialLevel_C' with ClassGeneratedBy '/Game/Rooms/TutorialLevel.TutorialLevel:PersistentLevel.TutorialLevel'
[2016.03.31-20.38.33:079][502]LogParticles: Destroying 0 GPU particle simulations for FXSystem 0x000002102B1851C0
[2016.03.31-20.39.00:749][545]LogActorFactory: Actor Factory created SM_Pickup_Coin
[2016.03.31-20.39.02:369][609]LogActorFactory: Actor Factory created SM_Pickup_Coin
[2016.03.31-20.39.08:620][725]Cmd: TRANSACTION UNDO
[2016.03.31-20.39.08:620][725]LogEditorTransaction: Undo Create Actors
[2016.03.31-20.39.34:472][782]LogBlueprintUserMessages: Early PlayInEditor Detection: Level '/Game/Rooms/TutorialLevel.TutorialLevel:PersistentLevel' has LevelScriptBlueprint '/Game/Rooms/TutorialLevel.TutorialLevel:PersistentLevel.TutorialLevel' with GeneratedClass '/Game/Rooms/TutorialLevel.TutorialLevel_C' with ClassGeneratedBy '/Game/Rooms/TutorialLevel.TutorialLevel:PersistentLevel.TutorialLevel'
[2016.03.31-20.39.34:472][782]LogPlayLevel: PlayLevel: No blueprints needed recompiling
[2016.03.31-20.39.34:472][782]PIE: New page: PIE session: TutorialLevel (Mar 31, 2016, 6:39:34 AM)
[2016.03.31-20.39.34:472][782]LogPlayLevel: Creating play world package: /Game/Rooms/UEDPIE_0_TutorialLevel
[2016.03.31-20.39.34:516][782]LogPlayLevel: PIE: StaticDuplicateObject took: (0.043620s)
[2016.03.31-20.39.34:518][782]LogAIModule: Creating AISystem for world TutorialLevel
[2016.03.31-20.39.34:518][782]LogPlayLevel: PIE: World Init took: (0.001962s)
[2016.03.31-20.39.34:518][782]LogPlayLevel: PIE: Created PIE world by copying editor world from /Game/Rooms/TutorialLevel.TutorialLevel to /Game/Rooms/UEDPIE_0_TutorialLevel.TutorialLevel (0.046144s)
[2016.03.31-20.39.34:519][782]LogActorComponent: UnregisterComponent: (/Engine/Transient.CharMoveComp) Not registered. Aborting.
[2016.03.31-20.39.34:570][782]LogInit: XAudio2 using 'Speakers (Conexant SmartAudio HD)' : 2 channels at 48 kHz using 32 bits per sample (channel mask 0x3)
[2016.03.31-20.39.34:931][782]LogInit: FAudioDevice initialized.
[2016.03.31-20.39.34:993][782]LogWorld: Game class is 'Maze_Of_DoomGameMode'
[2016.03.31-20.39.35:002][782]LogWorld: Bringing World /Game/Rooms/UEDPIE_0_TutorialLevel.TutorialLevel up for play (max tick rate 0) at 2016.03.31-13.39.35
[2016.03.31-20.39.35:002][782]LogActor:Warning: GameSession /Game/Rooms/UEDPIE_0_TutorialLevel.TutorialLevel:PersistentLevel.GameSession_2 has natively added scene component(s), but none of them were set as the actor's RootComponent - picking one arbitrarily
[2016.03.31-20.39.35:003][782]LogActor:Warning: GameNetworkManager /Game/Rooms/UEDPIE_0_TutorialLevel.TutorialLevel:PersistentLevel.GameNetworkManager_2 has natively added scene component(s), but none of them were set as the actor's RootComponent - picking one arbitrarily
[2016.03.31-20.39.35:003][782]LogWorld: Bringing up level for play took: 0.006851
[2016.03.31-20.39.35:025][782]PIE: Info Play in editor start time for /Game/Rooms/UEDPIE_0_TutorialLevel 1.494
[2016.03.31-20.39.35:026][782]LogBlueprintUserMessages: Late PlayInEditor Detection: Level '/Game/Rooms/TutorialLevel.TutorialLevel:PersistentLevel' has LevelScriptBlueprint '/Game/Rooms/TutorialLevel.TutorialLevel:PersistentLevel.TutorialLevel' with GeneratedClass '/Game/Rooms/TutorialLevel.TutorialLevel_C' with ClassGeneratedBy '/Game/Rooms/TutorialLevel.TutorialLevel:PersistentLevel.TutorialLevel'
[2016.03.31-20.39.47:246][475]LogBlueprintUserMessages: Early EndPlayMap Detection: Level '/Game/Rooms/TutorialLevel.TutorialLevel:PersistentLevel' has LevelScriptBlueprint '/Game/Rooms/TutorialLevel.TutorialLevel:PersistentLevel.TutorialLevel' with GeneratedClass '/Game/Rooms/TutorialLevel.TutorialLevel_C' with ClassGeneratedBy '/Game/Rooms/TutorialLevel.TutorialLevel:PersistentLevel.TutorialLevel'
[2016.03.31-20.39.47:290][475]LogBlueprintUserMessages: Late EndPlayMap Detection: Level '/Game/Rooms/TutorialLevel.TutorialLevel:PersistentLevel' has LevelScriptBlueprint '/Game/Rooms/TutorialLevel.TutorialLevel:PersistentLevel.TutorialLevel' with GeneratedClass '/Game/Rooms/TutorialLevel.TutorialLevel_C' with ClassGeneratedBy '/Game/Rooms/TutorialLevel.TutorialLevel:PersistentLevel.TutorialLevel'
[2016.03.31-20.39.47:345][475]LogParticles: Destroying 0 GPU particle simulations for FXSystem 0x000002105025FEC0
[2016.03.31-20.41.18:308][953]LogRenderer: Reallocating scene render targets to support 1384x952 (Frame:10155).
[2016.03.31-20.48.04:680][828]LogVSAccessor:Warning: Visual Studio is open but could not be queried - it may be blocked by a modal operation
[2016.03.31-20.48.05:609][829]LogEditorViewport: Clicking on Actor (LMB): StaticMeshActor (Floor)
[2016.03.31-20.48.05:663][829]LogEditorViewport: Clicking on Actor (LMB): StaticMeshActor (Floor)
[2016.03.31-20.48.05:695][829]LogEditorViewport: Clicking on Actor (LMB): StaticMeshActor (Floor)
[2016.03.31-20.48.06:010][829]LogVSAccessor:Warning: Visual Studio is open but could not be queried - it may be blocked by a modal operation
[2016.03.31-20.48.09:779][830]LogVSAccessor:Warning: Visual Studio is open but could not be queried - it may be blocked by a modal operation
[2016.03.31-20.48.09:796][831]LogVSAccessor:Warning: Visual Studio is open but could not be queried - it may be blocked by a modal operation
[2016.03.31-20.48.10:361][832]LogVSAccessor:Warning: Visual Studio is open but could not be queried - it may be blocked by a modal operation
[2016.03.31-20.48.10:577][833]LogVSAccessor:Warning: Visual Studio is open but could not be queried - it may be blocked by a modal operation
[2016.03.31-20.48.10:796][834]LogVSAccessor:Warning: Visual Studio is open but could not be queried - it may be blocked by a modal operation
[2016.03.31-20.48.11:129][835]LogVSAccessor:Warning: Visual Studio is open but could not be queried - it may be blocked by a modal operation
[2016.03.31-20.48.11:462][836]LogVSAccessor:Warning: Visual Studio is open but could not be queried - it may be blocked by a modal operation
[2016.03.31-20.48.11:796][837]LogVSAccessor:Warning: Visual Studio is open but could not be queried - it may be blocked by a modal operation
[2016.03.31-20.48.12:129][838]LogVSAccessor:Warning: Visual Studio is open but could not be queried - it may be blocked by a modal operation
[2016.03.31-20.48.12:129][838]LogWindows: LaunchFileInExternalEditor C:/Users/daniel/Documents/Unreal Projects/Group2/Maze_Of_Doom/Source/Maze_Of_Doom/Pickup.h 
[2016.03.31-20.48.18:409][838]LogWindows: Launch application code for C:/Users/daniel/Documents/Unreal Projects/Group2/Maze_Of_Doom/Source/Maze_Of_Doom/Pickup.h : 42
[2016.03.31-20.48.18:409][838]LogWindows: LaunchFileInExternalEditor C:/Users/daniel/Documents/Unreal Projects/Group2/Maze_Of_Doom/Source/Maze_Of_Doom/Pickup.cpp 
[2016.03.31-20.48.18:666][838]LogWindows: Launch application code for C:/Users/daniel/Documents/Unreal Projects/Group2/Maze_Of_Doom/Source/Maze_Of_Doom/Pickup.cpp : 42
[2016.03.31-20.48.18:831][838]LogVSAccessor:Warning: Couldn't access Visual Studio
[2016.03.31-20.48.18:835][838]LogVSAccessor:Warning: Couldn't access module table
[2016.03.31-20.48.18:835][838]LogVSAccessor:Warning: Couldn't access module table
[2016.03.31-20.48.18:835][838]LogVSAccessor:Warning: Couldn't access module table
[2016.03.31-20.48.18:835][838]LogVSAccessor:Warning: Couldn't access module table
[2016.03.31-20.48.18:835][838]LogVSAccessor:Warning: Couldn't access module table
[2016.03.31-20.48.18:835][838]LogVSAccessor:Warning: Couldn't access module table
[2016.03.31-20.48.18:835][838]LogVSAccessor:Warning: Couldn't access module table
[2016.03.31-20.48.18:835][838]LogVSAccessor:Warning: Couldn't access module table
[2016.03.31-20.48.18:836][838]LogVSAccessor:Warning: Couldn't access module table
[2016.03.31-20.48.18:836][838]LogVSAccessor:Warning: Couldn't access module table
[2016.03.31-20.48.18:836][838]LogVSAccessor:Warning: Couldn't access module table
[2016.03.31-20.48.18:836][838]LogVSAccessor:Warning: Couldn't access module table
[2016.03.31-20.48.18:836][838]LogVSAccessor:Warning: Couldn't access module table
[2016.03.31-20.48.18:836][838]LogVSAccessor:Warning: Couldn't access module table
[2016.03.31-20.48.18:836][838]LogVSAccessor:Warning: Couldn't access module table
[2016.03.31-20.48.18:836][838]LogVSAccessor:Warning: Couldn't access module table
[2016.03.31-20.48.18:836][838]LogVSAccessor:Warning: Couldn't access module table
[2016.03.31-20.48.18:836][838]LogVSAccessor:Warning: Couldn't access module table
[2016.03.31-20.48.18:836][838]LogVSAccessor:Warning: Couldn't access module table
[2016.03.31-20.48.18:836][838]LogVSAccessor:Warning: Couldn't access module table
[2016.03.31-20.48.18:836][838]LogVSAccessor:Warning: Couldn't access module table
[2016.03.31-20.48.18:836][838]LogVSAccessor:Warning: Couldn't access module table
[2016.03.31-20.48.18:836][838]LogVSAccessor:Warning: Couldn't access module table
[2016.03.31-20.48.18:836][838]LogVSAccessor:Warning: Couldn't access module table
[2016.03.31-20.48.18:837][838]LogVSAccessor:Warning: Couldn't access module table
[2016.03.31-20.48.18:837][838]LogVSAccessor:Warning: Couldn't access module table
[2016.03.31-20.48.18:837][838]LogVSAccessor:Warning: Couldn't access module table
[2016.03.31-20.48.18:837][838]LogVSAccessor:Warning: Couldn't access module table
[2016.03.31-20.48.18:837][838]LogVSAccessor:Warning: Couldn't access module table
[2016.03.31-20.48.18:837][838]LogVSAccessor:Warning: Couldn't access module table
[2016.03.31-20.48.18:837][838]LogVSAccessor:Warning: Couldn't access module table
[2016.03.31-20.48.18:837][838]LogVSAccessor:Warning: Couldn't access module table
[2016.03.31-20.48.18:837][838]LogVSAccessor:Warning: Couldn't access module table
[2016.03.31-20.48.18:837][838]LogVSAccessor:Warning: Couldn't access module table
[2016.03.31-20.48.18:837][838]LogVSAccessor:Warning: Couldn't access module table
[2016.03.31-20.48.18:837][838]LogVSAccessor:Warning: Couldn't access module table
[2016.03.31-20.48.18:837][838]LogVSAccessor:Warning: Couldn't access module table
[2016.03.31-20.48.18:837][838]LogVSAccessor:Warning: Couldn't access module table
[2016.03.31-20.48.18:837][838]LogVSAccessor:Warning: Couldn't access module table
[2016.03.31-20.48.18:838][838]LogVSAccessor:Warning: Couldn't access module table
[2016.03.31-20.48.18:838][838]LogVSAccessor:Warning: Couldn't access module table
[2016.03.31-20.48.18:838][838]LogVSAccessor:Warning: Couldn't access module table
[2016.03.31-20.48.18:838][838]LogVSAccessor:Warning: Couldn't access module table
[2016.03.31-20.48.18:845][838]LogVSAccessor:Warning: Couldn't access module table
[2016.03.31-20.48.18:845][838]LogVSAccessor:Warning: Couldn't access module table
[2016.03.31-20.48.18:845][838]LogVSAccessor:Warning: Couldn't access module table
[2016.03.31-20.48.19:172][838]LogVSAccessor:Warning: Couldn't access module table
[2016.03.31-20.48.42:203][906]LogParticles: Destroying 0 GPU particle simulations for FXSystem 0x000002105025F920
[2016.03.31-20.48.42:203][906]LogFileHelpers: Editor autosave (incl. sublevels) for '/Game/Rooms/TutorialLevel' took 0.075
[2016.03.31-20.52.10:453][559]LogWindowsTextInputMethodSystem:Display: IME system now deactivated.
[2016.03.31-20.52.11:249][560]Cmd: QUIT_EDITOR
[2016.03.31-20.52.12:760][560]LogExit: Preparing to exit.
[2016.03.31-20.52.14:024][560]LogActorComponent: UnregisterComponent: (None.None) Not registered. Aborting.
[2016.03.31-20.52.14:024][560]LogActorComponent: UnregisterComponent: (None.None) Not registered. Aborting.
[2016.03.31-20.52.14:244][560]LogExit: Editor shut down
[2016.03.31-20.52.14:244][560]LogParticles: Destroying 0 GPU particle simulations for FXSystem 0x000002102AB78A40
[2016.03.31-20.52.14:244][560]LogExit: Transaction tracking system shut down
[2016.03.31-20.52.14:245][560]LogParticles: Destroying 0 GPU particle simulations for FXSystem 0x000002102AB7ACA0
[2016.03.31-20.52.14:245][560]LogParticles: Destroying 0 GPU particle simulations for FXSystem 0x000002102B191F80
[2016.03.31-20.52.14:275][560]LogParticles: Destroying 0 GPU particle simulations for FXSystem 0x000002102AB78D60
[2016.03.31-20.52.14:275][560]LogParticles: Destroying 0 GPU particle simulations for FXSystem 0x00000210502A4900
[2016.03.31-20.52.16:018][560]LogExit: Object subsystem successfully closed.
[2016.03.31-20.52.16:235][560]LogD3D11RHI: Shutdown
[2016.03.31-20.52.16:235][560]LogD3D11RHI: CleanupD3DDevice
[2016.03.31-20.52.16:417][560]LogD3D11RHI: ~FD3D11DynamicRHI
[2016.03.31-20.52.18:473][560]LogModuleManager: Shutting down and abandoning module StaticMeshEditor (200)
[2016.03.31-20.52.18:473][560]LogModuleManager: Shutting down and abandoning module StatsViewer (199)
[2016.03.31-20.52.18:560][560]LogModuleManager: Shutting down and abandoning module CrashTracker (198)
[2016.03.31-20.52.18:560][560]LogModuleManager: Shutting down and abandoning module SceneOutliner (197)
[2016.03.31-20.52.18:560][560]LogModuleManager: Shutting down and abandoning module SuperSearch (196)
[2016.03.31-20.52.18:560][560]LogModuleManager: Shutting down and abandoning module WidgetCarousel (195)
[2016.03.31-20.52.18:574][560]LogModuleManager: Shutting down and abandoning module AddContentDialog (194)
[2016.03.31-20.52.18:608][560]LogModuleManager: Shutting down and abandoning module EditorWidgets (193)
[2016.03.31-20.52.18:608][560]LogModuleManager: Shutting down and abandoning module CollectionManager (192)
[2016.03.31-20.52.18:665][560]LogModuleManager: Shutting down and abandoning module FoliageEdit (191)
[2016.03.31-20.52.18:674][560]LogModuleManager: Shutting down and abandoning module LandscapeEditor (190)
[2016.03.31-20.52.18:792][560]LogModuleManager: Shutting down and abandoning module ActorPickerMode (189)
[2016.03.31-20.52.18:792][560]LogModuleManager: Shutting down and abandoning module GeometryMode (188)
[2016.03.31-20.52.18:792][560]LogModuleManager: Shutting down and abandoning module TextureAlignMode (187)
[2016.03.31-20.52.18:792][560]LogModuleManager: Shutting down and abandoning module BspMode (186)
[2016.03.31-20.52.18:792][560]LogModuleManager: Shutting down and abandoning module PlacementMode (185)
[2016.03.31-20.52.18:792][560]LogModuleManager: Shutting down and abandoning module AutomationWorker (184)
[2016.03.31-20.52.18:792][560]LogModuleManager: Shutting down and abandoning module CharacterAI (183)
[2016.03.31-20.52.18:792][560]LogModuleManager: Shutting down and abandoning module SmartSnapping (182)
[2016.03.31-20.52.18:792][560]LogModuleManager: Shutting down and abandoning module ViewportSnapping (181)
[2016.03.31-20.52.18:792][560]LogModuleManager: Shutting down and abandoning module LogVisua