[2016.03.30-19.10.50:847][  0]Log file open, 03/30/16 12:10:50
[2016.03.30-19.10.50:847][  0]LogInit:Display: Running engine for game: Maze_Of_Doom
[2016.03.30-19.10.50:847][  0]LogPlatformFile: Not using cached read wrapper
[2016.03.30-19.10.50:847][  0]LogInit:Display: RandInit(-538828877) SRandInit(-538828873).
[2016.03.30-19.10.50:847][  0]LogTaskGraph: Started task graph with 4 named threads and 7 total threads.
[2016.03.30-19.10.50:847][  0]LogStats: Stats thread started at 0.173662
[2016.03.30-19.10.50:847][  0]LogInit: Version: 4.10.4-2872498+++depot+UE4-Releases+4.10
[2016.03.30-19.10.50:847][  0]LogInit: API Version: 2758231
[2016.03.30-19.10.50:847][  0]LogInit: Compiled (64-bit): Feb 18 2016 15:47:04
[2016.03.30-19.10.50:847][  0]LogInit: Compiled with Visual C++: 19.00.23026.00
[2016.03.30-19.10.50:847][  0]LogInit: Build Configuration: Development
[2016.03.30-19.10.50:847][  0]LogInit: Branch Name: ++depot+UE4-Releases+4.10
[2016.03.30-19.10.50:847][  0]LogInit: Command line: -EpicPortal 
[2016.03.30-19.10.50:847][  0]LogInit: Base directory: C:/Program Files (x86)/Epic Games/4.10/Engine/Binaries/Win64/
[2016.03.30-19.10.50:847][  0]LogInit: Rocket: 1
[2016.03.30-19.10.50:874][  0]LogInit: Using libcurl 7.41.0
[2016.03.30-19.10.50:874][  0]LogInit:  - built for x86_64-pc-win32
[2016.03.30-19.10.50:874][  0]LogInit:  - supports SSL with WinSSL
[2016.03.30-19.10.50:874][  0]LogInit:  - other features:
[2016.03.30-19.10.50:874][  0]LogInit:      CURL_VERSION_SSL
[2016.03.30-19.10.50:874][  0]LogInit:      CURL_VERSION_IPV6
[2016.03.30-19.10.50:874][  0]LogInit:      CURL_VERSION_ASYNCHDNS
[2016.03.30-19.10.50:874][  0]LogInit:      CURL_VERSION_LARGEFILE
[2016.03.30-19.10.50:874][  0]LogInit:      CURL_VERSION_IDN
[2016.03.30-19.10.50:874][  0]LogInit:  CurlRequestOptions (configurable via config and command line):
[2016.03.30-19.10.50:874][  0]LogInit:  - bVerifyPeer = true  - Libcurl will verify peer certificate
[2016.03.30-19.10.50:874][  0]LogInit:  - bUseHttpProxy = false  - Libcurl will NOT use HTTP proxy
[2016.03.30-19.10.50:874][  0]LogInit:  - bDontReuseConnections = false  - Libcurl will reuse connections
[2016.03.30-19.10.50:874][  0]LogInit:  - CertBundlePath = nullptr  - Libcurl will use whatever was configured at build time.
[2016.03.30-19.10.50:902][  0]LogInit: Presizing for 0 objects not considered by GC, pre-allocating 0 bytes.
[2016.03.30-19.10.50:924][  0]LogInit: Object subsystem initialized
[2016.03.30-19.10.50:926][  0]LogInit: Selected Device Profile: [Windows]
[2016.03.30-19.10.50:926][  0]LogInit: Applying CVar settings loaded from the selected device profile: [Windows]
[2016.03.30-19.10.50:959][  0]LogInit: Computer: DRTRACY1
[2016.03.30-19.10.50:959][  0]LogInit: User: daniel
[2016.03.30-19.10.50:959][  0]LogInit: CPU Page size=4096, Cores=4
[2016.03.30-19.10.50:959][  0]LogInit: High frequency timer resolution =2.338347 MHz
[2016.03.30-19.10.50:959][  0]LogMemory: Memory total: Physical=7.8GB (8GB approx)
[2016.03.30-19.10.50:959][  0]LogMemory: Platform Memory Stats for Windows
[2016.03.30-19.10.50:959][  0]LogMemory: Process Physical Memory: 56.30 MB used, 56.30 MB peak
[2016.03.30-19.10.50:959][  0]LogMemory: Process Virtual Memory: 58.81 MB used, 58.81 MB peak
[2016.03.30-19.10.50:959][  0]LogMemory: Physical Memory: 4033.81 MB used, 7944.27 MB total
[2016.03.30-19.10.50:960][  0]LogMemory: Virtual Memory: 385.79 MB used, 134217728.00 MB total
[2016.03.30-19.10.51:032][  0]LogTextLocalizationManager: No specific translations for ('en-US') exist, so ('en') translations will be used.
[2016.03.30-19.10.52:544][  0]LogD3D11RHI: Found D3D11 adapter 0: Intel(R) HD Graphics 4600 (Feature Level 11_0)
[2016.03.30-19.10.52:544][  0]LogD3D11RHI: Adapter has 112MB of dedicated video memory, 0MB of dedicated system memory, and 3972MB of shared system memory, 1 output[s]
[2016.03.30-19.10.52:549][  0]LogD3D11RHI: Found D3D11 adapter 1: Microsoft Basic Render Driver (Feature Level 11_0)
[2016.03.30-19.10.52:549][  0]LogD3D11RHI: Adapter has 0MB of dedicated video memory, 0MB of dedicated system memory, and 3972MB of shared system memory, 0 output[s]
[2016.03.30-19.10.52:550][  0]LogD3D11RHI: Chosen D3D11 Adapter Id = 0
[2016.03.30-19.10.52:563][  0]LogD3D11RHI: !Direct3DDevice
[2016.03.30-19.10.52:563][  0]LogRHI: Texture pool is 1361 MB (70% of 1945 MB)
[2016.03.30-19.10.52:576][  0]LogD3D11RHI: Async texture creation enabled
[2016.03.30-19.10.52:588][  0]LogShaderCompilers: Guid format shader working directory is -30 characters bigger than the processId version (../../../../../../Users/daniel/Documents/Unreal Projects/Group2/Maze_Of_Doom/Intermediate/Shaders/WorkingDirectory/12068/).
[2016.03.30-19.10.52:589][  0]LogShaderCompilers: Cleaned the shader compiler working directory 'C:/Users/daniel/AppData/Local/Temp/UnrealShaderWorkingDir/4D331B904D9020FC4400E995C798CABE/'.
[2016.03.30-19.10.52:589][  0]LogShaderCompilers:Display: Using Local Shader Compiler.
[2016.03.30-19.10.55:440][  0]LogTemp:Display: Loaded TP AllDesktopTargetPlatform
[2016.03.30-19.10.55:459][  0]LogTemp:Display: Loaded TP WindowsClientTargetPlatform
[2016.03.30-19.10.55:478][  0]LogTemp:Display: Loaded TP WindowsNoEditorTargetPlatform
[2016.03.30-19.10.55:496][  0]LogTemp:Display: Loaded TP WindowsServerTargetPlatform
[2016.03.30-19.10.55:514][  0]LogTemp:Display: Loaded TP WindowsTargetPlatform
[2016.03.30-19.10.55:525][  0]LogTemp:Display: Loaded TP AndroidTargetPlatform
[2016.03.30-19.10.55:536][  0]LogTemp:Display: Loaded TP Android_ASTCTargetPlatform
[2016.03.30-19.10.55:547][  0]LogTemp:Display: Loaded TP Android_ATCTargetPlatform
[2016.03.30-19.10.55:557][  0]LogTemp:Display: Loaded TP Android_DXTTargetPlatform
[2016.03.30-19.10.55:569][  0]LogTemp:Display: Loaded TP Android_ETC1TargetPlatform
[2016.03.30-19.10.55:580][  0]LogTemp:Display: Loaded TP Android_ETC2TargetPlatform
[2016.03.30-19.10.55:605][  0]LogTemp:Display: Loaded TP Android_MultiTargetPlatform
[2016.03.30-19.10.55:605][  0]LogTemp:Display: Loaded TP Android_PVRTCTargetPlatform
[2016.03.30-19.10.55:608][  0]LogTemp:Display: Loaded TP HTML5TargetPlatform
[2016.03.30-19.10.55:642][  0]LogTemp:Display: Loaded TP IOSTargetPlatform
[2016.03.30-19.10.55:652][  0]LogTemp:Display: Loaded TP LinuxNoEditorTargetPlatform
[2016.03.30-19.10.55:663][  0]LogTemp:Display: Loaded TP LinuxServerTargetPlatform
[2016.03.30-19.10.55:674][  0]LogTemp:Display: Loaded TP LinuxTargetPlatform
[2016.03.30-19.10.55:674][  0]LogTargetPlatformManager:Display: Building Assets For Windows
[2016.03.30-19.10.56:003][  0]LogDerivedDataCache:Display: Max Cache Size: 512 MB
[2016.03.30-19.10.56:145][  0]LogDerivedDataCache: Loaded boot cache 0.14s 41MB C:/Users/daniel/AppData/Local/UnrealEngine/4.10/DerivedDataCache/Boot.ddc.
[2016.03.30-19.10.56:145][  0]LogDerivedDataCache:Display: Loaded Boot cache: C:/Users/daniel/AppData/Local/UnrealEngine/4.10/DerivedDataCache/Boot.ddc
[2016.03.30-19.10.56:145][  0]LogDerivedDataCache: FDerivedDataBackendGraph:  Pak pak cache file ../../../../../../Users/daniel/Documents/Unreal Projects/Group2/Maze_Of_Doom/DerivedDataCache/DDC.ddp not found, will not use a pak cache.
[2016.03.30-19.10.56:145][  0]LogDerivedDataCache: Unable to find inner node Pak for hierarchical cache Hierarchy.
[2016.03.30-19.10.56:146][  0]LogDerivedDataCache: FDerivedDataBackendGraph:  CompressedPak pak cache file ../../../../../../Users/daniel/Documents/Unreal Projects/Group2/Maze_Of_Doom/DerivedDataCache/Compressed.ddp not found, will not use a pak cache.
[2016.03.30-19.10.56:146][  0]LogDerivedDataCache: Unable to find inner node CompressedPak for hierarchical cache Hierarchy.
[2016.03.30-19.10.56:463][  0]LogDerivedDataCache:Display: Pak cache opened for reading ../../../Engine/DerivedDataCache/Compressed.ddp.
[2016.03.30-19.10.56:477][  0]LogDerivedDataCache: Using Local data cache path C:/Users/daniel/AppData/Local/UnrealEngine/Common/DerivedDataCache: Writable
[2016.03.30-19.10.57:078][  0]LogInit: Selected Device Profile: [Windows]
[2016.03.30-19.10.57:087][  0]LogContentStreaming: Texture pool size is 0.000000MB
[2016.03.30-19.10.57:484][  0]LogMeshUtilities: No automatic mesh reduction module available
[2016.03.30-19.10.57:484][  0]LogMeshUtilities: No automatic mesh merging module available
[2016.03.30-19.10.58:205][  0]LogInit: WinSock: version 1.1 (2.2), MaxSocks=32767, MaxUdp=65467
[2016.03.30-19.11.00:809][  0]UdpMessaging: Initializing bridge on interface 0.0.0.0:0 to multicast group 230.0.0.1:6666.
[2016.03.30-19.11.00:912][  0]LogUObjectGlobals:Warning: Failed to find object 'Class /Game/ThirdPersonCPP/Blueprints/ThirdPersonCharacter.ThirdPersonCharacter_C'
[2016.03.30-19.11.00:913][  0]Error: CDO Constructor (Maze_Of_DoomGameMode): Failed to find /Game/ThirdPersonCPP/Blueprints/ThirdPersonCharacter.ThirdPersonCharacter_C

[2016.03.30-19.11.00:913][  0]LogUObjectBase:Warning: -------------- Default Property warnings and errors:
[2016.03.30-19.11.00:913][  0]LogUObjectBase:Warning: Error: CDO Constructor (Maze_Of_DoomGameMode): Failed to find /Game/ThirdPersonCPP/Blueprints/ThirdPersonCharacter.ThirdPersonCharacter_C

[2016.03.30-19.11.00:930][  0]LogWindowsTextInputMethodSystem:Display: IME system now deactivated.
[2016.03.30-19.11.08:883][  0]LogWindowsTextInputMethodSystem:Display: IME system now deactivated.
[2016.03.30-19.11.08:886][  0]LogWindowsTextInputMethodSystem:Display: IME system now deactivated.
[2016.03.30-19.11.09:033][  0]LogAssetRegistry: FAssetRegistry took 0.0121 seconds to start up
[2016.03.30-19.11.09:660][  0]SourceControl: Info Source control is disabled
[2016.03.30-19.11.09:765][  0]SourceControl: Info Source control is disabled
[2016.03.30-19.11.09:813][  0]SourceControl: Info Source control is disabled
[2016.03.30-19.11.09:863][  0]SourceControl: Info Source control is disabled
[2016.03.30-19.11.10:813][  0]LogObj: 28659 objects as part of root set at end of initial load.
[2016.03.30-19.11.10:813][  0]LogUObjectAllocator: 6117488 out of 0 bytes used by permanent object pool.
[2016.03.30-19.11.10:986][  0]LogEngine: Initializing Engine...
[2016.03.30-19.11.10:995][  0]LogHMD: Can't find Oculus library dev build: is proper Runtime installed? Version: 0.8.0.0
[2016.03.30-19.11.10:996][  0]LogHMD: SteamVR failed to initialize.  Err: 110
[2016.03.30-19.11.11:414][  0]LogAIModule: Creating AISystem for world NewWorld
[2016.03.30-19.11.11:429][  0]LogInit: XAudio2 using 'Speakers (Conexant SmartAudio HD)' : 2 channels at 48 kHz using 32 bits per sample (channel mask 0x3)
[2016.03.30-19.11.11:775][  0]LogInit: FAudioDevice initialized.
[2016.03.30-19.11.11:832][  0]LogDerivedDataCache: Saved boot cache 0.06s 41MB C:/Users/daniel/AppData/Local/UnrealEngine/4.10/DerivedDataCache/Boot.ddc.
[2016.03.30-19.11.11:847][  0]LogInit: Texture streaming: Enabled
[2016.03.30-19.11.11:871][  0]LogAnalytics: Creating configured Analytics provider AnalyticsET
[2016.03.30-19.11.11:872][  0]LogAnalytics: [UEEditor.Rocket.Release] APIServer = http://et2.epicgames.com/ET2/. AppVersion = 4.10.4-2872498+++depot+UE4-Releases+4.10
[2016.03.30-19.11.11:872][  0]LogAnalytics: [UEEditor.Rocket.Release] SetUserId e6cbf966431e512a7b04d5a733ea392e|6c86b16b7988417dbbb074f7c748ba39|eca68250-45aa-4f00-a963-ae6ccfaa3f66
[2016.03.30-19.11.11:872][  0]LogAnalytics: [UEEditor.Rocket.Release] AnalyticsET::StartSession
[2016.03.30-19.11.11:900][  0]LogInit: Transaction tracking system initialized
[2016.03.30-19.11.12:017][  0]BlueprintLog: New page: Editor Load
[2016.03.30-19.11.12:336][  0]LocalizationService: Info Localization service is disabled
[2016.03.30-19.11.13:108][  0]LogConsoleResponse:Display: 
[2016.03.30-19.11.13:471][  0]LogCook:Display: Done creating registry. It took  0.00s.
[2016.03.30-19.11.13:703][  0]LogFileCache: Scanning file cache for directory 'C:/Users/daniel/Documents/Unreal Projects/Group2/Maze_Of_Doom/Content/' took 0.04s
[2016.03.30-19.11.13:703][  0]SourceControl: Info Source control is disabled
[2016.03.30-19.11.13:704][  0]Cmd: MAP LOAD FILE="../../../../../../Users/daniel/Documents/Unreal Projects/Group2/Maze_Of_Doom/Content/ThirdPersonCPP/Maps/ThirdPersonExampleMap.umap" TEMPLATE=0 SHOWPROGRESS=1 FEATURELEVEL=3
[2016.03.30-19.11.13:705][  0]LogEditorServer:Warning: Can't find file '../../../../../../Users/daniel/Documents/Unreal Projects/Group2/Maze_Of_Doom/Content/ThirdPersonCPP/Maps/ThirdPersonExampleMap.umap'
[2016.03.30-19.11.13:705][  0]Cmd: MAP CHECKDEP NOCLEARLOG
[2016.03.30-19.11.13:837][  0]MapCheck: Info Map check complete: 0 Error(s), 0 Warning(s), took 132.216ms to complete.
[2016.03.30-19.11.13:838][  0]LogFileHelpers: Loading map 'ThirdPersonExampleMap' took 0.134
[2016.03.30-19.11.14:074][  0]LogCollectionManager: Loaded 0 collections in 0.008443 seconds
[2016.03.30-19.11.14:132][  0]LogFileCache: Scanning file cache for directory 'C:/Users/daniel/Documents/Unreal Projects/Group2/Maze_Of_Doom/Saved/Collections/' took 0.01s
[2016.03.30-19.11.14:132][  0]LogFileCache: Scanning file cache for directory 'C:/Users/daniel/Documents/Unreal Projects/Group2/Maze_Of_Doom/Content/Developers/daniel/Collections/' took 0.01s
[2016.03.30-19.11.14:132][  0]LogFileCache: Scanning file cache for directory 'C:/Users/daniel/Documents/Unreal Projects/Group2/Maze_Of_Doom/Content/Collections/' took 0.01s
[2016.03.30-19.11.14:132][  0]LogCollectionManager: Rebuilt the GUID cache for 0 collections in 0.000006 seconds
[2016.03.30-19.11.14:160][  0]LogContentBrowser: Native class hierarchy populated in 0.0279 seconds. Added 1896 classes and 340 folders.
[2016.03.30-19.11.14:188][  0]LogContentBrowser: Native class hierarchy updated for 'WidgetCarousel' in 0.0046 seconds. Added 0 classes and 0 folders.
[2016.03.30-19.11.14:349][  0]LogContentBrowser: Native class hierarchy updated for 'AddContentDialog' in 0.0062 seconds. Added 0 classes and 0 folders.
[2016.03.30-19.11.14:384][  0]LogContentBrowser: Native class hierarchy updated for 'SceneOutliner' in 0.0059 seconds. Added 1 classes and 2 folders.
[2016.03.30-19.11.14:451][  0]LogCrashTracker: Crashtracker disabled due to settings.
[2016.03.30-19.11.14:465][  0]LogUObjectGlobals:Warning: Failed to find object 'Class None.'
[2016.03.30-19.11.14:491][  0]LogLoad: Full Startup: 26.46 seconds (BP compile: 0.01 seconds)
[2016.03.30-19.11.14:840][  0]LogOcInput: Can't find Oculus library dev build: is proper Runtime installed? Version: 0.8.0.0
[2016.03.30-19.11.14:936][  0]LogContentStreaming: Texture pool size now 400 MB
[2016.03.30-19.11.15:367][  2]LogRenderer: Reallocating scene render targets to support 928x592 (Frame:2).
[2016.03.30-19.11.17:431][  7]LogAssetRegistry: Asset discovery search completed in 8.4088 seconds
[2016.03.30-19.11.17:431][  7]LogCollectionManager: Rebuilt the object cache for 0 collections in 0.000001 seconds (found 0 objects)
[2016.03.30-19.11.17:431][  7]LogCollectionManager: Fixed up redirectors for 0 collections in 0.000090 seconds (updated 0 objects)
[2016.03.30-19.11.55:489][ 78]Cmd: MAP LOAD FILE="../../../../../../Users/daniel/Documents/Unreal Projects/Group2/Maze_Of_Doom/Content/MainBlueprints/Maps/ThirdPersonExampleMap.umap" TEMPLATE=0 SHOWPROGRESS=1 FEATURELEVEL=3
[2016.03.30-19.11.55:521][ 78]LightingResults: New page: Lighting Build
[2016.03.30-19.11.55:539][ 78]LogContentBrowser: Native class hierarchy updated for 'StatsViewer' in 0.0066 seconds. Added 5 classes and 0 folders.
[2016.03.30-19.11.55:598][ 78]LoadErrors: New page: Loading map: ThirdPersonExampleMap.umap
[2016.03.30-19.11.55:599][ 78]MapCheck: New page: Map Check
[2016.03.30-19.11.55:599][ 78]LightingResults: New page: Lighting Build
[2016.03.30-19.11.55:632][ 78]LogParticles: Destroying 0 GPU particle simulations for FXSystem 0x000001BB4A5B5C60
[2016.03.30-19.11.57:144][ 78]LogAIModule: Creating AISystem for world ThirdPersonExampleMap
[2016.03.30-19.11.57:174][ 78]LogEditorServer: Finished looking for orphan Actors (0.000 secs)
[2016.03.30-19.11.57:296][ 78]Cmd: MAP CHECKDEP NOCLEARLOG
[2016.03.30-19.11.57:455][ 78]MapCheck: Info Map check complete: 0 Error(s), 0 Warning(s), took 158.387ms to complete.
[2016.03.30-19.11.57:455][ 78]LogFileHelpers: Loading map 'ThirdPersonExampleMap' took 1.969
[2016.03.30-19.12.08:209][484]LogLinker:Warning: Asset '../../../Engine/Content/ArtTools/RenderToTexture/Macros/RenderToTextureMacros.uasset' has been saved with empty engine version. The asset will be loaded but may be incompatible.
[2016.03.30-19.12.09:640][484]LogContentBrowser: Native class hierarchy updated for 'BlueprintGraph' in 0.0070 seconds. Added 107 classes and 0 folders.
[2016.03.30-19.12.50:630][518]BlueprintLog: New page: Compile ThirdPersonCharacter
[2016.03.30-19.12.50:816][518]LogActorComponent: UnregisterComponent: (/Engine/Transient.CharMoveComp) Not registered. Aborting.
[2016.03.30-19.12.50:951][518]BlueprintEditorCompileResults: Info [0122.92] Compile of ThirdPersonCharacter successful! [in 320 ms]
[2016.03.30-19.12.52:347][559]LogBlueprintUserMessages: Early PlayInEditor Detection: Level '/Game/MainBlueprints/Maps/ThirdPersonExampleMap.ThirdPersonExampleMap:PersistentLevel' has LevelScriptBlueprint '/Game/MainBlueprints/Maps/ThirdPersonExampleMap.ThirdPersonExampleMap:PersistentLevel.ThirdPersonExampleMap' with GeneratedClass '/Game/MainBlueprints/Maps/ThirdPersonExampleMap.ThirdPersonExampleMap_C' with ClassGeneratedBy '/Game/MainBlueprints/Maps/ThirdPersonExampleMap.ThirdPersonExampleMap:PersistentLevel.ThirdPersonExampleMap'
[2016.03.30-19.12.52:347][559]LogPlayLevel: PlayLevel: No blueprints needed recompiling
[2016.03.30-19.12.52:348][559]PIE: New page: PIE session: ThirdPersonExampleMap (Mar 30, 2016, 5:12:52 AM)
[2016.03.30-19.12.52:348][559]LogPlayLevel: Creating play world package: /Game/MainBlueprints/Maps/UEDPIE_0_ThirdPersonExampleMap
[2016.03.30-19.12.52:446][559]LogPlayLevel: PIE: StaticDuplicateObject took: (0.097405s)
[2016.03.30-19.12.52:448][559]LogAIModule: Creating AISystem for world ThirdPersonExampleMap
[2016.03.30-19.12.52:449][559]LogPlayLevel: PIE: World Init took: (0.002701s)
[2016.03.30-19.12.52:449][559]LogPlayLevel: PIE: Created PIE world by copying editor world from /Game/MainBlueprints/Maps/ThirdPersonExampleMap.ThirdPersonExampleMap to /Game/MainBlueprints/Maps/UEDPIE_0_ThirdPersonExampleMap.ThirdPersonExampleMap (0.100978s)
[2016.03.30-19.12.52:449][559]LogActorComponent: UnregisterComponent: (/Engine/Transient.CharMoveComp) Not registered. Aborting.
[2016.03.30-19.12.52:541][559]LogInit: XAudio2 using 'Speakers (Conexant SmartAudio HD)' : 2 channels at 48 kHz using 32 bits per sample (channel mask 0x3)
[2016.03.30-19.12.52:902][559]LogInit: FAudioDevice initialized.
[2016.03.30-19.12.52:992][559]LogWorld: Game class is 'Maze_Of_DoomGameMode'
[2016.03.30-19.12.53:008][559]LogWorld: Bringing World /Game/MainBlueprints/Maps/UEDPIE_0_ThirdPersonExampleMap.ThirdPersonExampleMap up for play (max tick rate 0) at 2016.03.30-12.12.53
[2016.03.30-19.12.53:008][559]LogActor:Warning: GameSession /Game/MainBlueprints/Maps/UEDPIE_0_ThirdPersonExampleMap.ThirdPersonExampleMap:PersistentLevel.GameSession_0 has natively added scene component(s), but none of them were set as the actor's RootComponent - picking one arbitrarily
[2016.03.30-19.12.53:009][559]LogActor:Warning: GameNetworkManager /Game/MainBlueprints/Maps/UEDPIE_0_ThirdPersonExampleMap.ThirdPersonExampleMap:PersistentLevel.GameNetworkManager_0 has natively added scene component(s), but none of them were set as the actor's RootComponent - picking one arbitrarily
[2016.03.30-19.12.53:010][559]LogWorld: Bringing up level for play took: 0.013475
[2016.03.30-19.12.53:014][559]PIE: Info Play in editor start time for /Game/MainBlueprints/Maps/UEDPIE_0_ThirdPersonExampleMap -0.225
[2016.03.30-19.12.53:014][559]LogBlueprintUserMessages: Late PlayInEditor Detection: Level '/Game/MainBlueprints/Maps/ThirdPersonExampleMap.ThirdPersonExampleMap:PersistentLevel' has LevelScriptBlueprint '/Game/MainBlueprints/Maps/ThirdPersonExampleMap.ThirdPersonExampleMap:PersistentLevel.ThirdPersonExampleMap' with GeneratedClass '/Game/MainBlueprints/Maps/ThirdPersonExampleMap.ThirdPersonExampleMap_C' with ClassGeneratedBy '/Game/MainBlueprints/Maps/ThirdPersonExampleMap.ThirdPersonExampleMap:PersistentLevel.ThirdPersonExampleMap'
[2016.03.30-19.12.55:924][649]Set new viewmode: Wireframe
[2016.03.30-19.12.58:042][720]LogBlueprintUserMessages: Early EndPlayMap Detection: Level '/Game/MainBlueprints/Maps/ThirdPersonExampleMap.ThirdPersonExampleMap:PersistentLevel' has LevelScriptBlueprint '/Game/MainBlueprints/Maps/ThirdPersonExampleMap.ThirdPersonExampleMap:PersistentLevel.ThirdPersonExampleMap' with GeneratedClass '/Game/MainBlueprints/Maps/ThirdPersonExampleMap.ThirdPersonExampleMap_C' with ClassGeneratedBy '/Game/MainBlueprints/Maps/ThirdPersonExampleMap.ThirdPersonExampleMap:PersistentLevel.ThirdPersonExampleMap'
[2016.03.30-19.12.58:106][720]LogBlueprintUserMessages: Late EndPlayMap Detection: Level '/Game/MainBlueprints/Maps/ThirdPersonExampleMap.ThirdPersonExampleMap:PersistentLevel' has LevelScriptBlueprint '/Game/MainBlueprints/Maps/ThirdPersonExampleMap.ThirdPersonExampleMap:PersistentLevel.ThirdPersonExampleMap' with GeneratedClass '/Game/MainBlueprints/Maps/ThirdPersonExampleMap.ThirdPersonExampleMap_C' with ClassGeneratedBy '/Game/MainBlueprints/Maps/ThirdPersonExampleMap.ThirdPersonExampleMap:PersistentLevel.ThirdPersonExampleMap'
[2016.03.30-19.12.58:309][721]LogParticles: Destroying 0 GPU particle simulations for FXSystem 0x000001BB5D7E1300
[2016.03.30-19.13.00:094][760]LogRenderer: Reallocating scene render targets to support 928x648 (Frame:2934).
[2016.03.30-19.13.02:465][817]LogBlueprintUserMessages: Early PlayInEditor Detection: Level '/Game/MainBlueprints/Maps/ThirdPersonExampleMap.ThirdPersonExampleMap:PersistentLevel' has LevelScriptBlueprint '/Game/MainBlueprints/Maps/ThirdPersonExampleMap.ThirdPersonExampleMap:PersistentLevel.ThirdPersonExampleMap' with GeneratedClass '/Game/MainBlueprints/Maps/ThirdPersonExampleMap.ThirdPersonExampleMap_C' with ClassGeneratedBy '/Game/MainBlueprints/Maps/ThirdPersonExampleMap.ThirdPersonExampleMap:PersistentLevel.ThirdPersonExampleMap'
[2016.03.30-19.13.02:466][817]LogPlayLevel: PlayLevel: No blueprints needed recompiling
[2016.03.30-19.13.02:466][817]PIE: New page: PIE session: ThirdPersonExampleMap (Mar 30, 2016, 5:13:02 AM)
[2016.03.30-19.13.02:466][817]LogPlayLevel: Creating play world package: /Game/MainBlueprints/Maps/UEDPIE_0_ThirdPersonExampleMap
[2016.03.30-19.13.02:531][817]LogPlayLevel: PIE: StaticDuplicateObject took: (0.064349s)
[2016.03.30-19.13.02:532][817]LogAIModule: Creating AISystem for world ThirdPersonExampleMap
[2016.03.30-19.13.02:533][817]LogPlayLevel: PIE: World Init took: (0.001969s)
[2016.03.30-19.13.02:533][817]LogPlayLevel: PIE: Created PIE world by copying editor world from /Game/MainBlueprints/Maps/ThirdPersonExampleMap.ThirdPersonExampleMap to /Game/MainBlueprints/Maps/UEDPIE_0_ThirdPersonExampleMap.ThirdPersonExampleMap (0.067076s)
[2016.03.30-19.13.02:621][817]LogInit: XAudio2 using 'Speakers (Conexant SmartAudio HD)' : 2 channels at 48 kHz using 32 bits per sample (channel mask 0x3)
[2016.03.30-19.13.02:957][817]LogInit: FAudioDevice initialized.
[2016.03.30-19.13.03:022][817]LogWorld: Game class is 'Maze_Of_DoomGameMode'
[2016.03.30-19.13.03:036][817]LogWorld: Bringing World /Game/MainBlueprints/Maps/UEDPIE_0_ThirdPersonExampleMap.ThirdPersonExampleMap up for play (max tick rate 0) at 2016.03.30-12.13.03
[2016.03.30-19.13.03:037][817]LogActor:Warning: GameSession /Game/MainBlueprints/Maps/UEDPIE_0_ThirdPersonExampleMap.ThirdPersonExampleMap:PersistentLevel.GameSession_1 has natively added scene component(s), but none of them were set as the actor's RootComponent - picking one arbitrarily
[2016.03.30-19.13.03:037][817]LogActor:Warning: GameNetworkManager /Game/MainBlueprints/Maps/UEDPIE_0_ThirdPersonExampleMap.ThirdPersonExampleMap:PersistentLevel.GameNetworkManager_1 has natively added scene component(s), but none of them were set as the actor's RootComponent - picking one arbitrarily
[2016.03.30-19.13.03:038][817]LogWorld: Bringing up level for play took: 0.013308
[2016.03.30-19.13.03:041][817]PIE: Info Play in editor start time for /Game/MainBlueprints/Maps/UEDPIE_0_ThirdPersonExampleMap -0.198
[2016.03.30-19.13.03:042][817]LogBlueprintUserMessages: Late PlayInEditor Detection: Level '/Game/MainBlueprints/Maps/ThirdPersonExampleMap.ThirdPersonExampleMap:PersistentLevel' has LevelScriptBlueprint '/Game/MainBlueprints/Maps/ThirdPersonExampleMap.ThirdPersonExampleMap:PersistentLevel.ThirdPersonExampleMap' with GeneratedClass '/Game/MainBlueprints/Maps/ThirdPersonExampleMap.ThirdPersonExampleMap_C' with ClassGeneratedBy '/Game/MainBlueprints/Maps/ThirdPersonExampleMap.ThirdPersonExampleMap:PersistentLevel.ThirdPersonExampleMap'
[2016.03.30-19.13.15:726][264]LogBlueprintUserMessages: Early EndPlayMap Detection: Level '/Game/MainBlueprints/Maps/ThirdPersonExampleMap.ThirdPersonExampleMap:PersistentLevel' has LevelScriptBlueprint '/Game/MainBlueprints/Maps/ThirdPersonExampleMap.ThirdPersonExampleMap:PersistentLevel.ThirdPersonExampleMap' with GeneratedClass '/Game/MainBlueprints/Maps/ThirdPersonExampleMap.ThirdPersonExampleMap_C' with ClassGeneratedBy '/Game/MainBlueprints/Maps/ThirdPersonExampleMap.ThirdPersonExampleMap:PersistentLevel.ThirdPersonExampleMap'
[2016.03.30-19.13.15:779][264]LogBlueprintUserMessages: Late EndPlayMap Detection: Level '/Game/MainBlueprints/Maps/ThirdPersonExampleMap.ThirdPersonExampleMap:PersistentLevel' has LevelScriptBlueprint '/Game/MainBlueprints/Maps/ThirdPersonExampleMap.ThirdPersonExampleMap:PersistentLevel.ThirdPersonExampleMap' with GeneratedClass '/Game/MainBlueprints/Maps/ThirdPersonExampleMap.ThirdPersonExampleMap_C' with ClassGeneratedBy '/Game/MainBlueprints/Maps/ThirdPersonExampleMap.ThirdPersonExampleMap:PersistentLevel.ThirdPersonExampleMap'
[2016.03.30-19.13.15:960][265]LogParticles: Destroying 0 GPU particle simulations for FXSystem 0x000001BB558C51C0
[2016.03.30-19.14.24:588][363]BlueprintLog: New page: Compile ThirdPersonCharacter
[2016.03.30-19.14.24:747][363]LogActorComponent: UnregisterComponent: (/Engine/Transient.CharMoveComp) Not registered. Aborting.
[2016.03.30-19.14.24:834][363]BlueprintEditorCompileResults: Info [0216.80] Compile of ThirdPersonCharacter successful! [in 245 ms]
[2016.03.30-19.14.27:135][420]LogBlueprintUserMessages: Early PlayInEditor Detection: Level '/Game/MainBlueprints/Maps/ThirdPersonExampleMap.ThirdPersonExampleMap:PersistentLevel' has LevelScriptBlueprint '/Game/MainBlueprints/Maps/ThirdPersonExampleMap.ThirdPersonExampleMap:PersistentLevel.ThirdPersonExampleMap' with GeneratedClass '/Game/MainBlueprints/Maps/ThirdPersonExampleMap.ThirdPersonExampleMap_C' with ClassGeneratedBy '/Game/MainBlueprints/Maps/ThirdPersonExampleMap.ThirdPersonExampleMap:PersistentLevel.ThirdPersonExampleMap'
[2016.03.30-19.14.27:136][420]LogPlayLevel: PlayLevel: No blueprints needed recompiling
[2016.03.30-19.14.27:136][420]PIE: New page: PIE session: ThirdPersonExampleMap (Mar 30, 2016, 5:14:27 AM)
[2016.03.30-19.14.27:136][420]LogPlayLevel: Creating play world package: /Game/MainBlueprints/Maps/UEDPIE_0_ThirdPersonExampleMap
[2016.03.30-19.14.27:199][420]LogPlayLevel: PIE: StaticDuplicateObject took: (0.062781s)
[2016.03.30-19.14.27:201][420]LogAIModule: Creating AISystem for world ThirdPersonExampleMap
[2016.03.30-19.14.27:202][420]LogPlayLevel: PIE: World Init took: (0.002326s)
[2016.03.30-19.14.27:202][420]LogPlayLevel: PIE: Created PIE world by copying editor world from /Game/MainBlueprints/Maps/ThirdPersonExampleMap.ThirdPersonExampleMap to /Game/MainBlueprints/Maps/UEDPIE_0_ThirdPersonExampleMap.ThirdPersonExampleMap (0.065964s)
[2016.03.30-19.14.27:202][420]LogActorComponent: UnregisterComponent: (/Engine/Transient.CharMoveComp) Not registered. Aborting.
[2016.03.30-19.14.27:291][420]LogInit: XAudio2 using 'Speakers (Conexant SmartAudio HD)' : 2 channels at 48 kHz using 32 bits per sample (channel mask 0x3)
[2016.03.30-19.14.27:633][420]LogInit: FAudioDevice initialized.
[2016.03.30-19.14.27:693][420]LogWorld: Game class is 'Maze_Of_DoomGameMode'
[2016.03.30-19.14.27:707][420]LogWorld: Bringing World /Game/MainBlueprints/Maps/UEDPIE_0_ThirdPersonExampleMap.ThirdPersonExampleMap up for play (max tick rate 0) at 2016.03.30-12.14.27
[2016.03.30-19.14.27:707][420]LogActor:Warning: GameSession /Game/MainBlueprints/Maps/UEDPIE_0_ThirdPersonExampleMap.ThirdPersonExampleMap:PersistentLevel.GameSession_2 has natively added scene component(s), but none of them were set as the actor's RootComponent - picking one arbitrarily
[2016.03.30-19.14.27:708][420]LogActor:Warning: GameNetworkManager /Game/MainBlueprints/Maps/UEDPIE_0_ThirdPersonExampleMap.ThirdPersonExampleMap:PersistentLevel.GameNetworkManager_2 has natively added scene component(s), but none of them were set as the actor's RootComponent - picking one arbitrarily
[2016.03.30-19.14.27:709][420]LogWorld: Bringing up level for play took: 0.012389
[2016.03.30-19.14.27:712][420]PIE: Info Play in editor start time for /Game/MainBlueprints/Maps/UEDPIE_0_ThirdPersonExampleMap 0.472
[2016.03.30-19.14.27:712][420]LogBlueprintUserMessages: Late PlayInEditor Detection: Level '/Game/MainBlueprints/Maps/ThirdPersonExampleMap.ThirdPersonExampleMap:PersistentLevel' has LevelScriptBlueprint '/Game/MainBlueprints/Maps/ThirdPersonExampleMap.ThirdPersonExampleMap:PersistentLevel.ThirdPersonExampleMap' with GeneratedClass '/Game/MainBlueprints/Maps/ThirdPersonExampleMap.ThirdPersonExampleMap_C' with ClassGeneratedBy '/Game/MainBlueprints/Maps/ThirdPersonExampleMap.ThirdPersonExampleMap:PersistentLevel.ThirdPersonExampleMap'
[2016.03.30-19.14.41:130][892]LogBlueprintUserMessages: Early EndPlayMap Detection: Level '/Game/MainBlueprints/Maps/ThirdPersonExampleMap.ThirdPersonExampleMap:PersistentLevel' has LevelScriptBlueprint '/Game/MainBlueprints/Maps/ThirdPersonExampleMap.ThirdPersonExampleMap:PersistentLevel.ThirdPersonExampleMap' with GeneratedClass '/Game/MainBlueprints/Maps/ThirdPersonExampleMap.ThirdPersonExampleMap_C' with ClassGeneratedBy '/Game/MainBlueprints/Maps/ThirdPersonExampleMap.ThirdPersonExampleMap:PersistentLevel.ThirdPersonExampleMap'
[2016.03.30-19.14.41:192][892]LogBlueprintUserMessages: Late EndPlayMap Detection: Level '/Game/MainBlueprints/Maps/ThirdPersonExampleMap.ThirdPersonExampleMap:PersistentLevel' has LevelScriptBlueprint '/Game/MainBlueprints/Maps/ThirdPersonExampleMap.ThirdPersonExampleMap:PersistentLevel.ThirdPersonExampleMap' with GeneratedClass '/Game/MainBlueprints/Maps/ThirdPersonExampleMap.ThirdPersonExampleMap_C' with ClassGeneratedBy '/Game/MainBlueprints/Maps/ThirdPersonExampleMap.ThirdPersonExampleMap:PersistentLevel.ThirdPersonExampleMap'
[2016.03.30-19.14.41:276][892]LogParticles: Destroying 0 GPU particle simulations for FXSystem 0x000001BB5D190400
[2016.03.30-19.14.44:370][982]LogSavePackage: Save=139.368530ms
[2016.03.30-19.14.44:370][982]LogSavePackage: Moving '../../../../../../Users/daniel/Documents/Unreal Projects/Group2/Maze_Of_Doom/Saved/ThirdPersonCharacter6B29208843223531A1E4A5A9B21ACC29.tmp' to '../../../../../../Users/daniel/Documents/Unreal Projects/Group2/Maze_Of_Doom/Content/MainBlueprints/Blueprints/ThirdPersonCharacter.uasset'
[2016.03.30-19.14.44:378][982]LogSavePackage: Total save time: 185.856074ms
[2016.03.30-19.14.44:378][982]LogSavePackage:Display: Finished SavePackage ../../../../../../Users/daniel/Documents/Unreal Projects/Group2/Maze_Of_Doom/Content/MainBlueprints/Blueprints/ThirdPersonCharacter.uasset
[2016.03.30-19.14.50:975][236]LogActorComponent: UnregisterComponent: (/Engine/Transient.CharMoveComp) Not registered. Aborting.
[2016.03.30-19.14.51:038][236]LogParticles: Destroying 0 GPU particle simulations for FXSystem 0x000001BB55775940
[2016.03.30-19.14.52:451][236]LogSavePackage: Save=1066.658203ms
[2016.03.30-19.14.52:451][236]LogSavePackage: Moving '../../../../../../Users/daniel/Documents/Unreal Projects/Group2/Maze_Of_Doom/Saved/ThirdPersonExampleMapFD4914004C37B518A571D1BFE209673D.tmp' to '../../../../../../Users/daniel/Documents/Unreal Projects/Group2/Maze_Of_Doom/Content/MainBlueprints/Maps/ThirdPersonExampleMap.umap'
[2016.03.30-19.14.52:463][236]LogSavePackage: Total save time: 1119.076423ms
[2016.03.30-19.14.52:463][236]LogSavePackage:Display: Finished SavePackage ../../../../../../Users/daniel/Documents/Unreal Projects/Group2/Maze_Of_Doom/Content/MainBlueprints/Maps/ThirdPersonExampleMap.umap
[2016.03.30-19.14.52:559][236]LogFileHelpers: Saving map 'ThirdPersonExampleMap' took 1.484
[2016.03.30-19.14.54:116][299]LogWindowsTextInputMethodSystem:Display: IME system now deactivated.
[2016.03.30-19.14.54:584][300]Cmd: QUIT_EDITOR
[2016.03.30-19.14.55:868][300]LogExit: Preparing to exit.
[2016.03.30-19.14.57:172][300]LogExit: Editor shut down
[2016.03.30-19.14.57:173][300]LogExit: Transaction tracking system shut down
[2016.03.30-19.14.57:174][300]LogParticles: Destroying 0 GPU particle simulations for FXSystem 0x000001BB3B9B7880
[2016.03.30-19.14.57:177][300]LogParticles: Destroying 0 GPU particle simulations for FXSystem 0x000001BB438AA3E0
[2016.03.30-19.14.57:178][300]LogParticles: Destroying 0 GPU particle simulations for FXSystem 0x000001BB4AA83600
[2016.03.30-19.14.57:783][300]LogExit: Object subsystem successfully closed.
[2016.03.30-19.14.57:811][300]LogD3D11RHI: Shutdown
[2016.03.30-19.14.57:811][300]LogD3D11RHI: CleanupD3DDevice
[2016.03.30-19.14.58:023][300]LogD3D11RHI: ~FD3D11DynamicRHI
[2016.03.30-19.14.58:075][300]LogModuleManager: Shutting down and abandoning module CookingStats (201)
[2016.03.30-19.14.58:076][300]LogModuleManager: Shutting down and abandoning module BlueprintGraph (200)
[2016.03.30-19.14.58:076][300]LogModuleManager: Shutting down and abandoning module StatsViewer (199)
[2016.03.30-19.14.58:076][300]LogModuleManager: Shutting down and abandoning module CrashTracker (198)
[2016.03.30-19.14.58:076][300]LogModuleManager: Shutting down and abandoning module SceneOutliner (197)
[2016.03.30-19.14.58:076][300]LogModuleManager: Shutting down and abandoning module SuperSearch (196)
[2016.03.30-19.14.58:076][300]LogModuleManager: Shutting down and abandoning module WidgetCarousel (195)
[2016.03.30-19.14.58:076][300]LogModuleManager: Shutting down and abandoning module AddContentDialog (194)
[2016.03.30-19.14.58:080][300]LogModuleManager: Shutting down and abandoning module EditorWidgets (193)
[2016.03.30-19.14.58:080][300]LogModuleManager: Shutting down and abandoning module CollectionManager (192)
[2016.03.30-19.14.58:081][300]LogModuleManager: Shutting down and abandoning module FoliageEdit (191)
[2016.03.30-19.14.58:081][300]LogModuleManager: Shutting down and abandoning module LandscapeEditor (190)
[2016.03.30-19.14.58:082][300]LogModuleManager: Shutting down and abandoning module ActorPickerMode (189)
[2016.03.30-19.14.58:082][300]LogModuleManager: Shutting down and abandoning module GeometryMode (188)
[2016.03.30-19.14.58:082][300]LogModuleManager: Shutting down and abandoning module TextureAlignMode (187)
[2016.03.30-19.14.58:082][300]LogModuleManager: Shutting down and abandoning module BspMode (186)
[2016.03.30-19.14.58:082][300]LogModuleManager: Shutting down and abandoning module PlacementMode (185)
[2016.03.30-19.14.58:082][300]LogModuleManager: Shutting down and abandoning module AutomationWorker (184)
[2016.03.30-19.14.58:082][300]LogModuleManager: Shutting down and abandoning module CharacterAI (183)
[2016.03.30-19.14.58:082][300]LogModuleManager: Shutting down and abandoning module SmartSnapping (182)
[2016.03.30-19.14.58:082][300]LogModuleManager: Shutting down and abandoning module ViewportSnapping (181)
[2016.03.30-19.14.58:082][300]LogModuleManager: Shutting down and abandoning module LogVisualizer (180)
[2016.03.30-19.14.58:083][300]LogModuleManager: Shutting down and abandoning module GameProjectGeneration (179)
[2016.03.30-19.14.58:083][300]LogModuleManager: Shutting down and abandoning module IntroTutorials (178)
[2016.03.30-19.14.58:083][300]LogModuleManager: Shutting down and abandoning module EditorLiveStreaming (177)
[2016.03.30-19.14.58:083][300]LogModuleManager: Shutting down and abandoning module IOSPlatformEditor (176)
[2016.03.30-19.14.58:083][300]LogModuleManager: Shutting down and abandoning module HTML5PlatformEditor (175)
[2016.03.30-19.14.58:083][300]LogModuleManager: Shutting down and abandoning module AndroidDeviceDetection (174)
[2016.03.30-19.14.58:553][300]LogModuleManager: Shutting down and abandoning module AndroidPlatformEditor (173)
[2016.03.30-19.14.58:553][300]LogModuleManager: Shutting down and abandoning module IOSRuntimeSettings (172)
[2016.03.30-19.14.58:553][300]LogModuleManager: Shutting down and abandoning module AndroidRuntimeSettings (171)
[2016.03.30-19.14.58:553][300]LogModuleManager: Shutting down and abandoning module MergeActors (170)
[2016.03.30-19.14.58:553][300]LogModuleManager: Shutting down and abandoning module SizeMap (169)
[2016.03.30-19.14.58:553][300]LogModuleManager: Shutting down and abandoning module TreeMap (168)
[2016.03.30-19.14.58:553][300]LogModuleManager: Shutting down and abandoning module ReferenceViewer (167)
[2016.03.30-19.14.58:553][300]LogModuleManager: Shutting down and abandoning module LocalizationService (166)
[2016.03.30-19.14.58:554][300]LogModuleManager: Shutting down and abandoning module LocalizationDashboard (165)
[2016.03.30-19.14.58:554][300]LogModuleManager: Shutting down and abandoning module HardwareTargeting (164)
[2016.03.30-19.14.58:554][300]LogModuleManager: Shutting down and abandoning module DeviceProfileEditor (163)
[2016.03.30-19.14.58:554][300]LogModuleManager: Shutting down and abandoning module UndoHistory (162)
[2016.03.30-19.14.58:554][300]LogModuleManager: Shutting down and abandoning module GameplayTagsEditor (161)
[2016.03.30-19.14.58:554][300]LogModuleManager: Shutting down and abandoning module UserFeedback (160)
[2016.03.30-19.14.58:554][300]LogModuleManager: Shutting down and abandoning module XmlParser (159)
[2016.03.30-19.14.58:554][300]LogModuleManager: Shutting down and abandoning module Blutility (158)
[2016.03.30-19.14.58:554][300]LogModuleManager: Shutting down and abandoning module ProjectTargetPlatformEditor (157)
[2016.03.30-19.14.58:554][300]LogModuleManager: Shutting down and abandoning module ProjectSettingsViewer (156)
[2016.03.30-19.14.58:554][300]LogModuleManager: Shutting down and abandoning module InputBindingEditor (155)
[2016.03.30-19.14.58:554][300]LogModuleManager: Shutting down and abandoning module EditorSettingsViewer (154)
[2016.03.30-19.14.58:555][300]LogModuleManager: Shutting down and abandoning module SettingsEditor (153)
[2016.03.30-19.14.58:555][300]LogModuleManager: Shutting down and abandoning module ProjectLauncher (152)
[2016.03.30-19.14.58:555][300]LogModuleManager: Shutting down and abandoning module SessionFrontend (151)
[2016.03.30-19.14.58:555][300]LogModuleManager: Shutting down and abandoning module ProfilerClient (150)
[2016.03.30-19.14.58:555][300]LogModuleManager: Shutting down and abandoning module TargetDeviceServices (149)
[2016.03.30-19.14.58:555][300]LogModuleManager: Shutting down and abandoning module DeviceManager (148)
[2016.03.30-19.14.58:555][300]LogModuleManager: Shutting down and abandoning module AutomationController (147)
[2016.03.30-19.14.58:555][300]LogModuleManager: Shutting down and abandoning module AutomationWindow (146)
[2016.03.30-19.14.58:555][300]LogModuleManager: Shutting down and abandoning module Layers (145)
[2016.03.30-19.14.58:555][300]LogModuleManager: Shutting down and abandoning module ComponentVisualizers (144)
[2016.03.30-19.14.58:555][300]LogModuleManager: Shutting down and abandoning module DetailCustomizations (143)
[2016.03.30-19.14.58:555][300]LogModuleManager: Shutting down and abandoning module PackagesDialog (142)
[2016.03.30-19.14.58:556][300]LogModuleManager: Shutting down and abandoning module Persona (141)
[2016.03.30-19.14.58:556][300]LogModuleManager: Shutting down and abandoning module Kismet (140)
[2016.03.30-19.14.58:556][300]LogModuleManager: Shutting down and abandoning module GraphEditor (139)
[2016.03.30-19.14.58:556][300]LogModuleManager: Shutting down and abandoning module ClassViewer (138)
[2016.03.30-19.14.58:556][300]LogModuleManager: Shutting down and abandoning module Toolbox (137)
[2016.03.30-19.14.58:556][300]LogModuleManager: Shutting down and abandoning module ModuleUI (136)
[2016.03.30-19.14.58:556][300]LogModuleManager: Shutting down and abandoning module MovieSceneTools (135)
[2016.03.30-19.14.58:556][300]LogModuleManager: Shutting down and abandoning module OutputLog (134)
[2016.03.30-19.14.58:556][300]LogModuleManager: Shutting down and abandoning module GammaUI (133)
[2016.03.30-19.14.58:556][300]LogModuleManager: Shutting down and abandoning module Documentation (132)
[2016.03.30-19.14.58:556][300]LogModuleManager: Shutting down and abandoning module GameLiveStreaming (131)
[2016.03.30-19.14.58:556][300]LogModuleManager: Shutting down and abandoning module StreamingPauseRendering (130)
[2016.03.30-19.14.58:556][300]LogModuleManager: Shutting down and abandoning module AnalyticsET (129)
[2016.03.30-19.14.58:556][300]LogModuleManager: Shutting down and abandoning module Analytics (128)
[2016.03.30-19.14.58:556][300]LogModuleManager: Shutting down and abandoning module AITestSuite (127)
[2016.03.30-19.14.58:556][300]LogModuleManager: Shutting down and abandoning module GameplayDebugger (126)
[2016.03.30-19.14.58:556][300]LogModuleManager: Shutting down and abandoning module AIModule (125)
[2016.03.30-19.14.58:556][300]LogModuleManager: Shutting down and abandoning module ProfilerService (124)
[2016.03.30-19.14.58:780][300]LogModuleManager: Shutting down and abandoning module TaskGraph (123)
[2016.03.30-19.14.58:780][300]LogModuleManager: Shutting down and abandoning module SlateRemote (122)
[2016.03.30-19.14.58:780][300]LogModuleManager: Shutting down and abandoning module SteamVRController (121)
[2016.03.30-19.14.58:780][300]LogModuleManager: Shutting down and abandoning module SteamVR (120)
[2016.03.30-19.14.58:780][300]LogModuleManager: Shutting down and abandoning module ProceduralMeshComponent (119)
[2016.03.30-19.14.58:780][300]LogModuleManager: Shutting down and abandoning module OculusLibrary (118)
[2016.03.30-19.14.58:780][300]LogModuleManager: Shutting down and abandoning module OculusInput (117)
[2016.03.30-19.14.58:780][300]LogModuleManager: Shutting down and abandoning module LeapMotionController (116)
[2016.03.30-19.14.58:833][300]LogModuleManager: Shutting down and abandoning module CustomMeshComponent (115)
[2016.03.30-19.14.58:833][300]LogModuleManager: Shutting down and abandoning module CableComponent (114)
[2016.03.30-19.14.58:833][300]LogModuleManager: Shutting down and abandoning module ArchVisCharacter (113)
[2016.03.30-19.14.58:833][300]LogModuleManager: Shutting down and abandoning module MessagingDebugger (112)
[2016.03.30-19.14.58:833][300]LogModuleManager: Shutting down and abandoning module MediaPlayerEditor (111)
[2016.03.30-19.14.58:833][300]LogModuleManager: Shutting down and abandoning module HTML5Networking (110)
[2016.03.30-19.14.58:833][300]LogModuleManager: Shutting down and abandoning module SpeedTreeImporter (109)
[2016.03.30-19.14.58:833][300]LogModuleManager: Shutting down and abandoning module PluginBrowser (108)
[2016.03.30-19.14.58:833][300]LogModuleManager: Shutting down and abandoning module EpicSurvey (107)
[2016.03.30-19.14.58:833][300]LogModuleManager: Shutting down and abandoning module DesktopPlatform (106)
[2016.03.30-19.14.58:833][300]LogModuleManager: Shutting down and abandoning module VisualStudioSourceCodeAccess (105)
[2016.03.30-19.14.58:834][300]LogModuleManager: Shutting down and abandoning module UObjectPlugin (104)
[2016.03.30-19.14.58:834][300]LogModuleManager: Shutting down and abandoning module SubversionSourceControl (103)
[2016.03.30-19.14.58:834][300]LogModuleManager: Shutting down and abandoning module PerforceSourceControl (102)
[2016.03.30-19.14.58:834][300]LogModuleManager: Shutting down and abandoning module SourceControl (101)
[2016.03.30-19.14.58:834][300]LogModuleManager: Shutting down and abandoning module GitSourceControl (100)
[2016.03.30-19.14.58:834][300]LogModuleManager: Shutting down and abandoning module LightPropagationVolumeEditor (99)
[2016.03.30-19.14.58:834][300]LogModuleManager: Shutting down and abandoning module PaperTiledImporter (98)
[2016.03.30-19.14.58:834][300]LogModuleManager: Shutting down and abandoning module PaperSpriteSheetImporter (97)
[2016.03.30-19.14.58:834][300]LogModuleManager: Shutting down and abandoning module MeshPaint (96)
[2016.03.30-19.14.58:834][300]LogModuleManager: Shutting down and abandoning module SlateReflector (95)
[2016.03.30-19.14.58:834][300]LogModuleManager: Shutting down and abandoning module HotReload (94)
[2016.03.30-19.14.58:834][300]LogModuleManager: Shutting down and abandoning module MainFrame (93)
[2016.03.30-19.14.58:835][300]LogModuleManager: Shutting down and abandoning module LevelEditor (92)
[2016.03.30-19.14.58:837][300]LogModuleManager: Shutting down and abandoning module DirectoryWatcher (91)
[2016.03.30-19.14.58:839][300]LogModuleManager: Shutting down and abandoning module AssetRegistry (90)
[2016.03.30-19.14.58:946][300]LogModuleManager: Shutting down and abandoning module ContentBrowser (89)
[2016.03.30-19.14.58:949][300]LogModuleManager: Shutting down and abandoning module Paper2DEditor (88)
[2016.03.30-19.14.58:949][300]LogModuleManager: Shutting down and abandoning module Maze_Of_Doom (87)
[2016.03.30-19.14.58:949][300]LogModuleManager: Shutting down and abandoning module UdpMessaging (86)
[2016.03.30-19.14.59:049][300]LogModuleManager: Shutting down and abandoning module LightPropagationVolumeRuntime (85)
[2016.03.30-19.14.59:049][300]LogModuleManager: Shutting down and abandoning module Paper2D (84)
[2016.03.30-19.14.59:049][300]LogModuleManager: Shutting down and abandoning module WindowsMoviePlayer (83)
[2016.03.30-19.14.59:057][300]LogModuleManager: Shutting down and abandoning module Media (82)
[2016.03.30-19.14.59:057][300]LogModuleManager: Shutting down and abandoning module WmfMedia (81)
[2016.03.30-19.14.59:057][300]LogModuleManager: Shutting down and abandoning module OnlineBlueprintSupport (80)
[2016.03.30-19.14.59:057][300]LogModuleManager: Shutting down and abandoning module GameplayTasksEditor (79)
[2016.03.30-19.14.59:057][300]LogModuleManager: Shutting down and abandoning module PropertyEditor (78)
[2016.03.30-19.14.59:057][300]LogModuleManager: Shutting down and abandoning module BehaviorTreeEditor (77)
[2016.03.30-19.14.59:058][300]LogModuleManager: Shutting down and abandoning module FunctionalTesting (76)
[2016.03.30-19.14.59:058][300]LogModuleManager: Shutting down and abandoning module CollisionAnalyzer (75)
[2016.03.30-19.14.59:058][300]LogModuleManager: Shutting down and abandoning module WorkspaceMenuStructure (74)
[2016.03.30-19.14.59:058][300]LogModuleManager: Shutting down and abandoning module MessageLog (73)
[2016.03.30-19.14.59:058][300]LogModuleManager: Shutting down and abandoning module Sequencer (72)
[2016.03.30-19.14.59:058][300]LogModuleManager: Shutting down and abandoning module AssetTools (71)
[2016.03.30-19.14.59:058][300]LogModuleManager: Shutting down and abandoning module UMGEditor (70)
[2016.03.30-19.14.59:058][300]LogModuleManager: Shutting down and abandoning module UMG (69)
[2016.03.30-19.14.59:058][300]LogModuleManager: Shutting down and abandoning module Slate (68)
[2016.03.30-19.14.59:058][300]LogModuleManager: Shutting down and abandoning module EditorStyle (67)
[2016.03.30-19.14.59:065][300]LogModuleManager: Shutting down and abandoning module SessionServices (66)
[2016.03.30-19.14.59:065][300]LogModuleManager: Shutting down and abandoning module SourceCodeAccess (65)
[2016.03.30-19.14.59:065][300]LogModuleManager: Shutting down and abandoning module HeadMountedDisplay (64)
[2016.03.30-19.14.59:065][300]LogModuleManager: Shutting down and abandoning module XAudio2 (63)
[2016.03.30-19.14.59:065][300]LogModuleManager: Shutting down and abandoning module Networking (61)
[2016.03.30-19.14.59:065][300]LogModuleManager: Shutting down and abandoning module Core (60)
[2016.03.30-19.14.59:065][300]LogModuleManager: Shutting down and abandoning module KismetCompiler (59)
[2016.03.30-19.14.59:065][300]LogModuleManager: Shutting down and abandoning module PhysXFormats (58)
[2016.03.30-19.14.59:065][300]LogModuleManager: Shutting down and abandoning module MeshUtilities (57)
[2016.03.30-19.14.59:065][300]LogModuleManager: Shutting down and abandoning module DerivedDataCache (56)
[2016.03.30-19.14.59:072][300]LogDerivedDataCache: Shutdown
[2016.03.30-19.14.59:072][300]LogModuleManager: Shutting down and abandoning module ShaderFormatOpenGL (55)
[2016.03.30-19.14.59:072][300]LogModuleManager: Shutting down and abandoning module ShaderFormatD3D (54)
[2016.03.30-19.14.59:072][300]LogModuleManager: Shutting down and abandoning module MetalShaderFormat (53)
[2016.03.30-19.14.59:072][300]LogModuleManager: Shutting down and abandoning module TextureFormatUncompressed (52)
[2016.03.30-19.14.59:072][300]LogModuleManager: Shutting down and abandoning module TextureFormatPVR (51)
[2016.03.30-19.14.59:072][300]LogModuleManager: Shutting down and abandoning module TextureFormatIntelISPCTexComp (50)
[2016.03.30-19.14.59:072][300]LogModuleManager: Shutting down and abandoning module TextureFormatDXT (49)
[2016.03.30-19.14.59:072][300]LogModuleManager: Shutting down and abandoning module ImageWrapper (48)
[2016.03.30-19.14.59:072][300]LogModuleManager: Shutting down and abandoning module TextureFormatASTC (47)
[2016.03.30-19.14.59:072][300]LogModuleManager: Shutting down and abandoning module TextureFormatAndroid (46)
[2016.03.30-19.14.59:073][300]LogModuleManager: Shutting down and abandoning module AudioFormatOpus (45)
[2016.03.30-19.14.59:073][300]LogModuleManager: Shutting down and abandoning module AudioFormatOgg (44)
[2016.03.30-19.14.59:073][300]LogModuleManager: Shutting down and abandoning module AudioFormatADPCM (43)
[2016.03.30-19.14.59:073][300]LogModuleManager: Shutting down and abandoning module LinuxTargetPlatform (42)
[2016.03.30-19.14.59:073][300]LogModuleManager: Shutting down and abandoning module LinuxServerTargetPlatform (41)
[2016.03.30-19.14.59:073][300]LogModuleManager: Shutting down and abandoning module LinuxNoEditorTargetPlatform (40)
[2016.03.30-19.14.59:073][300]LogModuleManager: Shutting down and abandoning module Messaging (39)
[2016.03.30-19.14.59:073][300]LogModuleManager: Shutting down and abandoning module IOSTargetPlatform (38)
[2016.03.30-19.14.59:073][300]LogModuleManager: Shutting down and abandoning module HTML5TargetPlatform (37)
[2016.03.30-19.14.59:073][300]LogModuleManager: Shutting down and abandoning module Android_PVRTCTargetPlatform (36)
[2016.03.30-19.14.59:073][300]LogModuleManager: Shutting down and abandoning module Android_MultiTargetPlatform (35)
[2016.03.30-19.14.59:073][300]LogModuleManager: Shutting down and abandoning module Android_ETC2TargetPlatform (34)
[2016.03.30-19.14.59:073][300]LogModuleManager: Shutting down and abandoning module Android_ETC1TargetPlatform (33)
[2016.03.30-19.14.59:073][300]LogModuleManager: Shutting down and abandoning module Android_DXTTargetPlatform (32)
[2016.03.30-19.14.59:073][300]LogModuleManager: Shutting down and abandoning module Android_ATCTargetPlatform (31)
[2016.03.30-19.14.59:073][300]LogModuleManager: Shutting down and abandoning module Android_ASTCTargetPlatform (30)
[2016.03.30-19.14.59:073][300]LogModuleManager: Shutting down and abandoning module AndroidTargetPlatform (29)
[2016.03.30-19.14.59:073][300]LogModuleManager: Shutting down and abandoning module WindowsTargetPlatform (28)
[2016.03.30-19.14.59:073][300]LogModuleManager: Shutting down and abandoning module WindowsServerTargetPlatform (27)
[2016.03.30-19.14.59:073][300]LogModuleManager: Shutting down and abandoning module WindowsNoEditorTargetPlatform (26)
[2016.03.30-19.14.59:073][300]LogModuleManager: Shutting down and abandoning module WindowsClientTargetPlatform (25)
[2016.03.30-19.14.59:073][300]LogModuleManager: Shutting down and abandoning module AllDesktopTargetPlatform (24)
[2016.03.30-19.14.59:073][300]LogModuleManager: Shutting down and abandoning module TargetPlatform (23)
[2016.03.30-19.14.59:073][300]LogModuleManager: Shutting down and abandoning module InputCore (22)
[2016.03.30-19.14.59:073][300]LogModuleManager: Shutting down and abandoning module Settings (21)
[2016.03.30-19.14.59:073][300]LogModuleManager: Shutting down and abandoning module OnlineSubsystem (19)
[2016.03.30-19.14.59:074][300]LogModuleManager: Shutting down and abandoning module HTTP (18)
[2016.03.30-19.15.00:078][300]LogModuleManager: Shutting down and abandoning module XMPP (17)
[2016.03.30-19.15.00:078][300]LogModuleManager: Shutting down and abandoning module OculusRift (16)
[2016.03.30-19.15.00:078][300]LogModuleManager: Shutting down and abandoning module ExampleDeviceProfileSelector (15)
[2016.03.30-19.15.00:078][300]LogModuleManager: Shutting down and abandoning module TextureCompressor (14)
[2016.03.30-19.15.00:079][300]LogModuleManager: Shutting down and abandoning module ShaderCore (13)
[2016.03.30-19.15.00:079][300]LogModuleManager: Shutting down and abandoning module Landscape (12)
[2016.03.30-19.15.00:079][300]LogModuleManager: Shutting down and abandoning module SlateRHIRenderer (11)
[2016.03.30-19.15.00:082][300]LogModuleManager: Shutting down and abandoning module OpenGLDrv (10)
[2016.03.30-19.15.00:082][300]LogModuleManager: Shutting down and abandoning module D3D11RHI (9)
[2016.03.30-19.15.00:082][300]LogModuleManager: Shutting down and abandoning module AnimGraphRuntime (8)
[2016.03.30-19.15.00:082][300]LogModuleManager: Shutting down and abandoning module Renderer (7)
[2016.03.30-19.15.00:082][300]LogModuleManager: Shutting down and abandoning module Engine (6)
[2016.03.30-19.15.00:082][300]LogModuleManager: Shutting down and abandoning module CoreUObject (5)
[2016.03.30-19.15.00:082][300]LogModuleManager: Shutting down and abandoning module NetworkFile (4)
[2016.03.30-19.15.00:083][300]LogModuleManager: Shutting down and abandoning module StreamingFile (3)
[2016.03.30-19.15.00:083][300]LogModuleManager: Shutting down and abandoning module SandboxFile (2)
[2016.03.30-19.15.00:083][300]LogModuleManager: Shutting down and abandoning module PakFile (1)
[2016.03.30-19.15.00:087][300]LogExit: Exiting.
[2016.03.30-19.15.00:140][300]Log file closed, 03/30/16 12:15:00
