[2016.03.30-18.05.08:821][  0]Log file open, 03/30/16 11:05:08
[2016.03.30-18.05.08:821][  0]LogInit:Display: Running engine for game: Maze_Of_Doom
[2016.03.30-18.05.08:821][  0]LogPlatformFile: Not using cached read wrapper
[2016.03.30-18.05.08:821][  0]LogInit:Display: RandInit(-1163256456) SRandInit(-1163256455).
[2016.03.30-18.05.08:821][  0]LogTaskGraph: Started task graph with 4 named threads and 7 total threads.
[2016.03.30-18.05.08:821][  0]LogStats: Stats thread started at 0.078956
[2016.03.30-18.05.08:821][  0]LogInit: Version: 4.10.4-2872498+++depot+UE4-Releases+4.10
[2016.03.30-18.05.08:821][  0]LogInit: API Version: 2758231
[2016.03.30-18.05.08:821][  0]LogInit: Compiled (64-bit): Feb 18 2016 15:47:04
[2016.03.30-18.05.08:821][  0]LogInit: Compiled with Visual C++: 19.00.23026.00
[2016.03.30-18.05.08:821][  0]LogInit: Build Configuration: Development
[2016.03.30-18.05.08:821][  0]LogInit: Branch Name: ++depot+UE4-Releases+4.10
[2016.03.30-18.05.08:821][  0]LogInit: Command line: -EpicPortal 
[2016.03.30-18.05.08:821][  0]LogInit: Base directory: C:/Program Files (x86)/Epic Games/4.10/Engine/Binaries/Win64/
[2016.03.30-18.05.08:821][  0]LogInit: Rocket: 1
[2016.03.30-18.05.08:828][  0]LogInit: Using libcurl 7.41.0
[2016.03.30-18.05.08:828][  0]LogInit:  - built for x86_64-pc-win32
[2016.03.30-18.05.08:828][  0]LogInit:  - supports SSL with WinSSL
[2016.03.30-18.05.08:828][  0]LogInit:  - other features:
[2016.03.30-18.05.08:828][  0]LogInit:      CURL_VERSION_SSL
[2016.03.30-18.05.08:828][  0]LogInit:      CURL_VERSION_IPV6
[2016.03.30-18.05.08:828][  0]LogInit:      CURL_VERSION_ASYNCHDNS
[2016.03.30-18.05.08:828][  0]LogInit:      CURL_VERSION_LARGEFILE
[2016.03.30-18.05.08:828][  0]LogInit:      CURL_VERSION_IDN
[2016.03.30-18.05.08:828][  0]LogInit:  CurlRequestOptions (configurable via config and command line):
[2016.03.30-18.05.08:828][  0]LogInit:  - bVerifyPeer = true  - Libcurl will verify peer certificate
[2016.03.30-18.05.08:828][  0]LogInit:  - bUseHttpProxy = false  - Libcurl will NOT use HTTP proxy
[2016.03.30-18.05.08:828][  0]LogInit:  - bDontReuseConnections = false  - Libcurl will reuse connections
[2016.03.30-18.05.08:828][  0]LogInit:  - CertBundlePath = nullptr  - Libcurl will use whatever was configured at build time.
[2016.03.30-18.05.08:835][  0]LogInit: Presizing for 0 objects not considered by GC, pre-allocating 0 bytes.
[2016.03.30-18.05.08:841][  0]LogInit: Object subsystem initialized
[2016.03.30-18.05.08:841][  0]LogInit: Selected Device Profile: [Windows]
[2016.03.30-18.05.08:841][  0]LogInit: Applying CVar settings loaded from the selected device profile: [Windows]
[2016.03.30-18.05.08:892][  0]LogInit: Computer: DRTRACY1
[2016.03.30-18.05.08:892][  0]LogInit: User: daniel
[2016.03.30-18.05.08:892][  0]LogInit: CPU Page size=4096, Cores=4
[2016.03.30-18.05.08:892][  0]LogInit: High frequency timer resolution =2.338347 MHz
[2016.03.30-18.05.08:892][  0]LogMemory: Memory total: Physical=7.8GB (8GB approx)
[2016.03.30-18.05.08:892][  0]LogMemory: Platform Memory Stats for Windows
[2016.03.30-18.05.08:892][  0]LogMemory: Process Physical Memory: 56.32 MB used, 56.32 MB peak
[2016.03.30-18.05.08:892][  0]LogMemory: Process Virtual Memory: 57.04 MB used, 57.04 MB peak
[2016.03.30-18.05.08:892][  0]LogMemory: Physical Memory: 3846.66 MB used, 7944.27 MB total
[2016.03.30-18.05.08:892][  0]LogMemory: Virtual Memory: 383.85 MB used, 134217728.00 MB total
[2016.03.30-18.05.08:920][  0]LogTextLocalizationManager: No specific translations for ('en-US') exist, so ('en') translations will be used.
[2016.03.30-18.05.09:473][  0]LogD3D11RHI: Found D3D11 adapter 0: Intel(R) HD Graphics 4600 (Feature Level 11_0)
[2016.03.30-18.05.09:473][  0]LogD3D11RHI: Adapter has 112MB of dedicated video memory, 0MB of dedicated system memory, and 3972MB of shared system memory, 1 output[s]
[2016.03.30-18.05.09:475][  0]LogD3D11RHI: Found D3D11 adapter 1: Microsoft Basic Render Driver (Feature Level 11_0)
[2016.03.30-18.05.09:475][  0]LogD3D11RHI: Adapter has 0MB of dedicated video memory, 0MB of dedicated system memory, and 3972MB of shared system memory, 0 output[s]
[2016.03.30-18.05.09:476][  0]LogD3D11RHI: Chosen D3D11 Adapter Id = 0
[2016.03.30-18.05.09:480][  0]LogD3D11RHI: !Direct3DDevice
[2016.03.30-18.05.09:480][  0]LogRHI: Texture pool is 1361 MB (70% of 1945 MB)
[2016.03.30-18.05.09:485][  0]LogD3D11RHI: Async texture creation enabled
[2016.03.30-18.05.09:489][  0]LogShaderCompilers: Guid format shader working directory is -30 characters bigger than the processId version (../../../../../../Users/daniel/Documents/Unreal Projects/Group2/Maze_Of_Doom/Intermediate/Shaders/WorkingDirectory/10824/).
[2016.03.30-18.05.09:489][  0]LogShaderCompilers: Cleaned the shader compiler working directory 'C:/Users/daniel/AppData/Local/Temp/UnrealShaderWorkingDir/845D581044600E22C282B4873C2C5AC6/'.
[2016.03.30-18.05.09:489][  0]LogShaderCompilers:Display: Using Local Shader Compiler.
[2016.03.30-18.05.10:248][  0]LogTemp:Display: Loaded TP AllDesktopTargetPlatform
[2016.03.30-18.05.10:255][  0]LogTemp:Display: Loaded TP WindowsClientTargetPlatform
[2016.03.30-18.05.10:261][  0]LogTemp:Display: Loaded TP WindowsNoEditorTargetPlatform
[2016.03.30-18.05.10:266][  0]LogTemp:Display: Loaded TP WindowsServerTargetPlatform
[2016.03.30-18.05.10:271][  0]LogTemp:Display: Loaded TP WindowsTargetPlatform
[2016.03.30-18.05.10:274][  0]LogTemp:Display: Loaded TP AndroidTargetPlatform
[2016.03.30-18.05.10:277][  0]LogTemp:Display: Loaded TP Android_ASTCTargetPlatform
[2016.03.30-18.05.10:280][  0]LogTemp:Display: Loaded TP Android_ATCTargetPlatform
[2016.03.30-18.05.10:282][  0]LogTemp:Display: Loaded TP Android_DXTTargetPlatform
[2016.03.30-18.05.10:287][  0]LogTemp:Display: Loaded TP Android_ETC1TargetPlatform
[2016.03.30-18.05.10:291][  0]LogTemp:Display: Loaded TP Android_ETC2TargetPlatform
[2016.03.30-18.05.10:296][  0]LogTemp:Display: Loaded TP Android_MultiTargetPlatform
[2016.03.30-18.05.10:296][  0]LogTemp:Display: Loaded TP Android_PVRTCTargetPlatform
[2016.03.30-18.05.10:298][  0]LogTemp:Display: Loaded TP HTML5TargetPlatform
[2016.03.30-18.05.10:315][  0]LogTemp:Display: Loaded TP IOSTargetPlatform
[2016.03.30-18.05.10:317][  0]LogTemp:Display: Loaded TP LinuxNoEditorTargetPlatform
[2016.03.30-18.05.10:320][  0]LogTemp:Display: Loaded TP LinuxServerTargetPlatform
[2016.03.30-18.05.10:324][  0]LogTemp:Display: Loaded TP LinuxTargetPlatform
[2016.03.30-18.05.10:324][  0]LogTargetPlatformManager:Display: Building Assets For Windows
[2016.03.30-18.05.10:411][  0]LogDerivedDataCache:Display: Max Cache Size: 512 MB
[2016.03.30-18.05.10:460][  0]LogDerivedDataCache: Loaded boot cache 0.05s 42MB C:/Users/daniel/AppData/Local/UnrealEngine/4.10/DerivedDataCache/Boot.ddc.
[2016.03.30-18.05.10:460][  0]LogDerivedDataCache:Display: Loaded Boot cache: C:/Users/daniel/AppData/Local/UnrealEngine/4.10/DerivedDataCache/Boot.ddc
[2016.03.30-18.05.10:460][  0]LogDerivedDataCache: FDerivedDataBackendGraph:  Pak pak cache file ../../../../../../Users/daniel/Documents/Unreal Projects/Group2/Maze_Of_Doom/DerivedDataCache/DDC.ddp not found, will not use a pak cache.
[2016.03.30-18.05.10:460][  0]LogDerivedDataCache: Unable to find inner node Pak for hierarchical cache Hierarchy.
[2016.03.30-18.05.10:460][  0]LogDerivedDataCache: FDerivedDataBackendGraph:  CompressedPak pak cache file ../../../../../../Users/daniel/Documents/Unreal Projects/Group2/Maze_Of_Doom/DerivedDataCache/Compressed.ddp not found, will not use a pak cache.
[2016.03.30-18.05.10:460][  0]LogDerivedDataCache: Unable to find inner node CompressedPak for hierarchical cache Hierarchy.
[2016.03.30-18.05.10:518][  0]LogDerivedDataCache:Display: Pak cache opened for reading ../../../Engine/DerivedDataCache/Compressed.ddp.
[2016.03.30-18.05.10:529][  0]LogDerivedDataCache: Using Local data cache path C:/Users/daniel/AppData/Local/UnrealEngine/Common/DerivedDataCache: Writable
[2016.03.30-18.05.10:754][  0]LogInit: Selected Device Profile: [Windows]
[2016.03.30-18.05.10:758][  0]LogContentStreaming: Texture pool size is 0.000000MB
[2016.03.30-18.05.10:866][  0]LogMeshUtilities: No automatic mesh reduction module available
[2016.03.30-18.05.10:866][  0]LogMeshUtilities: No automatic mesh merging module available
[2016.03.30-18.05.11:174][  0]LogInit: WinSock: version 1.1 (2.2), MaxSocks=32767, MaxUdp=65467
[2016.03.30-18.05.11:875][  0]UdpMessaging: Initializing bridge on interface 0.0.0.0:0 to multicast group 230.0.0.1:6666.
[2016.03.30-18.05.14:919][  0]LogAssetRegistry: FAssetRegistry took 0.0110 seconds to start up
[2016.03.30-18.05.15:089][  0]SourceControl: Info Source control is disabled
[2016.03.30-18.05.15:119][  0]SourceControl: Info Source control is disabled
[2016.03.30-18.05.15:131][  0]SourceControl: Info Source control is disabled
[2016.03.30-18.05.15:144][  0]SourceControl: Info Source control is disabled
[2016.03.30-18.05.15:398][  0]LogObj: 33511 objects as part of root set at end of initial load.
[2016.03.30-18.05.15:398][  0]LogUObjectAllocator: 7812320 out of 0 bytes used by permanent object pool.
[2016.03.30-18.05.15:453][  0]LogEngine: Initializing Engine...
[2016.03.30-18.05.15:455][  0]LogHMD: Can't find Oculus library dev build: is proper Runtime installed? Version: 0.8.0.0
[2016.03.30-18.05.15:456][  0]LogHMD: SteamVR failed to initialize.  Err: 110
[2016.03.30-18.05.15:576][  0]LogAIModule: Creating AISystem for world NewWorld
[2016.03.30-18.05.15:580][  0]LogInit: XAudio2 using 'Speakers (Conexant SmartAudio HD)' : 2 channels at 48 kHz using 32 bits per sample (channel mask 0x3)
[2016.03.30-18.05.15:681][  0]LogInit: FAudioDevice initialized.
[2016.03.30-18.05.15:706][  0]LogDerivedDataCache: Saved boot cache 0.02s 42MB C:/Users/daniel/AppData/Local/UnrealEngine/4.10/DerivedDataCache/Boot.ddc.
[2016.03.30-18.05.15:712][  0]LogInit: Texture streaming: Enabled
[2016.03.30-18.05.15:718][  0]LogAnalytics: Creating configured Analytics provider AnalyticsET
[2016.03.30-18.05.15:718][  0]LogAnalytics: [UEEditor.Rocket.Release] APIServer = http://et2.epicgames.com/ET2/. AppVersion = 4.10.4-2872498+++depot+UE4-Releases+4.10
[2016.03.30-18.05.15:718][  0]LogAnalytics: [UEEditor.Rocket.Release] SetUserId e6cbf966431e512a7b04d5a733ea392e|6c86b16b7988417dbbb074f7c748ba39|eca68250-45aa-4f00-a963-ae6ccfaa3f66
[2016.03.30-18.05.15:718][  0]LogAnalytics: [UEEditor.Rocket.Release] AnalyticsET::StartSession
[2016.03.30-18.05.15:728][  0]LogInit: Transaction tracking system initialized
[2016.03.30-18.05.15:761][  0]BlueprintLog: New page: Editor Load
[2016.03.30-18.05.15:893][  0]LocalizationService: Info Localization service is disabled
[2016.03.30-18.05.16:110][  0]LogConsoleResponse:Display: 
[2016.03.30-18.05.16:550][  0]LogFileCache: Scanning file cache for directory 'C:/Users/daniel/Documents/Unreal Projects/Group2/Maze_Of_Doom/Content/' took 0.02s
[2016.03.30-18.05.16:550][  0]LogCook:Display: Done creating registry. It took  0.00s.
[2016.03.30-18.05.16:605][  0]SourceControl: Info Source control is disabled
[2016.03.30-18.05.16:605][  0]Cmd: MAP LOAD FILE="../../../../../../Users/daniel/Documents/Unreal Projects/Group2/Maze_Of_Doom/Content/ThirdPersonCPP/Maps/ThirdPersonExampleMap.umap" TEMPLATE=0 SHOWPROGRESS=1 FEATURELEVEL=3
[2016.03.30-18.05.16:606][  0]LightingResults: New page: Lighting Build
[2016.03.30-18.05.16:609][  0]MapCheck: New page: Map Check
[2016.03.30-18.05.16:609][  0]LightingResults: New page: Lighting Build
[2016.03.30-18.05.16:702][  0]LogParticles: Destroying 0 GPU particle simulations for FXSystem 0x000002242F049C60
[2016.03.30-18.05.25:138][  0]LogAIModule: Creating AISystem for world ThirdPersonExampleMap
[2016.03.30-18.05.25:699][  0]LogEditorServer: Finished looking for orphan Actors (0.000 secs)
[2016.03.30-18.05.25:712][  0]Cmd: MAP CHECKDEP NOCLEARLOG
[2016.03.30-18.05.25:751][  0]MapCheck: Info Map check complete: 0 Error(s), 0 Warning(s), took 39.146ms to complete.
[2016.03.30-18.05.25:751][  0]LogFileHelpers: Loading map 'ThirdPersonExampleMap' took 9.145
[2016.03.30-18.05.26:430][  0]LogCollectionManager: Loaded 0 collections in 0.002860 seconds
[2016.03.30-18.05.26:840][  0]LogFileCache: Scanning file cache for directory 'C:/Users/daniel/Documents/Unreal Projects/Group2/Maze_Of_Doom/Saved/Collections/' took 0.01s
[2016.03.30-18.05.26:840][  0]LogFileCache: Scanning file cache for directory 'C:/Users/daniel/Documents/Unreal Projects/Group2/Maze_Of_Doom/Content/Developers/daniel/Collections/' took 0.01s
[2016.03.30-18.05.26:840][  0]LogFileCache: Scanning file cache for directory 'C:/Users/daniel/Documents/Unreal Projects/Group2/Maze_Of_Doom/Content/Collections/' took 0.01s
[2016.03.30-18.05.26:840][  0]LogCollectionManager: Rebuilt the GUID cache for 0 collections in 0.000002 seconds
[2016.03.30-18.05.26:879][  0]LogContentBrowser: Native class hierarchy populated in 0.0356 seconds. Added 1896 classes and 340 folders.
[2016.03.30-18.05.26:964][  0]LogContentBrowser: Native class hierarchy updated for 'WidgetCarousel' in 0.0014 seconds. Added 0 classes and 0 folders.
[2016.03.30-18.05.28:122][  0]LogContentBrowser: Native class hierarchy updated for 'AddContentDialog' in 0.0013 seconds. Added 0 classes and 0 folders.
[2016.03.30-18.05.28:217][  0]LogContentBrowser: Native class hierarchy updated for 'SceneOutliner' in 0.0013 seconds. Added 1 classes and 2 folders.
[2016.03.30-18.05.28:866][  0]LogCrashTracker: Crashtracker disabled due to settings.
[2016.03.30-18.05.29:050][  0]LogUObjectGlobals:Warning: Failed to find object 'Class None.'
[2016.03.30-18.05.29:094][  0]LogLoad: Full Startup: 21.52 seconds (BP compile: 0.46 seconds)
[2016.03.30-18.05.29:112][  0]LogWindowsTextInputMethodSystem:Display: IME system now deactivated.
[2016.03.30-18.05.29:115][  0]LogOcInput: Can't find Oculus library dev build: is proper Runtime installed? Version: 0.8.0.0
[2016.03.30-18.05.29:430][  0]LogContentStreaming: Texture pool size now 400 MB
[2016.03.30-18.05.30:090][  1]LogRenderer: Reallocating scene render targets to support 868x520 (Frame:2).
[2016.03.30-18.05.31:219][  4]LogAssetRegistry: Asset discovery search completed in 16.3109 seconds
[2016.03.30-18.05.31:219][  4]LogCollectionManager: Rebuilt the object cache for 0 collections in 0.000000 seconds (found 0 objects)
[2016.03.30-18.05.31:219][  4]LogCollectionManager: Fixed up redirectors for 0 collections in 0.000024 seconds (updated 0 objects)
[2016.03.30-18.06.32:336][516]LogEditorViewport: Clicking on Actor (LMB): ThirdPersonCharacter_C (ThirdPersonCharacter)
[2016.03.30-18.07.07:649][349]LogEditorViewport: Clicking on Actor (LMB): StaticMeshActor (Floor)
[2016.03.30-18.07.15:742][670]LogBlueprintUserMessages: Early PlayInEditor Detection: Level '/Game/ThirdPersonCPP/Maps/ThirdPersonExampleMap.ThirdPersonExampleMap:PersistentLevel' has LevelScriptBlueprint '/Game/ThirdPersonCPP/Maps/ThirdPersonExampleMap.ThirdPersonExampleMap:PersistentLevel.ThirdPersonExampleMap' with GeneratedClass '/Game/ThirdPersonCPP/Maps/ThirdPersonExampleMap.ThirdPersonExampleMap_C' with ClassGeneratedBy '/Game/ThirdPersonCPP/Maps/ThirdPersonExampleMap.ThirdPersonExampleMap:PersistentLevel.ThirdPersonExampleMap'
[2016.03.30-18.07.15:742][670]LogPlayLevel: PlayLevel: No blueprints needed recompiling
[2016.03.30-18.07.15:794][670]PIE: New page: PIE session: ThirdPersonExampleMap (Mar 30, 2016, 4:07:15 AM)
[2016.03.30-18.07.15:795][670]LogPlayLevel: Creating play world package: /Game/ThirdPersonCPP/Maps/UEDPIE_0_ThirdPersonExampleMap
[2016.03.30-18.07.15:845][670]LogPlayLevel: PIE: StaticDuplicateObject took: (0.050173s)
[2016.03.30-18.07.15:846][670]LogAIModule: Creating AISystem for world ThirdPersonExampleMap
[2016.03.30-18.07.15:846][670]LogPlayLevel: PIE: World Init took: (0.000882s)
[2016.03.30-18.07.15:846][670]LogPlayLevel: PIE: Created PIE world by copying editor world from /Game/ThirdPersonCPP/Maps/ThirdPersonExampleMap.ThirdPersonExampleMap to /Game/ThirdPersonCPP/Maps/UEDPIE_0_ThirdPersonExampleMap.ThirdPersonExampleMap (0.051586s)
[2016.03.30-18.07.15:874][670]LogActorComponent: UnregisterComponent: (/Engine/Transient.CharMoveComp) Not registered. Aborting.
[2016.03.30-18.07.15:895][670]LogInit: XAudio2 using 'Speakers (Conexant SmartAudio HD)' : 2 channels at 48 kHz using 32 bits per sample (channel mask 0x3)
[2016.03.30-18.07.15:984][670]LogInit: FAudioDevice initialized.
[2016.03.30-18.07.16:164][670]LogWorld: Game class is 'Maze_Of_DoomGameMode'
[2016.03.30-18.07.16:208][670]LogWorld: Bringing World /Game/ThirdPersonCPP/Maps/UEDPIE_0_ThirdPersonExampleMap.ThirdPersonExampleMap up for play (max tick rate 60) at 2016.03.30-11.07.16
[2016.03.30-18.07.16:208][670]LogActor:Warning: GameSession /Game/ThirdPersonCPP/Maps/UEDPIE_0_ThirdPersonExampleMap.ThirdPersonExampleMap:PersistentLevel.GameSession_0 has natively added scene component(s), but none of them were set as the actor's RootComponent - picking one arbitrarily
[2016.03.30-18.07.16:208][670]LogActor:Warning: GameNetworkManager /Game/ThirdPersonCPP/Maps/UEDPIE_0_ThirdPersonExampleMap.ThirdPersonExampleMap:PersistentLevel.GameNetworkManager_0 has natively added scene component(s), but none of them were set as the actor's RootComponent - picking one arbitrarily
[2016.03.30-18.07.16:247][670]LogWorld: Bringing up level for play took: 0.042594
[2016.03.30-18.07.16:397][670]PIE: Info Play in editor start time for /Game/ThirdPersonCPP/Maps/UEDPIE_0_ThirdPersonExampleMap 1.158
[2016.03.30-18.07.16:397][670]LogBlueprintUserMessages: Late PlayInEditor Detection: Level '/Game/ThirdPersonCPP/Maps/ThirdPersonExampleMap.ThirdPersonExampleMap:PersistentLevel' has LevelScriptBlueprint '/Game/ThirdPersonCPP/Maps/ThirdPersonExampleMap.ThirdPersonExampleMap:PersistentLevel.ThirdPersonExampleMap' with GeneratedClass '/Game/ThirdPersonCPP/Maps/ThirdPersonExampleMap.ThirdPersonExampleMap_C' with ClassGeneratedBy '/Game/ThirdPersonCPP/Maps/ThirdPersonExampleMap.ThirdPersonExampleMap:PersistentLevel.ThirdPersonExampleMap'
[2016.03.30-18.07.41:666][169]LogBlueprintUserMessages: Early EndPlayMap Detection: Level '/Game/ThirdPersonCPP/Maps/ThirdPersonExampleMap.ThirdPersonExampleMap:PersistentLevel' has LevelScriptBlueprint '/Game/ThirdPersonCPP/Maps/ThirdPersonExampleMap.ThirdPersonExampleMap:PersistentLevel.ThirdPersonExampleMap' with GeneratedClass '/Game/ThirdPersonCPP/Maps/ThirdPersonExampleMap.ThirdPersonExampleMap_C' with ClassGeneratedBy '/Game/ThirdPersonCPP/Maps/ThirdPersonExampleMap.ThirdPersonExampleMap:PersistentLevel.ThirdPersonExampleMap'
[2016.03.30-18.07.41:765][169]LogBlueprintUserMessages: Late EndPlayMap Detection: Level '/Game/ThirdPersonCPP/Maps/ThirdPersonExampleMap.ThirdPersonExampleMap:PersistentLevel' has LevelScriptBlueprint '/Game/ThirdPersonCPP/Maps/ThirdPersonExampleMap.ThirdPersonExampleMap:PersistentLevel.ThirdPersonExampleMap' with GeneratedClass '/Game/ThirdPersonCPP/Maps/ThirdPersonExampleMap.ThirdPersonExampleMap_C' with ClassGeneratedBy '/Game/ThirdPersonCPP/Maps/ThirdPersonExampleMap.ThirdPersonExampleMap:PersistentLevel.ThirdPersonExampleMap'
[2016.03.30-18.07.41:781][169]LogParticles: Destroying 0 GPU particle simulations for FXSystem 0x0000022431DFEA20
[2016.03.30-18.07.46:917][361]LogAIModule: Creating AISystem for world TutorialLevel
[2016.03.30-18.07.46:942][361]Cmd: MAP LOAD FILE="../../../../../../Users/daniel/Documents/Unreal Projects/Group2/Maze_Of_Doom/Content/Rooms/TutorialLevel.umap" TEMPLATE=0 SHOWPROGRESS=1 FEATURELEVEL=3
[2016.03.30-18.07.46:943][361]LightingResults: New page: Lighting Build
[2016.03.30-18.07.46:957][361]LoadErrors: New page: Loading map: TutorialLevel.umap
[2016.03.30-18.07.46:958][361]MapCheck: New page: Map Check
[2016.03.30-18.07.46:958][361]LightingResults: New page: Lighting Build
[2016.03.30-18.07.46:971][361]LogParticles: Destroying 0 GPU particle simulations for FXSystem 0x0000022420FC6FC0
[2016.03.30-18.07.46:976][361]LogEditorServer: Finished looking for orphan Actors (0.000 secs)
[2016.03.30-18.07.47:000][361]Cmd: MAP CHECKDEP NOCLEARLOG
[2016.03.30-18.07.47:043][361]MapCheck: Info Map check complete: 0 Error(s), 0 Warning(s), took 42.966ms to complete.
[2016.03.30-18.07.47:044][361]LogFileHelpers: Loading map 'TutorialLevel' took 0.102
[2016.03.30-18.07.53:985][718]LogEditorViewport: Clicking on Actor (context menu): StaticMeshActor (Floor)
[2016.03.30-18.07.55:983][801]MapCheck: New page: Map Check
[2016.03.30-18.07.56:169][801]Cmd: MAP REBUILD ALLVISIBLE
[2016.03.30-18.07.56:183][801]LogEditorServer: Rebuildmap Clear paths rebuilt
[2016.03.30-18.07.56:399][801]MapCheck:Warning: Warning WorldSettings_1 Hierarchical LOD System is disabled or no HLOD level settings available, unable to build LOD actors. 
[2016.03.30-18.07.56:399][801]LogStats:          STAT_HLOD_BuildClusters - 11.398 ms
[2016.03.30-18.07.56:406][801]LightingResults: New page: Lighting Build - Mar 30, 2016, 4:07:56 AM
[2016.03.30-18.08.08:743][801]LogStaticLightingSystem:Warning: No importance volume found, so the scene bounding box was used.  You can optimize your scene's quality and lighting build times by adding importance volumes.
[2016.03.30-18.08.08:743][801]LogStaticLightingSystem: Running Lightmass w/ ImmediateImport mode ENABLED
[2016.03.30-18.08.08:743][801]LogStaticLightingSystem: Running Lightmass w/ ImmediateProcess mode ENABLED
[2016.03.30-18.08.08:743][801]LogStaticLightingSystem: Running Lightmass w/ Sorting mode ENABLED
[2016.03.30-18.08.08:743][801]LogStaticLightingSystem: Running Lightmass w/ Mapping paddings ENABLED
[2016.03.30-18.08.08:743][801]LogStaticLightingSystem: Running Lightmass w/ Mapping debug paddings DISABLED
[2016.03.30-18.08.09:521][801]LogEditorBuildUtils: Build time 0:00:13
[2016.03.30-18.08.09:559][801]LogMaterial: Missing cached shader map for material FLightmassMaterialRenderer DefaultMaterial, compiling. 
[2016.03.30-18.08.09:651][801]LogMaterial: Missing cached shader map for material FLightmassMaterialRenderer DefaultMaterial, compiling. 
[2016.03.30-18.08.13:655][847]Job is a success!
[2016.03.30-18.08.19:584][848]Lightmass on DRTRACY1: 1.05 sec total, 176 ms importing, 1 ms setup, 275 ms photons, 566 ms processing, 0 ms extra exporting [2/2 mappings]. Threads: 3.80 sec total, 281 ms processing.
[2016.03.30-18.08.19:657][848]LogStaticLightingSystem: Illumination: 23.1 sec (14 ms encoding lightmaps)
[2016.03.30-18.08.19:657][848]LogStaticLightingSystem: Lightmap texture memory:  0.0 MB (0.0 MB streaming, 0.0 MB non-streaming), 0 textures
[2016.03.30-18.08.19:657][848]LogStaticLightingSystem: Shadowmap texture memory: 0.0 MB (0.0 MB streaming, 0.0 MB non-streaming), 0 textures
[2016.03.30-18.08.19:759][849]Cmd: MAP CHECK NOTIFYRESULTS
[2016.03.30-18.08.19:760][849]MapCheck: New page: TutorialLevel - Mar 30, 2016, 4:08:19 AM
[2016.03.30-18.08.19:817][849]MapCheck: Info Map check complete: 0 Error(s), 0 Warning(s), took 57.267ms to complete.
[2016.03.30-18.09.00:018][ 62]LogClass:Warning: Type mismatch in Direction of Room_C - Previous (ArrayProperty) Current(IntProperty) for package:  FObjectReader
[2016.03.30-18.09.00:148][ 62]LogAIModule: Creating AISystem for world Level
[2016.03.30-18.09.04:205][ 62]LogSavePackage: Save=192.753677ms
[2016.03.30-18.09.04:205][ 62]LogSavePackage: Moving '../../../../../../Users/daniel/Documents/Unreal Projects/Group2/Maze_Of_Doom/Saved/TutorialLevel909C8AE443CCD725188831982AEA197E.tmp' to '../../../../../../Users/daniel/Documents/Unreal Projects/Group2/Maze_Of_Doom/Content/Rooms/TutorialLevel.umap'
[2016.03.30-18.09.04:209][ 62]LogSavePackage: Total save time: 204.987969ms
[2016.03.30-18.09.04:209][ 62]LogSavePackage:Display: Finished SavePackage ../../../../../../Users/daniel/Documents/Unreal Projects/Group2/Maze_Of_Doom/Content/Rooms/TutorialLevel.umap
[2016.03.30-18.09.04:241][ 62]LogFileHelpers: Saving map 'TutorialLevel' took 0.342
[2016.03.30-18.09.04:242][ 62]Cmd: MAP LOAD FILE="../../../../../../Users/daniel/Documents/Unreal Projects/Group2/Maze_Of_Doom/Content/Rooms/Level.umap" TEMPLATE=0 SHOWPROGRESS=1 FEATURELEVEL=3
[2016.03.30-18.09.04:242][ 62]LightingResults: New page: Lighting Build
[2016.03.30-18.09.04:257][ 62]LoadErrors: New page: Loading map: Level.umap
[2016.03.30-18.09.04:258][ 62]MapCheck: New page: Map Check
[2016.03.30-18.09.04:258][ 62]LightingResults: New page: Lighting Build
[2016.03.30-18.09.04:272][ 62]LogParticles: Destroying 0 GPU particle simulations for FXSystem 0x0000022434740680
[2016.03.30-18.09.04:276][ 62]LogEditorServer: Finished looking for orphan Actors (0.000 secs)
[2016.03.30-18.09.04:302][ 62]Cmd: MAP CHECKDEP NOCLEARLOG
[2016.03.30-18.09.04:345][ 62]MapCheck: Info Map check complete: 0 Error(s), 0 Warning(s), took 43.282ms to complete.
[2016.03.30-18.09.04:350][ 62]LogFileHelpers: Loading map 'Level' took 0.109
[2016.03.30-18.09.04:372][ 62]LoadErrors:Error: Error /Game/Rooms/Level : Failed import for IntProperty /Game/Rooms/Room.Room_C:Direction
[2016.03.30-18.09.29:511][203]Cmd: MAP LOAD FILE="../../../../../../Users/daniel/Documents/Unreal Projects/Group2/Maze_Of_Doom/Content/ThirdPersonCPP/Maps/ThirdPersonExampleMap.umap" TEMPLATE=0 SHOWPROGRESS=1 FEATURELEVEL=3
[2016.03.30-18.09.29:539][203]LightingResults: New page: Lighting Build
[2016.03.30-18.09.29:560][203]LoadErrors: New page: Loading map: ThirdPersonExampleMap.umap
[2016.03.30-18.09.29:561][203]MapCheck: New page: Map Check
[2016.03.30-18.09.29:561][203]LightingResults: New page: Lighting Build
[2016.03.30-18.09.29:575][203]LogParticles: Destroying 0 GPU particle simulations for FXSystem 0x00000224347428E0
[2016.03.30-18.09.29:613][203]LogAIModule: Creating AISystem for world ThirdPersonExampleMap
[2016.03.30-18.09.29:620][203]LogEditorServer: Finished looking for orphan Actors (0.000 secs)
[2016.03.30-18.09.29:652][203]Cmd: MAP CHECKDEP NOCLEARLOG
[2016.03.30-18.09.29:696][203]MapCheck: Info Map check complete: 0 Error(s), 0 Warning(s), took 44.493ms to complete.
[2016.03.30-18.09.29:697][203]LogFileHelpers: Loading map 'ThirdPersonExampleMap' took 0.186
[2016.03.30-18.18.44:468][644]LogSavePackage: Save=277.058960ms
[2016.03.30-18.18.44:468][644]LogSavePackage: Moving '../../../../../../Users/daniel/Documents/Unreal Projects/Group2/Maze_Of_Doom/Saved/ThirdPersonExampleMapB8234E5842D963D430410BAA90008379.tmp' to '../../../../../../Users/daniel/Documents/Unreal Projects/Group2/Maze_Of_Doom/Content/ThirdPersonCPP/Maps/ThirdPersonExampleMap.umap'
[2016.03.30-18.18.44:470][644]LogSavePackage: Total save time: 291.201007ms
[2016.03.30-18.18.44:470][644]LogSavePackage:Display: Finished SavePackage ../../../../../../Users/daniel/Documents/Unreal Projects/Group2/Maze_Of_Doom/Content/ThirdPersonCPP/Maps/ThirdPersonExampleMap.umap
[2016.03.30-18.18.52:030][943]Cmd: QUIT_EDITOR
[2016.03.30-18.18.52:597][943]LogWindowsTextInputMethodSystem:Display: IME system now deactivated.
[2016.03.30-18.18.52:655][943]LogExit: Preparing to exit.
[2016.03.30-18.18.53:109][943]LogActorComponent: UnregisterComponent: (None.None) Not registered. Aborting.
[2016.03.30-18.18.53:129][943]LogExit: Editor shut down
[2016.03.30-18.18.53:130][943]LogExit: Transaction tracking system shut down
[2016.03.30-18.18.53:130][943]LogParticles: Destroying 0 GPU particle simulations for FXSystem 0x000002243BFBC900
[2016.03.30-18.18.53:130][943]LogParticles: Destroying 0 GPU particle simulations for FXSystem 0x0000022431DFEAC0
[2016.03.30-18.18.53:131][943]LogParticles: Destroying 0 GPU particle simulations for FXSystem 0x00000224288CC0E0
[2016.03.30-18.18.53:132][943]LogParticles: Destroying 0 GPU particle simulations for FXSystem 0x00000224347F14E0
[2016.03.30-18.18.53:132][943]LogParticles: Destroying 0 GPU particle simulations for FXSystem 0x000002243C12A8E0
[2016.03.30-18.18.53:132][943]LogParticles: Destroying 0 GPU particle simulations for FXSystem 0x000002243C12A020
[2016.03.30-18.18.53:132][943]LogParticles: Destroying 0 GPU particle simulations for FXSystem 0x000002243C12A0C0
[2016.03.30-18.18.53:132][943]LogParticles: Destroying 0 GPU particle simulations for FXSystem 0x0000022449070180
[2016.03.30-18.18.53:132][943]LogParticles: Destroying 0 GPU particle simulations for FXSystem 0x000002243BFBEDE0
[2016.03.30-18.18.53:262][943]LogExit: Object subsystem successfully closed.
[2016.03.30-18.18.53:273][943]LogD3D11RHI: Shutdown
[2016.03.30-18.18.53:273][943]LogD3D11RHI: CleanupD3DDevice
[2016.03.30-18.18.53:400][943]LogD3D11RHI: ~FD3D11DynamicRHI
[2016.03.30-18.18.53:412][943]LogModuleManager: Shutting down and abandoning module ExternalImagePicker (201)
[2016.03.30-18.18.53:413][943]LogModuleManager: Shutting down and abandoning module CookingStats (200)
[2016.03.30-18.18.53:413][943]LogModuleManager: Shutting down and abandoning module CrashTracker (199)
[2016.03.30-18.18.53:413][943]LogModuleManager: Shutting down and abandoning module SceneOutliner (198)
[2016.03.30-18.18.53:413][943]LogModuleManager: Shutting down and abandoning module SuperSearch (197)
[2016.03.30-18.18.53:413][943]LogModuleManager: Shutting down and abandoning module WidgetCarousel (196)
[2016.03.30-18.18.53:413][943]LogModuleManager: Shutting down and abandoning module AddContentDialog (195)
[2016.03.30-18.18.53:413][943]LogModuleManager: Shutting down and abandoning module EditorWidgets (194)
[2016.03.30-18.18.53:414][943]LogModuleManager: Shutting down and abandoning module CollectionManager (193)
[2016.03.30-18.18.53:414][943]LogModuleManager: Shutting down and abandoning module StatsViewer (192)
[2016.03.30-18.18.53:414][943]LogModuleManager: Shutting down and abandoning module FoliageEdit (191)
[2016.03.30-18.18.53:414][943]LogModuleManager: Shutting down and abandoning module LandscapeEditor (190)
[2016.03.30-18.18.53:414][943]LogModuleManager: Shutting down and abandoning module ActorPickerMode (189)
[2016.03.30-18.18.53:414][943]LogModuleManager: Shutting down and abandoning module GeometryMode (188)
[2016.03.30-18.18.53:414][943]LogModuleManager: Shutting down and abandoning module TextureAlignMode (187)
[2016.03.30-18.18.53:414][943]LogModuleManager: Shutting down and abandoning module BspMode (186)
[2016.03.30-18.18.53:414][943]LogModuleManager: Shutting down and abandoning module PlacementMode (185)
[2016.03.30-18.18.53:414][943]LogModuleManager: Shutting down and abandoning module AutomationWorker (184)
[2016.03.30-18.18.53:414][943]LogModuleManager: Shutting down and abandoning module CharacterAI (183)
[2016.03.30-18.18.53:414][943]LogModuleManager: Shutting down and abandoning module SmartSnapping (182)
[2016.03.30-18.18.53:414][943]LogModuleManager: Shutting down and abandoning module ViewportSnapping (181)
[2016.03.30-18.18.53:414][943]LogModuleManager: Shutting down and abandoning module LogVisualizer (180)
[2016.03.30-18.18.53:415][943]LogModuleManager: Shutting down and abandoning module GameProjectGeneration (179)
[2016.03.30-18.18.53:415][943]LogModuleManager: Shutting down and abandoning module IntroTutorials (178)
[2016.03.30-18.18.53:415][943]LogModuleManager: Shutting down and abandoning module EditorLiveStreaming (177)
[2016.03.30-18.18.53:415][943]LogModuleManager: Shutting down and abandoning module IOSPlatformEditor (176)
[2016.03.30-18.18.53:415][943]LogModuleManager: Shutting down and abandoning module HTML5PlatformEditor (175)
[2016.03.30-18.18.53:415][943]LogModuleManager: Shutting down and abandoning module AndroidDeviceDetection (174)
[2016.03.30-18.18.54:152][943]LogModuleManager: Shutting down and abandoning module AndroidPlatformEditor (173)
[2016.03.30-18.18.54:153][943]LogModuleManager: Shutting down and abandoning module IOSRuntimeSettings (172)
[2016.03.30-18.18.54:153][943]LogModuleManager: Shutting down and abandoning module AndroidRuntimeSettings (171)
[2016.03.30-18.18.54:153][943]LogModuleManager: Shutting down and abandoning module MergeActors (170)
[2016.03.30-18.18.54:153][943]LogModuleManager: Shutting down and abandoning module SizeMap (169)
[2016.03.30-18.18.54:153][943]LogModuleManager: Shutting down and abandoning module TreeMap (168)
[2016.03.30-18.18.54:153][943]LogModuleManager: Shutting down and abandoning module ReferenceViewer (167)
[2016.03.30-18.18.54:153][943]LogModuleManager: Shutting down and abandoning module LocalizationService (166)
[2016.03.30-18.18.54:153][943]LogModuleManager: Shutting down and abandoning module LocalizationDashboard (165)
[2016.03.30-18.18.54:153][943]LogModuleManager: Shutting down and abandoning module HardwareTargeting (164)
[2016.03.30-18.18.54:153][943]LogModuleManager: Shutting down and abandoning module DeviceProfileEditor (163)
[2016.03.30-18.18.54:153][943]LogModuleManager: Shutting down and abandoning module UndoHistory (162)
[2016.03.30-18.18.54:153][943]LogModuleManager: Shutting down and abandoning module GameplayTagsEditor (161)
[2016.03.30-18.18.54:153][943]LogModuleManager: Shutting down and abandoning module UserFeedback (160)
[2016.03.30-18.18.54:153][943]LogModuleManager: Shutting down and abandoning module XmlParser (159)
[2016.03.30-18.18.54:153][943]LogModuleManager: Shutting down and abandoning module Blutility (158)
[2016.03.30-18.18.54:153][943]LogModuleManager: Shutting down and abandoning module ProjectTargetPlatformEditor (157)
[2016.03.30-18.18.54:153][943]LogModuleManager: Shutting down and abandoning module ProjectSettingsViewer (156)
[2016.03.30-18.18.54:153][943]LogModuleManager: Shutting down and abandoning module InputBindingEditor (155)
[2016.03.30-18.18.54:153][943]LogModuleManager: Shutting down and abandoning module EditorSettingsViewer (154)
[2016.03.30-18.18.54:153][943]LogModuleManager: Shutting down and abandoning module SettingsEditor (153)
[2016.03.30-18.18.54:153][943]LogModuleManager: Shutting down and abandoning module ProjectLauncher (152)
[2016.03.30-18.18.54:153][943]LogModuleManager: Shutting down and abandoning module SessionFrontend (151)
[2016.03.30-18.18.54:153][943]LogModuleManager: Shutting down and abandoning module ProfilerClient (150)
[2016.03.30-18.18.54:153][943]LogModuleManager: Shutting down and abandoning module TargetDeviceServices (149)
[2016.03.30-18.18.54:153][943]LogModuleManager: Shutting down and abandoning module DeviceManager (148)
[2016.03.30-18.18.54:153][943]LogModuleManager: Shutting down and abandoning module AutomationController (147)
[2016.03.30-18.18.54:153][943]LogModuleManager: Shutting down and abandoning module AutomationWindow (146)
[2016.03.30-18.18.54:153][943]LogModuleManager: Shutting down and abandoning module Layers (145)
[2016.03.30-18.18.54:153][943]LogModuleManager: Shutting down and abandoning module ComponentVisualizers (144)
[2016.03.30-18.18.54:153][943]LogModuleManager: Shutting down and abandoning module DetailCustomizations (143)
[2016.03.30-18.18.54:153][943]LogModuleManager: Shutting down and abandoning module PackagesDialog (142)
[2016.03.30-18.18.54:153][943]LogModuleManager: Shutting down and abandoning module Persona (141)
[2016.03.30-18.18.54:153][943]LogModuleManager: Shutting down and abandoning module Kismet (140)
[2016.03.30-18.18.54:153][943]LogModuleManager: Shutting down and abandoning module GraphEditor (139)
[2016.03.30-18.18.54:154][943]LogModuleManager: Shutting down and abandoning module ClassViewer (138)
[2016.03.30-18.18.54:155][943]LogModuleManager: Shutting down and abandoning module Toolbox (137)
[2016.03.30-18.18.54:155][943]LogModuleManager: Shutting down and abandoning module ModuleUI (136)
[2016.03.30-18.18.54:155][943]LogModuleManager: Shutting down and abandoning module MovieSceneTools (135)
[2016.03.30-18.18.54:155][943]LogModuleManager: Shutting down and abandoning module OutputLog (134)
[2016.03.30-18.18.54:155][943]LogModuleManager: Shutting down and abandoning module GammaUI (133)
[2016.03.30-18.18.54:155][943]LogModuleManager: Shutting down and abandoning module Documentation (132)
[2016.03.30-18.18.54:155][943]LogModuleManager: Shutting down and abandoning module GameLiveStreaming (131)
[2016.03.30-18.18.54:155][943]LogModuleManager: Shutting down and abandoning module StreamingPauseRendering (130)
[2016.03.30-18.18.54:155][943]LogModuleManager: Shutting down and abandoning module AnalyticsET (129)
[2016.03.30-18.18.54:155][943]LogModuleManager: Shutting down and abandoning module Analytics (128)
[2016.03.30-18.18.54:155][943]LogModuleManager: Shutting down and abandoning module AITestSuite (127)
[2016.03.30-18.18.54:155][943]LogModuleManager: Shutting down and abandoning module GameplayDebugger (126)
[2016.03.30-18.18.54:155][943]LogModuleManager: Shutting down and abandoning module AIModule (125)
[2016.03.30-18.18.54:155][943]LogModuleManager: Shutting down and abandoning module ProfilerService (124)
[2016.03.30-18.18.54:168][943]LogModuleManager: Shutting down and abandoning module TaskGraph (123)
[2016.03.30-18.18.54:169][943]LogModuleManager: Shutting down and abandoning module SlateRemote (122)
[2016.03.30-18.18.54:169][943]LogModuleManager: Shutting down and abandoning module SteamVRController (121)
[2016.03.30-18.18.54:169][943]LogModuleManager: Shutting down and abandoning module SteamVR (120)
[2016.03.30-18.18.54:169][943]LogModuleManager: Shutting down and abandoning module ProceduralMeshComponent (119)
[2016.03.30-18.18.54:169][943]LogModuleManager: Shutting down and abandoning module OculusLibrary (118)
[2016.03.30-18.18.54:169][943]LogModuleManager: Shutting down and abandoning module OculusInput (117)
[2016.03.30-18.18.54:169][943]LogModuleManager: Shutting down and abandoning module LeapMotionController (116)
[2016.03.30-18.18.54:183][943]LogModuleManager: Shutting down and abandoning module CustomMeshComponent (115)
[2016.03.30-18.18.54:183][943]LogModuleManager: Shutting down and abandoning module CableComponent (114)
[2016.03.30-18.18.54:183][943]LogModuleManager: Shutting down and abandoning module ArchVisCharacter (113)
[2016.03.30-18.18.54:183][943]LogModuleManager: Shutting down and abandoning module MessagingDebugger (112)
[2016.03.30-18.18.54:183][943]LogModuleManager: Shutting down and abandoning module MediaPlayerEditor (111)
[2016.03.30-18.18.54:183][943]LogModuleManager: Shutting down and abandoning module HTML5Networking (110)
[2016.03.30-18.18.54:183][943]LogModuleManager: Shutting down and abandoning module SpeedTreeImporter (109)
[2016.03.30-18.18.54:183][943]LogModuleManager: Shutting down and abandoning module PluginBrowser (108)
[2016.03.30-18.18.54:183][943]LogModuleManager: Shutting down and abandoning module EpicSurvey (107)
[2016.03.30-18.18.54:183][943]LogModuleManager: Shutting down and abandoning module DesktopPlatform (106)
[2016.03.30-18.18.54:183][943]LogModuleManager: Shutting down and abandoning module VisualStudioSourceCodeAccess (105)
[2016.03.30-18.18.54:183][943]LogModuleManager: Shutting down and abandoning module UObjectPlugin (104)
[2016.03.30-18.18.54:183][943]LogModuleManager: Shutting down and abandoning module SubversionSourceControl (103)
[2016.03.30-18.18.54:183][943]LogModuleManager: Shutting down and abandoning module PerforceSourceControl (102)
[2016.03.30-18.18.54:183][943]LogModuleManager: Shutting down and abandoning module SourceControl (101)
[2016.03.30-18.18.54:183][943]LogModuleManager: Shutting down and abandoning module GitSourceControl (100)
[2016.03.30-18.18.54:183][943]LogModuleManager: Shutting down and abandoning module LightPropagationVolumeEditor (99)
[2016.03.30-18.18.54:183][943]LogModuleManager: Shutting down and abandoning module PaperTiledImporter (98)
[2016.03.30-18.18.54:183][943]LogModuleManager: Shutting down and abandoning module PaperSpriteSheetImporter (97)
[2016.03.30-18.18.54:183][943]LogModuleManager: Shutting down and abandoning module MeshPaint (96)
[2016.03.30-18.18.54:183][943]LogModuleManager: Shutting down and abandoning module SlateReflector (95)
[2016.03.30-18.18.54:183][943]LogModuleManager: Shutting down and abandoning module HotReload (94)
[2016.03.30-18.18.54:183][943]LogModuleManager: Shutting down and abandoning module MainFrame (93)
[2016.03.30-18.18.54:183][943]LogModuleManager: Shutting down and abandoning module LevelEditor (92)
[2016.03.30-18.18.54:184][943]LogModuleManager: Shutting down and abandoning module DirectoryWatcher (91)
[2016.03.30-18.18.54:185][943]LogModuleManager: Shutting down and abandoning module AssetRegistry (90)
[2016.03.30-18.18.54:293][943]LogModuleManager: Shutting down and abandoning module ContentBrowser (89)
[2016.03.30-18.18.54:294][943]LogModuleManager: Shutting down and abandoning module Paper2DEditor (88)
[2016.03.30-18.18.54:294][943]LogModuleManager: Shutting down and abandoning module Maze_Of_Doom (87)
[2016.03.30-18.18.54:294][943]LogModuleManager: Shutting down and abandoning module UdpMessaging (86)
[2016.03.30-18.18.54:394][943]LogModuleManager: Shutting down and abandoning module LightPropagationVolumeRuntime (85)
[2016.03.30-18.18.54:394][943]LogModuleManager: Shutting down and abandoning module Paper2D (84)
[2016.03.30-18.18.54:394][943]LogModuleManager: Shutting down and abandoning module WindowsMoviePlayer (83)
[2016.03.30-18.18.54:396][943]LogModuleManager: Shutting down and abandoning module Media (82)
[2016.03.30-18.18.54:397][943]LogModuleManager: Shutting down and abandoning module WmfMedia (81)
[2016.03.30-18.18.54:397][943]LogModuleManager: Shutting down and abandoning module OnlineBlueprintSupport (80)
[2016.03.30-18.18.54:397][943]LogModuleManager: Shutting down and abandoning module GameplayTasksEditor (79)
[2016.03.30-18.18.54:397][943]LogModuleManager: Shutting down and abandoning module PropertyEditor (78)
[2016.03.30-18.18.54:397][943]LogModuleManager: Shutting down and abandoning module BehaviorTreeEditor (77)
[2016.03.30-18.18.54:397][943]LogModuleManager: Shutting down and abandoning module FunctionalTesting (76)
[2016.03.30-18.18.54:397][943]LogModuleManager: Shutting down and abandoning module CollisionAnalyzer (75)
[2016.03.30-18.18.54:397][943]LogModuleManager: Shutting down and abandoning module WorkspaceMenuStructure (74)
[2016.03.30-18.18.54:397][943]LogModuleManager: Shutting down and abandoning module MessageLog (73)
[2016.03.30-18.18.54:397][943]LogModuleManager: Shutting down and abandoning module Sequencer (72)
[2016.03.30-18.18.54:397][943]LogModuleManager: Shutting down and abandoning module AssetTools (71)
[2016.03.30-18.18.54:397][943]LogModuleManager: Shutting down and abandoning module UMGEditor (70)
[2016.03.30-18.18.54:397][943]LogModuleManager: Shutting down and abandoning module UMG (69)
[2016.03.30-18.18.54:397][943]LogModuleManager: Shutting down and abandoning module Slate (68)
[2016.03.30-18.18.54:397][943]LogModuleManager: Shutting down and abandoning module EditorStyle (67)
[2016.03.30-18.18.54:399][943]LogModuleManager: Shutting down and abandoning module SessionServices (66)
[2016.03.30-18.18.54:399][943]LogModuleManager: Shutting down and abandoning module SourceCodeAccess (65)
[2016.03.30-18.18.54:399][943]LogModuleManager: Shutting down and abandoning module HeadMountedDisplay (64)
[2016.03.30-18.18.54:399][943]LogModuleManager: Shutting down and abandoning module XAudio2 (63)
[2016.03.30-18.18.54:399][943]LogModuleManager: Shutting down and abandoning module Networking (61)
[2016.03.30-18.18.54:399][943]LogModuleManager: Shutting down and abandoning module Core (60)
[2016.03.30-18.18.54:399][943]LogModuleManager: Shutting down and abandoning module KismetCompiler (59)
[2016.03.30-18.18.54:399][943]LogModuleManager: Shutting down and abandoning module PhysXFormats (58)
[2016.03.30-18.18.54:399][943]LogModuleManager: Shutting down and abandoning module MeshUtilities (57)
[2016.03.30-18.18.54:399][943]LogModuleManager: Shutting down and abandoning module DerivedDataCache (56)
[2016.03.30-18.18.54:447][943]LogDerivedDataCache: Shutdown
[2016.03.30-18.18.54:447][943]LogModuleManager: Shutting down and abandoning module ShaderFormatOpenGL (55)
[2016.03.30-18.18.54:447][943]LogModuleManager: Shutting down and abandoning module ShaderFormatD3D (54)
[2016.03.30-18.18.54:447][943]LogModuleManager: Shutting down and abandoning module MetalShaderFormat (53)
[2016.03.30-18.18.54:447][943]LogModuleManager: Shutting down and abandoning module TextureFormatUncompressed (52)
[2016.03.30-18.18.54:447][943]LogModuleManager: Shutting down and abandoning module TextureFormatPVR (51)
[2016.03.30-18.18.54:447][943]LogModuleManager: Shutting down and abandoning module TextureFormatIntelISPCTexComp (50)
[2016.03.30-18.18.54:447][943]LogModuleManager: Shutting down and abandoning module TextureFormatDXT (49)
[2016.03.30-18.18.54:447][943]LogModuleManager: Shutting down and abandoning module ImageWrapper (48)
[2016.03.30-18.18.54:447][943]LogModuleManager: Shutting down and abandoning module TextureFormatASTC (47)
[2016.03.30-18.18.54:447][943]LogModuleManager: Shutting down and abandoning module TextureFormatAndroid (46)
[2016.03.30-18.18.54:447][943]LogModuleManager: Shutting down and abandoning module AudioFormatOpus (45)
[2016.03.30-18.18.54:447][943]LogModuleManager: Shutting down and abandoning module AudioFormatOgg (44)
[2016.03.30-18.18.54:447][943]LogModuleManager: Shutting down and abandoning module AudioFormatADPCM (43)
[2016.03.30-18.18.54:447][943]LogModuleManager: Shutting down and abandoning module LinuxTargetPlatform (42)
[2016.03.30-18.18.54:447][943]LogModuleManager: Shutting down and abandoning module LinuxServerTargetPlatform (41)
[2016.03.30-18.18.54:447][943]LogModuleManager: Shutting down and abandoning module LinuxNoEditorTargetPlatform (40)
[2016.03.30-18.18.54:447][943]LogModuleManager: Shutting down and abandoning module Messaging (39)
[2016.03.30-18.18.54:447][943]LogModuleManager: Shutting down and abandoning module IOSTargetPlatform (38)
[2016.03.30-18.18.54:447][943]LogModuleManager: Shutting down and abandoning module HTML5TargetPlatform (37)
[2016.03.30-18.18.54:447][943]LogModuleManager: Shutting down and abandoning module Android_PVRTCTargetPlatform (36)
[2016.03.30-18.18.54:447][943]LogModuleManager: Shutting down and abandoning module Android_MultiTargetPlatform (35)
[2016.03.30-18.18.54:447][943]LogModuleManager: Shutting down and abandoning module Android_ETC2TargetPlatform (34)
[2016.03.30-18.18.54:447][943]LogModuleManager: Shutting down and abandoning module Android_ETC1TargetPlatform (33)
[2016.03.30-18.18.54:447][943]LogModuleManager: Shutting down and abandoning module Android_DXTTargetPlatform (32)
[2016.03.30-18.18.54:447][943]LogModuleManager: Shutting down and abandoning module Android_ATCTargetPlatform (31)
[2016.03.30-18.18.54:447][943]LogModuleManager: Shutting down and abandoning module Android_ASTCTargetPlatform (30)
[2016.03.30-18.18.54:447][943]LogModuleManager: Shutting down and abandoning module AndroidTargetPlatform (29)
[2016.03.30-18.18.54:447][943]LogModuleManager: Shutting down and abandoning module WindowsTargetPlatform (28)
[2016.03.30-18.18.54:447][943]LogModuleManager: Shutting down and abandoning module WindowsServerTargetPlatform (27)
[2016.03.30-18.18.54:447][943]LogModuleManager: Shutting down and abandoning module WindowsNoEditorTargetPlatform (26)
[2016.03.30-18.18.54:447][943]LogModuleManager: Shutting down and abandoning module WindowsClientTargetPlatform (25)
[2016.03.30-18.18.54:447][943]LogModuleManager: Shutting down and abandoning module AllDesktopTargetPlatform (24)
[2016.03.30-18.18.54:447][943]LogModuleManager: Shutting down and abandoning module TargetPlatform (23)
[2016.03.30-18.18.54:447][943]LogModuleManager: Shutting down and abandoning module InputCore (22)
[2016.03.30-18.18.54:447][943]LogModuleManager: Shutting down and abandoning module Settings (21)
[2016.03.30-18.18.54:448][943]LogModuleManager: Shutting down and abandoning module OnlineSubsystem (19)
[2016.03.30-18.18.54:448][943]LogModuleManager: Shutting down and abandoning module HTTP (18)
[2016.03.30-18.18.56:449][943]LogModuleManager: Shutting down and abandoning module XMPP (17)
[2016.03.30-18.18.56:449][943]LogModuleManager: Shutting down and abandoning module OculusRift (16)
[2016.03.30-18.18.56:449][943]LogModuleManager: Shutting down and abandoning module ExampleDeviceProfileSelector (15)
[2016.03.30-18.18.56:449][943]LogModuleManager: Shutting down and abandoning module TextureCompressor (14)
[2016.03.30-18.18.56:449][943]LogModuleManager: Shutting down and abandoning module ShaderCore (13)
[2016.03.30-18.18.56:449][943]LogModuleManager: Shutting down and abandoning module Landscape (12)
[2016.03.30-18.18.56:449][943]LogModuleManager: Shutting down and abandoning module SlateRHIRenderer (11)
[2016.03.30-18.18.56:450][943]LogModuleManager: Shutting down and abandoning module OpenGLDrv (10)
[2016.03.30-18.18.56:450][943]LogModuleManager: Shutting down and abandoning module D3D11RHI (9)
[2016.03.30-18.18.56:450][943]LogModuleManager: Shutting down and abandoning module AnimGraphRuntime (8)
[2016.03.30-18.18.56:450][943]LogModuleManager: Shutting down and abandoning module Renderer (7)
[2016.03.30-18.18.56:450][943]LogModuleManager: Shutting down and abandoning module Engine (6)
[2016.03.30-18.18.56:450][943]LogModuleManager: Shutting down and abandoning module CoreUObject (5)
[2016.03.30-18.18.56:450][943]LogModuleManager: Shutting down and abandoning module NetworkFile (4)
[2016.03.30-18.18.56:450][943]LogModuleManager: Shutting down and abandoning module StreamingFile (3)
[2016.03.30-18.18.56:450][943]LogModuleManager: Shutting down and abandoning module SandboxFile (2)
[2016.03.30-18.18.56:450][943]LogModuleManager: Shutting down and abandoning module PakFile (1)
[2016.03.30-18.18.56:452][943]LogExit: Exiting.
[2016.03.30-18.18.56:465][943]Log file closed, 03/30/16 11:18:56
