[2016.04.07-04.13.43:063][  0]Log file open, 04/06/16 21:13:43
[2016.04.07-04.13.43:063][  0]LogInit:Display: Running engine for game: Maze_Of_Doom
[2016.04.07-04.13.43:063][  0]LogPlatformFile: Not using cached read wrapper
[2016.04.07-04.13.43:063][  0]LogInit:Display: RandInit(1032423554) SRandInit(1032423555).
[2016.04.07-04.13.43:063][  0]LogTaskGraph: Started task graph with 4 named threads and 7 total threads.
[2016.04.07-04.13.43:063][  0]LogStats: Stats thread started at 0.128743
[2016.04.07-04.13.43:063][  0]LogInit: Version: 4.10.4-2872498+++depot+UE4-Releases+4.10
[2016.04.07-04.13.43:063][  0]LogInit: API Version: 2758231
[2016.04.07-04.13.43:063][  0]LogInit: Compiled (64-bit): Feb 18 2016 15:47:04
[2016.04.07-04.13.43:063][  0]LogInit: Compiled with Visual C++: 19.00.23026.00
[2016.04.07-04.13.43:063][  0]LogInit: Build Configuration: Development
[2016.04.07-04.13.43:063][  0]LogInit: Branch Name: ++depot+UE4-Releases+4.10
[2016.04.07-04.13.43:063][  0]LogInit: Command line:  
[2016.04.07-04.13.43:063][  0]LogInit: Base directory: C:/Program Files (x86)/Epic Games/4.10/Engine/Binaries/Win64/
[2016.04.07-04.13.43:063][  0]LogInit: Rocket: 1
[2016.04.07-04.13.43:151][  0]LogInit: Using libcurl 7.41.0
[2016.04.07-04.13.43:151][  0]LogInit:  - built for x86_64-pc-win32
[2016.04.07-04.13.43:151][  0]LogInit:  - supports SSL with WinSSL
[2016.04.07-04.13.43:151][  0]LogInit:  - other features:
[2016.04.07-04.13.43:151][  0]LogInit:      CURL_VERSION_SSL
[2016.04.07-04.13.43:151][  0]LogInit:      CURL_VERSION_IPV6
[2016.04.07-04.13.43:151][  0]LogInit:      CURL_VERSION_ASYNCHDNS
[2016.04.07-04.13.43:151][  0]LogInit:      CURL_VERSION_LARGEFILE
[2016.04.07-04.13.43:151][  0]LogInit:      CURL_VERSION_IDN
[2016.04.07-04.13.43:151][  0]LogInit:  CurlRequestOptions (configurable via config and command line):
[2016.04.07-04.13.43:151][  0]LogInit:  - bVerifyPeer = true  - Libcurl will verify peer certificate
[2016.04.07-04.13.43:151][  0]LogInit:  - bUseHttpProxy = false  - Libcurl will NOT use HTTP proxy
[2016.04.07-04.13.43:151][  0]LogInit:  - bDontReuseConnections = false  - Libcurl will reuse connections
[2016.04.07-04.13.43:151][  0]LogInit:  - CertBundlePath = nullptr  - Libcurl will use whatever was configured at build time.
[2016.04.07-04.13.43:221][  0]LogInit: Presizing for 0 objects not considered by GC, pre-allocating 0 bytes.
[2016.04.07-04.13.43:229][  0]LogInit: Object subsystem initialized
[2016.04.07-04.13.43:230][  0]LogInit: Selected Device Profile: [Windows]
[2016.04.07-04.13.43:230][  0]LogInit: Applying CVar settings loaded from the selected device profile: [Windows]
[2016.04.07-04.13.43:265][  0]LogInit: Computer: MIDAS2013
[2016.04.07-04.13.43:265][  0]LogInit: User: Aaron
[2016.04.07-04.13.43:265][  0]LogInit: CPU Page size=4096, Cores=4
[2016.04.07-04.13.43:265][  0]LogInit: High frequency timer resolution =4.232983 MHz
[2016.04.07-04.13.43:265][  0]LogMemory: Memory total: Physical=7.9GB (8GB approx)
[2016.04.07-04.13.43:265][  0]LogMemory: Platform Memory Stats for Windows
[2016.04.07-04.13.43:265][  0]LogMemory: Process Physical Memory: 54.41 MB used, 54.41 MB peak
[2016.04.07-04.13.43:265][  0]LogMemory: Process Virtual Memory: 56.57 MB used, 56.57 MB peak
[2016.04.07-04.13.43:265][  0]LogMemory: Physical Memory: 2891.38 MB used, 8090.14 MB total
[2016.04.07-04.13.43:265][  0]LogMemory: Virtual Memory: 364.64 MB used, 134217728.00 MB total
[2016.04.07-04.13.43:591][  0]LogTextLocalizationManager: No specific translations for ('en-US') exist, so ('en') translations will be used.
[2016.04.07-04.13.44:237][  0]LogD3D11RHI: Found D3D11 adapter 0: NVIDIA GeForce GTX 660   (Feature Level 11_0)
[2016.04.07-04.13.44:237][  0]LogD3D11RHI: Adapter has 1984MB of dedicated video memory, 0MB of dedicated system memory, and 2048MB of shared system memory, 1 output[s]
[2016.04.07-04.13.44:284][  0]LogD3D11RHI: Found D3D11 adapter 1: Microsoft Basic Render Driver (Feature Level 11_0)
[2016.04.07-04.13.44:284][  0]LogD3D11RHI: Adapter has 0MB of dedicated video memory, 0MB of dedicated system memory, and 256MB of shared system memory, 0 output[s]
[2016.04.07-04.13.44:284][  0]LogD3D11RHI: Chosen D3D11 Adapter Id = 0
[2016.04.07-04.13.44:288][  0]LogD3D11RHI: !Direct3DDevice
[2016.04.07-04.13.44:288][  0]LogRHI: Texture pool is 1361 MB (70% of 1945 MB)
[2016.04.07-04.13.44:307][  0]LogD3D11RHI: Async texture creation enabled
[2016.04.07-04.13.44:324][  0]LogShaderCompilers: Guid format shader working directory is -8 characters bigger than the processId version (../../../../../../Users/Aaron/Documents/a/Maze_Of_Doom/Intermediate/Shaders/WorkingDirectory/1252/).
[2016.04.07-04.13.44:324][  0]LogShaderCompilers: Cleaned the shader compiler working directory 'C:/Users/Aaron/AppData/Local/Temp/UnrealShaderWorkingDir/CAF645F7445D80FDB10113AB37228315/'.
[2016.04.07-04.13.44:324][  0]LogShaderCompilers:Display: Using Local Shader Compiler.
[2016.04.07-04.13.45:570][  0]LogTemp:Display: Loaded TP AllDesktopTargetPlatform
[2016.04.07-04.13.45:576][  0]LogTemp:Display: Loaded TP WindowsClientTargetPlatform
[2016.04.07-04.13.45:581][  0]LogTemp:Display: Loaded TP WindowsNoEditorTargetPlatform
[2016.04.07-04.13.45:587][  0]LogTemp:Display: Loaded TP WindowsServerTargetPlatform
[2016.04.07-04.13.45:594][  0]LogTemp:Display: Loaded TP WindowsTargetPlatform
[2016.04.07-04.13.45:598][  0]LogTemp:Display: Loaded TP AndroidTargetPlatform
[2016.04.07-04.13.45:601][  0]LogTemp:Display: Loaded TP Android_ASTCTargetPlatform
[2016.04.07-04.13.45:605][  0]LogTemp:Display: Loaded TP Android_ATCTargetPlatform
[2016.04.07-04.13.45:608][  0]LogTemp:Display: Loaded TP Android_DXTTargetPlatform
[2016.04.07-04.13.45:612][  0]LogTemp:Display: Loaded TP Android_ETC1TargetPlatform
[2016.04.07-04.13.45:615][  0]LogTemp:Display: Loaded TP Android_ETC2TargetPlatform
[2016.04.07-04.13.45:623][  0]LogTemp:Display: Loaded TP Android_MultiTargetPlatform
[2016.04.07-04.13.45:623][  0]LogTemp:Display: Loaded TP Android_PVRTCTargetPlatform
[2016.04.07-04.13.45:624][  0]LogTemp:Display: Loaded TP HTML5TargetPlatform
[2016.04.07-04.13.45:642][  0]LogTemp:Display: Loaded TP IOSTargetPlatform
[2016.04.07-04.13.45:645][  0]LogTemp:Display: Loaded TP LinuxNoEditorTargetPlatform
[2016.04.07-04.13.45:649][  0]LogTemp:Display: Loaded TP LinuxServerTargetPlatform
[2016.04.07-04.13.45:653][  0]LogTemp:Display: Loaded TP LinuxTargetPlatform
[2016.04.07-04.13.45:653][  0]LogTargetPlatformManager:Display: Building Assets For Windows
[2016.04.07-04.13.45:756][  0]LogDerivedDataCache:Display: Max Cache Size: 512 MB
[2016.04.07-04.13.45:835][  0]LogDerivedDataCache: Loaded boot cache 0.08s 41MB C:/Users/Aaron/AppData/Local/UnrealEngine/4.10/DerivedDataCache/Boot.ddc.
[2016.04.07-04.13.45:835][  0]LogDerivedDataCache:Display: Loaded Boot cache: C:/Users/Aaron/AppData/Local/UnrealEngine/4.10/DerivedDataCache/Boot.ddc
[2016.04.07-04.13.45:835][  0]LogDerivedDataCache: FDerivedDataBackendGraph:  Pak pak cache file ../../../../../../Users/Aaron/Documents/a/Maze_Of_Doom/DerivedDataCache/DDC.ddp not found, will not use a pak cache.
[2016.04.07-04.13.45:835][  0]LogDerivedDataCache: Unable to find inner node Pak for hierarchical cache Hierarchy.
[2016.04.07-04.13.45:835][  0]LogDerivedDataCache: FDerivedDataBackendGraph:  CompressedPak pak cache file ../../../../../../Users/Aaron/Documents/a/Maze_Of_Doom/DerivedDataCache/Compressed.ddp not found, will not use a pak cache.
[2016.04.07-04.13.45:835][  0]LogDerivedDataCache: Unable to find inner node CompressedPak for hierarchical cache Hierarchy.
[2016.04.07-04.13.45:906][  0]LogDerivedDataCache:Display: Pak cache opened for reading ../../../Engine/DerivedDataCache/Compressed.ddp.
[2016.04.07-04.13.45:919][  0]LogDerivedDataCache: Using Local data cache path C:/Users/Aaron/AppData/Local/UnrealEngine/Common/DerivedDataCache: Writable
[2016.04.07-04.13.46:456][  0]LogInit: Selected Device Profile: [Windows]
[2016.04.07-04.13.46:459][  0]LogContentStreaming: Texture pool size is 0.000000MB
[2016.04.07-04.13.46:580][  0]LogMeshUtilities: No automatic mesh reduction module available
[2016.04.07-04.13.46:580][  0]LogMeshUtilities: No automatic mesh merging module available
[2016.04.07-04.13.46:857][  0]LogInit: WinSock: version 1.1 (2.2), MaxSocks=32767, MaxUdp=65467
[2016.04.07-04.13.47:722][  0]UdpMessaging: Initializing bridge on interface 0.0.0.0:0 to multicast group 230.0.0.1:6666.
[2016.04.07-04.13.48:531][  0]LogAssetRegistry: FAssetRegistry took 0.0111 seconds to start up
[2016.04.07-04.13.48:690][  0]SourceControl: Info Source control is disabled
[2016.04.07-04.13.48:723][  0]SourceControl: Info Source control is disabled
[2016.04.07-04.13.48:735][  0]SourceControl: Info Source control is disabled
[2016.04.07-04.13.48:746][  0]SourceControl: Info Source control is disabled
[2016.04.07-04.13.49:043][  0]LogObj: 35058 objects as part of root set at end of initial load.
[2016.04.07-04.13.49:043][  0]LogUObjectAllocator: 8379688 out of 0 bytes used by permanent object pool.
[2016.04.07-04.13.49:105][  0]LogEngine: Initializing Engine...
[2016.04.07-04.13.49:108][  0]LogHMD: Can't find Oculus library dev build: is proper Runtime installed? Version: 0.8.0.0
[2016.04.07-04.13.49:108][  0]LogHMD: SteamVR failed to initialize.  Err: 110
[2016.04.07-04.13.49:243][  0]LogAIModule: Creating AISystem for world NewWorld
[2016.04.07-04.13.49:256][  0]LogInit: XAudio2 using 'HP w2408-4 (NVIDIA High Definition Audio)' : 2 channels at 48 kHz using 16 bits per sample (channel mask 0x3)
[2016.04.07-04.13.49:263][  0]LogInit: FAudioDevice initialized.
[2016.04.07-04.13.49:333][  0]LogDerivedDataCache: Saved boot cache 0.07s 44MB C:/Users/Aaron/AppData/Local/UnrealEngine/4.10/DerivedDataCache/Boot.ddc.
[2016.04.07-04.13.49:347][  0]LogInit: Texture streaming: Enabled
[2016.04.07-04.13.49:353][  0]LogAnalytics: Creating configured Analytics provider AnalyticsET
[2016.04.07-04.13.49:353][  0]LogAnalytics: [UEEditor.Rocket.Release] APIServer = http://et2.epicgames.com/ET2/. AppVersion = 4.10.4-2872498+++depot+UE4-Releases+4.10
[2016.04.07-04.13.49:353][  0]LogAnalytics: [UEEditor.Rocket.Release] SetUserId ada7550f432c852206d4d89c1e3b3a85|ec7b00a30b924c4b8cae2a71e72a5f1b|6bbf40ba-94c5-49a6-82c8-1033ddda766d
[2016.04.07-04.13.49:353][  0]LogAnalytics: [UEEditor.Rocket.Release] AnalyticsET::StartSession
[2016.04.07-04.13.49:364][  0]LogInit: Transaction tracking system initialized
[2016.04.07-04.13.49:396][  0]BlueprintLog: New page: Editor Load
[2016.04.07-04.13.49:520][  0]LocalizationService: Info Localization service is disabled
[2016.04.07-04.13.49:603][  0]LogConsoleResponse:Display: 
[2016.04.07-04.13.49:748][  0]LogCook:Display: Done creating registry. It took  0.00s.
[2016.04.07-04.13.49:820][  0]LogFileCache: Scanning file cache for directory 'C:/Users/Aaron/Documents/a/Maze_Of_Doom/Content/' took 0.03s
[2016.04.07-04.13.49:828][  0]SourceControl: Info Source control is disabled
[2016.04.07-04.14.27:654][  0]LogWindowsTextInputMethodSystem:Display: IME system now deactivated.
[2016.04.07-04.14.27:666][  0]Cmd: MAP LOAD FILE="../../../../../../Users/Aaron/Documents/a/Maze_Of_Doom/Content/ThirdPersonCPP/Maps/ThirdPersonExampleMap.umap" TEMPLATE=0 SHOWPROGRESS=1 FEATURELEVEL=3
[2016.04.07-04.14.27:666][  0]LogEditorServer:Warning: Can't find file '../../../../../../Users/Aaron/Documents/a/Maze_Of_Doom/Content/ThirdPersonCPP/Maps/ThirdPersonExampleMap.umap'
[2016.04.07-04.14.27:666][  0]Cmd: MAP CHECKDEP NOCLEARLOG
[2016.04.07-04.14.27:717][  0]MapCheck: Info Map check complete: 0 Error(s), 0 Warning(s), took 50.276ms to complete.
[2016.04.07-04.14.27:717][  0]LogFileHelpers: Loading map 'ThirdPersonExampleMap' took 0.051
[2016.04.07-04.14.27:774][  0]LogCollectionManager: Loaded 0 collections in 0.002394 seconds
[2016.04.07-04.14.27:814][  0]LogFileCache: Scanning file cache for directory 'C:/Users/Aaron/Documents/a/Maze_Of_Doom/Saved/Collections/' took 0.01s
[2016.04.07-04.14.27:814][  0]LogFileCache: Scanning file cache for directory 'C:/Users/Aaron/Documents/a/Maze_Of_Doom/Content/Developers/Aaron/Collections/' took 0.01s
[2016.04.07-04.14.27:814][  0]LogFileCache: Scanning file cache for directory 'C:/Users/Aaron/Documents/a/Maze_Of_Doom/Content/Collections/' took 0.01s
[2016.04.07-04.14.27:814][  0]LogCollectionManager: Rebuilt the GUID cache for 0 collections in 0.000002 seconds
[2016.04.07-04.14.27:825][  0]LogContentBrowser: Native class hierarchy populated in 0.0103 seconds. Added 1895 classes and 340 folders.
[2016.04.07-04.14.27:832][  0]LogContentBrowser: Native class hierarchy updated for 'WidgetCarousel' in 0.0013 seconds. Added 0 classes and 0 folders.
[2016.04.07-04.14.27:883][  0]LogContentBrowser: Native class hierarchy updated for 'AddContentDialog' in 0.0015 seconds. Added 0 classes and 0 folders.
[2016.04.07-04.14.27:888][  0]LogContentBrowser: Native class hierarchy updated for 'SceneOutliner' in 0.0012 seconds. Added 1 classes and 2 folders.
[2016.04.07-04.14.27:930][  0]LogCrashTracker: Crashtracker disabled due to settings.
[2016.04.07-04.14.27:970][  0]LogStats:Warning: MetaData mismatch. Did you assign a stat to two groups? New //STATGROUP_Threads//SplashScreenThread///Thread_480_0///####STATCAT_Advanced#### old //STATGROUP_Threads//SplashScreenThread///Thread_164_0///####STATCAT_Advanced####
[2016.04.07-04.14.27:970][  0]LogLoad: Full Startup: 46.62 seconds (BP compile: 0.08 seconds)
[2016.04.07-04.14.28:311][  0]LogOcInput: Can't find Oculus library dev build: is proper Runtime installed? Version: 0.8.0.0
[2016.04.07-04.14.28:349][  0]LogContentStreaming: Texture pool size now 1000 MB
[2016.04.07-04.14.28:499][  0]LogRenderer: Reallocating scene render targets to support 988x604 (Frame:2).
[2016.04.07-04.14.29:646][  4]LogAssetRegistry: Asset discovery search completed in 41.1263 seconds
[2016.04.07-04.14.29:646][  4]LogCollectionManager: Rebuilt the object cache for 0 collections in 0.000000 seconds (found 0 objects)
[2016.04.07-04.14.29:646][  4]LogCollectionManager: Fixed up redirectors for 0 collections in 0.000020 seconds (updated 0 objects)
[2016.04.07-04.14.30:636][  7]LogWindowsTextInputMethodSystem:Display: IME system now deactivated.
[2016.04.07-04.15.02:952][856]LogMaterial: Missing cached shader map for material Material_0, compiling. 
[2016.04.07-04.15.03:021][857]LogMaterial: Missing cached shader map for material Material_1, compiling. 
[2016.04.07-04.15.03:364][859]LogMaterial: Missing cached shader map for material Material_2, compiling. 
[2016.04.07-04.15.03:578][860]LogMaterial: Missing cached shader map for material Material_3, compiling. 
[2016.04.07-04.15.27:816][629]LogLinker:Warning: Asset '../../../../../../Users/Aaron/Documents/a/Maze_Of_Doom/Content/FirstPerson/Meshes/FirstPersonProjectileMesh.uasset' has been saved with empty engine version. The asset will be loaded but may be incompatible.
[2016.04.07-04.15.27:999][629]LogLinker:Warning: Asset '../../../Engine/Content/ArtTools/RenderToTexture/Macros/RenderToTextureMacros.uasset' has been saved with empty engine version. The asset will be loaded but may be incompatible.
[2016.04.07-04.15.28:432][629]LogContentBrowser: Native class hierarchy updated for 'BlueprintGraph' in 0.0019 seconds. Added 107 classes and 0 folders.
[2016.04.07-04.16.59:904][763]LogLinker:Warning: CreateExport: Failed to load Parent for BlueprintGeneratedClass /Game/Blueprint_Items/Energy_Pack/MyEnergyPickup.MyEnergyPickup_C
[2016.04.07-04.16.59:904][763]LogLinker:Warning: CreateExport: Failed to load Parent for BlueprintGeneratedClass /Game/Blueprint_Items/Energy_Pack/MyEnergyPickup.MyEnergyPickup_C
[2016.04.07-04.16.59:904][763]LogLinker:Warning: CreateExport: Failed to load Parent for BlueprintGeneratedClass /Game/Blueprint_Items/Energy_Pack/MyEnergyPickup.MyEnergyPickup_C
[2016.04.07-04.16.59:905][763]LogLinker:Warning: CreateExport: Failed to load Parent for BlueprintGeneratedClass /Game/Blueprint_Items/Energy_Pack/MyEnergyPickup.MyEnergyPickup_C
[2016.04.07-04.16.59:905][763]LogLinker:Warning: CreateExport: Failed to load Parent for BlueprintGeneratedClass /Game/Blueprint_Items/Energy_Pack/MyEnergyPickup.MyEnergyPickup_C
[2016.04.07-04.16.59:905][763]LogLinker:Warning: CreateExport: Failed to load Parent for BlueprintGeneratedClass /Game/Blueprint_Items/Energy_Pack/MyEnergyPickup.MyEnergyPickup_C
[2016.04.07-04.16.59:907][763]LogLinker:Warning: CreateExport: Failed to load Parent for BlueprintGeneratedClass /Game/Blueprint_Items/Energy_Pack/MyEnergyPickup.MyEnergyPickup_C
[2016.04.07-04.16.59:910][763]LogLinker:Warning: CreateExport: Failed to load Parent for BlueprintGeneratedClass /Game/Blueprint_Items/Energy_Pack/MyEnergyPickup.MyEnergyPickup_C
[2016.04.07-04.16.59:966][763]LogLinker:Warning: CreateExport: Failed to load Parent for BlueprintGeneratedClass /Game/Blueprint_Items/Energy_Pack/MyEnergyPickup.MyEnergyPickup_C
[2016.04.07-04.16.59:966][763]LogLinker:Warning: CreateExport: Failed to load Parent for BlueprintGeneratedClass /Game/Blueprint_Items/Energy_Pack/MyEnergyPickup.MyEnergyPickup_C
[2016.04.07-04.16.59:966][763]LogLinker:Warning: CreateExport: Failed to load Parent for BlueprintGeneratedClass /Game/Blueprint_Items/Energy_Pack/MyEnergyPickup.MyEnergyPickup_C
[2016.04.07-04.16.59:966][763]LogLinker:Warning: CreateExport: Failed to load Parent for BlueprintGeneratedClass /Game/Blueprint_Items/Energy_Pack/MyEnergyPickup.MyEnergyPickup_C
[2016.04.07-04.16.59:967][763]LogLinker:Warning: CreateExport: Failed to load Parent for BlueprintGeneratedClass /Game/Blueprint_Items/Energy_Pack/MyEnergyPickup.MyEnergyPickup_C
[2016.04.07-04.17.00:339][763]LogAIModule: Creating AISystem for world TutorialLevel
[2016.04.07-04.17.00:361][763]LogActorComponent: UnregisterComponent: (/Engine/Transient.ProjectileMovementComponent_40__A6522401) Not registered. Aborting.
[2016.04.07-04.17.00:406][763]LogParticles: Destroying 0 GPU particle simulations for FXSystem 0x0000006B4FDB91C0
[2016.04.07-04.17.00:408][763]LogParticles: Destroying 0 GPU particle simulations for FXSystem 0x0000006B115F6D40
[2016.04.07-04.17.00:424][763]Cmd: MAP LOAD FILE="../../../../../../Users/Aaron/Documents/a/Maze_Of_Doom/Content/Rooms/TutorialLevel.umap" TEMPLATE=0 SHOWPROGRESS=1 FEATURELEVEL=3
[2016.04.07-04.17.00:424][763]LightingResults: New page: Lighting Build
[2016.04.07-04.17.00:428][763]LogContentBrowser: Native class hierarchy updated for 'StatsViewer' in 0.0015 seconds. Added 5 classes and 0 folders.
[2016.04.07-04.17.00:448][763]LoadErrors: New page: Loading map: TutorialLevel.umap
[2016.04.07-04.17.00:448][763]MapCheck: New page: Map Check
[2016.04.07-04.17.00:448][763]LightingResults: New page: Lighting Build
[2016.04.07-04.17.00:482][763]LogParticles: Destroying 0 GPU particle simulations for FXSystem 0x0000006B5500DC60
[2016.04.07-04.17.00:544][763]LogEditorServer: Finished looking for orphan Actors (0.000 secs)
[2016.04.07-04.17.00:582][763]Cmd: MAP CHECKDEP NOCLEARLOG
[2016.04.07-04.17.00:647][763]MapCheck: Info Map check complete: 0 Error(s), 0 Warning(s), took 64.531ms to complete.
[2016.04.07-04.17.00:647][763]LogFileHelpers: Loading map 'TutorialLevel' took 0.225
[2016.04.07-04.17.00:652][763]LoadErrors:Warning: Warning CreateExport: Failed to load Outer for resource 'UserConstructionScript': BlueprintGeneratedClass /Game/Blueprint_Items/Energy_Pack/MyEnergyPickup.MyEnergyPickup_C
[2016.04.07-04.17.00:652][763]LoadErrors:Warning: Warning CreateExport: Failed to load Outer for resource 'DefaultSceneRoot_GEN_VARIABLE': BlueprintGeneratedClass /Game/Blueprint_Items/Energy_Pack/MyEnergyPickup.MyEnergyPickup_C
[2016.04.07-04.17.00:652][763]LoadErrors:Warning: Warning CreateExport: Failed to load Outer for resource 'SimpleConstructionScript_0': BlueprintGeneratedClass /Game/Blueprint_Items/Energy_Pack/MyEnergyPickup.MyEnergyPickup_C
[2016.04.07-04.17.00:652][763]LoadErrors:Warning: Warning CreateExport: Failed to load Outer for resource 'SCS_Node_0': SimpleConstructionScript /Game/Blueprint_Items/Energy_Pack/MyEnergyPickup.MyEnergyPickup_C:SimpleConstructionScript_0
[2016.04.07-04.17.00:652][763]LoadErrors:Warning: Warning CreateExport: Failed to load Outer for resource 'PickupMesh': MyEnergyPickup_C /Game/Blueprint_Items/Energy_Pack/MyEnergyPickup.Default__My