[2016.03.31-00.46.30:563][  0]Log file open, 03/30/16 17:46:30
[2016.03.31-00.46.30:563][  0]LogInit:Display: Running engine for game: Maze_Of_Doom
[2016.03.31-00.46.30:563][  0]LogPlatformFile: Not using cached read wrapper
[2016.03.31-00.46.30:563][  0]LogInit:Display: RandInit(-1941734663) SRandInit(-1941734662).
[2016.03.31-00.46.30:563][  0]LogTaskGraph: Started task graph with 4 named threads and 7 total threads.
[2016.03.31-00.46.30:563][  0]LogStats: Stats thread started at 0.073536
[2016.03.31-00.46.30:563][  0]LogInit: Version: 4.10.2-2818068+++depot+UE4-Releases+4.10
[2016.03.31-00.46.30:563][  0]LogInit: API Version: 2758231
[2016.03.31-00.46.30:563][  0]LogInit: Compiled (64-bit): Jan  6 2016 17:36:42
[2016.03.31-00.46.30:563][  0]LogInit: Compiled with Visual C++: 19.00.23026.00
[2016.03.31-00.46.30:563][  0]LogInit: Build Configuration: Development
[2016.03.31-00.46.30:563][  0]LogInit: Branch Name: ++depot+UE4-Releases+4.10
[2016.03.31-00.46.30:563][  0]LogInit: Command line:  
[2016.03.31-00.46.30:563][  0]LogInit: Base directory: C:/Program Files (x86)/Epic Games/4.10/Engine/Binaries/Win64/
[2016.03.31-00.46.30:563][  0]LogInit: Rocket: 1
[2016.03.31-00.46.30:570][  0]LogInit: Using libcurl 7.41.0
[2016.03.31-00.46.30:570][  0]LogInit:  - built for x86_64-pc-win32
[2016.03.31-00.46.30:570][  0]LogInit:  - supports SSL with WinSSL
[2016.03.31-00.46.30:570][  0]LogInit:  - other features:
[2016.03.31-00.46.30:570][  0]LogInit:      CURL_VERSION_SSL
[2016.03.31-00.46.30:570][  0]LogInit:      CURL_VERSION_IPV6
[2016.03.31-00.46.30:570][  0]LogInit:      CURL_VERSION_ASYNCHDNS
[2016.03.31-00.46.30:570][  0]LogInit:      CURL_VERSION_LARGEFILE
[2016.03.31-00.46.30:570][  0]LogInit:      CURL_VERSION_IDN
[2016.03.31-00.46.30:570][  0]LogInit:  CurlRequestOptions (configurable via config and command line):
[2016.03.31-00.46.30:570][  0]LogInit:  - bVerifyPeer = true  - Libcurl will verify peer certificate
[2016.03.31-00.46.30:570][  0]LogInit:  - bUseHttpProxy = false  - Libcurl will NOT use HTTP proxy
[2016.03.31-00.46.30:570][  0]LogInit:  - bDontReuseConnections = false  - Libcurl will reuse connections
[2016.03.31-00.46.30:570][  0]LogInit:  - CertBundlePath = nullptr  - Libcurl will use whatever was configured at build time.
[2016.03.31-00.46.30:577][  0]LogInit: Presizing for 0 objects not considered by GC, pre-allocating 0 bytes.
[2016.03.31-00.46.30:585][  0]LogInit: Object subsystem initialized
[2016.03.31-00.46.30:586][  0]LogInit: Selected Device Profile: [Windows]
[2016.03.31-00.46.30:586][  0]LogInit: Applying CVar settings loaded from the selected device profile: [Windows]
[2016.03.31-00.46.30:601][  0]LogInit: Computer: DAVIDMIERKE
[2016.03.31-00.46.30:601][  0]LogInit: User: David
[2016.03.31-00.46.30:601][  0]LogInit: CPU Page size=4096, Cores=4
[2016.03.31-00.46.30:601][  0]LogInit: High frequency timer resolution =2.533205 MHz
[2016.03.31-00.46.30:601][  0]LogMemory: Memory total: Physical=16.0GB (16GB approx)
[2016.03.31-00.46.30:601][  0]LogMemory: Platform Memory Stats for Windows
[2016.03.31-00.46.30:601][  0]LogMemory: Process Physical Memory: 56.08 MB used, 56.08 MB peak
[2016.03.31-00.46.30:601][  0]LogMemory: Process Virtual Memory: 58.78 MB used, 58.78 MB peak
[2016.03.31-00.46.30:601][  0]LogMemory: Physical Memory: 6128.85 MB used, 16333.18 MB total
[2016.03.31-00.46.30:601][  0]LogMemory: Virtual Memory: 384.79 MB used, 134217728.00 MB total
[2016.03.31-00.46.30:636][  0]LogTextLocalizationManager: No specific translations for ('en-US') exist, so ('en') translations will be used.
[2016.03.31-00.46.31:083][  0]LogD3D11RHI: Found D3D11 adapter 0: NVIDIA GeForce GTX 965M (Feature Level 11_0)
[2016.03.31-00.46.31:083][  0]LogD3D11RHI: Adapter has 1969MB of dedicated video memory, 0MB of dedicated system memory, and 8166MB of shared system memory, 1 output[s]
[2016.03.31-00.46.31:085][  0]LogD3D11RHI: Found D3D11 adapter 1: Microsoft Basic Render Driver (Feature Level 11_0)
[2016.03.31-00.46.31:085][  0]LogD3D11RHI: Adapter has 0MB of dedicated video memory, 0MB of dedicated system memory, and 8166MB of shared system memory, 0 output[s]
[2016.03.31-00.46.31:085][  0]LogD3D11RHI: Chosen D3D11 Adapter Id = 0
[2016.03.31-00.46.31:092][  0]LogD3D11RHI: !Direct3DDevice
[2016.03.31-00.46.31:092][  0]LogRHI: Texture pool is 1361 MB (70% of 1945 MB)
[2016.03.31-00.46.31:107][  0]LogD3D11RHI: Async texture creation enabled
[2016.03.31-00.46.31:124][  0]LogShaderCompilers: Guid format shader working directory is -22 characters bigger than the processId version (../../../../../../Users/David/Desktop/ASU/SER432/Group2/Maze_Of_Doom/Intermediate/Shaders/WorkingDirectory/7748/).
[2016.03.31-00.46.31:124][  0]LogShaderCompilers: Cleaned the shader compiler working directory 'C:/Users/David/AppData/Local/Temp/UnrealShaderWorkingDir/86B36AC240405FFE5887C887D937D9CC/'.
[2016.03.31-00.46.31:124][  0]LogShaderCompilers:Display: Using Local Shader Compiler.
[2016.03.31-00.46.32:258][  0]LogTemp:Display: Loaded TP AllDesktopTargetPlatform
[2016.03.31-00.46.32:263][  0]LogTemp:Display: Loaded TP WindowsClientTargetPlatform
[2016.03.31-00.46.32:267][  0]LogTemp:Display: Loaded TP WindowsNoEditorTargetPlatform
[2016.03.31-00.46.32:272][  0]LogTemp:Display: Loaded TP WindowsServerTargetPlatform
[2016.03.31-00.46.32:276][  0]LogTemp:Display: Loaded TP WindowsTargetPlatform
[2016.03.31-00.46.32:281][  0]LogTemp:Display: Loaded TP AndroidTargetPlatform
[2016.03.31-00.46.32:284][  0]LogTemp:Display: Loaded TP Android_ASTCTargetPlatform
[2016.03.31-00.46.32:286][  0]LogTemp:Display: Loaded TP Android_ATCTargetPlatform
[2016.03.31-00.46.32:289][  0]LogTemp:Display: Loaded TP Android_DXTTargetPlatform
[2016.03.31-00.46.32:291][  0]LogTemp:Display: Loaded TP Android_ETC1TargetPlatform
[2016.03.31-00.46.32:294][  0]LogTemp:Display: Loaded TP Android_ETC2TargetPlatform
[2016.03.31-00.46.32:300][  0]LogTemp:Display: Loaded TP Android_MultiTargetPlatform
[2016.03.31-00.46.32:300][  0]LogTemp:Display: Loaded TP Android_PVRTCTargetPlatform
[2016.03.31-00.46.32:301][  0]LogTemp:Display: Loaded TP HTML5TargetPlatform
[2016.03.31-00.46.32:319][  0]LogTemp:Display: Loaded TP IOSTargetPlatform
[2016.03.31-00.46.32:321][  0]LogTemp:Display: Loaded TP LinuxNoEditorTargetPlatform
[2016.03.31-00.46.32:324][  0]LogTemp:Display: Loaded TP LinuxServerTargetPlatform
[2016.03.31-00.46.32:329][  0]LogTemp:Display: Loaded TP LinuxTargetPlatform
[2016.03.31-00.46.32:329][  0]LogTargetPlatformManager:Display: Building Assets For Windows
[2016.03.31-00.46.32:415][  0]LogDerivedDataCache:Display: Max Cache Size: 512 MB
[2016.03.31-00.46.32:983][  0]LogDerivedDataCache: Loaded boot cache 0.57s 58MB C:/Users/David/AppData/Local/UnrealEngine/4.10/DerivedDataCache/Boot.ddc.
[2016.03.31-00.46.32:983][  0]LogDerivedDataCache:Display: Loaded Boot cache: C:/Users/David/AppData/Local/UnrealEngine/4.10/DerivedDataCache/Boot.ddc
[2016.03.31-00.46.32:983][  0]LogDerivedDataCache: FDerivedDataBackendGraph:  Pak pak cache file ../../../../../../Users/David/Desktop/ASU/SER432/Group2/Maze_Of_Doom/DerivedDataCache/DDC.ddp not found, will not use a pak cache.
[2016.03.31-00.46.32:983][  0]LogDerivedDataCache: Unable to find inner node Pak for hierarchical cache Hierarchy.
[2016.03.31-00.46.32:983][  0]LogDerivedDataCache: FDerivedDataBackendGraph:  CompressedPak pak cache file ../../../../../../Users/David/Desktop/ASU/SER432/Group2/Maze_Of_Doom/DerivedDataCache/Compressed.ddp not found, will not use a pak cache.
[2016.03.31-00.46.32:983][  0]LogDerivedDataCache: Unable to find inner node CompressedPak for hierarchical cache Hierarchy.
[2016.03.31-00.46.33:051][  0]LogDerivedDataCache:Display: Pak cache opened for reading ../../../Engine/DerivedDataCache/Compressed.ddp.
[2016.03.31-00.46.33:063][  0]LogDerivedDataCache: Using Local data cache path C:/Users/David/AppData/Local/UnrealEngine/Common/DerivedDataCache: Writable
[2016.03.31-00.46.33:222][  0]LogInit: Selected Device Profile: [Windows]
[2016.03.31-00.46.33:225][  0]LogContentStreaming: Texture pool size is 0.000000MB
[2016.03.31-00.46.33:332][  0]LogMeshUtilities: No automatic mesh reduction module available
[2016.03.31-00.46.33:332][  0]LogMeshUtilities: No automatic mesh merging module available
[2016.03.31-00.46.33:598][  0]LogInit: WinSock: version 1.1 (2.2), MaxSocks=32767, MaxUdp=65467
[2016.03.31-00.46.50:934][  0]UdpMessaging: Initializing bridge on interface 0.0.0.0:0 to multicast group 230.0.0.1:6666.
[2016.03.31-00.46.51:445][  0]LogAssetRegistry: FAssetRegistry took 0.0108 seconds to start up
[2016.03.31-00.46.51:604][  0]SourceControl: Info Source control is disabled
[2016.03.31-00.46.51:638][  0]SourceControl: Info Source control is disabled
[2016.03.31-00.46.51:653][  0]SourceControl: Info Source control is disabled
[2016.03.31-00.46.51:666][  0]SourceControl: Info Source control is disabled
[2016.03.31-00.46.52:030][  0]LogObj: 33962 objects as part of root set at end of initial load.
[2016.03.31-00.46.52:030][  0]LogUObjectAllocator: 7992000 out of 0 bytes used by permanent object pool.
[2016.03.31-00.46.52:111][  0]LogEngine: Initializing Engine...
[2016.03.31-00.46.52:114][  0]LogHMD: Can't find Oculus library dev build: is proper Runtime installed? Version: 0.8.0.0
[2016.03.31-00.46.52:115][  0]LogHMD: SteamVR failed to initialize.  Err: 110
[2016.03.31-00.46.52:220][  0]LogAIModule: Creating AISystem for world NewWorld
[2016.03.31-00.46.52:225][  0]LogInit: XAudio2 using 'Speakers (Realtek High Definition Audio)' : 2 channels at 48 kHz using 32 bits per sample (channel mask 0x3)
[2016.03.31-00.46.52:458][  0]LogInit: FAudioDevice initialized.
[2016.03.31-00.46.52:484][  0]LogDerivedDataCache: Saved boot cache 0.03s 58MB C:/Users/David/AppData/Local/UnrealEngine/4.10/DerivedDataCache/Boot.ddc.
[2016.03.31-00.46.52:489][  0]LogInit: Texture streaming: Enabled
[2016.03.31-00.46.52:495][  0]LogAnalytics: Creating configured Analytics provider AnalyticsET
[2016.03.31-00.46.52:495][  0]LogAnalytics: [UEEditor.Rocket.Release] APIServer = http://et2.epicgames.com/ET2/. AppVersion = 4.10.2-2818068+++depot+UE4-Releases+4.10
[2016.03.31-00.46.52:495][  0]LogAnalytics: [UEEditor.Rocket.Release] SetUserId f3fd65ed42405c16483d24826775683a|859fd02483094003b2ff534449d086e1|f7dbdf05-1b9e-457e-a434-53e302263073
[2016.03.31-00.46.52:495][  0]LogAnalytics: [UEEditor.Rocket.Release] AnalyticsET::StartSession
[2016.03.31-00.46.52:505][  0]LogInit: Transaction tracking system initialized
[2016.03.31-00.46.52:535][  0]BlueprintLog: New page: Editor Load
[2016.03.31-00.46.52:675][  0]LocalizationService: Info Localization service is disabled
[2016.03.31-00.46.52:824][  0]LogConsoleResponse:Display: 
[2016.03.31-00.46.52:920][  0]LogCook:Display: Done creating registry. It took  0.00s.
[2016.03.31-00.46.53:214][  0]LogFileCache: Scanning file cache for directory 'C:/Users/David/Desktop/ASU/SER432/Group2/Maze_Of_Doom/Content/' took 0.02s
[2016.03.31-00.46.53:219][  0]SourceControl: Info Source control is disabled
[2016.03.31-00.46.53:219][  0]Cmd: MAP LOAD FILE="../../../../../../Users/David/Desktop/ASU/SER432/Group2/Maze_Of_Doom/Content/ThirdPersonCPP/Maps/ThirdPersonExampleMap.umap" TEMPLATE=0 SHOWPROGRESS=1 FEATURELEVEL=3
[2016.03.31-00.46.53:219][  0]LogEditorServer:Warning: Can't find file '../../../../../../Users/David/Desktop/ASU/SER432/Group2/Maze_Of_Doom/Content/ThirdPersonCPP/Maps/ThirdPersonExampleMap.umap'
[2016.03.31-00.46.53:219][  0]Cmd: MAP CHECKDEP NOCLEARLOG
[2016.03.31-00.46.53:256][  0]MapCheck: Info Map check complete: 0 Error(s), 0 Warning(s), took 36.663ms to complete.
[2016.03.31-00.46.53:256][  0]LogFileHelpers: Loading map 'ThirdPersonExampleMap' took 0.037
[2016.03.31-00.46.53:453][  0]LogCollectionManager: Loaded 0 collections in 0.002264 seconds
[2016.03.31-00.46.53:492][  0]LogFileCache: Scanning file cache for directory 'C:/Users/David/Desktop/ASU/SER432/Group2/Maze_Of_Doom/Saved/Collections/' took 0.01s
[2016.03.31-00.46.53:492][  0]LogFileCache: Scanning file cache for directory 'C:/Users/David/Desktop/ASU/SER432/Group2/Maze_Of_Doom/Content/Developers/David/Collections/' took 0.01s
[2016.03.31-00.46.53:492][  0]LogFileCache: Scanning file cache for directory 'C:/Users/David/Desktop/ASU/SER432/Group2/Maze_Of_Doom/Content/Collections/' took 0.01s
[2016.03.31-00.46.53:492][  0]LogCollectionManager: Rebuilt the GUID cache for 0 collections in 0.000002 seconds
[2016.03.31-00.46.53:499][  0]LogContentBrowser: Native class hierarchy populated in 0.0072 seconds. Added 1895 classes and 340 folders.
[2016.03.31-00.46.53:507][  0]LogContentBrowser: Native class hierarchy updated for 'WidgetCarousel' in 0.0013 seconds. Added 0 classes and 0 folders.
[2016.03.31-00.46.54:259][  0]LogContentBrowser: Native class hierarchy updated for 'AddContentDialog' in 0.0021 seconds. Added 0 classes and 0 folders.
[2016.03.31-00.46.54:273][  0]LogContentBrowser: Native class hierarchy updated for 'SceneOutliner' in 0.0020 seconds. Added 1 classes and 2 folders.
[2016.03.31-00.46.54:290][  0]LogCrashTracker: Crashtracker disabled due to settings.
[2016.03.31-00.46.54:296][  0]LogUObjectGlobals:Warning: Failed to find object 'Class None.'
[2016.03.31-00.46.54:319][  0]LogLoad: Full Startup: 24.65 seconds (BP compile: 0.13 seconds)
[2016.03.31-00.46.54:331][  0]LogOcInput: Can't find Oculus library dev build: is proper Runtime installed? Version: 0.8.0.0
[2016.03.31-00.46.54:426][  0]LogContentStreaming: Texture pool size now 1000 MB
[2016.03.31-00.46.54:555][  0]LogRenderer: Reallocating scene render targets to support 1208x572 (Frame:2).
[2016.03.31-00.46.54:737][  2]LogAssetRegistry: Asset discovery search completed in 3.3025 seconds
[2016.03.31-00.46.54:737][  2]LogCollectionManager: Rebuilt the object cache for 0 collections in 0.000000 seconds (found 0 objects)
[2016.03.31-00.46.54:737][  2]LogCollectionManager: Fixed up redirectors for 0 collections in 0.000028 seconds (updated 0 objects)
[2016.03.31-00.47.17:503][638]Recompiling Maze_Of_Doom...
[2016.03.31-00.47.17:503][638]Launching UnrealBuildTool... [C:/Program Files (x86)/Epic Games/4.10/Engine/Binaries/DotNET/UnrealBuildTool.exe Maze_Of_Doom -ModuleWithSuffix Maze_Of_Doom 4577 Win64 Development -editorrecompile -canskiplink "C:/Users/David/Desktop/ASU/SER432/Group2/Maze_Of_Doom/Maze_Of_Doom.uproject" -rocket  -rocket -2015]
[2016.03.31-00.47.17:505][638]Warning: Starting HotReload took  0.2s.
[2016.03.31-00.47.24:742][475]CompilerResultsLog: New page: Compilation - Mar 30, 2016, 10:47:24 AM
[2016.03.31-00.47.24:823][475]CompilerResultsLog: Info Creating makefile for hot reloading Maze_Of_Doom (modules to compile have changed)
[2016.03.31-00.47.24:823][475]CompilerResultsLog: Info Compiling game modules for hot reload
[2016.03.31-00.47.24:823][475]CompilerResultsLog: Info Performing 3 actions (4 in parallel)
[2016.03.31-00.47.24:823][475]CompilerResultsLog: Info LevelGenerator.cpp
[2016.03.31-00.47.24:823][475]CompilerResultsLog: Info Room.cpp
[2016.03.31-00.47.24:823][475]CompilerResultsLog:Error: Error c:\users\david\desktop\asu\ser432\group2\maze_of_doom\source\maze_of_doom\room.cpp(15)  : error C4706: assignment within conditional expression
[2016.03.31-00.47.24:823][475]CompilerResultsLog:Error: Error c:\users\david\desktop\asu\ser432\group2\maze_of_doom\source\maze_of_doom\room.cpp(22)  : error C4706: assignment within conditional expression
[2016.03.31-00.47.24:823][475]CompilerResultsLog:Error: Error c:\users\david\desktop\asu\ser432\group2\maze_of_doom\source\maze_of_doom\room.cpp(29)  : error C4706: assignment within conditional expression
[2016.03.31-00.47.24:824][475]CompilerResultsLog:Error: Error c:\users\david\desktop\asu\ser432\group2\maze_of_doom\source\maze_of_doom\room.cpp(36)  : error C4706: assignment within conditional expression
[2016.03.31-00.47.24:824][475]CompilerResultsLog:Error: Error C:\Users\David\Desktop\ASU\SER432\Group2\Maze_Of_Doom\Source\Maze_Of_Doom\LevelGenerator.cpp(58) : error C2276: '!': illegal operation on bound member function expression
[2016.03.31-00.47.24:824][475]CompilerResultsLog:Error: Error C:\Users\David\Desktop\ASU\SER432\Group2\Maze_Of_Doom\Source\Maze_Of_Doom\LevelGenerator.cpp(114) : error C3867: 'std::list<ARoom *,std::allocator<_Ty>>::size': non-standard syntax; use '&' to create a pointer to member
[2016.03.31-00.47.24:824][475]CompilerResultsLog: Info         with
[2016.03.31-00.47.24:824][475]CompilerResultsLog: Info         [
[2016.03.31-00.47.24:824][475]CompilerResultsLog: Info             _Ty=ARoom *
[2016.03.31-00.47.24:824][475]CompilerResultsLog: Info         ]
[2016.03.31-00.47.24:824][475]CompilerResultsLog:Error: Error C:\Users\David\Desktop\ASU\SER432\Group2\Maze_Of_Doom\Source\Maze_Of_Doom\LevelGenerator.cpp(114) : error C2446: '>=': no conversion from 'int32' to 'unsigned __int64 (__cdecl std::list<ARoom *,std::allocator<_Ty>>::* )(void) noexcept const'
[2016.03.31-00.47.24:824][475]CompilerResultsLog: Info         with
[2016.03.31-00.47.24:824][475]CompilerResultsLog: Info         [
[2016.03.31-00.47.24:824][475]CompilerResultsLog: Info             _Ty=ARoom *
[2016.03.31-00.47.24:824][475]CompilerResultsLog: Info         ]
[2016.03.31-00.47.24:824][475]CompilerResultsLog:Error: Error C:\Users\David\Desktop\ASU\SER432\Group2\Maze_Of_Doom\Source\Maze_Of_Doom\LevelGenerator.cpp(114) : note: There are no conversions from integral values to pointer-to-member values
[2016.03.31-00.47.24:824][475]CompilerResultsLog:Error: Error C:\Users\David\Desktop\ASU\SER432\Group2\Maze_Of_Doom\Source\Maze_Of_Doom\LevelGenerator.cpp(114) : error C2296: '>=': illegal, left operand has type 'unsigned __int64 (__cdecl std::list<ARoom *,std::allocator<_Ty>>::* )(void) noexcept const'
[2016.03.31-00.47.24:824][475]CompilerResultsLog: Info         with
[2016.03.31-00.47.24:824][475]CompilerResultsLog: Info         [
[2016.03.31-00.47.24:824][475]CompilerResultsLog: Info             _Ty=ARoom *
[2016.03.31-00.47.24:824][475]CompilerResultsLog: Info         ]
[2016.03.31-00.47.24:824][475]CompilerResultsLog: Info -------- End Detailed Actions Stats -----------------------------------------------------------
[2016.03.31-00.47.24:824][475]CompilerResultsLog: Info ERROR: UBT ERROR: Failed to produce item: C:\Users\David\Desktop\ASU\SER432\Group2\Maze_Of_Doom\Binaries\Win64\UE4Editor-Maze_Of_Doom-4577.dll
[2016.03.31-00.47.24:824][475]CompilerResultsLog: Info Total build time: 7.14 seconds
[2016.03.31-00.47.24:840][475]LogMainFrame: MainFrame: Module compiling took 7.468 seconds
[2016.03.31-00.47.24:853][475]Warning: HotReload failed, recompile failed
[2016.03.31-00.50.09:980][211]Recompiling Maze_Of_Doom...
[2016.03.31-00.50.09:980][211]Launching UnrealBuildTool... [C:/Program Files (x86)/Epic Games/4.10/Engine/Binaries/DotNET/UnrealBuildTool.exe Maze_Of_Doom -ModuleWithSuffix Maze_Of_Doom 5752 Win64 Development -editorrecompile -canskiplink "C:/Users/David/Desktop/ASU/SER432/Group2/Maze_Of_Doom/Maze_Of_Doom.uproject" -rocket  -rocket -2015]
[2016.03.31-00.50.09:982][211]Warning: Starting HotReload took  0.0s.
[2016.03.31-00.50.13:409][601]CompilerResultsLog: New page: Compilation - Mar 30, 2016, 10:50:13 AM
[2016.03.31-00.50.13:409][601]CompilerResultsLog: Info Compiling game modules for hot reload
[2016.03.31-00.50.13:410][601]CompilerResultsLog: Info Performing 3 actions (4 in parallel)
[2016.03.31-00.50.13:410][601]CompilerResultsLog: Info LevelGenerator.cpp
[2016.03.31-00.50.13:410][601]CompilerResultsLog: Info Room.cpp
[2016.03.31-00.50.13:410][601]CompilerResultsLog:Error: Error c:\users\david\desktop\asu\ser432\group2\maze_of_doom\source\maze_of_doom\levelgenerator.cpp(107)  : warning C4701: potentially uninitialized local variable 'room' used
[2016.03.31-00.50.13:410][601]CompilerResultsLog:Error: Error c:\users\david\desktop\asu\ser432\group2\maze_of_doom\source\maze_of_doom\levelgenerator.cpp(107)  : error C4703: potentially uninitialized local pointer variable 'room' used
[2016.03.31-00.50.13:410][601]CompilerResultsLog: Info -------- End Detailed Actions Stats -----------------------------------------------------------
[2016.03.31-00.50.13:410][601]CompilerResultsLog: Info ERROR: UBT ERROR: Failed to produce item: C:\Users\David\Desktop\ASU\SER432\Group2\Maze_Of_Doom\Binaries\Win64\UE4Editor-Maze_Of_Doom-5752.dll
[2016.03.31-00.50.13:410][601]CompilerResultsLog: Info Total build time: 3.36 seconds
[2016.03.31-00.50.13:410][601]LogMainFrame: MainFrame: Module compiling took 3.439 seconds
[2016.03.31-00.50.13:410][601]Warning: HotReload failed, recompile failed
[2016.03.31-00.50.58:541][642]Recompiling Maze_Of_Doom...
[2016.03.31-00.50.58:541][642]Launching UnrealBuildTool... [C:/Program Files (x86)/Epic Games/4.10/Engine/Binaries/DotNET/UnrealBuildTool.exe Maze_Of_Doom -ModuleWithSuffix Maze_Of_Doom 611 Win64 Development -editorrecompile -canskiplink "C:/Users/David/Desktop/ASU/SER432/Group2/Maze_Of_Doom/Maze_Of_Doom.uproject" -rocket  -rocket -2015]
[2016.03.31-00.50.58:543][642]Warning: Starting HotReload took  0.0s.
[2016.03.31-00.51.09:174][893]CompilerResultsLog: New page: Compilation - Mar 30, 2016, 10:51:09 AM
[2016.03.31-00.51.09:175][893]CompilerResultsLog: Info Compiling game modules for hot reload
[2016.03.31-00.51.09:175][893]CompilerResultsLog: Info Performing 2 actions (4 in parallel)
[2016.03.31-00.51.09:175][893]CompilerResultsLog: Info LevelGenerator.cpp
[2016.03.31-00.51.09:175][893]CompilerResultsLog: Info [2/2] Link UE4Editor-Maze_Of_Doom-611.dll
[2016.03.31-00.51.09:175][893]CompilerResultsLog: Info    Creating library C:\Users\David\Desktop\ASU\SER432\Group2\Maze_Of_Doom\Intermediate/Build/Win64\UE4Editor\Development\UE4Editor-Maze_Of_Doom-611.lib and object C:\Users\David\Desktop\ASU\SER432\Group2\Maze_Of_Doom\Intermediate/Build/Win64\UE4Editor\Development\UE4Editor-Maze_Of_Doom-611.exp
[2016.03.31-00.51.09:175][893]CompilerResultsLog: Info -------- End Detailed Actions Stats -----------------------------------------------------------
[2016.03.31-00.51.09:175][893]CompilerResultsLog: Info Total build time: 10.58 seconds
[2016.03.31-00.51.09:175][893]LogMainFrame: MainFrame: Module compiling took 10.642 seconds
[2016.03.31-00.51.09:319][893]LogClass: Could not find existing class LevelGenerator in package /Script/Maze_Of_Doom for HotReload, assuming new class
[2016.03.31-00.51.09:419][893]LogClass: Could not find existing class Pickup in package /Script/Maze_Of_Doom for HotReload, assuming new class
[2016.03.31-00.51.09:459][893]LogClass: Function IsActive is new.
[2016.03.31-00.51.09:459][893]LogClass: Function SetActive is new.
[2016.03.31-00.51.09:459][893]LogClass: Could not find existing class Room in package /Script/Maze_Of_Doom for HotReload, assuming new class
[2016.03.31-00.51.09:459][893]LogClass: Function getDoor is new.
[2016.03.31-00.51.09:459][893]LogClass: Function getOnPath is new.
[2016.03.31-00.51.09:459][893]LogClass: Function getX is new.
[2016.03.31-00.51.09:459][893]LogClass: Function getY is new.
[2016.03.31-00.51.09:459][893]LogClass: Function RotateRoom is new.
[2016.03.31-00.51.09:459][893]LogClass: Function setDoor is new.
[2016.03.31-00.51.09:459][893]LogClass: Function setOnPath is new.
[2016.03.31-00.51.09:459][893]LogClass: Function setPos is new.
[2016.03.31-00.51.09:460][893]LogHotReload: Re-instancing Maze_Of_DoomCharacter after hot-reload.
[2016.03.31-00.51.10:487][893]LogContentBrowser: Native class hierarchy updated for 'Maze_Of_Doom' in 0.0013 seconds. Added 5 classes and 2 folders.
[2016.03.31-00.51.10:488][893]Warning: HotReload successful (0 functions remapped  0 scriptstructs remapped)
[2016.03.31-00.51.10:548][893]LogContentBrowser: Native class hierarchy populated in 0.0077 seconds. Added 1899 classes and 342 folders.
[2016.03.31-00.51.27:216][429]LogClass:Warning: Type mismatch in Direction of Room_C - Previous (ArrayProperty) Current(IntProperty) for package:  FObjectReader
[2016.03.31-00.51.27:776][429]LogAIModule: Creating AISystem for world Level
[2016.03.31-00.51.27:869][429]Cmd: MAP LOAD FILE="../../../../../../Users/David/Desktop/ASU/SER432/Group2/Maze_Of_Doom/Content/Rooms/Level.umap" TEMPLATE=0 SHOWPROGRESS=1 FEATURELEVEL=3
[2016.03.31-00.51.27:869][429]LightingResults: New page: Lighting Build
[2016.03.31-00.51.27:885][429]LogContentBrowser: Native class hierarchy updated for 'StatsViewer' in 0.0012 seconds. Added 5 classes and 0 folders.
[2016.03.31-00.51.27:923][429]LoadErrors: New page: Loading map: Level.umap
[2016.03.31-00.51.27:939][429]MapCheck: New page: Map Check
[2016.03.31-00.51.27:939][429]LightingResults: New page: Lighting Build
[2016.03.31-00.51.27:955][429]LogParticles: Destroying 0 GPU particle simulations for FXSystem 0x0000024784563B00
[2016.03.31-00.51.28:042][429]LogEditorServer: Finished looking for orphan Actors (0.000 secs)
[2016.03.31-00.51.28:117][429]Cmd: MAP CHECKDEP NOCLEARLOG
[2016.03.31-00.51.28:159][429]MapCheck: Info Map check complete: 0 Error(s), 0 Warning(s), took 41.706ms to complete.
[2016.03.31-00.51.28:159][429]LogFileHelpers: Loading map 'Level' took 0.290
[2016.03.31-00.51.28:176][429]LoadErrors:Error: Error /Game/Rooms/Level : Failed import for IntProperty /Game/Rooms/Room.Room_C:Direction
[2016.03.31-00.53.03:999][767]LogEditor: Attempting to add actor of class 'LevelGenerator' to level at 590.00,30.00,690.00
[2016.03.31-00.53.09:390][339]LogEditor: Attempting to add actor of class 'LevelGenerator' to level at 580.00,0.00,670.00
[2016.03.31-00.53.10:473][468]LogEditor: Attempting to add actor of class 'LevelGenerator' to level at -150.00,130.00,20.00
[2016.03.31-00.53.19:177][400]LogLinker:Warning: Asset '../../../Engine/Content/ArtTools/RenderToTexture/Macros/RenderToTextureMacros.uasset' has been saved with empty engine version. The asset will be loaded but may be incompatible.
[2016.03.31-00.53.20:200][400]LogContentBrowser: Native class hierarchy updated for 'BlueprintGraph' in 0.0015 seconds. Added 107 classes and 0 folders.
[2016.03.31-00.54.32:946][554]Recompiling Maze_Of_Doom...
[2016.03.31-00.54.32:947][554]Launching UnrealBuildTool... [C:/Program Files (x86)/Epic Games/4.10/Engine/Binaries/DotNET/UnrealBuildTool.exe Maze_Of_Doom -ModuleWithSuffix Maze_Of_Doom 9779 Win64 Development -editorrecompile -canskiplink "C:/Users/David/Desktop/ASU/SER432/Group2/Maze_Of_Doom/Maze_Of_Doom.uproject" -rocket  -rocket -2015]
[2016.03.31-00.54.32:948][554]Warning: Starting HotReload took  0.0s.
[2016.03.31-00.55.02:493][235]CompilerResultsLog: New page: Compilation - Mar 30, 2016, 10:55:02 AM
[2016.03.31-00.55.02:493][235]CompilerResultsLog: Info Compiling game modules for hot reload
[2016.03.31-00.55.02:493][235]CompilerResultsLog: Info Parsing headers for Maze_Of_DoomEditor
[2016.03.31-00.55.02:493][235]CompilerResultsLog: Info   Running UnrealHeaderTool "C:/Users/David/Desktop/ASU/SER432/Group2/Maze_Of_Doom/Maze_Of_Doom.uproject" "C:\Users\David\Desktop\ASU\SER432\Group2\Maze_Of_Doom\Intermediate\Build\Win64\Maze_Of_DoomEditor\Development\UnrealHeaderTool.manifest" -LogCmds="loginit warning, logexit warning, logdatabase error" -rocket -installed
[2016.03.31-00.55.02:493][235]CompilerResultsLog: Info Reflection code generated for Maze_Of_DoomEditor in 24.4332136 seconds
[2016.03.31-00.55.02:494][235]CompilerResultsLog: Info Performing 3 actions (4 in parallel)
[2016.03.31-00.55.02:494][235]CompilerResultsLog: Info Maze_Of_Doom.generated.cpp
[2016.03.31-00.55.02:494][235]CompilerResultsLog: Info LevelGenerator.cpp
[2016.03.31-00.55.02:494][235]CompilerResultsLog: Info [3/3] Link UE4Editor-Maze_Of_Doom-9779.dll
[2016.03.31-00.55.02:494][235]CompilerResultsLog: Info    Creating library C:\Users\David\Desktop\ASU\SER432\Group2\Maze_Of_Doom\Intermediate/Build/Win64\UE4Editor\Development\UE4Editor-Maze_Of_Doom-9779.lib and object C:\Users\David\Desktop\ASU\SER432\Group2\Maze_Of_Doom\Intermediate/Build/Win64\UE4Editor\Development\UE4Editor-Maze_Of_Doom-9779.exp
[2016.03.31-00.55.02:494][235]CompilerResultsLog: Info -------- End Detailed Actions Stats -----------------------------------------------------------
[2016.03.31-00.55.02:494][235]CompilerResultsLog: Info Total build time: 29.29 seconds
[2016.03.31-00.55.02:494][235]LogMainFrame: MainFrame: Module compiling took 29.560 seconds
[2016.03.31-00.55.02:651][235]LogClass: Could not find existing class LevelGenerator in package /Script/Maze_Of_Doom for HotReload, assuming new class
[2016.03.31-00.55.02:651][235]LogClass: Function CreateLevel is new.
[2016.03.31-00.55.02:667][235]LogHotReload: Re-instancing LevelGenerator after hot-reload.
[2016.03.31-00.55.02:789][235]LogContentBrowser: Native class hierarchy updated for 'Maze_Of_Doom' in 0.0024 seconds. Added 5 classes and 2 folders.
[2016.03.31-00.55.02:793][235]Warning: HotReload successful (10 functions remapped  0 scriptstructs remapped)
[2016.03.31-00.55.03:420][235]LogContentBrowser: Native class hierarchy populated in 0.0078 seconds. Added 1899 classes and 342 folders.
[2016.03.31-00.55.09:535][712]BlueprintLog: New page: Compile Level
[2016.03.31-00.55.09:663][712]BlueprintEditorCompileResults: Info [0519.99] Compile of Level successful! [in 124 ms]
[2016.03.31-00.58.25:697][643]LogBlueprintUserMessages: Early PlayInEditor Detection: Level '/Game/Rooms/Level.Level:PersistentLevel' has LevelScriptBlueprint '/Game/Rooms/Level.Level:PersistentLevel.Level' with GeneratedClass '/Game/Rooms/Level.Level_C' with ClassGeneratedBy '/Game/Rooms/Level.Level:PersistentLevel.Level'
[2016.03.31-00.58.25:697][643]BlueprintLog: New page: Pre-Play auto-recompile
[2016.03.31-00.58.25:703][643]LogPlayLevel: [PlayLevel] Compiling Level before play...
[2016.03.31-00.58.25:876][643]LogPlayLevel: PlayLevel: Blueprint regeneration took 178 ms (1 blueprints)
[2016.03.31-00.58.25:996][643]PIE: New page: PIE session: Level (Mar 30, 2016, 10:58:25 AM)
[2016.03.31-00.58.26:015][643]LogPlayLevel: Creating play world package: /Game/Rooms/UEDPIE_0_Level
[2016.03.31-00.58.26:059][643]LogPlayLevel: PIE: StaticDuplicateObject took: (0.043976s)
[2016.03.31-00.58.26:062][643]LogAIModule: Creating AISystem for world Level
[2016.03.31-00.58.26:062][643]LogPlayLevel: PIE: World Init took: (0.002468s)
[2016.03.31-00.58.26:063][643]LogPlayLevel: PIE: Created PIE world by copying editor world from /Game/Rooms/Level.Level to /Game/Rooms/UEDPIE_0_Level.Level (0.057141s)
[2016.03.31-00.58.26:189][643]LogInit: XAudio2 using 'Speakers (Realtek High Definition Audio)' : 2 channels at 48 kHz using 32 bits per sample (channel mask 0x3)
[2016.03.31-00.58.26:214][643]LogInit: FAudioDevice initialized.
[2016.03.31-00.58.26:391][643]LogWorld: Game class is 'Maze_Of_DoomGameMode'
[2016.03.31-00.58.26:525][643]LogWorld: Bringing World /Game/Rooms/UEDPIE_0_Level.Level up for play (max tick rate 0) at 2016.03.30-17.58.26
[2016.03.31-00.58.26:525][643]LogActor:Warning: GameSession /Game/Rooms/UEDPIE_0_Level.Level:PersistentLevel.GameSession_0 has natively added scene component(s), but none of them were set as the actor's RootComponent - picking one arbitrarily
[2016.03.31-00.58.26:542][643]LogActor:Warning: GameNetworkManager /Game/Rooms/UEDPIE_0_Level.Level:PersistentLevel.GameNetworkManager_0 has natively added scene component(s), but none of them were set as the actor's RootComponent - picking one arbitrarily
[2016.03.31-00.58.26:552][643]LogWorld: Bringing up level for play took: 0.027999
[2016.03.31-00.58.27:077][643]LogWindows:Error: Windows GetLastError: The operation completed successfully. (0)
[2016.03.31-00.58.34:139][643]LogCrashTracker: 


[2016.03.31-00.58.34:299][643]LogCrashTracker: 


[2016.03.31-00.58.34:299][643]LogWindows:Error: === Critical error: ===
Fatal error: [File:D:\BuildFarm\buildmachine_++depot+UE4-Releases+4.10\Engine\Source\Runtime\CoreUObject\Private\UObject\UObjectGlobals.cpp] [Line: 2069] 
Room_8 is not being constructed with either NewObject, NewNamedObject or ConstructObject.




[2016.03.31-00.58.34:414][643]LogExit: Executing StaticShutdownAfterError
[2016.03.31-00.58.34:419][643]LogOutputDevice:Warning: 

Script Stack:
Level_C.ExecuteUbergraph_Level

[2016.03.31-00.58.34:435][643]LogPhysics:Warning: PHYSX: ..\..\PhysX\src\NpScene.cpp (2946) 8 : PxScene::unlockWrite() called without matching call to PxScene::lockWrite(), behaviour will be undefined.
[2016.03.31-00.58.34:435][643]LogPhysics:Warning: PHYSX: ..\..\PhysX\src\NpScene.cpp (2946) 8 : PxScene::unlockWrite() called without matching call to PxScene::lockWrite(), behaviour will be undefined.
[2016.03.31-00.58.34:435][643]LogPhysics:Warning: PHYSX: ..\..\PhysX\src\NpScene.cpp (2946) 8 : PxScene::unlockWrite() called without matching call to PxScene::lockWrite(), behaviour will be undefined.
[2016.03.31-00.58.34:435][643]LogPhysics:Warning: PHYSX: ..\..\PhysX\src\NpScene.cpp (2946) 8 : PxScene::unlockWrite() called without matching call to PxScene::lockWrite(), behaviour will be undefined.
[2016.03.31-00.58.34:436][643]LogPhysics:Warning: PHYSX: ..\..\PhysX\src\NpScene.cpp (2946) 8 : PxScene::unlockWrite() called without matching call to PxScene::lockWrite(), behaviour will be undefined.
[2016.03.31-00.58.34:436][643]LogPhysics:Warning: PHYSX: ..\..\PhysX\src\NpScene.cpp (2946) 8 : PxScene::unlockWrite() called without matching call to PxScene::lockWrite(), behaviour will be undefined.
[2016.03.31-00.58.34:436][643]LogWindows: FPlatformMisc::RequestExit(1)
[2016.03.31-00.58.34:436][643]Log file closed, 03/30/16 17:58:34
