[2016.03.20-21.32.11:650][  0]Log file open, 03/20/16 14:32:11
[2016.03.20-21.32.11:650][  0]LogInit:Display: Running engine for game: Maze_Of_Doom
[2016.03.20-21.32.11:650][  0]LogPlatformFile: Not using cached read wrapper
[2016.03.20-21.32.11:650][  0]LogInit:Display: RandInit(112565104) SRandInit(112565108).
[2016.03.20-21.32.11:650][  0]LogTaskGraph: Started task graph with 4 named threads and 7 total threads.
[2016.03.20-21.32.11:650][  0]LogStats: Stats thread started at 0.168115
[2016.03.20-21.32.11:650][  0]LogInit: Version: 4.10.4-2872498+++depot+UE4-Releases+4.10
[2016.03.20-21.32.11:650][  0]LogInit: API Version: 2758231
[2016.03.20-21.32.11:650][  0]LogInit: Compiled (64-bit): Feb 18 2016 15:47:04
[2016.03.20-21.32.11:650][  0]LogInit: Compiled with Visual C++: 19.00.23026.00
[2016.03.20-21.32.11:650][  0]LogInit: Build Configuration: Development
[2016.03.20-21.32.11:650][  0]LogInit: Branch Name: ++depot+UE4-Releases+4.10
[2016.03.20-21.32.11:650][  0]LogInit: Command line: -EpicPortal 
[2016.03.20-21.32.11:650][  0]LogInit: Base directory: C:/Program Files (x86)/Epic Games/4.10/Engine/Binaries/Win64/
[2016.03.20-21.32.11:650][  0]LogInit: Rocket: 1
[2016.03.20-21.32.11:674][  0]LogInit: Using libcurl 7.41.0
[2016.03.20-21.32.11:674][  0]LogInit:  - built for x86_64-pc-win32
[2016.03.20-21.32.11:674][  0]LogInit:  - supports SSL with WinSSL
[2016.03.20-21.32.11:674][  0]LogInit:  - other features:
[2016.03.20-21.32.11:674][  0]LogInit:      CURL_VERSION_SSL
[2016.03.20-21.32.11:674][  0]LogInit:      CURL_VERSION_IPV6
[2016.03.20-21.32.11:674][  0]LogInit:      CURL_VERSION_ASYNCHDNS
[2016.03.20-21.32.11:674][  0]LogInit:      CURL_VERSION_LARGEFILE
[2016.03.20-21.32.11:674][  0]LogInit:      CURL_VERSION_IDN
[2016.03.20-21.32.11:674][  0]LogInit:  CurlRequestOptions (configurable via config and command line):
[2016.03.20-21.32.11:674][  0]LogInit:  - bVerifyPeer = true  - Libcurl will verify peer certificate
[2016.03.20-21.32.11:674][  0]LogInit:  - bUseHttpProxy = false  - Libcurl will NOT use HTTP proxy
[2016.03.20-21.32.11:674][  0]LogInit:  - bDontReuseConnections = false  - Libcurl will reuse connections
[2016.03.20-21.32.11:674][  0]LogInit:  - CertBundlePath = nullptr  - Libcurl will use whatever was configured at build time.
[2016.03.20-21.32.11:699][  0]LogInit: Presizing for 0 objects not considered by GC, pre-allocating 0 bytes.
[2016.03.20-21.32.11:719][  0]LogInit: Object subsystem initialized
[2016.03.20-21.32.11:722][  0]LogInit: Selected Device Profile: [Windows]
[2016.03.20-21.32.11:722][  0]LogInit: Applying CVar settings loaded from the selected device profile: [Windows]
[2016.03.20-21.32.11:753][  0]LogInit: Computer: DRTRACY1
[2016.03.20-21.32.11:753][  0]LogInit: User: daniel
[2016.03.20-21.32.11:753][  0]LogInit: CPU Page size=4096, Cores=4
[2016.03.20-21.32.11:753][  0]LogInit: High frequency timer resolution =2.338347 MHz
[2016.03.20-21.32.11:753][  0]LogMemory: Memory total: Physical=7.8GB (8GB approx)
[2016.03.20-21.32.11:753][  0]LogMemory: Platform Memory Stats for Windows
[2016.03.20-21.32.11:754][  0]LogMemory: Process Physical Memory: 56.37 MB used, 56.37 MB peak
[2016.03.20-21.32.11:754][  0]LogMemory: Process Virtual Memory: 57.00 MB used, 57.00 MB peak
[2016.03.20-21.32.11:754][  0]LogMemory: Physical Memory: 3860.45 MB used, 7944.27 MB total
[2016.03.20-21.32.11:754][  0]LogMemory: Virtual Memory: 383.85 MB used, 134217728.00 MB total
[2016.03.20-21.32.11:825][  0]LogTextLocalizationManager: No specific translations for ('en-US') exist, so ('en') translations will be used.
[2016.03.20-21.32.13:253][  0]LogD3D11RHI: Found D3D11 adapter 0: Intel(R) HD Graphics 4600 (Feature Level 11_0)
[2016.03.20-21.32.13:253][  0]LogD3D11RHI: Adapter has 112MB of dedicated video memory, 0MB of dedicated system memory, and 3972MB of shared system memory, 1 output[s]
[2016.03.20-21.32.13:257][  0]LogD3D11RHI: Found D3D11 adapter 1: Microsoft Basic Render Driver (Feature Level 11_0)
[2016.03.20-21.32.13:257][  0]LogD3D11RHI: Adapter has 0MB of dedicated video memory, 0MB of dedicated system memory, and 3972MB of shared system memory, 0 output[s]
[2016.03.20-21.32.13:258][  0]LogD3D11RHI: Chosen D3D11 Adapter Id = 0
[2016.03.20-21.32.13:269][  0]LogD3D11RHI: !Direct3DDevice
[2016.03.20-21.32.13:270][  0]LogRHI: Texture pool is 1361 MB (70% of 1945 MB)
[2016.03.20-21.32.13:283][  0]LogD3D11RHI: Async texture creation enabled
[2016.03.20-21.32.13:295][  0]LogShaderCompilers: Guid format shader working directory is -30 characters bigger than the processId version (../../../../../../Users/daniel/Documents/Unreal Projects/Group2/Maze_Of_Doom/Intermediate/Shaders/WorkingDirectory/10936/).
[2016.03.20-21.32.13:295][  0]LogShaderCompilers: Cleaned the shader compiler working directory 'C:/Users/daniel/AppData/Local/Temp/UnrealShaderWorkingDir/B9F3FF6A4D9B6523DC1C0E998AA60B23/'.
[2016.03.20-21.32.13:295][  0]LogShaderCompilers:Display: Using Local Shader Compiler.
[2016.03.20-21.32.15:972][  0]LogTemp:Display: Loaded TP AllDesktopTargetPlatform
[2016.03.20-21.32.15:990][  0]LogTemp:Display: Loaded TP WindowsClientTargetPlatform
[2016.03.20-21.32.16:007][  0]LogTemp:Display: Loaded TP WindowsNoEditorTargetPlatform
[2016.03.20-21.32.16:024][  0]LogTemp:Display: Loaded TP WindowsServerTargetPlatform
[2016.03.20-21.32.16:040][  0]LogTemp:Display: Loaded TP WindowsTargetPlatform
[2016.03.20-21.32.16:051][  0]LogTemp:Display: Loaded TP AndroidTargetPlatform
[2016.03.20-21.32.16:061][  0]LogTemp:Display: Loaded TP Android_ASTCTargetPlatform
[2016.03.20-21.32.16:071][  0]LogTemp:Display: Loaded TP Android_ATCTargetPlatform
[2016.03.20-21.32.16:082][  0]LogTemp:Display: Loaded TP Android_DXTTargetPlatform
[2016.03.20-21.32.16:093][  0]LogTemp:Display: Loaded TP Android_ETC1TargetPlatform
[2016.03.20-21.32.16:104][  0]LogTemp:Display: Loaded TP Android_ETC2TargetPlatform
[2016.03.20-21.32.16:126][  0]LogTemp:Display: Loaded TP Android_MultiTargetPlatform
[2016.03.20-21.32.16:126][  0]LogTemp:Display: Loaded TP Android_PVRTCTargetPlatform
[2016.03.20-21.32.16:129][  0]LogTemp:Display: Loaded TP HTML5TargetPlatform
[2016.03.20-21.32.16:161][  0]LogTemp:Display: Loaded TP IOSTargetPlatform
[2016.03.20-21.32.16:170][  0]LogTemp:Display: Loaded TP LinuxNoEditorTargetPlatform
[2016.03.20-21.32.16:180][  0]LogTemp:Display: Loaded TP LinuxServerTargetPlatform
[2016.03.20-21.32.16:191][  0]LogTemp:Display: Loaded TP LinuxTargetPlatform
[2016.03.20-21.32.16:191][  0]LogTargetPlatformManager:Display: Building Assets For Windows
[2016.03.20-21.32.16:499][  0]LogDerivedDataCache:Display: Max Cache Size: 512 MB
[2016.03.20-21.32.16:643][  0]LogDerivedDataCache: Loaded boot cache 0.14s 42MB C:/Users/daniel/AppData/Local/UnrealEngine/4.10/DerivedDataCache/Boot.ddc.
[2016.03.20-21.32.16:643][  0]LogDerivedDataCache:Display: Loaded Boot cache: C:/Users/daniel/AppData/Local/UnrealEngine/4.10/DerivedDataCache/Boot.ddc
[2016.03.20-21.32.16:643][  0]LogDerivedDataCache: FDerivedDataBackendGraph:  Pak pak cache file ../../../../../../Users/daniel/Documents/Unreal Projects/Group2/Maze_Of_Doom/DerivedDataCache/DDC.ddp not found, will not use a pak cache.
[2016.03.20-21.32.16:643][  0]LogDerivedDataCache: Unable to find inner node Pak for hierarchical cache Hierarchy.
[2016.03.20-21.32.16:643][  0]LogDerivedDataCache: FDerivedDataBackendGraph:  CompressedPak pak cache file ../../../../../../Users/daniel/Documents/Unreal Projects/Group2/Maze_Of_Doom/DerivedDataCache/Compressed.ddp not found, will not use a pak cache.
[2016.03.20-21.32.16:643][  0]LogDerivedDataCache: Unable to find inner node CompressedPak for hierarchical cache Hierarchy.
[2016.03.20-21.32.16:862][  0]LogDerivedDataCache:Display: Pak cache opened for reading ../../../Engine/DerivedDataCache/Compressed.ddp.
[2016.03.20-21.32.16:876][  0]LogDerivedDataCache: Using Local data cache path C:/Users/daniel/AppData/Local/UnrealEngine/Common/DerivedDataCache: Writable
[2016.03.20-21.32.17:460][  0]LogInit: Selected Device Profile: [Windows]
[2016.03.20-21.32.17:469][  0]LogContentStreaming: Texture pool size is 0.000000MB
[2016.03.20-21.32.17:842][  0]LogMeshUtilities: No automatic mesh reduction module available
[2016.03.20-21.32.17:842][  0]LogMeshUtilities: No automatic mesh merging module available
[2016.03.20-21.32.18:533][  0]LogInit: WinSock: version 1.1 (2.2), MaxSocks=32767, MaxUdp=65467
[2016.03.20-21.32.21:064][  0]UdpMessaging: Initializing bridge on interface 0.0.0.0:0 to multicast group 230.0.0.1:6666.
[2016.03.20-21.32.21:731][  0]LogAssetRegistry: FAssetRegistry took 0.0119 seconds to start up
[2016.03.20-21.32.22:310][  0]SourceControl: Info Source control is disabled
[2016.03.20-21.32.22:407][  0]SourceControl: Info Source control is disabled
[2016.03.20-21.32.22:456][  0]SourceControl: Info Source control is disabled
[2016.03.20-21.32.22:500][  0]SourceControl: Info Source control is disabled
[2016.03.20-21.32.23:378][  0]LogObj: 31665 objects as part of root set at end of initial load.
[2016.03.20-21.32.23:378][  0]LogUObjectAllocator: 7183264 out of 0 bytes used by permanent object pool.
[2016.03.20-21.32.23:545][  0]LogEngine: Initializing Engine...
[2016.03.20-21.32.23:554][  0]LogHMD: Can't find Oculus library dev build: is proper Runtime installed? Version: 0.8.0.0
[2016.03.20-21.32.23:556][  0]LogHMD: SteamVR failed to initialize.  Err: 110
[2016.03.20-21.32.23:963][  0]LogAIModule: Creating AISystem for world NewWorld
[2016.03.20-21.32.23:979][  0]LogInit: XAudio2 using 'Speakers (Conexant SmartAudio HD)' : 2 channels at 48 kHz using 32 bits per sample (channel mask 0x3)
[2016.03.20-21.32.24:429][  0]LogInit: FAudioDevice initialized.
[2016.03.20-21.32.24:491][  0]LogDerivedDataCache: Saved boot cache 0.06s 42MB C:/Users/daniel/AppData/Local/UnrealEngine/4.10/DerivedDataCache/Boot.ddc.
[2016.03.20-21.32.24:505][  0]LogInit: Texture streaming: Enabled
[2016.03.20-21.32.24:525][  0]LogAnalytics: Creating configured Analytics provider AnalyticsET
[2016.03.20-21.32.24:526][  0]LogAnalytics: [UEEditor.Rocket.Release] APIServer = http://et2.epicgames.com/ET2/. AppVersion = 4.10.4-2872498+++depot+UE4-Releases+4.10
[2016.03.20-21.32.24:526][  0]LogAnalytics: [UEEditor.Rocket.Release] SetUserId e6cbf966431e512a7b04d5a733ea392e|6c86b16b7988417dbbb074f7c748ba39|eca68250-45aa-4f00-a963-ae6ccfaa3f66
[2016.03.20-21.32.24:526][  0]LogAnalytics: [UEEditor.Rocket.Release] AnalyticsET::StartSession
[2016.03.20-21.32.24:553][  0]LogInit: Transaction tracking system initialized
[2016.03.20-21.32.24:656][  0]BlueprintLog: New page: Editor Load
[2016.03.20-21.32.25:052][  0]LocalizationService: Info Localization service is disabled
[2016.03.20-21.32.25:809][  0]LogConsoleResponse:Display: 
[2016.03.20-21.32.26:140][  0]LogCook:Display: Done creating registry. It took  0.00s.
[2016.03.20-21.32.26:353][  0]LogFileCache: Scanning file cache for directory 'C:/Users/daniel/Documents/Unreal Projects/Group2/Maze_Of_Doom/Content/' took 0.02s
[2016.03.20-21.32.26:353][  0]SourceControl: Info Source control is disabled
[2016.03.20-21.32.26:353][  0]Cmd: MAP LOAD FILE="../../../../../../Users/daniel/Documents/Unreal Projects/Group2/Maze_Of_Doom/Content/ThirdPersonCPP/Maps/ThirdPersonExampleMap.umap" TEMPLATE=0 SHOWPROGRESS=1 FEATURELEVEL=3
[2016.03.20-21.32.26:354][  0]LightingResults: New page: Lighting Build
[2016.03.20-21.32.26:365][  0]MapCheck: New page: Map Check
[2016.03.20-21.32.26:365][  0]LightingResults: New page: Lighting Build
[2016.03.20-21.32.26:399][  0]LogParticles: Destroying 0 GPU particle simulations for FXSystem 0x000001D0B2447420
[2016.03.20-21.32.26:896][  0]LogAIModule: Creating AISystem for world ThirdPersonExampleMap
[2016.03.20-21.32.26:914][  0]LogEditorServer: Finished looking for orphan Actors (0.000 secs)
[2016.03.20-21.32.26:915][  0]Cmd: MAP CHECKDEP NOCLEARLOG
[2016.03.20-21.32.27:070][  0]MapCheck: Info Map check complete: 0 Error(s), 0 Warning(s), took 154.326ms to complete.
[2016.03.20-21.32.27:070][  0]LogFileHelpers: Loading map 'ThirdPersonExampleMap' took 0.718
[2016.03.20-21.32.27:300][  0]LogCollectionManager: Loaded 0 collections in 0.008679 seconds
[2016.03.20-21.32.27:355][  0]LogFileCache: Scanning file cache for directory 'C:/Users/daniel/Documents/Unreal Projects/Group2/Maze_Of_Doom/Saved/Collections/' took 0.01s
[2016.03.20-21.32.27:355][  0]LogFileCache: Scanning file cache for directory 'C:/Users/daniel/Documents/Unreal Projects/Group2/Maze_Of_Doom/Content/Developers/daniel/Collections/' took 0.01s
[2016.03.20-21.32.27:355][  0]LogFileCache: Scanning file cache for directory 'C:/Users/daniel/Documents/Unreal Projects/Group2/Maze_Of_Doom/Content/Collections/' took 0.01s
[2016.03.20-21.32.27:355][  0]LogCollectionManager: Rebuilt the GUID cache for 0 collections in 0.000005 seconds
[2016.03.20-21.32.27:381][  0]LogContentBrowser: Native class hierarchy populated in 0.0265 seconds. Added 1895 classes and 340 folders.
[2016.03.20-21.32.27:408][  0]LogContentBrowser: Native class hierarchy updated for 'WidgetCarousel' in 0.0045 seconds. Added 0 classes and 0 folders.
[2016.03.20-21.32.27:558][  0]LogContentBrowser: Native class hierarchy updated for 'AddContentDialog' in 0.0045 seconds. Added 0 classes and 0 folders.
[2016.03.20-21.32.27:590][  0]LogContentBrowser: Native class hierarchy updated for 'SceneOutliner' in 0.0046 seconds. Added 1 classes and 2 folders.
[2016.03.20-21.32.27:654][  0]LogCrashTracker: Crashtracker disabled due to settings.
[2016.03.20-21.32.27:664][  0]LogUObjectGlobals:Warning: Failed to find object 'Class None.'
[2016.03.20-21.32.27:689][  0]LogLoad: Full Startup: 18.64 seconds (BP compile: 0.18 seconds)
[2016.03.20-21.32.27:707][  0]LogWindowsTextInputMethodSystem:Display: IME system now deactivated.
[2016.03.20-21.32.27:717][  0]LogOcInput: Can't find Oculus library dev build: is proper Runtime installed? Version: 0.8.0.0
[2016.03.20-21.32.27:834][  0]LogContentStreaming: Texture pool size now 400 MB
[2016.03.20-21.32.28:252][  2]LogRenderer: Reallocating scene render targets to support 820x464 (Frame:2).
[2016.03.20-21.32.29:538][  6]LogAssetRegistry: Asset discovery search completed in 7.8179 seconds
[2016.03.20-21.32.29:538][  6]LogCollectionManager: Rebuilt the object cache for 0 collections in 0.000001 seconds (found 0 objects)
[2016.03.20-21.32.29:538][  6]LogCollectionManager: Fixed up redirectors for 0 collections in 0.000110 seconds (updated 0 objects)
[2016.03.20-21.32.32:135][151]LogBlueprintUserMessages: Early PlayInEditor Detection: Level '/Game/ThirdPersonCPP/Maps/ThirdPersonExampleMap.ThirdPersonExampleMap:PersistentLevel' has LevelScriptBlueprint '/Game/ThirdPersonCPP/Maps/ThirdPersonExampleMap.ThirdPersonExampleMap:PersistentLevel.ThirdPersonExampleMap' with GeneratedClass '/Game/ThirdPersonCPP/Maps/ThirdPersonExampleMap.ThirdPersonExampleMap_C' with ClassGeneratedBy '/Game/ThirdPersonCPP/Maps/ThirdPersonExampleMap.ThirdPersonExampleMap:PersistentLevel.ThirdPersonExampleMap'
[2016.03.20-21.32.32:135][151]LogPlayLevel: PlayLevel: No blueprints needed recompiling
[2016.03.20-21.32.32:136][151]PIE: New page: PIE session: ThirdPersonExampleMap (Mar 20, 2016, 7:32:32 AM)
[2016.03.20-21.32.32:136][151]LogPlayLevel: Creating play world package: /Game/ThirdPersonCPP/Maps/UEDPIE_0_ThirdPersonExampleMap
[2016.03.20-21.32.32:211][151]LogPlayLevel: PIE: StaticDuplicateObject took: (0.074036s)
[2016.03.20-21.32.32:212][151]LogAIModule: Creating AISystem for world ThirdPersonExampleMap
[2016.03.20-21.32.32:213][151]LogPlayLevel: PIE: World Init took: (0.002093s)
[2016.03.20-21.32.32:213][151]LogPlayLevel: PIE: Created PIE world by copying editor world from /Game/ThirdPersonCPP/Maps/ThirdPersonExampleMap.ThirdPersonExampleMap to /Game/ThirdPersonCPP/Maps/UEDPIE_0_ThirdPersonExampleMap.ThirdPersonExampleMap (0.076795s)
[2016.03.20-21.32.32:213][151]LogActorComponent: UnregisterComponent: (/Engine/Transient.CharMoveComp) Not registered. Aborting.
[2016.03.20-21.32.32:267][151]LogInit: XAudio2 using 'Speakers (Conexant SmartAudio HD)' : 2 channels at 48 kHz using 32 bits per sample (channel mask 0x3)
[2016.03.20-21.32.32:599][151]LogInit: FAudioDevice initialized.
[2016.03.20-21.32.32:672][151]LogWorld: Game class is 'Maze_Of_DoomGameMode'
[2016.03.20-21.32.32:685][151]LogWorld: Bringing World /Game/ThirdPersonCPP/Maps/UEDPIE_0_ThirdPersonExampleMap.ThirdPersonExampleMap up for play (max tick rate 60) at 2016.03.20-14.32.32
[2016.03.20-21.32.32:685][151]LogActor:Warning: GameSession /Game/ThirdPersonCPP/Maps/UEDPIE_0_ThirdPersonExampleMap.ThirdPersonExampleMap:PersistentLevel.GameSession_0 has natively added scene component(s), but none of them were set as the actor's RootComponent - picking one arbitrarily
[2016.03.20-21.32.32:685][151]LogActor:Warning: GameNetworkManager /Game/ThirdPersonCPP/Maps/UEDPIE_0_ThirdPersonExampleMap.ThirdPersonExampleMap:PersistentLevel.GameNetworkManager_0 has natively added scene component(s), but none of them were set as the actor's RootComponent - picking one arbitrarily
[2016.03.20-21.32.32:687][151]LogWorld: Bringing up level for play took: 0.010703
[2016.03.20-21.32.32:690][151]PIE: Info Play in editor start time for /Game/ThirdPersonCPP/Maps/UEDPIE_0_ThirdPersonExampleMap -0.169
[2016.03.20-21.32.32:691][151]LogBlueprintUserMessages: Late PlayInEditor Detection: Level '/Game/ThirdPersonCPP/Maps/ThirdPersonExampleMap.ThirdPersonExampleMap:PersistentLevel' has LevelScriptBlueprint '/Game/ThirdPersonCPP/Maps/ThirdPersonExampleMap.ThirdPersonExampleMap:PersistentLevel.ThirdPersonExampleMap' with GeneratedClass '/Game/ThirdPersonCPP/Maps/ThirdPersonExampleMap.ThirdPersonExampleMap_C' with ClassGeneratedBy '/Game/ThirdPersonCPP/Maps/ThirdPersonExampleMap.ThirdPersonExampleMap:PersistentLevel.ThirdPersonExampleMap'
[2016.03.20-21.32.37:451][425]LogBlueprintUserMessages: Early EndPlayMap Detection: Level '/Game/ThirdPersonCPP/Maps/ThirdPersonExampleMap.ThirdPersonExampleMap:PersistentLevel' has LevelScriptBlueprint '/Game/ThirdPersonCPP/Maps/ThirdPersonExampleMap.ThirdPersonExampleMap:PersistentLevel.ThirdPersonExampleMap' with GeneratedClass '/Game/ThirdPersonCPP/Maps/ThirdPersonExampleMap.ThirdPersonExampleMap_C' with ClassGeneratedBy '/Game/ThirdPersonCPP/Maps/ThirdPersonExampleMap.ThirdPersonExampleMap:PersistentLevel.ThirdPersonExampleMap'
[2016.03.20-21.32.37:500][425]LogBlueprintUserMessages: Late EndPlayMap Detection: Level '/Game/ThirdPersonCPP/Maps/ThirdPersonExampleMap.ThirdPersonExampleMap:PersistentLevel' has LevelScriptBlueprint '/Game/ThirdPersonCPP/Maps/ThirdPersonExampleMap.ThirdPersonExampleMap:PersistentLevel.ThirdPersonExampleMap' with GeneratedClass '/Game/ThirdPersonCPP/Maps/ThirdPersonExampleMap.ThirdPersonExampleMap_C' with ClassGeneratedBy '/Game/ThirdPersonCPP/Maps/ThirdPersonExampleMap.ThirdPersonExampleMap:PersistentLevel.ThirdPersonExampleMap'
[2016.03.20-21.32.37:543][425]LogParticles: Destroying 0 GPU particle simulations for FXSystem 0x000001D0BE891C60
[2016.03.20-21.32.38:845][480]LogWindowsTextInputMethodSystem:Display: IME system now deactivated.
[2016.03.20-21.32.39:291][481]Cmd: QUIT_EDITOR
[2016.03.20-21.32.39:980][481]LogExit: Preparing to exit.
[2016.03.20-21.32.41:193][481]LogExit: Editor shut down
[2016.03.20-21.32.41:194][481]LogExit: Transaction tracking system shut down
[2016.03.20-21.32.41:197][481]LogParticles: Destroying 0 GPU particle simulations for FXSystem 0x000001D0A8A87560
[2016.03.20-21.32.41:198][481]LogParticles: Destroying 0 GPU particle simulations for FXSystem 0x000001D0B9545580
[2016.03.20-21.32.41:198][481]LogParticles: Destroying 0 GPU particle simulations for FXSystem 0x000001D0BD3D2B60
[2016.03.20-21.32.41:619][481]LogExit: Object subsystem successfully closed.
[2016.03.20-21.32.41:643][481]LogD3D11RHI: Shutdown
[2016.03.20-21.32.41:643][481]LogD3D11RHI: CleanupD3DDevice
[2016.03.20-21.32.41:819][481]LogD3D11RHI: ~FD3D11DynamicRHI
[2016.03.20-21.32.41:864][481]LogModuleManager: Shutting down and abandoning module CrashTracker (199)
[2016.03.20-21.32.41:864][481]LogModuleManager: Shutting down and abandoning module SceneOutliner (198)
[2016.03.20-21.32.41:864][481]LogModuleManager: Shutting down and abandoning module SuperSearch (197)
[2016.03.20-21.32.41:864][481]LogModuleManager: Shutting down and abandoning module WidgetCarousel (196)
[2016.03.20-21.32.41:864][481]LogModuleManager: Shutting down and abandoning module AddContentDialog (195)
[2016.03.20-21.32.41:867][481]LogModuleManager: Shutting down and abandoning module EditorWidgets (194)
[2016.03.20-21.32.41:867][481]LogModuleManager: Shutting down and abandoning module CollectionManager (193)
[2016.03.20-21.32.41:867][481]LogModuleManager: Shutting down and abandoning module StatsViewer (192)
[2016.03.20-21.32.41:867][481]LogModuleManager: Shutting down and abandoning module FoliageEdit (191)
[2016.03.20-21.32.41:867][481]LogModuleManager: Shutting down and abandoning module LandscapeEditor (190)
[2016.03.20-21.32.41:868][481]LogModuleManager: Shutting down and abandoning module ActorPickerMode (189)
[2016.03.20-21.32.41:868][481]LogModuleManager: Shutting down and abandoning module GeometryMode (188)
[2016.03.20-21.32.41:868][481]LogModuleManager: Shutting down and abandoning module TextureAlignMode (187)
[2016.03.20-21.32.41:868][481]LogModuleManager: Shutting down and abandoning module BspMode (186)
[2016.03.20-21.32.41:868][481]LogModuleManager: Shutting down and abandoning module PlacementMode (185)
[2016.03.20-21.32.41:868][481]LogModuleManager: Shutting down and abandoning module AutomationWorker (184)
[2016.03.20-21.32.41:868][481]LogModuleManager: Shutting down and abandoning module CharacterAI (183)
[2016.03.20-21.32.41:868][481]LogModuleManager: Shutting down and abandoning module SmartSnapping (182)
[2016.03.20-21.32.41:868][481]LogModuleManager: Shutting down and abandoning module ViewportSnapping (181)
[2016.03.20-21.32.41:868][481]LogModuleManager: Shutting down and abandoning module LogVisualizer (180)
[2016.03.20-21.32.41:868][481]LogModuleManager: Shutting down and abandoning module GameProjectGeneration (179)
[2016.03.20-21.32.41:869][481]LogModuleManager: Shutting down and abandoning module IntroTutorials (178)
[2016.03.20-21.32.41:869][481]LogModuleManager: Shutting down and abandoning module EditorLiveStreaming (177)
[2016.03.20-21.32.41:869][481]LogModuleManager: Shutting down and abandoning module IOSPlatformEditor (176)
[2016.03.20-21.32.41:869][481]LogModuleManager: Shutting down and abandoning module HTML5PlatformEditor (175)
[2016.03.20-21.32.41:869][481]LogModuleManager: Shutting down and abandoning module AndroidDeviceDetection (174)
[2016.03.20-21.32.42:200][481]LogModuleManager: Shutting down and abandoning module AndroidPlatformEditor (173)
[2016.03.20-21.32.42:200][481]LogModuleManager: Shutting down and abandoning module IOSRuntimeSettings (172)
[2016.03.20-21.32.42:200][481]LogModuleManager: Shutting down and abandoning module AndroidRuntimeSettings (171)
[2016.03.20-21.32.42:200][481]LogModuleManager: Shutting down and abandoning module MergeActors (170)
[2016.03.20-21.32.42:200][481]LogModuleManager: Shutting down and abandoning module SizeMap (169)
[2016.03.20-21.32.42:200][481]LogModuleManager: Shutting down and abandoning module TreeMap (168)
[2016.03.20-21.32.42:200][481]LogModuleManager: Shutting down and abandoning module ReferenceViewer (167)
[2016.03.20-21.32.42:200][481]LogModuleManager: Shutting down and abandoning module LocalizationService (166)
[2016.03.20-21.32.42:200][481]LogModuleManager: Shutting down and abandoning module LocalizationDashboard (165)
[2016.03.20-21.32.42:200][481]LogModuleManager: Shutting down and abandoning module HardwareTargeting (164)
[2016.03.20-21.32.42:200][481]LogModuleManager: Shutting down and abandoning module DeviceProfileEditor (163)
[2016.03.20-21.32.42:200][481]LogModuleManager: Shutting down and abandoning module UndoHistory (162)
[2016.03.20-21.32.42:200][481]LogModuleManager: Shutting down and abandoning module GameplayTagsEditor (161)
[2016.03.20-21.32.42:200][481]LogModuleManager: Shutting down and abandoning module UserFeedback (160)
[2016.03.20-21.32.42:200][481]LogModuleManager: Shutting down and abandoning module XmlParser (159)
[2016.03.20-21.32.42:200][481]LogModuleManager: Shutting down and abandoning module Blutility (158)
[2016.03.20-21.32.42:200][481]LogModuleManager: Shutting down and abandoning module ProjectTargetPlatformEditor (157)
[2016.03.20-21.32.42:200][481]LogModuleManager: Shutting down and abandoning module ProjectSettingsViewer (156)
[2016.03.20-21.32.42:201][481]LogModuleManager: Shutting down and abandoning module InputBindingEditor (155)
[2016.03.20-21.32.42:201][481]LogModuleManager: Shutting down and abandoning module EditorSettingsViewer (154)
[2016.03.20-21.32.42:201][481]LogModuleManager: Shutting down and abandoning module SettingsEditor (153)
[2016.03.20-21.32.42:201][481]LogModuleManager: Shutting down and abandoning module ProjectLauncher (152)
[2016.03.20-21.32.42:201][481]LogModuleManager: Shutting down and abandoning module SessionFrontend (151)
[2016.03.20-21.32.42:201][481]LogModuleManager: Shutting down and abandoning module ProfilerClient (150)
[2016.03.20-21.32.42:201][481]LogModuleManager: Shutting down and abandoning module TargetDeviceServices (149)
[2016.03.20-21.32.42:201][481]LogModuleManager: Shutting down and abandoning module DeviceManager (148)
[2016.03.20-21.32.42:201][481]LogModuleManager: Shutting down and abandoning module AutomationController (147)
[2016.03.20-21.32.42:201][481]LogModuleManager: Shutting down and abandoning module AutomationWindow (146)
[2016.03.20-21.32.42:201][481]LogModuleManager: Shutting down and abandoning module Layers (145)
[2016.03.20-21.32.42:202][481]LogModuleManager: Shutting down and abandoning module ComponentVisualizers (144)
[2016.03.20-21.32.42:202][481]LogModuleManager: Shutting down and abandoning module DetailCustomizations (143)
[2016.03.20-21.32.42:202][481]LogModuleManager: Shutting down and abandoning module PackagesDialog (142)
[2016.03.20-21.32.42:202][481]LogModuleManager: Shutting down and abandoning module Persona (141)
[2016.03.20-21.32.42:202][481]LogModuleManager: Shutting down and abandoning module Kismet (140)
[2016.03.20-21.32.42:202][481]LogModuleManager: Shutting down and abandoning module GraphEditor (139)
[2016.03.20-21.32.42:202][481]LogModuleManager: Shutting down and abandoning module ClassViewer (138)
[2016.03.20-21.32.42:202][481]LogModuleManager: Shutting down and abandoning module Toolbox (137)
[2016.03.20-21.32.42:202][481]LogModuleManager: Shutting down and abandoning module ModuleUI (136)
[2016.03.20-21.32.42:202][481]LogModuleManager: Shutting down and abandoning module MovieSceneTools (135)
[2016.03.20-21.32.42:202][481]LogModuleManager: Shutting down and abandoning module OutputLog (134)
[2016.03.20-21.32.42:202][481]LogModuleManager: Shutting down and abandoning module GammaUI (133)
[2016.03.20-21.32.42:202][481]LogModuleManager: Shutting down and abandoning module Documentation (132)
[2016.03.20-21.32.42:202][481]LogModuleManager: Shutting down and abandoning module GameLiveStreaming (131)
[2016.03.20-21.32.42:203][481]LogModuleManager: Shutting down and abandoning module StreamingPauseRendering (130)
[2016.03.20-21.32.42:203][481]LogModuleManager: Shutting down and abandoning module AnalyticsET (129)
[2016.03.20-21.32.42:203][481]LogModuleManager: Shutting down and abandoning module Analytics (128)
[2016.03.20-21.32.42:203][481]LogModuleManager: Shutting down and abandoning module AITestSuite (127)
[2016.03.20-21.32.42:203][481]LogModuleManager: Shutting down and abandoning module GameplayDebugger (126)
[2016.03.20-21.32.42:203][481]LogModuleManager: Shutting down and abandoning module AIModule (125)
[2016.03.20-21.32.42:203][481]LogModuleManager: Shutting down and abandoning module ProfilerService (124)
[2016.03.20-21.32.42:427][481]LogModuleManager: Shutting down and abandoning module TaskGraph (123)
[2016.03.20-21.32.42:427][481]LogModuleManager: Shutting down and abandoning module SlateRemote (122)
[2016.03.20-21.32.42:427][481]LogModuleManager: Shutting down and abandoning module SteamVRController (121)
[2016.03.20-21.32.42:427][481]LogModuleManager: Shutting down and abandoning module SteamVR (120)
[2016.03.20-21.32.42:427][481]LogModuleManager: Shutting down and abandoning module ProceduralMeshComponent (119)
[2016.03.20-21.32.42:428][481]LogModuleManager: Shutting down and abandoning module OculusLibrary (118)
[2016.03.20-21.32.42:428][481]LogModuleManager: Shutting down and abandoning module OculusInput (117)
[2016.03.20-21.32.42:428][481]LogModuleManager: Shutting down and abandoning module LeapMotionController (116)
[2016.03.20-21.32.42:473][481]LogModuleManager: Shutting down and abandoning module CustomMeshComponent (115)
[2016.03.20-21.32.42:473][481]LogModuleManager: Shutting down and abandoning module CableComponent (114)
[2016.03.20-21.32.42:473][481]LogModuleManager: Shutting down and abandoning module ArchVisCharacter (113)
[2016.03.20-21.32.42:473][481]LogModuleManager: Shutting down and abandoning module MessagingDebugger (112)
[2016.03.20-21.32.42:473][481]LogModuleManager: Shutting down and abandoning module MediaPlayerEditor (111)
[2016.03.20-21.32.42:473][481]LogModuleManager: Shutting down and abandoning module HTML5Networking (110)
[2016.03.20-21.32.42:473][481]LogModuleManager: Shutting down and abandoning module SpeedTreeImporter (109)
[2016.03.20-21.32.42:473][481]LogModuleManager: Shutting down and abandoning module PluginBrowser (108)
[2016.03.20-21.32.42:473][481]LogModuleManager: Shutting down and abandoning module EpicSurvey (107)
[2016.03.20-21.32.42:473][481]LogModuleManager: Shutting down and abandoning module DesktopPlatform (106)
[2016.03.20-21.32.42:473][481]LogModuleManager: Shutting down and abandoning module VisualStudioSourceCodeAccess (105)
[2016.03.20-21.32.42:473][481]LogModuleManager: Shutting down and abandoning module UObjectPlugin (104)
[2016.03.20-21.32.42:474][481]LogModuleManager: Shutting down and abandoning module SubversionSourceControl (103)
[2016.03.20-21.32.42:474][481]LogModuleManager: Shutting down and abandoning module PerforceSourceControl (102)
[2016.03.20-21.32.42:474][481]LogModuleManager: Shutting down and abandoning module SourceControl (101)
[2016.03.20-21.32.42:474][481]LogModuleManager: Shutting down and abandoning module GitSourceControl (100)
[2016.03.20-21.32.42:474][481]LogModuleManager: Shutting down and abandoning module LightPropagationVolumeEditor (99)
[2016.03.20-21.32.42:474][481]LogModuleManager: Shutting down and abandoning module PaperTiledImporter (98)
[2016.03.20-21.32.42:474][481]LogModuleManager: Shutting down and abandoning module PaperSpriteSheetImporter (97)
[2016.03.20-21.32.42:474][481]LogModuleManager: Shutting down and abandoning module MeshPaint (96)
[2016.03.20-21.32.42:474][481]LogModuleManager: Shutting down and abandoning module SlateReflector (95)
[2016.03.20-21.32.42:474][481]LogModuleManager: Shutting down and abandoning module HotReload (94)
[2016.03.20-21.32.42:474][481]LogModuleManager: Shutting down and abandoning module MainFrame (93)
[2016.03.20-21.32.42:474][481]LogModuleManager: Shutting down and abandoning module LevelEditor (92)
[2016.03.20-21.32.42:477][481]LogModuleManager: Shutting down and abandoning module DirectoryWatcher (91)
[2016.03.20-21.32.42:478][481]LogModuleManager: Shutting down and abandoning module AssetRegistry (90)
[2016.03.20-21.32.42:637][481]LogModuleManager: Shutting down and abandoning module ContentBrowser (89)
[2016.03.20-21.32.42:640][481]LogModuleManager: Shutting down and abandoning module Paper2DEditor (88)
[2016.03.20-21.32.42:641][481]LogModuleManager: Shutting down and abandoning module Maze_Of_Doom (87)
[2016.03.20-21.32.42:641][481]LogModuleManager: Shutting down and abandoning module UdpMessaging (86)
[2016.03.20-21.32.42:741][481]LogModuleManager: Shutting down and abandoning module LightPropagationVolumeRuntime (85)
[2016.03.20-21.32.42:741][481]LogModuleManager: Shutting down and abandoning module Paper2D (84)
[2016.03.20-21.32.42:741][481]LogModuleManager: Shutting down and abandoning module WindowsMoviePlayer (83)
[2016.03.20-21.32.42:748][481]LogModuleManager: Shutting down and abandoning module Media (82)
[2016.03.20-21.32.42:748][481]LogModuleManager: Shutting down and abandoning module WmfMedia (81)
[2016.03.20-21.32.42:749][481]LogModuleManager: Shutting down and abandoning module OnlineBlueprintSupport (80)
[2016.03.20-21.32.42:749][481]LogModuleManager: Shutting down and abandoning module GameplayTasksEditor (79)
[2016.03.20-21.32.42:749][481]LogModuleManager: Shutting down and abandoning module PropertyEditor (78)
[2016.03.20-21.32.42:749][481]LogModuleManager: Shutting down and abandoning module BehaviorTreeEditor (77)
[2016.03.20-21.32.42:749][481]LogModuleManager: Shutting down and abandoning module FunctionalTesting (76)
[2016.03.20-21.32.42:749][481]LogModuleManager: Shutting down and abandoning module CollisionAnalyzer (75)
[2016.03.20-21.32.42:749][481]LogModuleManager: Shutting down and abandoning module WorkspaceMenuStructure (74)
[2016.03.20-21.32.42:749][481]LogModuleManager: Shutting down and abandoning module MessageLog (73)
[2016.03.20-21.32.42:749][481]LogModuleManager: Shutting down and abandoning module Sequencer (72)
[2016.03.20-21.32.42:750][481]LogModuleManager: Shutting down and abandoning module AssetTools (71)
[2016.03.20-21.32.42:750][481]LogModuleManager: Shutting down and abandoning module UMGEditor (70)
[2016.03.20-21.32.42:750][481]LogModuleManager: Shutting down and abandoning module UMG (69)
[2016.03.20-21.32.42:750][481]LogModuleManager: Shutting down and abandoning module Slate (68)
[2016.03.20-21.32.42:750][481]LogModuleManager: Shutting down and abandoning module EditorStyle (67)
[2016.03.20-21.32.42:757][481]LogModuleManager: Shutting down and abandoning module SessionServices (66)
[2016.03.20-21.32.42:757][481]LogModuleManager: Shutting down and abandoning module SourceCodeAccess (65)
[2016.03.20-21.32.42:757][481]LogModuleManager: Shutting down and abandoning module HeadMountedDisplay (64)
[2016.03.20-21.32.42:757][481]LogModuleManager: Shutting down and abandoning module XAudio2 (63)
[2016.03.20-21.32.42:757][481]LogModuleManager: Shutting down and abandoning module Networking (61)
[2016.03.20-21.32.42:757][481]LogModuleManager: Shutting down and abandoning module Core (60)
[2016.03.20-21.32.42:757][481]LogModuleManager: Shutting down and abandoning module KismetCompiler (59)
[2016.03.20-21.32.42:757][481]LogModuleManager: Shutting down and abandoning module PhysXFormats (58)
[2016.03.20-21.32.42:757][481]LogModuleManager: Shutting down and abandoning module MeshUtilities (57)
[2016.03.20-21.32.42:757][481]LogModuleManager: Shutting down and abandoning module DerivedDataCache (56)
[2016.03.20-21.32.42:884][481]LogDerivedDataCache: Shutdown
[2016.03.20-21.32.42:884][481]LogModuleManager: Shutting down and abandoning module ShaderFormatOpenGL (55)
[2016.03.20-21.32.42:884][481]LogModuleManager: Shutting down and abandoning module ShaderFormatD3D (54)
[2016.03.20-21.32.42:884][481]LogModuleManager: Shutting down and abandoning module MetalShaderFormat (53)
[2016.03.20-21.32.42:884][481]LogModuleManager: Shutting down and abandoning module TextureFormatUncompressed (52)
[2016.03.20-21.32.42:884][481]LogModuleManager: Shutting down and abandoning module TextureFormatPVR (51)
[2016.03.20-21.32.42:884][481]LogModuleManager: Shutting down and abandoning module TextureFormatIntelISPCTexComp (50)
[2016.03.20-21.32.42:884][481]LogModuleManager: Shutting down and abandoning module TextureFormatDXT (49)
[2016.03.20-21.32.42:884][481]LogModuleManager: Shutting down and abandoning module ImageWrapper (48)
[2016.03.20-21.32.42:884][481]LogModuleManager: Shutting down and abandoning module TextureFormatASTC (47)
[2016.03.20-21.32.42:884][481]LogModuleManager: Shutting down and abandoning module TextureFormatAndroid (46)
[2016.03.20-21.32.42:884][481]LogModuleManager: Shutting down and abandoning module AudioFormatOpus (45)
[2016.03.20-21.32.42:884][481]LogModuleManager: Shutting down and abandoning module AudioFormatOgg (44)
[2016.03.20-21.32.42:884][481]LogModuleManager: Shutting down and abandoning module AudioFormatADPCM (43)
[2016.03.20-21.32.42:884][481]LogModuleManager: Shutting down and abandoning module LinuxTargetPlatform (42)
[2016.03.20-21.32.42:885][481]LogModuleManager: Shutting down and abandoning module LinuxServerTargetPlatform (41)
[2016.03.20-21.32.42:885][481]LogModuleManager: Shutting down and abandoning module LinuxNoEditorTargetPlatform (40)
[2016.03.20-21.32.42:885][481]LogModuleManager: Shutting down and abandoning module Messaging (39)
[2016.03.20-21.32.42:885][481]LogModuleManager: Shutting down and abandoning module IOSTargetPlatform (38)
[2016.03.20-21.32.42:885][481]LogModuleManager: Shutting down and abandoning module HTML5TargetPlatform (37)
[2016.03.20-21.32.42:885][481]LogModuleManager: Shutting down and abandoning module Android_PVRTCTargetPlatform (36)
[2016.03.20-21.32.42:885][481]LogModuleManager: Shutting down and abandoning module Android_MultiTargetPlatform (35)
[2016.03.20-21.32.42:885][481]LogModuleManager: Shutting down and abandoning module Android_ETC2TargetPlatform (34)
[2016.03.20-21.32.42:885][481]LogModuleManager: Shutting down and abandoning module Android_ETC1TargetPlatform (33)
[2016.03.20-21.32.42:885][481]LogModuleManager: Shutting down and abandoning module Android_DXTTargetPlatform (32)
[2016.03.20-21.32.42:885][481]LogModuleManager: Shutting down and abandoning module Android_ATCTargetPlatform (31)
[2016.03.20-21.32.42:885][481]LogModuleManager: Shutting down and abandoning module Android_ASTCTargetPlatform (30)
[2016.03.20-21.32.42:885][481]LogModuleManager: Shutting down and abandoning module AndroidTargetPlatform (29)
[2016.03.20-21.32.42:885][481]LogModuleManager: Shutting down and abandoning module WindowsTargetPlatform (28)
[2016.03.20-21.32.42:885][481]LogModuleManager: Shutting down and abandoning module WindowsServerTargetPlatform (27)
[2016.03.20-21.32.42:885][481]LogModuleManager: Shutting down and abandoning module WindowsNoEditorTargetPlatform (26)
[2016.03.20-21.32.42:885][481]LogModuleManager: Shutting down and abandoning module WindowsClientTargetPlatform (25)
[2016.03.20-21.32.42:885][481]LogModuleManager: Shutting down and abandoning module AllDesktopTargetPlatform (24)
[2016.03.20-21.32.42:885][481]LogModuleManager: Shutting down and abandoning module TargetPlatform (23)
[2016.03.20-21.32.42:885][481]LogModuleManager: Shutting down and abandoning module InputCore (22)
[2016.03.20-21.32.42:885][481]LogModuleManager: Shutting down and abandoning module Settings (21)
[2016.03.20-21.32.42:885][481]LogModuleManager: Shutting down and abandoning module OnlineSubsystem (19)
[2016.03.20-21.32.42:885][481]LogModuleManager: Shutting down and abandoning module HTTP (18)
[2016.03.20-21.32.44:889][481]LogModuleManager: Shutting down and abandoning module XMPP (17)
[2016.03.20-21.32.44:889][481]LogModuleManager: Shutting down and abandoning module OculusRift (16)
[2016.03.20-21.32.44:889][481]LogModuleManager: Shutting down and abandoning module ExampleDeviceProfileSelector (15)
[2016.03.20-21.32.44:889][481]LogModuleManager: Shutting down and abandoning module TextureCompressor (14)
[2016.03.20-21.32.44:889][481]LogModuleManager: Shutting down and abandoning module ShaderCore (13)
[2016.03.20-21.32.44:889][481]LogModuleManager: Shutting down and abandoning module Landscape (12)
[2016.03.20-21.32.44:889][481]LogModuleManager: Shutting down and abandoning module SlateRHIRenderer (11)
[2016.03.20-21.32.44:891][481]LogModuleManager: Shutting down and abandoning module OpenGLDrv (10)
[2016.03.20-21.32.44:891][481]LogModuleManager: Shutting down and abandoning module D3D11RHI (9)
[2016.03.20-21.32.44:891][481]LogModuleManager: Shutting down and abandoning module AnimGraphRuntime (8)
[2016.03.20-21.32.44:891][481]LogModuleManager: Shutting down and abandoning module Renderer (7)
[2016.03.20-21.32.44:891][481]LogModuleManager: Shutting down and abandoning module Engine (6)
[2016.03.20-21.32.44:891][481]LogModuleManager: Shutting down and abandoning module CoreUObject (5)
[2016.03.20-21.32.44:891][481]LogModuleManager: Shutting down and abandoning module NetworkFile (4)
[2016.03.20-21.32.44:891][481]LogModuleManager: Shutting down and abandoning module StreamingFile (3)
[2016.03.20-21.32.44:891][481]LogModuleManager: Shutting down and abandoning module SandboxFile (2)
[2016.03.20-21.32.44:891][481]LogModuleManager: Shutting down and abandoning module PakFile (1)
[2016.03.20-21.32.44:895][481]LogExit: Exiting.
[2016.03.20-21.32.44:899][481]Log file closed, 03/20/16 14:32:44
