[2016.03.31-10.27.24:362][  0]Log file open, 03/31/16 03:27:24
[2016.03.31-10.27.24:362][  0]LogInit:Display: Running engine for game: Maze_Of_Doom
[2016.03.31-10.27.24:363][  0]LogPlatformFile: Not using cached read wrapper
[2016.03.31-10.27.24:363][  0]LogInit:Display: RandInit(450777012) SRandInit(450777013).
[2016.03.31-10.27.24:363][  0]LogTaskGraph: Started task graph with 4 named threads and 7 total threads.
[2016.03.31-10.27.24:363][  0]LogStats: Stats thread started at 0.075156
[2016.03.31-10.27.24:363][  0]LogInit: Version: 4.10.2-2818068+++depot+UE4-Releases+4.10
[2016.03.31-10.27.24:363][  0]LogInit: API Version: 2758231
[2016.03.31-10.27.24:363][  0]LogInit: Compiled (64-bit): Jan  6 2016 17:36:42
[2016.03.31-10.27.24:363][  0]LogInit: Compiled with Visual C++: 19.00.23026.00
[2016.03.31-10.27.24:363][  0]LogInit: Build Configuration: Development
[2016.03.31-10.27.24:363][  0]LogInit: Branch Name: ++depot+UE4-Releases+4.10
[2016.03.31-10.27.24:363][  0]LogInit: Command line:  
[2016.03.31-10.27.24:363][  0]LogInit: Base directory: C:/Program Files (x86)/Epic Games/4.10/Engine/Binaries/Win64/
[2016.03.31-10.27.24:363][  0]LogInit: Rocket: 1
[2016.03.31-10.27.24:371][  0]LogInit: Using libcurl 7.41.0
[2016.03.31-10.27.24:371][  0]LogInit:  - built for x86_64-pc-win32
[2016.03.31-10.27.24:371][  0]LogInit:  - supports SSL with WinSSL
[2016.03.31-10.27.24:371][  0]LogInit:  - other features:
[2016.03.31-10.27.24:371][  0]LogInit:      CURL_VERSION_SSL
[2016.03.31-10.27.24:371][  0]LogInit:      CURL_VERSION_IPV6
[2016.03.31-10.27.24:371][  0]LogInit:      CURL_VERSION_ASYNCHDNS
[2016.03.31-10.27.24:371][  0]LogInit:      CURL_VERSION_LARGEFILE
[2016.03.31-10.27.24:371][  0]LogInit:      CURL_VERSION_IDN
[2016.03.31-10.27.24:371][  0]LogInit:  CurlRequestOptions (configurable via config and command line):
[2016.03.31-10.27.24:371][  0]LogInit:  - bVerifyPeer = true  - Libcurl will verify peer certificate
[2016.03.31-10.27.24:371][  0]LogInit:  - bUseHttpProxy = false  - Libcurl will NOT use HTTP proxy
[2016.03.31-10.27.24:371][  0]LogInit:  - bDontReuseConnections = false  - Libcurl will reuse connections
[2016.03.31-10.27.24:371][  0]LogInit:  - CertBundlePath = nullptr  - Libcurl will use whatever was configured at build time.
[2016.03.31-10.27.24:377][  0]LogInit: Presizing for 0 objects not considered by GC, pre-allocating 0 bytes.
[2016.03.31-10.27.24:382][  0]LogInit: Object subsystem initialized
[2016.03.31-10.27.24:383][  0]LogInit: Selected Device Profile: [Windows]
[2016.03.31-10.27.24:383][  0]LogInit: Applying CVar settings loaded from the selected device profile: [Windows]
[2016.03.31-10.27.24:399][  0]LogInit: Computer: DAVIDMIERKE
[2016.03.31-10.27.24:399][  0]LogInit: User: David
[2016.03.31-10.27.24:399][  0]LogInit: CPU Page size=4096, Cores=4
[2016.03.31-10.27.24:399][  0]LogInit: High frequency timer resolution =2.533205 MHz
[2016.03.31-10.27.24:400][  0]LogMemory: Memory total: Physical=16.0GB (16GB approx)
[2016.03.31-10.27.24:400][  0]LogMemory: Platform Memory Stats for Windows
[2016.03.31-10.27.24:400][  0]LogMemory: Process Physical Memory: 56.23 MB used, 56.23 MB peak
[2016.03.31-10.27.24:400][  0]LogMemory: Process Virtual Memory: 58.77 MB used, 58.77 MB peak
[2016.03.31-10.27.24:400][  0]LogMemory: Physical Memory: 5242.11 MB used, 16333.18 MB total
[2016.03.31-10.27.24:400][  0]LogMemory: Virtual Memory: 384.79 MB used, 134217728.00 MB total
[2016.03.31-10.27.24:447][  0]LogTextLocalizationManager: No specific translations for ('en-US') exist, so ('en') translations will be used.
[2016.03.31-10.27.24:881][  0]LogD3D11RHI: Found D3D11 adapter 0: NVIDIA GeForce GTX 965M (Feature Level 11_0)
[2016.03.31-10.27.24:881][  0]LogD3D11RHI: Adapter has 1969MB of dedicated video memory, 0MB of dedicated system memory, and 8166MB of shared system memory, 1 output[s]
[2016.03.31-10.27.24:882][  0]LogD3D11RHI: Found D3D11 adapter 1: Microsoft Basic Render Driver (Feature Level 11_0)
[2016.03.31-10.27.24:882][  0]LogD3D11RHI: Adapter has 0MB of dedicated video memory, 0MB of dedicated system memory, and 8166MB of shared system memory, 0 output[s]
[2016.03.31-10.27.24:882][  0]LogD3D11RHI: Chosen D3D11 Adapter Id = 0
[2016.03.31-10.27.24:887][  0]LogD3D11RHI: !Direct3DDevice
[2016.03.31-10.27.24:887][  0]LogRHI: Texture pool is 1361 MB (70% of 1945 MB)
[2016.03.31-10.27.24:900][  0]LogD3D11RHI: Async texture creation enabled
[2016.03.31-10.27.24:918][  0]LogShaderCompilers: Guid format shader working directory is -23 characters bigger than the processId version (../../../../../../Users/David/Desktop/ASU/SER432/Group2/Maze_Of_Doom/Intermediate/Shaders/WorkingDirectory/17096/).
[2016.03.31-10.27.24:918][  0]LogShaderCompilers: Cleaned the shader compiler working directory 'C:/Users/David/AppData/Local/Temp/UnrealShaderWorkingDir/09464AD3415AEE36192BBFBE096CAB34/'.
[2016.03.31-10.27.24:918][  0]LogShaderCompilers:Display: Using Local Shader Compiler.
[2016.03.31-10.27.26:042][  0]LogTemp:Display: Loaded TP AllDesktopTargetPlatform
[2016.03.31-10.27.26:046][  0]LogTemp:Display: Loaded TP WindowsClientTargetPlatform
[2016.03.31-10.27.26:051][  0]LogTemp:Display: Loaded TP WindowsNoEditorTargetPlatform
[2016.03.31-10.27.26:055][  0]LogTemp:Display: Loaded TP WindowsServerTargetPlatform
[2016.03.31-10.27.26:060][  0]LogTemp:Display: Loaded TP WindowsTargetPlatform
[2016.03.31-10.27.26:065][  0]LogTemp:Display: Loaded TP AndroidTargetPlatform
[2016.03.31-10.27.26:068][  0]LogTemp:Display: Loaded TP Android_ASTCTargetPlatform
[2016.03.31-10.27.26:071][  0]LogTemp:Display: Loaded TP Android_ATCTargetPlatform
[2016.03.31-10.27.26:073][  0]LogTemp:Display: Loaded TP Android_DXTTargetPlatform
[2016.03.31-10.27.26:076][  0]LogTemp:Display: Loaded TP Android_ETC1TargetPlatform
[2016.03.31-10.27.26:079][  0]LogTemp:Display: Loaded TP Android_ETC2TargetPlatform
[2016.03.31-10.27.26:085][  0]LogTemp:Display: Loaded TP Android_MultiTargetPlatform
[2016.03.31-10.27.26:085][  0]LogTemp:Display: Loaded TP Android_PVRTCTargetPlatform
[2016.03.31-10.27.26:085][  0]LogTemp:Display: Loaded TP HTML5TargetPlatform
[2016.03.31-10.27.26:105][  0]LogTemp:Display: Loaded TP IOSTargetPlatform
[2016.03.31-10.27.26:108][  0]LogTemp:Display: Loaded TP LinuxNoEditorTargetPlatform
[2016.03.31-10.27.26:111][  0]LogTemp:Display: Loaded TP LinuxServerTargetPlatform
[2016.03.31-10.27.26:116][  0]LogTemp:Display: Loaded TP LinuxTargetPlatform
[2016.03.31-10.27.26:116][  0]LogTargetPlatformManager:Display: Building Assets For Windows
[2016.03.31-10.27.26:199][  0]LogDerivedDataCache:Display: Max Cache Size: 512 MB
[2016.03.31-10.27.26:664][  0]LogDerivedDataCache: Loaded boot cache 0.46s 42MB C:/Users/David/AppData/Local/UnrealEngine/4.10/DerivedDataCache/Boot.ddc.
[2016.03.31-10.27.26:664][  0]LogDerivedDataCache:Display: Loaded Boot cache: C:/Users/David/AppData/Local/UnrealEngine/4.10/DerivedDataCache/Boot.ddc
[2016.03.31-10.27.26:664][  0]LogDerivedDataCache: FDerivedDataBackendGraph:  Pak pak cache file ../../../../../../Users/David/Desktop/ASU/SER432/Group2/Maze_Of_Doom/DerivedDataCache/DDC.ddp not found, will not use a pak cache.
[2016.03.31-10.27.26:664][  0]LogDerivedDataCache: Unable to find inner node Pak for hierarchical cache Hierarchy.
[2016.03.31-10.27.26:664][  0]LogDerivedDataCache: FDerivedDataBackendGraph:  CompressedPak pak cache file ../../../../../../Users/David/Desktop/ASU/SER432/Group2/Maze_Of_Doom/DerivedDataCache/Compressed.ddp not found, will not use a pak cache.
[2016.03.31-10.27.26:664][  0]LogDerivedDataCache: Unable to find inner node CompressedPak for hierarchical cache Hierarchy.
[2016.03.31-10.27.26:773][  0]LogDerivedDataCache:Display: Pak cache opened for reading ../../../Engine/DerivedDataCache/Compressed.ddp.
[2016.03.31-10.27.26:784][  0]LogDerivedDataCache: Using Local data cache path C:/Users/David/AppData/Local/UnrealEngine/Common/DerivedDataCache: Writable
[2016.03.31-10.27.27:098][  0]LogInit: Selected Device Profile: [Windows]
[2016.03.31-10.27.27:101][  0]LogContentStreaming: Texture pool size is 0.000000MB
[2016.03.31-10.27.27:336][  0]LogMeshUtilities: No automatic mesh reduction module available
[2016.03.31-10.27.27:336][  0]LogMeshUtilities: No automatic mesh merging module available
[2016.03.31-10.27.28:301][  0]LogInit: WinSock: version 1.1 (2.2), MaxSocks=32767, MaxUdp=65467
[2016.03.31-10.27.47:897][  0]UdpMessaging: Initializing bridge on interface 0.0.0.0:0 to multicast group 230.0.0.1:6666.
[2016.03.31-10.27.48:689][  0]LogAssetRegistry: FAssetRegistry took 0.0108 seconds to start up
[2016.03.31-10.27.49:166][  0]SourceControl: Info Source control is disabled
[2016.03.31-10.27.49:191][  0]SourceControl: Info Source control is disabled
[2016.03.31-10.27.49:203][  0]SourceControl: Info Source control is disabled
[2016.03.31-10.27.49:214][  0]SourceControl: Info Source control is disabled
[2016.03.31-10.27.49:699][  0]LogObj: 33994 objects as part of root set at end of initial load.
[2016.03.31-10.27.49:699][  0]LogUObjectAllocator: 8001952 out of 0 bytes used by permanent object pool.
[2016.03.31-10.27.49:784][  0]LogEngine: Initializing Engine...
[2016.03.31-10.27.49:786][  0]LogHMD: Can't find Oculus library dev build: is proper Runtime installed? Version: 0.8.0.0
[2016.03.31-10.27.49:786][  0]LogHMD: SteamVR failed to initialize.  Err: 110
[2016.03.31-10.27.50:341][  0]LogAIModule: Creating AISystem for world NewWorld
[2016.03.31-10.27.50:345][  0]LogInit: XAudio2 using 'Speakers (Realtek High Definition Audio)' : 2 channels at 48 kHz using 32 bits per sample (channel mask 0x3)
[2016.03.31-10.27.50:354][  0]LogInit: FAudioDevice initialized.
[2016.03.31-10.27.50:374][  0]LogDerivedDataCache: Saved boot cache 0.02s 42MB C:/Users/David/AppData/Local/UnrealEngine/4.10/DerivedDataCache/Boot.ddc.
[2016.03.31-10.27.50:379][  0]LogInit: Texture streaming: Enabled
[2016.03.31-10.27.50:384][  0]LogAnalytics: Creating configured Analytics provider AnalyticsET
[2016.03.31-10.27.50:384][  0]LogAnalytics: [UEEditor.Rocket.Release] APIServer = http://et2.epicgames.com/ET2/. AppVersion = 4.10.2-2818068+++depot+UE4-Releases+4.10
[2016.03.31-10.27.50:384][  0]LogAnalytics: [UEEditor.Rocket.Release] SetUserId f3fd65ed42405c16483d24826775683a|859fd02483094003b2ff534449d086e1|f7dbdf05-1b9e-457e-a434-53e302263073
[2016.03.31-10.27.50:384][  0]LogAnalytics: [UEEditor.Rocket.Release] AnalyticsET::StartSession
[2016.03.31-10.27.50:394][  0]LogInit: Transaction tracking system initialized
[2016.03.31-10.27.50:422][  0]BlueprintLog: New page: Editor Load
[2016.03.31-10.27.50:537][  0]LocalizationService: Info Localization service is disabled
[2016.03.31-10.27.50:780][  0]LogConsoleResponse:Display: 
[2016.03.31-10.27.51:299][  0]LogCook:Display: Done creating registry. It took  0.00s.
[2016.03.31-10.27.51:583][  0]LogFileCache: Scanning file cache for directory 'C:/Users/David/Desktop/ASU/SER432/Group2/Maze_Of_Doom/Content/' took 0.02s
[2016.03.31-10.27.51:583][  0]SourceControl: Info Source control is disabled
[2016.03.31-10.27.51:583][  0]Cmd: MAP LOAD FILE="../../../../../../Users/David/Desktop/ASU/SER432/Group2/Maze_Of_Doom/Content/ThirdPersonCPP/Maps/ThirdPersonExampleMap.umap" TEMPLATE=0 SHOWPROGRESS=1 FEATURELEVEL=3
[2016.03.31-10.27.51:583][  0]LogEditorServer:Warning: Can't find file '../../../../../../Users/David/Desktop/ASU/SER432/Group2/Maze_Of_Doom/Content/ThirdPersonCPP/Maps/ThirdPersonExampleMap.umap'
[2016.03.31-10.27.51:583][  0]Cmd: MAP CHECKDEP NOCLEARLOG
[2016.03.31-10.27.51:628][  0]MapCheck: Info Map check complete: 0 Error(s), 0 Warning(s), took 45.143ms to complete.
[2016.03.31-10.27.51:628][  0]LogFileHelpers: Loading map 'ThirdPersonExampleMap' took 0.046
[2016.03.31-10.27.51:867][  0]LogCollectionManager: Loaded 0 collections in 0.002089 seconds
[2016.03.31-10.27.51:905][  0]LogFileCache: Scanning file cache for directory 'C:/Users/David/Desktop/ASU/SER432/Group2/Maze_Of_Doom/Saved/Collections/' took 0.01s
[2016.03.31-10.27.51:905][  0]LogFileCache: Scanning file cache for directory 'C:/Users/David/Desktop/ASU/SER432/Group2/Maze_Of_Doom/Content/Developers/David/Collections/' took 0.01s
[2016.03.31-10.27.51:905][  0]LogFileCache: Scanning file cache for directory 'C:/Users/David/Desktop/ASU/SER432/Group2/Maze_Of_Doom/Content/Collections/' took 0.01s
[2016.03.31-10.27.51:905][  0]LogCollectionManager: Rebuilt the GUID cache for 0 collections in 0.000002 seconds
[2016.03.31-10.27.51:913][  0]LogContentBrowser: Native class hierarchy populated in 0.0076 seconds. Added 1898 classes and 340 folders.
[2016.03.31-10.27.51:920][  0]LogContentBrowser: Native class hierarchy updated for 'WidgetCarousel' in 0.0012 seconds. Added 0 classes and 0 folders.
[2016.03.31-10.27.52:793][  0]LogContentBrowser: Native class hierarchy updated for 'AddContentDialog' in 0.0032 seconds. Added 0 classes and 0 folders.
[2016.03.31-10.27.52:814][  0]LogContentBrowser: Native class hierarchy updated for 'SceneOutliner' in 0.0030 seconds. Added 1 classes and 2 folders.
[2016.03.31-10.27.52:834][  0]LogCrashTracker: Crashtracker disabled due to settings.
[2016.03.31-10.27.52:840][  0]LogUObjectGlobals:Warning: Failed to find object 'Class None.'
[2016.03.31-10.27.52:862][  0]LogLoad: Full Startup: 29.45 seconds (BP compile: 0.12 seconds)
[2016.03.31-10.27.52:882][  0]LogOcInput: Can't find Oculus library dev build: is proper Runtime installed? Version: 0.8.0.0
[2016.03.31-10.27.52:922][  0]LogContentStreaming: Texture pool size now 1000 MB
[2016.03.31-10.27.53:277][  0]LogRenderer: Reallocating scene render targets to support 1208x572 (Frame:2).
[2016.03.31-10.27.53:387][  2]LogAssetRegistry: Asset discovery search completed in 4.7079 seconds
[2016.03.31-10.27.53:387][  2]LogCollectionManager: Rebuilt the object cache for 0 collections in 0.000000 seconds (found 0 objects)
[2016.03.31-10.27.53:387][  2]LogCollectionManager: Fixed up redirectors for 0 collections in 0.000021 seconds (updated 0 objects)
[2016.03.31-10.28.02:962][570]LogPlayLevel: PlayLevel: No blueprints needed recompiling
[2016.03.31-10.28.02:962][570]PIE: New page: PIE session: Untitled_0 (Mar 30, 2016, 8:28:02 PM)
[2016.03.31-10.28.02:963][570]LogPlayLevel: Creating play world package: /Temp/UEDPIE_0_Untitled_0
[2016.03.31-10.28.02:963][570]LogPlayLevel: PIE: StaticDuplicateObject took: (0.000565s)
[2016.03.31-10.28.02:964][570]LogAIModule: Creating AISystem for world NewWorld
[2016.03.31-10.28.02:964][570]LogPlayLevel: PIE: World Init took: (0.000549s)
[2016.03.31-10.28.02:964][570]LogPlayLevel: PIE: Created PIE world by copying editor world from /Temp/Untitled_0.NewWorld to /Temp/UEDPIE_0_Untitled_0.NewWorld (0.001303s)
[2016.03.31-10.28.02:980][570]LogInit: XAudio2 using 'Speakers (Realtek High Definition Audio)' : 2 channels at 48 kHz using 32 bits per sample (channel mask 0x3)
[2016.03.31-10.28.02:986][570]LogInit: FAudioDevice initialized.
[2016.03.31-10.28.03:180][570]LogWorld: Game class is 'Maze_Of_DoomGameMode'
[2016.03.31-10.28.03:182][570]LogWorld: Bringing World /Temp/UEDPIE_0_Untitled_0.NewWorld up for play (max tick rate 60) at 2016.03.31-03.28.03
[2016.03.31-10.28.03:182][570]LogActor:Warning: GameSession /Temp/UEDPIE_0_Untitled_0.NewWorld:PersistentLevel.GameSession_0 has natively added scene component(s), but none of them were set as the actor's RootComponent - picking one arbitrarily
[2016.03.31-10.28.03:182][570]LogActor:Warning: GameNetworkManager /Temp/UEDPIE_0_Untitled_0.NewWorld:PersistentLevel.GameNetworkManager_0 has natively added scene component(s), but none of them were set as the actor's RootComponent - picking one arbitrarily
[2016.03.31-10.28.03:182][570]LogWorld: Bringing up level for play took: 0.001019
[2016.03.31-10.28.03:185][570]PIE: Info Play in editor start time for /Temp/UEDPIE_0_Untitled_0 0.574
[2016.03.31-10.28.10:077][976]LogParticles: Destroying 0 GPU particle simulations for FXSystem 0x000001EC629F5620
[2016.03.31-10.28.13:493][156]LogAIModule: Creating AISystem for world TutorialLevel
[2016.03.31-10.28.13:518][156]Cmd: MAP LOAD FILE="../../../../../../Users/David/Desktop/ASU/SER432/Group2/Maze_Of_Doom/Content/Rooms/TutorialLevel.umap" TEMPLATE=0 SHOWPROGRESS=1 FEATURELEVEL=3
[2016.03.31-10.28.13:518][156]LightingResults: New page: Lighting Build
[2016.03.31-10.28.13:522][156]LogContentBrowser: Native class hierarchy updated for 'StatsViewer' in 0.0012 seconds. Added 5 classes and 0 folders.
[2016.03.31-10.28.13:537][156]LoadErrors: New page: Loading map: TutorialLevel.umap
[2016.03.31-10.28.13:537][156]MapCheck: New page: Map Check
[2016.03.31-10.28.13:537][156]LightingResults: New page: Lighting Build
[2016.03.31-10.28.13:548][156]LogParticles: Destroying 0 GPU particle simulations for FXSystem 0x000001EC70BEF6A0
[2016.03.31-10.28.13:553][156]LogEditorServer: Finished looking for orphan Actors (0.000 secs)
[2016.03.31-10.28.13:577][156]Cmd: MAP CHECKDEP NOCLEARLOG
[2016.03.31-10.28.13:620][156]MapCheck: Info Map check complete: 0 Error(s), 0 Warning(s), took 42.877ms to complete.
[2016.03.31-10.28.13:620][156]LogFileHelpers: Loading map 'TutorialLevel' took 0.103
[2016.03.31-10.28.25:203][849]LogEditorViewport: Clicking on Actor (LMB): StaticMeshActor (Floor)
[2016.03.31-10.28.25:778][849]LogEditorViewport: Clicking on Actor (context menu): StaticMeshActor (Floor)
[2016.03.31-10.28.28:267][975]LogClass:Warning: Type mismatch in Direction of Room_C - Previous (ArrayProperty) Current(IntProperty) for package:  FObjectReader
[2016.03.31-10.28.28:354][975]LogLinker:Warning: Asset '../../../Engine/Content/ArtTools/RenderToTexture/Macros/RenderToTextureMacros.uasset' has been saved with empty engine version. The asset will be loaded but may be incompatible.
[2016.03.31-10.28.28:734][975]LogContentBrowser: Native class hierarchy updated for 'BlueprintGraph' in 0.0015 seconds. Added 107 classes and 0 folders.
[2016.03.31-10.28.33:004][197]LogAIModule: Creating AISystem for world Level
[2016.03.31-10.28.33:028][197]LogParticles: Destroying 0 GPU particle simulations for FXSystem 0x000001EC138EFCE0
[2016.03.31-10.28.33:047][197]Cmd: MAP LOAD FILE="../../../../../../Users/David/Desktop/ASU/SER432/Group2/Maze_Of_Doom/Content/Rooms/Level.umap" TEMPLATE=0 SHOWPROGRESS=1 FEATURELEVEL=3
[2016.03.31-10.28.33:047][197]LightingResults: New page: Lighting Build
[2016.03.31-10.28.33:061][197]LoadErrors: New page: Loading map: Level.umap
[2016.03.31-10.28.33:062][197]MapCheck: New page: Map Check
[2016.03.31-10.28.33:062][197]LightingResults: New page: Lighting Build
[2016.03.31-10.28.33:079][197]LogParticles: Destroying 0 GPU particle simulations for FXSystem 0x000001EC075FD8A0
[2016.03.31-10.28.33:084][197]LogEditorServer: Finished looking for orphan Actors (0.000 secs)
[2016.03.31-10.28.33:109][197]Cmd: MAP CHECKDEP NOCLEARLOG
[2016.03.31-10.28.33:154][197]MapCheck: Info Map check complete: 0 Error(s), 0 Warning(s), took 44.388ms to complete.
[2016.03.31-10.28.33:154][197]LogFileHelpers: Loading map 'Level' took 0.108
[2016.03.31-10.28.45:862][954]LogAIModule: Creating AISystem for world TutorialLevel
[2016.03.31-10.28.52:847][260]LogBlueprintUserMessages: Early PlayInEditor Detection: Level '/Game/Rooms/Level.Level:PersistentLevel' has LevelScriptBlueprint '/Game/Rooms/Level.Level:PersistentLevel.Level' with GeneratedClass '/Game/Rooms/Level.Level_C' with ClassGeneratedBy '/Game/Rooms/Level.Level:PersistentLevel.Level'
[2016.03.31-10.28.52:848][260]LogPlayLevel: PlayLevel: No blueprints needed recompiling
[2016.03.31-10.28.52:848][260]PIE: New page: PIE session: Level (Mar 30, 2016, 8:28:52 PM)
[2016.03.31-10.28.52:848][260]LogPlayLevel: Creating play world package: /Game/Rooms/UEDPIE_0_Level
[2016.03.31-10.28.52:851][260]LogPlayLevel: PIE: StaticDuplicateObject took: (0.003642s)
[2016.03.31-10.28.52:852][260]LogAIModule: Creating AISystem for world Level
[2016.03.31-10.28.52:852][260]LogPlayLevel: PIE: World Init took: (0.000583s)
[2016.03.31-10.28.52:852][260]LogPlayLevel: PIE: Created PIE world by copying editor world from /Game/Rooms/Level.Level to /Game/Rooms/UEDPIE_0_Level.Level (0.004462s)
[2016.03.31-10.28.52:879][260]LogInit: XAudio2 using 'Speakers (Realtek High Definition Audio)' : 2 channels at 48 kHz using 32 bits per sample (channel mask 0x3)
[2016.03.31-10.28.52:886][260]LogInit: FAudioDevice initialized.
[2016.03.31-10.28.52:917][260]LogWorld: Game class is 'Maze_Of_DoomGameMode'
[2016.03.31-10.28.52:919][260]LogWorld: Bringing World /Game/Rooms/UEDPIE_0_Level.Level up for play (max tick rate 60) at 2016.03.31-03.28.52
[2016.03.31-10.28.52:919][260]LogActor:Warning: GameSession /Game/Rooms/UEDPIE_0_Level.Level:PersistentLevel.GameSession_1 has natively added scene component(s), but none of them were set as the actor's RootComponent - picking one arbitrarily
[2016.03.31-10.28.52:919][260]LogActor:Warning: GameNetworkManager /Game/Rooms/UEDPIE_0_Level.Level:PersistentLevel.GameNetworkManager_1 has natively added scene component(s), but none of them were set as the actor's RootComponent - picking one arbitrarily
[2016.03.31-10.28.52:919][260]LogWorld: Bringing up level for play took: 0.001435
[2016.03.31-10.28.52:921][260]PIE: Info Play in editor start time for /Game/Rooms/UEDPIE_0_Level 0.31
[2016.03.31-10.28.52:921][260]LogBlueprintUserMessages: Late PlayInEditor Detection: Level '/Game/Rooms/Level.Level:PersistentLevel' has LevelScriptBlueprint '/Game/Rooms/Level.Level:PersistentLevel.Level' with GeneratedClass '/Game/Rooms/Level.Level_C' with ClassGeneratedBy '/Game/Rooms/Level.Level:PersistentLevel.Level'
[2016.03.31-10.29.09:316][243]LogBlueprintUserMessages: Early EndPlayMap Detection: Level '/Game/Rooms/Level.Level:PersistentLevel' has LevelScriptBlueprint '/Game/Rooms/Level.Level:PersistentLevel.Level' with GeneratedClass '/Game/Rooms/Level.Level_C' with ClassGeneratedBy '/Game/Rooms/Level.Level:PersistentLevel.Level'
[2016.03.31-10.29.09:348][243]LogBlueprintUserMessages: Late EndPlayMap Detection: Level '/Game/Rooms/Level.Level:PersistentLevel' has LevelScriptBlueprint '/Game/Rooms/Level.Level:PersistentLevel.Level' with GeneratedClass '/Game/Rooms/Level.Level_C' with ClassGeneratedBy '/Game/Rooms/Level.Level:PersistentLevel.Level'
[2016.03.31-10.29.09:371][243]LogParticles: Destroying 0 GPU particle simulations for FXSystem 0x000001EC278EE480
[2016.03.31-10.29.18:936][428]LogVSAccessor:Warning: Couldn't goto line number '0' in 'C:/Users/David/Desktop/ASU/SER432/Group2/Maze_Of_Doom/Source/Maze_Of_Doom/Maze_Of_DoomGameMode.h'
[2016.03.31-10.29.19:128][428]LogVSAccessor:Warning: Couldn't goto line number '0' in 'C:/Users/David/Desktop/ASU/SER432/Group2/Maze_Of_Doom/Source/Maze_Of_Doom/Maze_Of_DoomGameMode.cpp'
[2016.03.31-10.29.26:264][668]LogVSAccessor:Warning: Couldn't goto line number '0' in 'C:/Users/David/Desktop/ASU/SER432/Group2/Maze_Of_Doom/Source/Maze_Of_Doom/Maze_Of_DoomCharacter.h'
[2016.03.31-10.29.26:430][668]LogVSAccessor:Warning: Couldn't goto line number '0' in 'C:/Users/David/Desktop/ASU/SER432/Group2/Maze_Of_Doom/Source/Maze_Of_Doom/Maze_Of_DoomCharacter.cpp'
[2016.03.31-10.29.34:395][ 28]LogVSAccessor:Warning: Couldn't goto line number '0' in 'C:/Users/David/Desktop/ASU/SER432/Group2/Maze_Of_Doom/Source/Maze_Of_Doom/Maze_Of_DoomCharacter.h'
[2016.03.31-10.29.34:447][ 28]LogVSAccessor:Warning: Couldn't goto line number '0' in 'C:/Users/David/Desktop/ASU/SER432/Group2/Maze_Of_Doom/Source/Maze_Of_Doom/Maze_Of_DoomCharacter.cpp'
[2016.03.31-10.29.41:568][450]LogVSAccessor:Warning: Couldn't goto line number '0' in 'C:/Users/David/Desktop/ASU/SER432/Group2/Maze_Of_Doom/Source/Maze_Of_Doom/LevelGenerator.h'
[2016.03.31-10.29.41:625][450]LogVSAccessor:Warning: Couldn't goto line number '0' in 'C:/Users/David/Desktop/ASU/SER432/Group2/Maze_Of_Doom/Source/Maze_Of_Doom/LevelGenerator.cpp'
[2016.03.31-10.29.43:267][548]LogBlueprintUserMessages: Early PlayInEditor Detection: Level '/Game/Rooms/Level.Level:PersistentLevel' has LevelScriptBlueprint '/Game/Rooms/Level.Level:PersistentLevel.Level' with GeneratedClass '/Game/Rooms/Level.Level_C' with ClassGeneratedBy '/Game/Rooms/Level.Level:PersistentLevel.Level'
[2016.03.31-10.29.43:267][548]LogPlayLevel: PlayLevel: No blueprints needed recompiling
[2016.03.31-10.29.43:267][548]PIE: New page: PIE session: Level (Mar 30, 2016, 8:29:43 PM)
[2016.03.31-10.29.43:268][548]LogPlayLevel: Creating play world package: /Game/Rooms/UEDPIE_0_Level
[2016.03.31-10.29.43:272][548]LogPlayLevel: PIE: StaticDuplicateObject took: (0.003762s)
[2016.03.31-10.29.43:273][548]LogAIModule: Creating AISystem for world Level
[2016.03.31-10.29.43:273][548]LogPlayLevel: PIE: World Init took: (0.000768s)
[2016.03.31-10.29.43:273][548]LogPlayLevel: PIE: Created PIE world by copying editor world from /Game/Rooms/Level.Level to /Game/Rooms/UEDPIE_0_Level.Level (0.004927s)
[2016.03.31-10.29.43:299][548]LogInit: XAudio2 using 'Speakers (Realtek High Definition Audio)' : 2 channels at 48 kHz using 32 bits per sample (channel mask 0x3)
[2016.03.31-10.29.43:306][548]LogInit: FAudioDevice initialized.
[2016.03.31-10.29.43:342][548]LogWorld: Game class is 'Maze_Of_DoomGameMode'
[2016.03.31-10.29.43:344][548]LogWorld: Bringing World /Game/Rooms/UEDPIE_0_Level.Level up for play (max tick rate 60) at 2016.03.31-03.29.43
[2016.03.31-10.29.43:344][548]LogActor:Warning: GameSession /Game/Rooms/UEDPIE_0_Level.Level:PersistentLevel.GameSession_2 has natively added scene component(s), but none of them were set as the actor's RootComponent - picking one arbitrarily
[2016.03.31-10.29.43:344][548]LogActor:Warning: GameNetworkManager /Game/Rooms/UEDPIE_0_Level.Level:PersistentLevel.GameNetworkManager_2 has natively added scene component(s), but none of them were set as the actor's RootComponent - picking one arbitrarily
[2016.03.31-10.29.43:345][548]LogWorld: Bringing up level for play took: 0.001622
[2016.03.31-10.29.43:347][548]PIE: Info Play in editor start time for /Game/Rooms/UEDPIE_0_Level 0.735
[2016.03.31-10.29.43:347][548]LogBlueprintUserMessages: Late PlayInEditor Detection: Level '/Game/Rooms/Level.Level:PersistentLevel' has LevelScriptBlueprint '/Game/Rooms/Level.Level:PersistentLevel.Level' with GeneratedClass '/Game/Rooms/Level.Level_C' with ClassGeneratedBy '/Game/Rooms/Level.Level:PersistentLevel.Level'
[2016.03.31-10.30.44:782][ 15]LogBlueprintUserMessages: Early EndPlayMap Detection: Level '/Game/Rooms/Level.Level:PersistentLevel' has LevelScriptBlueprint '/Game/Rooms/Level.Level:PersistentLevel.Level' with GeneratedClass '/Game/Rooms/Level.Level_C' with ClassGeneratedBy '/Game/Rooms/Level.Level:PersistentLevel.Level'
[2016.03.31-10.30.44:815][ 15]LogBlueprintUserMessages: Late EndPlayMap Detection: Level '/Game/Rooms/Level.Level:PersistentLevel' has LevelScriptBlueprint '/Game/Rooms/Level.Level:PersistentLevel.Level' with GeneratedClass '/Game/Rooms/Level.Level_C' with ClassGeneratedBy '/Game/Rooms/Level.Level:PersistentLevel.Level'
[2016.03.31-10.30.44:815][ 15]LogActorComponent: UnregisterComponent: (/Engine/Transient.CharMoveComp) Not registered. Aborting.
[2016.03.31-10.30.44:844][ 15]LogParticles: Destroying 0 GPU particle simulations for FXSystem 0x000001EC35A13740
[2016.03.31-10.30.44:844][ 15]LogParticles: Destroying 0 GPU particle simulations for FXSystem 0x000001EC27A2B420
[2016.03.31-10.30.44:859][ 16]LogParticles: Destroying 0 GPU particle simulations for FXSystem 0x000001EC279B2A20
[2016.03.31-10.30.47:565][176]Cmd: MAP LOAD FILE="../../../../../../Users/David/Desktop/ASU/SER432/Group2/Maze_Of_Doom/Content/Rooms/TutorialLevel.umap" TEMPLATE=0 SHOWPROGRESS=1 FEATURELEVEL=3
[2016.03.31-10.30.47:565][176]LightingResults: New page: Lighting Build
[2016.03.31-10.30.47:581][176]LoadErrors: New page: Loading map: TutorialLevel.umap
[2016.03.31-10.30.47:581][176]MapCheck: New page: Map Check
[2016.03.31-10.30.47:581][176]LightingResults: New page: Lighting Build
[2016.03.31-10.30.47:605][176]LogParticles: Destroying 0 GPU particle simulations for FXSystem 0x000001EC075FC360
[2016.03.31-10.30.47:609][176]LogEditorServer: Finished looking for orphan Actors (0.000 secs)
[2016.03.31-10.30.47:638][176]Cmd: MAP CHECKDEP NOCLEARLOG
[2016.03.31-10.30.47:690][176]MapCheck: Info Map check complete: 0 Error(s), 0 Warning(s), took 52.234ms to complete.
[2016.03.31-10.30.47:691][176]LogFileHelpers: Loading map 'TutorialLevel' took 0.127
[2016.03.31-10.30.52:407][440]LogAIModule: Creating AISystem for world Level
[2016.03.31-10.30.52:432][440]LogParticles: Destroying 0 GPU particle simulations for FXSystem 0x000001EC35A12B60
[2016.03.31-10.30.52:436][440]Cmd: MAP LOAD FILE="../../../../../../Users/David/Desktop/ASU/SER432/Group2/Maze_Of_Doom/Content/Rooms/Level.umap" TEMPLATE=0 SHOWPROGRESS=1 FEATURELEVEL=3
[2016.03.31-10.30.52:436][440]LightingResults: New page: Lighting Build
[2016.03.31-10.30.52:451][440]LoadErrors: New page: Loading map: Level.umap
[2016.03.31-10.30.52:452][440]MapCheck: New page: Map Check
[2016.03.31-10.30.52:452][440]LightingResults: New page: Lighting Build
[2016.03.31-10.30.52:477][440]LogParticles: Destroying 0 GPU particle simulations for FXSystem 0x000001EC27F996C0
[2016.03.31-10.30.52:485][440]LogEditorServer: Finished looking for orphan Actors (0.000 secs)
[2016.03.31-10.30.52:524][440]Cmd: MAP CHECKDEP NOCLEARLOG
[2016.03.31-10.30.52:572][440]MapCheck: Info Map check complete: 0 Error(s), 0 Warning(s), took 48.028ms to complete.
[2016.03.31-10.30.52:572][440]LogFileHelpers: Loading map 'Level' took 0.137
[2016.03.31-10.30.57:408][715]LogRenderer: Reallocating scene render targets to support 1208x888 (Frame:10691).
[2016.03.31-10.31.30:269][668]LogAIModule: Creating AISystem for world TutorialLevel
[2016.03.31-10.31.30:295][668]LogParticles: Destroying 0 GPU particle simulations for FXSystem 0x000001EC278CA480
[2016.03.31-10.31.30:299][668]Cmd: MAP LOAD FILE="../../../../../../Users/David/Desktop/ASU/SER432/Group2/Maze_Of_Doom/Content/Rooms/TutorialLevel.umap" TEMPLATE=0 SHOWPROGRESS=1 FEATURELEVEL=3
[2016.03.31-10.31.30:299][668]LightingResults: New page: Lighting Build
[2016.03.31-10.31.30:314][668]LoadErrors: New page: Loading map: TutorialLevel.umap
[2016.03.31-10.31.30:314][668]MapCheck: New page: Map Check
[2016.03.31-10.31.30:314][668]LightingResults: New page: Lighting Build
[2016.03.31-10.31.30:335][668]LogParticles: Destroying 0 GPU particle simulations for FXSystem 0x000001EC27971B20
[2016.03.31-10.31.30:339][668]LogEditorServer: Finished looking for orphan Actors (0.000 secs)
[2016.03.31-10.31.30:363][668]Cmd: MAP CHECKDEP NOCLEARLOG
[2016.03.31-10.31.30:409][668]MapCheck: Info Map check complete: 0 Error(s), 0 Warning(s), took 45.07ms to complete.
[2016.03.31-10.31.30:409][668]LogFileHelpers: Loading map 'TutorialLevel' took 0.110
[2016.03.31-10.31.45:125][550]LogBlueprintUserMessages: Early PlayInEditor Detection: Level '/Game/Rooms/TutorialLevel.TutorialLevel:PersistentLevel' has LevelScriptBlueprint '/Game/Rooms/TutorialLevel.TutorialLevel:PersistentLevel.TutorialLevel' with GeneratedClass '/Game/Rooms/TutorialLevel.TutorialLevel_C' with ClassGeneratedBy '/Game/Rooms/TutorialLevel.TutorialLevel:PersistentLevel.TutorialLevel'
[2016.03.31-10.31.45:125][550]LogPlayLevel: PlayLevel: No blueprints needed recompiling
[2016.03.31-10.31.45:125][550]PIE: New page: PIE session: TutorialLevel (Mar 30, 2016, 8:31:45 PM)
[2016.03.31-10.31.45:125][550]LogPlayLevel: Creating play world package: /Game/Rooms/UEDPIE_0_TutorialLevel
[2016.03.31-10.31.45:135][550]LogPlayLevel: PIE: StaticDuplicateObject took: (0.009472s)
[2016.03.31-10.31.45:135][550]LogAIModule: Creating AISystem for world TutorialLevel
[2016.03.31-10.31.45:135][550]LogPlayLevel: PIE: World Init took: (0.000579s)
[2016.03.31-10.31.45:135][550]LogPlayLevel: PIE: Created PIE world by copying editor world from /Game/Rooms/TutorialLevel.TutorialLevel to /Game/Rooms/UEDPIE_0_TutorialLevel.TutorialLevel (0.010262s)
[2016.03.31-10.31.45:166][550]LogInit: XAudio2 using 'Speakers (Realtek High Definition Audio)' : 2 channels at 48 kHz using 32 bits per sample (channel mask 0x3)
[2016.03.31-10.31.45:172][550]LogInit: FAudioDevice initialized.
[2016.03.31-10.31.45:204][550]LogWorld: Game class is 'Maze_Of_DoomGameMode'
[2016.03.31-10.31.45:206][550]LogWorld: Bringing World /Game/Rooms/UEDPIE_0_TutorialLevel.TutorialLevel up for play (max tick rate 60) at 2016.03.31-03.31.45
[2016.03.31-10.31.45:206][550]LogActor:Warning: GameSession /Game/Rooms/UEDPIE_0_TutorialLevel.TutorialLevel:PersistentLevel.GameSession_3 has natively added scene component(s), but none of them were set as the actor's RootComponent - picking one arbitrarily
[2016.03.31-10.31.45:206][550]LogActor:Warning: GameNetworkManager /Game/Rooms/UEDPIE_0_TutorialLevel.TutorialLevel:PersistentLevel.GameNetworkManager_3 has natively added scene component(s), but none of them were set as the actor's RootComponent - picking one arbitrarily
[2016.03.31-10.31.45:206][550]LogWorld: Bringing up level for play took: 0.001675
[2016.03.31-10.31.45:211][550]PIE: Info Play in editor start time for /Game/Rooms/UEDPIE_0_TutorialLevel 0.6
[2016.03.31-10.31.45:212][550]LogBlueprintUserMessages: Late PlayInEditor Detection: Level '/Game/Rooms/TutorialLevel.TutorialLevel:PersistentLevel' has LevelScriptBlueprint '/Game/Rooms/TutorialLevel.TutorialLevel:PersistentLevel.TutorialLevel' with GeneratedClass '/Game/Rooms/TutorialLevel.TutorialLevel_C' with ClassGeneratedBy '/Game/Rooms/TutorialLevel.TutorialLevel:PersistentLevel.TutorialLevel'
[2016.03.31-10.31.53:974][ 76]LogBlueprintUserMessages: Early EndPlayMap Detection: Level '/Game/Rooms/TutorialLevel.TutorialLevel:PersistentLevel' has LevelScriptBlueprint '/Game/Rooms/TutorialLevel.TutorialLevel:PersistentLevel.TutorialLevel' with GeneratedClass '/Game/Rooms/TutorialLevel.TutorialLevel_C' with ClassGeneratedBy '/Game/Rooms/TutorialLevel.TutorialLevel:PersistentLevel.TutorialLevel'
[2016.03.31-10.31.54:008][ 76]LogBlueprintUserMessages: Late EndPlayMap Detection: Level '/Game/Rooms/TutorialLevel.TutorialLevel:PersistentLevel' has LevelScriptBlueprint '/Game/Rooms/TutorialLevel.TutorialLevel:PersistentLevel.TutorialLevel' with GeneratedClass '/Game/Rooms/TutorialLevel.TutorialLevel_C' with ClassGeneratedBy '/Game/Rooms/TutorialLevel.TutorialLevel:PersistentLevel.TutorialLevel'
[2016.03.31-10.31.54:030][ 76]LogParticles: Destroying 0 GPU particle simulations for FXSystem 0x000001EC35970F40
[2016.03.31-10.33.11:397][220]LogVSAccessor:Warning: Couldn't goto line number '0' in 'C:/Users/David/Desktop/ASU/SER432/Group2/Maze_Of_Doom/Source/Maze_Of_Doom/LevelGenerator.h'
[2016.03.31-10.33.11:447][220]LogVSAccessor:Warning: Couldn't goto line number '0' in 'C:/Users/David/Desktop/ASU/SER432/Group2/Maze_Of_Doom/Source/Maze_Of_Doom/LevelGenerator.cpp'
[2016.03.31-10.46.56:779][921]LogParticles: Destroying 0 GPU particle simulations for FXSystem 0x000001EC35971E40
[2016.03.31-10.46.56:781][921]LogParticles: Destroying 0 GPU particle simulations for FXSystem 0x000001EC35973E20
[2016.03.31-10.46.57:108][922]Cmd: QUIT_EDITOR
[2016.03.31-10.46.57:789][922]LogWindowsTextInputMethodSystem:Display: IME system now deactivated.
[2016.03.31-10.46.57:789][922]LogWindowsTextInputMethodSystem:Display: IME system now deactivated.
[2016.03.31-10.46.57:849][922]LogExit: Preparing to exit.
[2016.03.31-10.46.58:301][922]LogActorComponent: UnregisterComponent: (None.None) Not registered. Aborting.
[2016.03.31-10.46.58:301][922]LogActorComponent: UnregisterComponent: (None.None) Not registered. Aborting.
[2016.03.31-10.46.58:343][922]LogExit: Editor shut down
[2016.03.31-10.46.58:343][922]LogParticles: Destroying 0 GPU particle simulations for FXSystem 0x000001EC075FDD00
[2016.03.31-10.46.58:343][922]LogExit: Transaction tracking system shut down
[2016.03.31-10.46.58:343][922]LogParticles: Destroying 0 GPU particle simulations for FXSystem 0x000001EC62B95620
[2016.03.31-10.46.58:346][922]LogParticles: Destroying 0 GPU particle simulations for FXSystem 0x000001EC158D3600
[2016.03.31-10.46.58:347][922]LogParticles: Destroying 0 GPU particle simulations for FXSystem 0x000001EC158D0400
[2016.03.31-10.46.58:349][922]LogParticles: Destroying 0 GPU particle simulations for FXSystem 0x000001EC278EDDA0
[2016.03.31-10.46.58:350][922]LogParticles: Destroying 0 GPU particle simulations for FXSystem 0x000001EC60E1CC20
[2016.03.31-10.46.58:523][922]LogExit: Object subsystem successfully closed.
[2016.03.31-10.46.58:537][922]LogD3D11RHI: Shutdown
[2016.03.31-10.46.58:537][922]LogD3D11RHI: CleanupD3DDevice
[2016.03.31-10.46.58:619][922]LogD3D11RHI: ~FD3D11DynamicRHI
[2016.03.31-10.46.58:634][922]LogModuleManager: Shutting down and abandoning module BlueprintGraph (200)
[2016.03.31-10.46.58:634][922]LogModuleManager: Shutting down and abandoning module StatsViewer (199)
[2016.03.31-10.46.58:634][922]LogModuleManager: Shutting down and abandoning module CrashTracker (198)
[2016.03.31-10.46.58:634][922]LogModuleManager: Shutting down and abandoning module SceneOutliner (197)
[2016.03.31-10.46.58:634][922]LogModuleManager: Shutting down and abandoning module SuperSearch (196)
[2016.03.31-10.46.58:634][922]LogModuleManager: Shutting down and abandoning module WidgetCarousel (195)
[2016.03.31-10.46.58:634][922]LogModuleManager: Shutting down and abandoning module AddContentDialog (194)
[2016.03.31-10.46.58:635][922]LogModuleManager: Shutting down and abandoning module EditorWidgets (193)
[2016.03.31-10.46.58:635][922]LogModuleManager: Shutting down and abandoning module CollectionManager (192)
[2016.03.31-10.46.58:636][922]LogModuleManager: Shutting down and abandoning module FoliageEdit (191)
[2016.03.31-10.46.58:636][922]LogModuleManager: Shutting down and abandoning module LandscapeEditor (190)
[2016.03.31-10.46.58:636][922]LogModuleManager: Shutting down and abandoning module ActorPickerMode (189)
[2016.03.31-10.46.58:636][922]LogModuleManager: Shutting down and abandoning module GeometryMode (188)
[2016.03.31-10.46.58:636][922]LogModuleManager: Shutting down and abandoning module TextureAlignMode (187)
[2016.03.31-10.46.58:636][922]LogModuleManager: Shutting down and abandoning module BspMode (186)
[2016.03.31-10.46.58:636][922]LogModuleManager: Shutting down and abandoning module PlacementMode (185)
[2016.03.31-10.46.58:636][922]LogModuleManager: Shutting down and abandoning module AutomationWorker (184)
[2016.03.31-10.46.58:636][922]LogModuleManager: Shutting down and abandoning module CharacterAI (183)
[2016.03.31-10.46.58:636][922]LogModuleManager: Shutting down and abandoning module SmartSnapping (182)
[2016.03.31-10.46.58:636][922]LogModuleManager: Shutting down and abandoning module ViewportSnapping (181)
[2016.03.31-10.46.58:636][922]LogModuleManager: Shutting down and abandoning module LogVisualizer (180)
[2016.03.31-10.46.58:637][922]LogModuleManager: Shutting down and abandoning module GameProjectGeneration (179)
[2016.03.31-10.46.58:637][922]LogModuleManager: Shutting down and abandoning module IntroTutorials (178)
[2016.03.31-10.46.58:637][922]LogModuleManager: Shutting down and abandoning module EditorLiveStreaming (177)
[2016.03.31-10.46.58:637][922]LogModuleManager: Shutting down and abandoning module IOSPlatformEditor (176)
[2016.03.31-10.46.58:637][922]LogModuleManager: Shutting down and abandoning module HTML5PlatformEditor (175)
[2016.03.31-10.46.58:637][922]LogModuleManager: Shutting down and abandoning module AndroidDeviceDetection (174)
[2016.03.31-10.46.58:913][922]LogModuleManager: Shutting down and abandoning module AndroidPlatformEditor (173)
[2016.03.31-10.46.58:913][922]LogModuleManager: Shutting down and abandoning module IOSRuntimeSettings (172)
[2016.03.31-10.46.58:913][922]LogModuleManager: Shutting down and abandoning module AndroidRuntimeSettings (171)
[2016.03.31-10.46.58:913][922]LogModuleManager: Shutting down and abandoning module MergeActors (170)
[2016.03.31-10.46.58:913][922]LogModuleManager: Shutting down and abandoning module SizeMap (169)
[2016.03.31-10.46.58:913][922]LogModuleManager: Shutting down and abandoning module TreeMap (168)
[2016.03.31-10.46.58:913][922]LogModuleManager: Shutting down and abandoning module ReferenceViewer (167)
[2016.03.31-10.46.58:913][922]LogModuleManager: Shutting down and abandoning module LocalizationService (166)
[2016.03.31-10.46.58:913][922]LogModuleManager: Shutting down and abandoning module LocalizationDashboard (165)
[2016.03.31-10.46.58:913][922]LogModuleManager: Shutting down and abandoning module HardwareTargeting (164)
[2016.03.31-10.46.58:913][922]LogModuleManager: Shutting down and abandoning module DeviceProfileEditor (163)
[2016.03.31-10.46.58:913][922]LogModuleManager: Shutting down and abandoning module UndoHistory (162)
[2016.03.31-10.46.58:913][922]LogModuleManager: Shutting down and abandoning module GameplayTagsEditor (161)
[2016.03.31-10.46.58:913][922]LogModuleManager: Shutting down and abandoning module UserFeedback (160)
[2016.03.31-10.46.58:913][922]LogModuleManager: Shutting down and abandoning module XmlParser (159)
[2016.03.31-10.46.58:913][922]LogModuleManager: Shutting down and abandoning module Blutility (158)
[2016.03.31-10.46.58:913][922]LogModuleManager: Shutting down and abandoning module ProjectTargetPlatformEditor (157)
[2016.03.31-10.46.58:913][922]LogModuleManager: Shutting down and abandoning module ProjectSettingsViewer (156)
[2016.03.31-10.46.58:913][922]LogModuleManager: Shutting down and abandoning module InputBindingEditor (155)
[2016.03.31-10.46.58:914][922]LogModuleManager: Shutting down and abandoning module EditorSettingsViewer (154)
[2016.03.31-10.46.58:914][922]LogModuleManager: Shutting down and abandoning module SettingsEditor (153)
[2016.03.31-10.46.58:914][922]LogModuleManager: Shutting down and abandoning module ProjectLauncher (152)
[2016.03.31-10.46.58:914][922]LogModuleManager: Shutting down and abandoning module SessionFrontend (151)
[2016.03.31-10.46.58:914][922]LogModuleManager: Shutting down and abandoning module ProfilerClient (150)
[2016.03.31-10.46.58:914][922]LogModuleManager: Shutting down and abandoning module TargetDeviceServices (149)
[2016.03.31-10.46.58:914][922]LogModuleManager: Shutting down and abandoning module DeviceManager (148)
[2016.03.31-10.46.58:914][922]LogModuleManager: Shutting down and abandoning module AutomationController (147)
[2016.03.31-10.46.58:914][922]LogModuleManager: Shutting down and abandoning module AutomationWindow (146)
[2016.03.31-10.46.58:914][922]LogModuleManager: Shutting down and abandoning module Layers (145)
[2016.03.31-10.46.58:914][922]LogModuleManager: Shutting down and abandoning module ComponentVisualizers (144)
[2016.03.31-10.46.58:914][922]LogModuleManager: Shutting down and abandoning module DetailCustomizations (143)
[2016.03.31-10.46.58:914][922]LogModuleManager: Shutting down and abandoning module PackagesDialog (142)
[2016.03.31-10.46.58:914][922]LogModuleManager: Shutting down and abandoning module Persona (141)
[2016.03.31-10.46.58:914][922]LogModuleManager: Shutting down and abandoning module Kismet (140)
[2016.03.31-10.46.58:914][922]LogModuleManager: Shutting down and abandoning module GraphEditor (139)
[2016.03.31-10.46.58:914][922]LogModuleManager: Shutting down and abandoning module ClassViewer (138)
[2016.03.31-10.46.58:914][922]LogModuleManager: Shutting down and abandoning module Toolbox (137)
[2016.03.31-10.46.58:914][922]LogModuleManager: Shutting down and abandoning module ModuleUI (136)
[2016.03.31-10.46.58:914][922]LogModuleManager: Shutting down and abandoning module MovieSceneTools (135)
[2016.03.31-10.46.58:914][922]LogModuleManager: Shutting down and abandoning module OutputLog (134)
[2016.03.31-10.46.58:914][922]LogModuleManager: Shutting down and abandoning module GammaUI (133)
[2016.03.31-10.46.58:914][922]LogModuleManager: Shutting down and abandoning module Documentation (132)
[2016.03.31-10.46.58:914][922]LogModuleManager: Shutting down and abandoning module GameLiveStreaming (131)
[2016.03.31-10.46.58:914][922]LogModuleManager: Shutting down and abandoning module StreamingPauseRendering (130)
[2016.03.31-10.46.58:914][922]LogModuleManager: Shutting down and abandoning module AnalyticsET (129)
[2016.03.31-10.46.58:914][922]LogModuleManager: Shutting down and abandoning module Analytics (128)
[2016.03.31-10.46.58:914][922]LogModuleManager: Shutting down and abandoning module AITestSuite (127)
[2016.03.31-10.46.58:914][922]LogModuleManager: Shutting down and abandoning module GameplayDebugger (126)
[2016.03.31-10.46.58:914][922]LogModuleManager: Shutting down and abandoning module AIModule (125)
[2016.03.31-10.46.58:914][922]LogModuleManager: Shutting down and abandoning module ProfilerService (124)
[2016.03.31-10.46.59:079][922]LogModuleManager: Shutting down and abandoning module TaskGraph (123)
[2016.03.31-10.46.59:079][922]LogModuleManager: Shutting down and abandoning module SlateRemote (122)
[2016.03.31-10.46.59:079][922]LogModuleManager: Shutting down and abandoning module SteamVRController (121)
[2016.03.31-10.46.59:079][922]LogModuleManager: Shutting down and abandoning module SteamVR (120)
[2016.03.31-10.46.59:079][922]LogModuleManager: Shutting down and abandoning module ProceduralMeshComponent (119)
[2016.03.31-10.46.59:079][922]LogModuleManager: Shutting down and abandoning module OculusLibrary (118)
[2016.03.31-10.46.59:079][922]LogModuleManager: Shutting down and abandoning module OculusInput (117)
[2016.03.31-10.46.59:079][922]LogModuleManager: Shutting down and abandoning module LeapMotionController (116)
[2016.03.31-10.46.59:103][922]LogModuleManager: Shutting down and abandoning module CustomMeshComponent (115)
[2016.03.31-10.46.59:103][922]LogModuleManager: Shutting down and abandoning module CableComponent (114)
[2016.03.31-10.46.59:103][922]LogModuleManager: Shutting down and abandoning module ArchVisCharacter (113)
[2016.03.31-10.46.59:103][922]LogModuleManager: Shutting down and abandoning module MessagingDebugger (112)
[2016.03.31-10.46.59:103][922]LogModuleManager: Shutting down and abandoning module MediaPlayerEditor (111)
[2016.03.31-10.46.59:103][922]LogModuleManager: Shutting down and abandoning module HTML5Networking (110)
[2016.03.31-10.46.59:103][922]LogModuleManager: Shutting down and abandoning module SpeedTreeImporter (109)
[2016.03.31-10.46.59:103][922]LogModuleManager: Shutting down and abandoning module PluginBrowser (108)
[2016.03.31-10.46.59:103][922]LogModuleManager: Shutting down and abandoning module EpicSurvey (107)
[2016.03.31-10.46.59:103][922]LogModuleManager: Shutting down and abandoning module DesktopPlatform (106)
[2016.03.31-10.46.59:103][922]LogModuleManager: Shutting down and abandoning module VisualStudioSourceCodeAccess (105)
[2016.03.31-10.46.59:103][922]LogModuleManager: Shutting down and abandoning module UObjectPlugin (104)
[2016.03.31-10.46.59:103][922]LogModuleManager: Shutting down and abandoning module SubversionSourceControl (103)
[2016.03.31-10.46.59:103][922]LogModuleManager: Shutting down and abandoning module PerforceSourceControl (102)
[2016.03.31-10.46.59:103][922]LogModuleManager: Shutting down and abandoning module SourceControl (101)
[2016.03.31-10.46.59:103][922]LogModuleManager: Shutting down and abandoning module GitSourceControl (100)
[2016.03.31-10.46.59:103][922]LogModuleManager: Shutting down and abandoning module LightPropagationVolumeEditor (99)
[2016.03.31-10.46.59:103][922]LogModuleManager: Shutting down and abandoning module PaperTiledImporter (98)
[2016.03.31-10.46.59:103][922]LogModuleManager: Shutting down and abandoning module PaperSpriteSheetImporter (97)
[2016.03.31-10.46.59:103][922]LogModuleManager: Shutting down and abandoning module MeshPaint (96)
[2016.03.31-10.46.59:103][922]LogModuleManager: Shutting down and abandoning module SlateReflector (95)
[2016.03.31-10.46.59:103][922]LogModuleManager: Shutting down and abandoning module HotReload (94)
[2016.03.31-10.46.59:103][922]LogModuleManager: Shutting down and abandoning module MainFrame (93)
[2016.03.31-10.46.59:103][922]LogModuleManager: Shutting down and abandoning module LevelEditor (92)
[2016.03.31-10.46.59:104][922]LogModuleManager: Shutting down and abandoning module DirectoryWatcher (91)
[2016.03.31-10.46.59:105][922]LogModuleManager: Shutting down and abandoning module AssetRegistry (90)
[2016.03.31-10.46.59:147][922]LogModuleManager: Shutting down and abandoning module ContentBrowser (89)
[2016.03.31-10.46.59:148][922]LogModuleManager: Shutting down and abandoning module Paper2DEditor (88)
[2016.03.31-10.46.59:148][922]LogModuleManager: Shutting down and abandoning module Maze_Of_Doom (87)
[2016.03.31-10.46.59:148][922]LogModuleManager: Shutting down and abandoning module UdpMessaging (86)
[2016.03.31-10.46.59:249][922]LogModuleManager: Shutting down and abandoning module LightPropagationVolumeRuntime (85)
[2016.03.31-10.46.59:249][922]LogModuleManager: Shutting down and abandoning module Paper2D (84)
[2016.03.31-10.46.59:249][922]LogModuleManager: Shutting down and abandoning module WindowsMoviePlayer (83)
[2016.03.31-10.46.59:251][922]LogModuleManager: Shutting down and abandoning module Media (82)
[2016.03.31-10.46.59:251][922]LogModuleManager: Shutting down and abandoning module WmfMedia (81)
[2016.03.31-10.46.59:252][922]LogModuleManager: Shutting down and abandoning module OnlineBlueprintSupport (80)
[2016.03.31-10.46.59:252][922]LogModuleManager: Shutting down and abandoning module GameplayTasksEditor (79)
[2016.03.31-10.46.59:252][922]LogModuleManager: Shutting down and abandoning module PropertyEditor (78)
[2016.03.31-10.46.59:252][922]LogModuleManager: Shutting down and abandoning module BehaviorTreeEditor (77)
[2016.03.31-10.46.59:252][922]LogModuleManager: Shutting down and abandoning module FunctionalTesting (76)
[2016.03.31-10.46.59:252][922]LogModuleManager: Shutting down and abandoning module CollisionAnalyzer (75)
[2016.03.31-10.46.59:252][922]LogModuleManager: Shutting down and abandoning module WorkspaceMenuStructure (74)
[2016.03.31-10.46.59:252][922]LogModuleManager: Shutting down and abandoning module MessageLog (73)
[2016.03.31-10.46.59:252][922]LogModuleManager: Shutting down and abandoning module Sequencer (72)
[2016.03.31-10.46.59:252][922]LogModuleManager: Shutting down and abandoning module AssetTools (71)
[2016.03.31-10.46.59:252][922]LogModuleManager: Shutting down and abandoning module UMGEditor (70)
[2016.03.31-10.46.59:252][922]LogModuleManager: Shutting down and abandoning module UMG (69)
[2016.03.31-10.46.59:252][922]LogModuleManager: Shutting down and abandoning module Slate (68)
[2016.03.31-10.46.59:252][922]LogModuleManager: Shutting down and abandoning module EditorStyle (67)
[2016.03.31-10.46.59:254][922]LogModuleManager: Shutting down and abandoning module SessionServices (66)
[2016.03.31-10.46.59:254][922]LogModuleManager: Shutting down and abandoning module SourceCodeAccess (65)
[2016.03.31-10.46.59:254][922]LogModuleManager: Shutting down and abandoning module HeadMountedDisplay (64)
[2016.03.31-10.46.59:254][922]LogModuleManager: Shutting down and abandoning module XAudio2 (63)
[2016.03.31-10.46.59:254][922]LogModuleManager: Shutting down and abandoning module Networking (61)
[2016.03.31-10.46.59:254][922]LogModuleManager: Shutting down and abandoning module Core (60)
[2016.03.31-10.46.59:254][922]LogModuleManager: Shutting down and abandoning module KismetCompiler (59)
[2016.03.31-10.46.59:254][922]LogModuleManager: Shutting down and abandoning module PhysXFormats (58)
[2016.03.31-10.46.59:254][922]LogModuleManager: Shutting down and abandoning module MeshUtilities (57)
[2016.03.31-10.46.59:254][922]LogModuleManager: Shutting down and abandoning module DerivedDataCache (56)
[2016.03.31-10.46.59:337][922]LogDerivedDataCache: Shutdown
[2016.03.31-10.46.59:337][922]LogModuleManager: Shutting down and abandoning module ShaderFormatOpenGL (55)
[2016.03.31-10.46.59:337][922]LogModuleManager: Shutting down and abandoning module ShaderFormatD3D (54)
[2016.03.31-10.46.59:337][922]LogModuleManager: Shutting down and abandoning module MetalShaderFormat (53)
[2016.03.31-10.46.59:337][922]LogModuleManager: Shutting down and abandoning module TextureFormatUncompressed (52)
[2016.03.31-10.46.59:337][922]LogModuleManager: Shutting down and abandoning module TextureFormatPVR (51)
[2016.03.31-10.46.59:337][922]LogModuleManager: Shutting down and abandoning module TextureFormatIntelISPCTexComp (50)
[2016.03.31-10.46.59:337][922]LogModuleManager: Shutting down and abandoning module TextureFormatDXT (49)
[2016.03.31-10.46.59:337][922]LogModuleManager: Shutting down and abandoning module ImageWrapper (48)
[2016.03.31-10.46.59:337][922]LogModuleManager: Shutting down and abandoning module TextureFormatASTC (47)
[2016.03.31-10.46.59:337][922]LogModuleManager: Shutting down and abandoning module TextureFormatAndroid (46)
[2016.03.31-10.46.59:337][922]LogModuleManager: Shutting down and abandoning module AudioFormatOpus (45)
[2016.03.31-10.46.59:337][922]LogModuleManager: Shutting down and abandoning module AudioFormatOgg (44)
[2016.03.31-10.46.59:337][922]LogModuleManager: Shutting down and abandoning module AudioFormatADPCM (43)
[2016.03.31-10.46.59:337][922]LogModuleManager: Shutting down and abandoning module LinuxTargetPlatform (42)
[2016.03.31-10.46.59:337][922]LogModuleManager: Shutting down and abandoning module LinuxServerTargetPlatform (41)
[2016.03.31-10.46.59:337][922]LogModuleManager: Shutting down and abandoning module LinuxNoEditorTargetPlatform (40)
[2016.03.31-10.46.59:337][922]LogModuleManager: Shutting down and abandoning module Messaging (39)
[2016.03.31-10.46.59:337][922]LogModuleManager: Shutting down and abandoning module IOSTargetPlatform (38)
[2016.03.31-10.46.59:337][922]LogModuleManager: Shutting down and abandoning module HTML5TargetPlatform (37)
[2016.03.31-10.46.59:337][922]LogModuleManager: Shutting down and abandoning module Android_PVRTCTargetPlatform (36)
[2016.03.31-10.46.59:337][922]LogModuleManager: Shutting down and abandoning module Android_MultiTargetPlatform (35)
[2016.03.31-10.46.59:337][922]LogModuleManager: Shutting down and abandoning module Android_ETC2TargetPlatform (34)
[2016.03.31-10.46.59:337][922]LogModuleManager: Shutting down and abandoning module Android_ETC1TargetPlatform (33)
[2016.03.31-10.46.59:337][922]LogModuleManager: Shutting down and abandoning module Android_DXTTargetPlatform (32)
[2016.03.31-10.46.59:337][922]LogModuleManager: Shutting down and abandoning module Android_ATCTargetPlatform (31)
[2016.03.31-10.46.59:337][922]LogModuleManager: Shutting down and abandoning module Android_ASTCTargetPlatform (30)
[2016.03.31-10.46.59:337][922]LogModuleManager: Shutting down and abandoning module AndroidTargetPlatform (29)
[2016.03.31-10.46.59:337][922]LogModuleManager: Shutting down and abandoning module WindowsTargetPlatform (28)
[2016.03.31-10.46.59:337][922]LogModuleManager: Shutting down and abandoning module WindowsServerTargetPlatform (27)
[2016.03.31-10.46.59:337][922]LogModuleManager: Shutting down and abandoning module WindowsNoEditorTargetPlatform (26)
[2016.03.31-10.46.59:337][922]LogModuleManager: Shutting down and abandoning module WindowsClientTargetPlatform (25)
[2016.03.31-10.46.59:337][922]LogModuleManager: Shutting down and abandoning module AllDesktopTargetPlatform (24)
[2016.03.31-10.46.59:337][922]LogModuleManager: Shutting down and abandoning module TargetPlatform (23)
[2016.03.31-10.46.59:337][922]LogModuleManager: Shutting down and abandoning module InputCore (22)
[2016.03.31-10.46.59:337][922]LogModuleManager: Shutting down and abandoning module Settings (21)
[2016.03.31-10.46.59:337][922]LogModuleManager: Shutting down and abandoning module OnlineSubsystem (19)
[2016.03.31-10.46.59:337][922]LogModuleManager: Shutting down and abandoning module HTTP (18)
[2016.03.31-10.47.01:342][922]LogModuleManager: Shutting down and abandoning module XMPP (17)
[2016.03.31-10.47.01:342][922]LogModuleManager: Shutting down and abandoning module OculusRift (16)
[2016.03.31-10.47.01:342][922]LogModuleManager: Shutting down and abandoning module ExampleDeviceProfileSelector (15)
[2016.03.31-10.47.01:342][922]LogModuleManager: Shutting down and abandoning module TextureCompressor (14)
[2016.03.31-10.47.01:342][922]LogModuleManager: Shutting down and abandoning module ShaderCore (13)
[2016.03.31-10.47.01:342][922]LogModuleManager: Shutting down and abandoning module Landscape (12)
[2016.03.31-10.47.01:342][922]LogModuleManager: Shutting down and abandoning module SlateRHIRenderer (11)
[2016.03.31-10.47.01:344][922]LogModuleManager: Shutting down and abandoning module OpenGLDrv (10)
[2016.03.31-10.47.01:344][922]LogModuleManager: Shutting down and abandoning module D3D11RHI (9)
[2016.03.31-10.47.01:344][922]LogModuleManager: Shutting down and abandoning module AnimGraphRuntime (8)
[2016.03.31-10.47.01:344][922]LogModuleManager: Shutting down and abandoning module Renderer (7)
[2016.03.31-10.47.01:344][922]LogModuleManager: Shutting down and abandoning module Engine (6)
[2016.03.31-10.47.01:344][922]LogModuleManager: Shutting down and abandoning module CoreUObject (5)
[2016.03.31-10.47.01:344][922]LogModuleManager: Shutting down and abandoning module NetworkFile (4)
[2016.03.31-10.47.01:344][922]LogModuleManager: Shutting down and abandoning module StreamingFile (3)
[2016.03.31-10.47.01:344][922]LogModuleManager: Shutting down and abandoning module SandboxFile (2)
[2016.03.31-10.47.01:344][922]LogModuleManager: Shutting down and abandoning module PakFile (1)
[2016.03.31-10.47.01:346][922]LogExit: Exiting.
[2016.03.31-10.47.01:347][922]Log file closed, 03/31/16 03:47:01
