[2016.04.07-05.05.20:604][  0]Log file open, 04/06/16 22:05:20
[2016.04.07-05.05.20:604][  0]LogInit:Display: Running engine for game: Maze_Of_Doom
[2016.04.07-05.05.20:604][  0]LogPlatformFile: Not using cached read wrapper
[2016.04.07-05.05.20:604][  0]LogInit:Display: RandInit(-1557873116) SRandInit(-1557873115).
[2016.04.07-05.05.20:604][  0]LogTaskGraph: Started task graph with 4 named threads and 7 total threads.
[2016.04.07-05.05.20:604][  0]LogStats: Stats thread started at 0.082031
[2016.04.07-05.05.20:604][  0]LogInit: Version: 4.10.4-2872498+++depot+UE4-Releases+4.10
[2016.04.07-05.05.20:604][  0]LogInit: API Version: 2758231
[2016.04.07-05.05.20:605][  0]LogInit: Compiled (64-bit): Feb 18 2016 15:47:04
[2016.04.07-05.05.20:605][  0]LogInit: Compiled with Visual C++: 19.00.23026.00
[2016.04.07-05.05.20:605][  0]LogInit: Build Configuration: Development
[2016.04.07-05.05.20:605][  0]LogInit: Branch Name: ++depot+UE4-Releases+4.10
[2016.04.07-05.05.20:605][  0]LogInit: Command line:  
[2016.04.07-05.05.20:605][  0]LogInit: Base directory: C:/Program Files (x86)/Epic Games/4.10/Engine/Binaries/Win64/
[2016.04.07-05.05.20:605][  0]LogInit: Rocket: 1
[2016.04.07-05.05.20:614][  0]LogInit: Using libcurl 7.41.0
[2016.04.07-05.05.20:614][  0]LogInit:  - built for x86_64-pc-win32
[2016.04.07-05.05.20:614][  0]LogInit:  - supports SSL with WinSSL
[2016.04.07-05.05.20:614][  0]LogInit:  - other features:
[2016.04.07-05.05.20:614][  0]LogInit:      CURL_VERSION_SSL
[2016.04.07-05.05.20:614][  0]LogInit:      CURL_VERSION_IPV6
[2016.04.07-05.05.20:614][  0]LogInit:      CURL_VERSION_ASYNCHDNS
[2016.04.07-05.05.20:614][  0]LogInit:      CURL_VERSION_LARGEFILE
[2016.04.07-05.05.20:614][  0]LogInit:      CURL_VERSION_IDN
[2016.04.07-05.05.20:614][  0]LogInit:  CurlRequestOptions (configurable via config and command line):
[2016.04.07-05.05.20:614][  0]LogInit:  - bVerifyPeer = true  - Libcurl will verify peer certificate
[2016.04.07-05.05.20:614][  0]LogInit:  - bUseHttpProxy = false  - Libcurl will NOT use HTTP proxy
[2016.04.07-05.05.20:614][  0]LogInit:  - bDontReuseConnections = false  - Libcurl will reuse connections
[2016.04.07-05.05.20:614][  0]LogInit:  - CertBundlePath = nullptr  - Libcurl will use whatever was configured at build time.
[2016.04.07-05.05.20:622][  0]LogInit: Presizing for 0 objects not considered by GC, pre-allocating 0 bytes.
[2016.04.07-05.05.20:629][  0]LogInit: Object subsystem initialized
[2016.04.07-05.05.20:630][  0]LogInit: Selected Device Profile: [Windows]
[2016.04.07-05.05.20:630][  0]LogInit: Applying CVar settings loaded from the selected device profile: [Windows]
[2016.04.07-05.05.20:640][  0]LogInit: Computer: MIDAS2013
[2016.04.07-05.05.20:640][  0]LogInit: User: Aaron
[2016.04.07-05.05.20:640][  0]LogInit: CPU Page size=4096, Cores=4
[2016.04.07-05.05.20:640][  0]LogInit: High frequency timer resolution =4.232979 MHz
[2016.04.07-05.05.20:641][  0]LogMemory: Memory total: Physical=7.9GB (8GB approx)
[2016.04.07-05.05.20:641][  0]LogMemory: Platform Memory Stats for Windows
[2016.04.07-05.05.20:641][  0]LogMemory: Process Physical Memory: 54.45 MB used, 54.45 MB peak
[2016.04.07-05.05.20:641][  0]LogMemory: Process Virtual Memory: 58.50 MB used, 58.50 MB peak
[2016.04.07-05.05.20:641][  0]LogMemory: Physical Memory: 2389.77 MB used, 8090.14 MB total
[2016.04.07-05.05.20:641][  0]LogMemory: Virtual Memory: 366.58 MB used, 134217728.00 MB total
[2016.04.07-05.05.20:677][  0]LogTextLocalizationManager: No specific translations for ('en-US') exist, so ('en') translations will be used.
[2016.04.07-05.05.21:139][  0]LogD3D11RHI: Found D3D11 adapter 0: NVIDIA GeForce GTX 660   (Feature Level 11_0)
[2016.04.07-05.05.21:139][  0]LogD3D11RHI: Adapter has 1984MB of dedicated video memory, 0MB of dedicated system memory, and 2048MB of shared system memory, 1 output[s]
[2016.04.07-05.05.21:140][  0]LogD3D11RHI: Found D3D11 adapter 1: Microsoft Basic Render Driver (Feature Level 11_0)
[2016.04.07-05.05.21:140][  0]LogD3D11RHI: Adapter has 0MB of dedicated video memory, 0MB of dedicated system memory, and 256MB of shared system memory, 0 output[s]
[2016.04.07-05.05.21:140][  0]LogD3D11RHI: Chosen D3D11 Adapter Id = 0
[2016.04.07-05.05.21:144][  0]LogD3D11RHI: !Direct3DDevice
[2016.04.07-05.05.21:144][  0]LogRHI: Texture pool is 1361 MB (70% of 1945 MB)
[2016.04.07-05.05.21:160][  0]LogD3D11RHI: Async texture creation enabled
[2016.04.07-05.05.21:177][  0]LogShaderCompilers: Guid format shader working directory is -8 characters bigger than the processId version (../../../../../../Users/Aaron/Documents/a/Maze_Of_Doom/Intermediate/Shaders/WorkingDirectory/2104/).
[2016.04.07-05.05.21:177][  0]LogShaderCompilers: Cleaned the shader compiler working directory 'C:/Users/Aaron/AppData/Local/Temp/UnrealShaderWorkingDir/EC31FDAC43779A44B9A540A0E47005AE/'.
[2016.04.07-05.05.21:177][  0]LogShaderCompilers:Display: Using Local Shader Compiler.
[2016.04.07-05.05.22:114][  0]LogTemp:Display: Loaded TP AllDesktopTargetPlatform
[2016.04.07-05.05.22:119][  0]LogTemp:Display: Loaded TP WindowsClientTargetPlatform
[2016.04.07-05.05.22:124][  0]LogTemp:Display: Loaded TP WindowsNoEditorTargetPlatform
[2016.04.07-05.05.22:129][  0]LogTemp:Display: Loaded TP WindowsServerTargetPlatform
[2016.04.07-05.05.22:134][  0]LogTemp:Display: Loaded TP WindowsTargetPlatform
[2016.04.07-05.05.22:137][  0]LogTemp:Display: Loaded TP AndroidTargetPlatform
[2016.04.07-05.05.22:140][  0]LogTemp:Display: Loaded TP Android_ASTCTargetPlatform
[2016.04.07-05.05.22:143][  0]LogTemp:Display: Loaded TP Android_ATCTargetPlatform
[2016.04.07-05.05.22:146][  0]LogTemp:Display: Loaded TP Android_DXTTargetPlatform
[2016.04.07-05.05.22:150][  0]LogTemp:Display: Loaded TP Android_ETC1TargetPlatform
[2016.04.07-05.05.22:153][  0]LogTemp:Display: Loaded TP Android_ETC2TargetPlatform
[2016.04.07-05.05.22:160][  0]LogTemp:Display: Loaded TP Android_MultiTargetPlatform
[2016.04.07-05.05.22:160][  0]LogTemp:Display: Loaded TP Android_PVRTCTargetPlatform
[2016.04.07-05.05.22:160][  0]LogTemp:Display: Loaded TP HTML5TargetPlatform
[2016.04.07-05.05.22:178][  0]LogTemp:Display: Loaded TP IOSTargetPlatform
[2016.04.07-05.05.22:181][  0]LogTemp:Display: Loaded TP LinuxNoEditorTargetPlatform
[2016.04.07-05.05.22:184][  0]LogTemp:Display: Loaded TP LinuxServerTargetPlatform
[2016.04.07-05.05.22:187][  0]LogTemp:Display: Loaded TP LinuxTargetPlatform
[2016.04.07-05.05.22:187][  0]LogTargetPlatformManager:Display: Building Assets For Windows
[2016.04.07-05.05.22:274][  0]LogDerivedDataCache:Display: Max Cache Size: 512 MB
[2016.04.07-05.05.22:344][  0]LogDerivedDataCache: Loaded boot cache 0.07s 44MB C:/Users/Aaron/AppData/Local/UnrealEngine/4.10/DerivedDataCache/Boot.ddc.
[2016.04.07-05.05.22:344][  0]LogDerivedDataCache:Display: Loaded Boot cache: C:/Users/Aaron/AppData/Local/UnrealEngine/4.10/DerivedDataCache/Boot.ddc
[2016.04.07-05.05.22:344][  0]LogDerivedDataCache: FDerivedDataBackendGraph:  Pak pak cache file ../../../../../../Users/Aaron/Documents/a/Maze_Of_Doom/DerivedDataCache/DDC.ddp not found, will not use a pak cache.
[2016.04.07-05.05.22:344][  0]LogDerivedDataCache: Unable to find inner node Pak for hierarchical cache Hierarchy.
[2016.04.07-05.05.22:345][  0]LogDerivedDataCache: FDerivedDataBackendGraph:  CompressedPak pak cache file ../../../../../../Users/Aaron/Documents/a/Maze_Of_Doom/DerivedDataCache/Compressed.ddp not found, will not use a pak cache.
[2016.04.07-05.05.22:345][  0]LogDerivedDataCache: Unable to find inner node CompressedPak for hierarchical cache Hierarchy.
[2016.04.07-05.05.22:403][  0]LogDerivedDataCache:Display: Pak cache opened for reading ../../../Engine/DerivedDataCache/Compressed.ddp.
[2016.04.07-05.05.22:415][  0]LogDerivedDataCache: Using Local data cache path C:/Users/Aaron/AppData/Local/UnrealEngine/Common/DerivedDataCache: Writable
[2016.04.07-05.05.22:619][  0]LogInit: Selected Device Profile: [Windows]
[2016.04.07-05.05.22:621][  0]LogContentStreaming: Texture pool size is 0.000000MB
[2016.04.07-05.05.22:732][  0]LogMeshUtilities: No automatic mesh reduction module available
[2016.04.07-05.05.22:732][  0]LogMeshUtilities: No automatic mesh merging module available
[2016.04.07-05.05.22:979][  0]LogInit: WinSock: version 1.1 (2.2), MaxSocks=32767, MaxUdp=65467
[2016.04.07-05.05.23:751][  0]UdpMessaging: Initializing bridge on interface 0.0.0.0:0 to multicast group 230.0.0.1:6666.
[2016.04.07-05.05.23:957][  0]LogLinker:Warning: Asset '../../../../../../Users/Aaron/Documents/a/Maze_Of_Doom/Content/FirstPerson/Meshes/FirstPersonProjectileMesh.uasset' has been saved with empty engine version. The asset will be loaded but may be incompatible.
[2016.04.07-05.05.24:181][  0]LogAssetRegistry: FAssetRegistry took 0.0115 seconds to start up
[2016.04.07-05.05.24:369][  0]SourceControl: Info Source control is disabled
[2016.04.07-05.05.24:396][  0]SourceControl: Info Source control is disabled
[2016.04.07-05.05.24:409][  0]SourceControl: Info Source control is disabled
[2016.04.07-05.05.24:422][  0]SourceControl: Info Source control is disabled
[2016.04.07-05.05.24:679][  0]LogObj: 35349 objects as part of root set at end of initial load.
[2016.04.07-05.05.24:679][  0]LogUObjectAllocator: 8461744 out of 0 bytes used by permanent object pool.
[2016.04.07-05.05.24:737][  0]LogEngine: Initializing Engine...
[2016.04.07-05.05.24:739][  0]LogHMD: Can't find Oculus library dev build: is proper Runtime installed? Version: 0.8.0.0
[2016.04.07-05.05.24:740][  0]LogHMD: SteamVR failed to initialize.  Err: 110
[2016.04.07-05.05.24:869][  0]LogAIModule: Creating AISystem for world NewWorld
[2016.04.07-05.05.24:879][  0]LogInit: XAudio2 using 'HP w2408-4 (NVIDIA High Definition Audio)' : 2 channels at 48 kHz using 16 bits per sample (channel mask 0x3)
[2016.04.07-05.05.24:890][  0]LogInit: FAudioDevice initialized.
[2016.04.07-05.05.24:929][  0]LogDerivedDataCache: Saved boot cache 0.04s 43MB C:/Users/Aaron/AppData/Local/UnrealEngine/4.10/DerivedDataCache/Boot.ddc.
[2016.04.07-05.05.24:940][  0]LogInit: Texture streaming: Enabled
[2016.04.07-05.05.24:946][  0]LogAnalytics: Creating configured Analytics provider AnalyticsET
[2016.04.07-05.05.24:946][  0]LogAnalytics: [UEEditor.Rocket.Release] APIServer = http://et2.epicgames.com/ET2/. AppVersion = 4.10.4-2872498+++depot+UE4-Releases+4.10
[2016.04.07-05.05.24:946][  0]LogAnalytics: [UEEditor.Rocket.Release] SetUserId ada7550f432c852206d4d89c1e3b3a85|ec7b00a30b924c4b8cae2a71e72a5f1b|6bbf40ba-94c5-49a6-82c8-1033ddda766d
[2016.04.07-05.05.24:946][  0]LogAnalytics: [UEEditor.Rocket.Release] AnalyticsET::StartSession
[2016.04.07-05.05.24:954][  0]LogInit: Transaction tracking system initialized
[2016.04.07-05.05.24:982][  0]BlueprintLog: New page: Editor Load
[2016.04.07-05.05.25:094][  0]LocalizationService: Info Localization service is disabled
[2016.04.07-05.05.25:164][  0]LogConsoleResponse:Display: 
[2016.04.07-05.05.25:269][  0]LogCook:Display: Done creating registry. It took  0.00s.
[2016.04.07-05.05.25:333][  0]LogFileCache: Scanning file cache for directory 'C:/Users/Aaron/Documents/a/Maze_Of_Doom/Content/' took 0.02s
[2016.04.07-05.05.25:333][  0]SourceControl: Info Source control is disabled
[2016.04.07-05.05.25:333][  0]Cmd: MAP LOAD FILE="../../../../../../Users/Aaron/Documents/a/Maze_Of_Doom/Content/ThirdPersonCPP/Maps/ThirdPersonExampleMap.umap" TEMPLATE=0 SHOWPROGRESS=1 FEATURELEVEL=3
[2016.04.07-05.05.25:333][  0]LogEditorServer:Warning: Can't find file '../../../../../../Users/Aaron/Documents/a/Maze_Of_Doom/Content/ThirdPersonCPP/Maps/ThirdPersonExampleMap.umap'
[2016.04.07-05.05.25:333][  0]Cmd: MAP CHECKDEP NOCLEARLOG
[2016.04.07-05.05.25:381][  0]MapCheck: Info Map check complete: 0 Error(s), 0 Warning(s), took 47.604ms to complete.
[2016.04.07-05.05.25:381][  0]LogFileHelpers: Loading map 'ThirdPersonExampleMap' took 0.048
[2016.04.07-05.05.25:490][  0]LogCollectionManager: Loaded 0 collections in 0.002165 seconds
[2016.04.07-05.05.25:529][  0]LogFileCache: Scanning file cache for directory 'C:/Users/Aaron/Documents/a/Maze_Of_Doom/Saved/Collections/' took 0.01s
[2016.04.07-05.05.25:529][  0]LogFileCache: Scanning file cache for directory 'C:/Users/Aaron/Documents/a/Maze_Of_Doom/Content/Developers/Aaron/Collections/' took 0.01s
[2016.04.07-05.05.25:529][  0]LogFileCache: Scanning file cache for directory 'C:/Users/Aaron/Documents/a/Maze_Of_Doom/Content/Collections/' took 0.01s
[2016.04.07-05.05.25:529][  0]LogCollectionManager: Rebuilt the GUID cache for 0 collections in 0.000002 seconds
[2016.04.07-05.05.25:539][  0]LogContentBrowser: Native class hierarchy populated in 0.0097 seconds. Added 1895 classes and 340 folders.
[2016.04.07-05.05.25:546][  0]LogContentBrowser: Native class hierarchy updated for 'WidgetCarousel' in 0.0013 seconds. Added 0 classes and 0 folders.
[2016.04.07-05.05.25:590][  0]LogContentBrowser: Native class hierarchy updated for 'AddContentDialog' in 0.0013 seconds. Added 0 classes and 0 folders.
[2016.04.07-05.05.25:595][  0]LogContentBrowser: Native class hierarchy updated for 'SceneOutliner' in 0.0012 seconds. Added 1 classes and 2 folders.
[2016.04.07-05.05.25:639][  0]LogCrashTracker: Crashtracker disabled due to settings.
[2016.04.07-05.05.25:679][  0]LogLoad: Full Startup: 5.85 seconds (BP compile: 0.08 seconds)
[2016.04.07-05.05.25:691][  0]LogOcInput: Can't find Oculus library dev build: is proper Runtime installed? Version: 0.8.0.0
[2016.04.07-05.05.25:691][  0]LoadErrors:Error: Error /Game/ThirdPersonCPP/Blueprints/ThirdPersonCharacter : Failed import for ObjectProperty /Game/Blueprint_Items/SK_FPGun.SK_FPGun_C:SkeletalMesh
[2016.04.07-05.05.25:726][  0]LogContentStreaming: Texture pool size now 1000 MB
[2016.04.07-05.05.25:867][  0]LogRenderer: Reallocating scene render targets to support 1208x632 (Frame:2).
[2016.04.07-05.05.26:120][  4]LogAssetRegistry: Asset discovery search completed in 1.9506 seconds
[2016.04.07-05.05.26:127][  4]LogCollectionManager: Rebuilt the object cache for 0 collections in 0.000001 seconds (found 0 objects)
[2016.04.07-05.05.26:127][  4]LogCollectionManager: Fixed up redirectors for 0 collections in 0.000045 seconds (updated 0 objects)
[2016.04.07-05.05.40:612][697]LogLinker:Warning: Asset '../../../Engine/Content/ArtTools/RenderToTexture/Macros/RenderToTextureMacros.uasset' has been saved with empty engine version. The asset will be loaded but may be incompatible.
[2016.04.07-05.05.41:135][697]LogContentBrowser: Native class hierarchy updated for 'BlueprintGraph' in 0.0018 seconds. Added 107 classes and 0 folders.
[2016.04.07-05.05.54:933][811]LogClass:Warning: Type mismatch in Direction of Room_C - Previous (ArrayProperty) Current(IntProperty) for package:  FObjectReader
[2016.04.07-05.05.54:974][811]LogBlueprint:Error: [compiler Level] Error Could not find a function named "CreateLevel" in 'Level'.
Make sure 'Level' has been compiled for  Create Level 
[2016.04.07-05.05.54:976][811]LogBlueprint:Warning: [compiler Level] Warning [0035.15] Compile of Level failed. 1 Fatal Issue(s) 0 Warning(s) [in 2 ms]
[2016.04.07-05.05.54:976][811]LogBlueprint:Warning: [compiler Level] Warning [0035.15] Compile of Level failed. 1 Fatal Issue(s) 1 Warning(s) [in 0 ms]
[2016.04.07-05.05.54:976][811]LogBlueprint:Warning: [compiler Level] Warning [0035.15] Compile of Level failed. 1 Fatal Issue(s) 2 Warning(s) [in 0 ms]
[2016.04.07-05.05.55:039][811]LogAIModule: Creating AISystem for world Level
[2016.04.07-05.05.55:043][811]LogActorComponent: UnregisterComponent: (/Engine/Transient.CharMoveComp) Not registered. Aborting.
[2016.04.07-05.05.55:084][811]LogParticles: Destroying 0 GPU particle simulations for FXSystem 0x0000006552BDBD80
[2016.04.07-05.05.55:096][811]Cmd: MAP LOAD FILE="../../../../../../Users/Aaron/Documents/a/Maze_Of_Doom/Content/Rooms/Level.umap" TEMPLATE=0 SHOWPROGRESS=1 FEATURELEVEL=3
[2016.04.07-05.05.55:096][811]LightingResults: New page: Lighting Build
[2016.04.07-05.05.55:100][811]LogContentBrowser: Native class hierarchy updated for 'StatsViewer' in 0.0014 seconds. Added 5 classes and 0 folders.
[2016.04.07-05.05.55:116][811]LoadErrors: New page: Loading map: Level.umap
[2016.04.07-05.05.55:117][811]MapCheck: New page: Map Check
[2016.04.07-05.05.55:117][811]LightingResults: New page: Lighting Build
[2016.04.07-05.05.55:150][811]LogParticles: Destroying 0 GPU particle simulations for FXSystem 0x0000006564F3E160
[2016.04.07-05.05.55:221][811]LogEditorServer: Finished looking for orphan Actors (0.000 secs)
[2016.04.07-05.05.55:263][811]Cmd: MAP CHECKDEP NOCLEARLOG
[2016.04.07-05.05.55:326][811]MapCheck: Info Map check complete: 0 Error(s), 0 Warning(s), took 62.28ms to complete.
[2016.04.07-05.05.55:326][811]LogFileHelpers: Loading map 'Level' took 0.231
[2016.04.07-05.05.56:507][940]LogBlueprintUserMessages: Early PlayInEditor Detection: Level '/Game/Rooms/Level.Level:PersistentLevel' has LevelScriptBlueprint '/Game/Rooms/Level.Level:PersistentLevel.Level' with GeneratedClass '/Game/Rooms/Level.Level_C' with ClassGeneratedBy '/Game/Rooms/Level.Level:PersistentLevel.Level'
[2016.04.07-05.05.56:507][940]BlueprintLog: New page: Pre-Play auto-recompile
[2016.04.07-05.05.56:508][940]LogPlayLevel: [PlayLevel] Compiling Level before play...
[2016.04.07-05.05.56:511][940]LogBlueprint:Error: [compiler Level] Error Could not find a function named "CreateLevel" in 'Level'.
Make sure 'Level' has been compiled for  Create Level 
[2016.04.07-05.05.56:592][940]LogBlueprint:Warning: [compiler Level] Warning [0036.76] Compile of Level failed. 1 Fatal Issue(s) 0 Warning(s) [in 82 ms]
[2016.04.07-05.05.56:713][940]LogBlueprint:Warning: [compiler Level] Warning [0036.89] Compile of Level failed. 1 Fatal Issue(s) 1 Warning(s) [in 0 ms]
[2016.04.07-05.05.56:714][940]LogBlueprint:Warning: [compiler Level] Warning [0036.89] Compile of Level failed. 1 Fatal Issue(s) 2 Warning(s) [in 0 ms]
[2016.04.07-05.05.56:714][940]LogBlueprint:Warning: [compiler Level] Warning [0036.89] Compile of Level failed. 1 Fatal Issue(s) 3 Warning(s) [in 0 ms]
[2016.04.07-05.05.56:714][940]LogBlueprint:Warning: [compiler Level] Warning [0036.89] Compile of Level failed. 1 Fatal Issue(s) 4 Warning(s) [in 0 ms]
[2016.04.07-05.05.56:714][940]LogBlueprint:Warning: [compiler Level] Warning [0036.89] Compile of Level failed. 1 Fatal Issue(s) 5 Warning(s) [in 0 ms]
[2016.04.07-05.05.56:717][940]LogPlayLevel: PlayLevel: Blueprint regeneration took 210 ms (1 blueprints)
[2016.04.07-05.05.56:753][940]BlueprintLog: Info Blueprint Level failed to compile
[2016.04.07-05.06.00:653][ 65]LogLinker:Warning: CreateExport: Failed to load Parent for BlueprintGeneratedClass /Game/Blueprint_Items/Energy_Pack/MyEnergyPickup.MyEnergyPickup_C
[2016.04.07-05.06.00:653][ 65]LogLinker:Warning: CreateExport: Failed to load Parent for BlueprintGeneratedClass /Game/Blueprint_Items/Energy_Pack/MyEnergyPickup.MyEnergyPickup_C
[2016.04.07-05.06.00:653][ 65]LogLinker:Warning: CreateExport: Failed to load Parent for BlueprintGeneratedClass /Game/Blueprint_Items/Energy_Pack/MyEnergyPickup.MyEnergyPickup_C
[2016.04.07-05.06.00:654][ 65]LogLinker:Warning: CreateExport: Failed to load Parent for BlueprintGeneratedClass /Game/Blueprint_Items/Energy_Pack/MyEnergyPickup.MyEnergyPickup_C
[2016.04.07-05.06.00:654][ 65]LogLinker:Warning: CreateExport: Failed to load Parent for BlueprintGeneratedClass /Game/Blueprint_Items/Energy_Pack/MyEnergyPickup.MyEnergyPickup_C
[2016.04.07-05.06.00:654][ 65]LogLinker:Warning: CreateExport: Failed to load Parent for BlueprintGeneratedClass /Game/Blueprint_Items/Energy_Pack/MyEnergyPickup.MyEnergyPickup_C
[2016.04.07-05.06.00:657][ 65]LogLinker:Warning: CreateExport: Failed to load Parent for BlueprintGeneratedClass /Game/Blueprint_Items/Energy_Pack/MyEnergyPickup.MyEnergyPickup_C
[2016.04.07-05.06.00:660][ 65]LogLinker:Warning: CreateExport: Failed to load Parent for BlueprintGeneratedClass /Game/Blueprint_Items/Energy_Pack/MyEnergyPickup.MyEnergyPickup_C
[2016.04.07-05.06.00:718][ 65]LogLinker:Warning: CreateExport: Failed to load Parent for BlueprintGeneratedClass /Game/Blueprint_Items/Energy_Pack/MyEnergyPickup.MyEnergyPickup_C
[2016.04.07-05.06.00:718][ 65]LogLinker:Warning: CreateExport: Failed to load Parent for BlueprintGeneratedClass /Game/Blueprint_Items/Energy_Pack/MyEnergyPickup.MyEnergyPickup_C
[2016.04.07-05.06.00:718][ 65]LogLinker:Warning: CreateExport: Failed to load Parent for BlueprintGeneratedClass /Game/Blueprint_Items/Energy_Pack/MyEnergyPickup.MyEnergyPickup_C
[2016.04.07-05.06.00:718][ 65]LogLinker:Warning: CreateExport: Failed to load Parent for BlueprintGeneratedClass /Game/Blueprint_Items/Energy_Pack/MyEnergyPickup.MyEnergyPickup_C
[2016.04.07-05.06.00:718][ 65]LogLinker:Warning: CreateExport: Failed to load Parent for BlueprintGeneratedClass /Game/Blueprint_Items/Energy_Pack/MyEnergyPickup.MyEnergyPickup_C
[2016.04.07-05.06.01:096][ 65]LogAIModule: Creating AISystem for world TutorialLevel
[2016.04.07-05.06.01:156][ 65]Cmd: MAP LOAD FILE="../../../../../../Users/Aaron/Documents/a/Maze_Of_Doom/Content/Rooms/TutorialLevel.umap" TEMPLATE=0 SHOWPROGRESS=1 FEATURELEVEL=3
[2016.04.07-05.06.01:156][ 65]LightingResults: New page: Lighting Build
[2016.04.07-05.06.01:176][ 65]LoadErrors: New page: Loading map: TutorialLevel.umap
[2016.04.07-05.06.01:177][ 65]MapCheck: New page: Map Check
[2016.04.07-05.06.01:177][ 65]LightingResults: New page: Lighting Build
[2016.04.07-05.06.01:213][ 65]LogParticles: Destroying 0 GPU particle simulations for FXSystem 0x000000651AAF8860
[2016.04.07-05.06.01:271][ 65]LogEditorServer: Finished looking for orphan Actors (0.000 secs)
[2016.04.07-05.06.01:310][ 65]Cmd: MAP CHECKDEP NOCLEARLOG
[2016.04.07-05.06.01:376][ 65]MapCheck: Info Map check complete: 0 Error(s), 0 Warning(s), took 65.68ms to complete.
[2016.04.07-05.06.01:376][ 65]LogFileHelpers: Loading map 'TutorialLevel' took 0.222
[2016.04.07-05.06.01:383][ 65]LoadErrors:Warning: Warning CreateExport: Failed to load Outer for resource 'UserConstructionScript': BlueprintGeneratedClass /Game/Blueprint_Items/Energy_Pack/MyEnergyPickup.MyEnergyPickup_C
[2016.04.07-05.06.01:383][ 65]LoadErrors:Warning: Warning CreateExport: Failed to load Outer for resource 'DefaultSceneRoot_GEN_VARIABLE': BlueprintGeneratedClass /Game/Blueprint_Items/Energy_Pack/MyEnergyPickup.MyEnergyPickup_C
[2016.04.07-05.06.01:383][ 65]LoadErrors:Warning: Warning CreateExport: Failed to load Outer for resource 'SimpleConstructionScript_0': BlueprintGeneratedClass /Game/Blueprint_Items/Energy_Pack/MyEnergyPickup.MyEnergyPickup_C
[2016.04.07-05.06.01:383][ 65]LoadErrors:Warning: Warning CreateExport: Failed to load Outer for resource 'SCS_Node_0': SimpleConstructionScript /Game/Blueprint_Items/Energy_Pack/MyEnergyPickup.MyEnergyPickup_C:SimpleConstructionScript_0
[2016.04.07-05.06.01:383][ 65]LoadErrors:Warning: Warning CreateExport: Failed to load Outer for resource 'PickupMesh': MyEnergyPickup_C /Game/Blueprint_Items/Energy_Pack/MyEnergyPickup.Default__MyEnergyPickup_C
[2016.04.07-05.06.03:736][337]LogBlueprintUserMessages: Early PlayInEditor Detection: Level '/Game/Rooms/TutorialLevel.TutorialLevel:PersistentLevel' has LevelScriptBlueprint '/Game/Rooms/TutorialLevel.TutorialLevel:PersistentLevel.TutorialLevel' with GeneratedClass '/Game/Rooms/TutorialLevel.TutorialLevel_C' with ClassGeneratedBy '/Game/Rooms/TutorialLevel.TutorialLevel:PersistentLevel.TutorialLevel'
[2016.04.07-05.06.03:736][337]LogPlayLevel: PlayLevel: No blueprints needed recompiling
[2016.04.07-05.06.03:736][337]PIE: New page: PIE session: TutorialLevel (Apr 6, 2016, 3:06:03 PM)
[2016.04.07-05.06.03:736][337]LogPlayLevel: Creating play world package: /Game/Rooms/UEDPIE_0_TutorialLevel
[2016.04.07-05.06.03:751][337]LogPlayLevel: PIE: StaticDuplicateObject took: (0.014803s)
[2016.04.07-05.06.03:752][337]LogAIModule: Creating AISystem for world TutorialLevel
[2016.04.07-05.06.03:752][337]LogPlayLevel: PIE: World Init took: (0.000812s)
[2016.04.07-05.06.03:752][337]LogPlayLevel: PIE: Created PIE world by copying editor world from /Game/Rooms/TutorialLevel.TutorialLevel to /Game/Rooms/UEDPIE_0_TutorialLevel.TutorialLevel (0.015813s)
[2016.04.07-05.06.03:752][337]LogActorComponent: UnregisterComponent: (/Engine/Transient.CharMoveComp) Not registered. Aborting.
[2016.04.07-05.06.03:800][337]LogInit: XAudio2 using 'HP w2408-4 (NVIDIA High Definition Audio)' : 2 channels at 48 kHz using 16 bits per sample (channel mask 0x3)
[2016.04.07-05.06.03:804][337]LogInit: FAudioDevice initialized.
[2016.04.07-05.06.03:851][337]LogWorld: Game class is 'Maze_Of_DoomGameMode'
[2016.04.07-05.06.03:854][337]LogWorld: Bringing World /Game/Rooms/UEDPIE_0_TutorialLevel.TutorialLevel up for play (max tick rate 0) at 2016.04.06-22.06.03
[2016.04.07-05.06.03:854][337]LogActor:Warning: GameSession /Game/Rooms/UEDPIE_0_TutorialLevel.TutorialLevel:PersistentLevel.GameSession_0 has natively added scene component(s), but none of them were set as the actor's RootComponent - picking one arbitrarily
[2016.04.07-05.06.03:854][337]LogActor:Warning: GameNetworkManager /Game/Rooms/UEDPIE_0_TutorialLevel.TutorialLevel:PersistentLevel.GameNetworkManager_0 has natively added scene component(s), but none of them were set as the actor's RootComponent - picking one arbitrarily
[2016.04.07-05.06.03:855][337]LogWorld: Bringing up level for play took: 0.002453
[2016.04.07-05.06.03:861][337]PIE: Info Play in editor start time for /Game/Rooms/UEDPIE_0_TutorialLevel -0.103
[2016.04.07-05.06.03:861][337]LogBlueprintUserMessages: Late PlayInEditor Detection: Level '/Game/Rooms/TutorialLevel.TutorialLevel:PersistentLevel' has LevelScriptBlueprint '/Game/Rooms/TutorialLevel.TutorialLevel:PersistentLevel.TutorialLevel' with GeneratedClass '/Game/Rooms/TutorialLevel.TutorialLevel_C' with ClassGeneratedBy '/Game/Rooms/TutorialLevel.TutorialLevel:PersistentLevel.TutorialLevel'
[2016.04.07-05.06.47:612][985]LogBlueprintUserMessages: Early EndPlayMap Detection: Level '/Game/Rooms/TutorialLevel.TutorialLevel:PersistentLevel' has LevelScriptBlueprint '/Game/Rooms/TutorialLevel.TutorialLevel:PersistentLevel.TutorialLevel' with GeneratedClass '/Game/Rooms/TutorialLevel.TutorialLevel_C' with ClassGeneratedBy '/Game/Rooms/TutorialLevel.TutorialLevel:PersistentLevel.TutorialLevel'
[2016.04.07-05.06.47:651][985]LogBlueprintUserMessages: Late EndPlayMap Detection: Level '/Game/Rooms/TutorialLevel.TutorialLevel:PersistentLevel' has LevelScriptBlueprint '/Game/Rooms/TutorialLevel.TutorialLevel:PersistentLevel.TutorialLevel' with GeneratedClass '/Game/Rooms/TutorialLevel.TutorialLevel_C' with ClassGeneratedBy '/Game/Rooms/TutorialLevel.TutorialLevel:PersistentLevel.TutorialLevel'
[2016.04.07-05.06.47:693][985]LogParticles: Destroying 0 GPU particle simulations for FXSystem 0x000000651AA94E00
[2016.04.07-05.06.50:425][291]LogWindowsTextInputMethodSystem:Display: IME system now deactivated.
[2016.04.07-05.06.50:632][292]Cmd: QUIT_EDITOR
[2016.04.07-05.06.51:021][292]LogExit: Preparing to exit.
[2016.04.07-05.06.51:873][292]LogParticles: Destroying 0 GPU particle simulations for FXSystem 0x0000006505EC1C60
[2016.04.07-05.06.51:877][292]LogExit: Editor shut down
[2016.04.07-05.06.51:878][292]LogExit: Transaction tracking system shut down
[2016.04.07-05.06.51:878][292]LogParticles: Destroying 0 GPU particle simulations for FXSystem 0x0000006552BD8B80
[2016.04.07-05.06.51:878][292]LogParticles: Destroying 0 GPU particle simulations for FXSystem 0x0000006552ACDA80
[2016.04.07-05.06.51:878][292]LogParticles: Destroying 0 GPU particle simulations for FXSystem 0x000000657F650AE0
[2016.04.07-05.06.51:884][292]LogParticles: Destroying 0 GPU particle simulations for FXSystem 0x0000006500482C00
[2016.04.07-05.06.52:103][292]LogExit: Object subsystem successfully closed.
[2016.04.07-05.06.52:120][292]LogD3D11RHI: Shutdown
[2016.04.07-05.06.52:120][292]LogD3D11RHI: CleanupD3DDevice
[2016.04.07-05.06.52:191][292]LogD3D11RHI: ~FD3D11DynamicRHI
[2016.04.07-05.06.52:208][292]LogModuleManager: Shutting down and abandoning module StatsViewer (200)
[2016.04.07-05.06.52:208][292]LogModuleManager: Shutting down and abandoning module BlueprintGraph (199)
[2016.04.07-05.06.52:208][292]LogModuleManager: Shutting down and abandoning module CrashTracker (198)
[2016.04.07-05.06.52:208][292]LogModuleManager: Shutting down and abandoning module SceneOutliner (197)
[2016.04.07-05.06.52:208][292]LogModuleManager: Shutting down and abandoning module SuperSearch (196)
[2016.04.07-05.06.52:208][292]LogModuleManager: Shutting down and abandoning module WidgetCarousel (195)
[2016.04.07-05.06.52:208][292]LogModuleManager: Shutting down and abandoning module AddContentDialog (194)
[2016.04.07-05.06.52:210][292]LogModuleManager: Shutting down and abandoning module EditorWidgets (193)
[2016.04.07-05.06.52:210][292]LogModuleManager: Shutting down and abandoning module CollectionManager (192)
[2016.04.07-05.06.52:210][292]LogModuleManager: Shutting down and abandoning module FoliageEdit (191)
[2016.04.07-05.06.52:210][292]LogModuleManager: Shutting down and abandoning module LandscapeEditor (190)
[2016.04.07-05.06.52:210][292]LogModuleManager: Shutting down and abandoning module ActorPickerMode (189)
[2016.04.07-05.06.52:210][292]LogModuleManager: Shutting down and abandoning module GeometryMode (188)
[2016.04.07-05.06.52:210][292]LogModuleManager: Shutting down and abandoning module TextureAlignMode (187)
[2016.04.07-05.06.52:210][292]LogModuleManager: Shutting down and abandoning module BspMode (186)
[2016.04.07-05.06.52:210][292]LogModuleManager: Shutting down and abandoning module PlacementMode (185)
[2016.04.07-05.06.52:210][292]LogModuleManager: Shutting down and abandoning module AutomationWorker (184)
[2016.04.07-05.06.52:210][292]LogModuleManager: Shutting down and abandoning module CharacterAI (183)
[2016.04.07-05.06.52:210][292]LogModuleManager: Shutting down and abandoning module SmartSnapping (182)
[2016.04.07-05.06.52:210][292]LogModuleManager: Shutting down and abandoning module ViewportSnapping (181)
[2016.04.07-05.06.52:210][292]LogModuleManager: Shutting down and abandoning module LogVisualizer (180)
[2016.04.07-05.06.52:210][292]LogModuleManager: Shutting down and abandoning module GameProjectGeneration (179)
[2016.04.07-05.06.52:211][292]LogModuleManager: Shutting down and abandoning module IntroTutorials (178)
[2016.04.07-05.06.52:211][292]LogModuleManager: Shutting down and abandoning module EditorLiveStreaming (177)
[2016.04.07-05.06.52:211][292]LogModuleManager: Shutting down and abandoning module IOSPlatformEditor (176)
[2016.04.07-05.06.52:211][292]LogModuleManager: Shutting down and abandoning module HTML5PlatformEditor (175)
[2016.04.07-05.06.52:211][292]LogModuleManager: Shutting down and abandoning module AndroidDeviceDetection (174)
[2016.04.07-05.06.53:165][292]LogModuleManager: Shutting down and abandoning module AndroidPlatformEditor (173)
[2016.04.07-05.06.53:165][292]LogModuleManager: Shutting down and abandoning module IOSRuntimeSettings (172)
[2016.04.07-05.06.53:165][292]LogModuleManager: Shutting down and abandoning module AndroidRuntimeSettings (171)
[2016.04.07-05.06.53:165][292]LogModuleManager: Shutting down and abandoning module MergeActors (170)
[2016.04.07-05.06.53:165][292]LogModuleManager: Shutting down and abandoning module SizeMap (169)
[2016.04.07-05.06.53:165][292]LogModuleManager: Shutting down and abandoning module TreeMap (168)
[2016.04.07-05.06.53:165][292]LogModuleManager: Shutting down and abandoning module ReferenceViewer (167)
[2016.04.07-05.06.53:165][292]LogModuleManager: Shutting down and abandoning module LocalizationService (166)
[2016.04.07-05.06.53:165][292]LogModuleManager: Shutting down and abandoning module LocalizationDashboard (165)
[2016.04.07-05.06.53:165][292]LogModuleManager: Shutting down and abandoning module HardwareTargeting (164)
[2016.04.07-05.06.53:165][292]LogModuleManager: Shutting down and abandoning module DeviceProfileEditor (163)
[2016.04.07-05.06.53:165][292]LogModuleManager: Shutting down and abandoning module UndoHistory (162)
[2016.04.07-05.06.53:165][292]LogModuleManager: Shutting down and abandoning module GameplayTagsEditor (161)
[2016.04.07-05.06.53:165][292]LogModuleManager: Shutting down and abandoning module UserFeedback (160)
[2016.04.07-05.06.53:165][292]LogModuleManager: Shutting down and abandoning module XmlParser (159)
[2016.04.07-05.06.53:165][292]LogModuleManager: Shutting down and abandoning module Blutility (158)
[2016.04.07-05.06.53:165][292]LogModuleManager: Shutting down and abandoning module ProjectTargetPlatformEditor (157)
[2016.04.07-05.06.53:165][292]LogModuleManager: Shutting down and abandoning module ProjectSettingsViewer (156)
[2016.04.07-05.06.53:166][292]LogModuleManager: Shutting down and abandoning module InputBindingEditor (155)
[2016.04.07-05.06.53:166][292]LogModuleManager: Shutting down and abandoning module EditorSettingsViewer (154)
[2016.04.07-05.06.53:166][292]LogModuleManager: Shutting down and abandoning module SettingsEditor (153)
[2016.04.07-05.06.53:166][292]LogModuleManager: Shutting down and abandoning module ProjectLauncher (152)
[2016.04.07-05.06.53:166][292]LogModuleManager: Shutting down and abandoning module SessionFrontend (151)
[2016.04.07-05.06.53:166][292]LogModuleManager: Shutting down and abandoning module ProfilerClient (150)
[2016.04.07-05.06.53:166][292]LogModuleManager: Shutting down and abandoning module TargetDeviceServices (149)
[2016.04.07-05.06.53:166][292]LogModuleManager: Shutting down and abandoning module DeviceManager (148)
[2016.04.07-05.06.53:166][292]LogModuleManager: Shutting down and abandoning module AutomationController (147)
[2016.04.07-05.06.53:166][292]LogModuleManager: Shutting down and abandoning module AutomationWindow (146)
[2016.04.07-05.06.53:166][292]LogModuleManager: Shutting down and abandoning module Layers (145)
[2016.04.07-05.06.53:166][292]LogModuleManager: Shutting down and abandoning module ComponentVisualizers (144)
[2016.04.07-05.06.53:166][292]LogModuleManager: Shutting down and abandoning module DetailCustomizations (143)
[2016.04.07-05.06.53:166][292]LogModuleManager: Shutting down and abandoning module PackagesDialog (142)
[2016.04.07-05.06.53:166][292]LogModuleManager: Shutting down and abandoning module Persona (141)
[2016.04.07-05.06.53:166][292]LogModuleManager: Shutting down and abandoning module Kismet (140)
[2016.04.07-05.06.53:166][292]LogModuleManager: Shutting down and abandoning module GraphEditor (139)
[2016.04.07-05.06.53:166][292]LogModuleManager: Shutting down and abandoning module ClassViewer (138)
[2016.04.07-05.06.53:166][292]LogModuleManager: Shutting down and abandoning module Toolbox (137)
[2016.04.07-05.06.53:166][292]LogModuleManager: Shutting down and abandoning module ModuleUI (136)
[2016.04.07-05.06.53:166][292]LogModuleManager: Shutting down and abandoning module MovieSceneTools (135)
[2016.04.07-05.06.53:166][292]LogModuleManager: Shutting down and abandoning module OutputLog (134)
[2016.04.07-05.06.53:166][292]LogModuleManager: Shutting down and abandoning module GammaUI (133)
[2016.04.07-05.06.53:166][292]LogModuleManager: Shutting down and abandoning module Documentation (132)
[2016.04.07-05.06.53:166][292]LogModuleManager: Shutting down and abandoning module GameLiveStreaming (131)
[2016.04.07-05.06.53:166][292]LogModuleManager: Shutting down and abandoning module StreamingPauseRendering (130)
[2016.04.07-05.06.53:166][292]LogModuleManager: Shutting down and abandoning module AnalyticsET (129)
[2016.04.07-05.06.53:166][292]LogModuleManager: Shutting down and abandoning module Analytics (128)
[2016.04.07-05.06.53:166][292]LogModuleManager: Shutting down and abandoning module AITestSuite (127)
[2016.04.07-05.06.53:166][292]LogModuleManager: Shutting down and abandoning module GameplayDebugger (126)
[2016.04.07-05.06.53:166][292]LogModuleManager: Shutting down and abandoning module AIModule (125)
[2016.04.07-05.06.53:166][292]LogModuleManager: Shutting down and abandoning module ProfilerService (124)
[2016.04.07-05.06.53:262][292]LogModuleManager: Shutting down and abandoning module TaskGraph (123)
[2016.04.07-05.06.53:262][292]LogModuleManager: Shutting down and abandoning module SlateRemote (122)
[2016.04.07-05.06.53:262][292]LogModuleManager: Shutting down and abandoning module SteamVRController (121)
[2016.04.07-05.06.53:262][292]LogModuleManager: Shutting down and abandoning module SteamVR (120)
[2016.04.07-05.06.53:262][292]LogModuleManager: Shutting down and abandoning module ProceduralMeshComponent (119)
[2016.04.07-05.06.53:262][292]LogModuleManager: Shutting down and abandoning module OculusLibrary (118)
[2016.04.07-05.06.53:262][292]LogModuleManager: Shutting down and abandoning module OculusInput (117)
[2016.04.07-05.06.53:262][292]LogModuleManager: Shutting down and abandoning module LeapMotionController (116)
[2016.04.07-05.06.53:271][292]LogModuleManager: Shutting down and abandoning module CustomMeshComponent (115)
[2016.04.07-05.06.53:271][292]LogModuleManager: Shutting down and abandoning module CableComponent (114)
[2016.04.07-05.06.53:271][292]LogModuleManager: Shutting down and abandoning module ArchVisCharacter (113)
[2016.04.07-05.06.53:271][292]LogModuleManager: Shutting down and abandoning module MessagingDebugger (112)
[2016.04.07-05.06.53:271][292]LogModuleManager: Shutting down and abandoning module MediaPlayerEditor (111)
[2016.04.07-05.06.53:271][292]LogModuleManager: Shutting down and abandoning module HTML5Networking (110)
[2016.04.07-05.06.53:271][292]LogModuleManager: Shutting down and abandoning module SpeedTreeImporter (109)
[2016.04.07-05.06.53:271][292]LogModuleManager: Shutting down and abandoning module PluginBrowser (108)
[2016.04.07-05.06.53:271][292]LogModuleManager: Shutting down and abandoning module EpicSurvey (107)
[2016.04.07-05.06.53:271][292]LogModuleManager: Shutting down and abandoning module DesktopPlatform (106)
[2016.04.07-05.06.53:271][292]LogModuleManager: Shutting down and abandoning module VisualStudioSourceCodeAccess (105)
[2016.04.07-05.06.53:271][292]LogModuleManager: Shutting down and abandoning module UObjectPlugin (104)
[2016.04.07-05.06.53:271][292]LogModuleManager: Shutting down and abandoning module SubversionSourceControl (103)
[2016.04.07-05.06.53:271][292]LogModuleManager: Shutting down and abandoning module PerforceSourceControl (102)
[2016.04.07-05.06.53:271][292]LogModuleManager: Shutting down and abandoning module SourceControl (101)
[2016.04.07-05.06.53:272][292]LogModuleManager: Shutting down and abandoning module GitSourceControl (100)
[2016.04.07-05.06.53:272][292]LogModuleManager: Shutting down and abandoning module LightPropagationVolumeEditor (99)
[2016.04.07-05.06.53:272][292]LogModuleManager: Shutting down and abandoning module PaperTiledImporter (98)
[2016.04.07-05.06.53:272][292]LogModuleManager: Shutting down and abandoning module PaperSpriteSheetImporter (97)
[2016.04.07-05.06.53:272][292]LogModuleManager: Shutting down and abandoning module MeshPaint (96)
[2016.04.07-05.06.53:272][292]LogModuleManager: Shutting down and abandoning module SlateReflector (95)
[2016.04.07-05.06.53:272][292]LogModuleManager: Shutting down and abandoning module HotReload (94)
[2016.04.07-05.06.53:272][292]LogModuleManager: Shutting down and abandoning module MainFrame (93)
[2016.04.07-05.06.53:272][292]LogModuleManager: Shutting down and abandoning module LevelEditor (92)
[2016.04.07-05.06.53:273][292]LogModuleManager: Shutting down and abandoning module DirectoryWatcher (91)
[2016.04.07-05.06.53:274][292]LogModuleManager: Shutting down and abandoning module AssetRegistry (90)
[2016.04.07-05.06.53:324][292]LogModuleManager: Shutting down and abandoning module ContentBrowser (89)
[2016.04.07-05.06.53:324][292]LogModuleManager: Shutting down and abandoning module Paper2DEditor (88)
[2016.04.07-05.06.53:324][292]LogModuleManager: Shutting down and abandoning module Maze_Of_Doom (87)
[2016.04.07-05.06.53:324][292]LogModuleManager: Shutting down and abandoning module UdpMessaging (86)
[2016.04.07-05.06.53:426][292]LogModuleManager: Shutting down and abandoning module LightPropagationVolumeRuntime (85)
[2016.04.07-05.06.53:426][292]LogModuleManager: Shutting down and abandoning module Paper2D (84)
[2016.04.07-05.06.53:426][292]LogModuleManager: Shutting down and abandoning module WindowsMoviePlayer (83)
[2016.04.07-05.06.53:429][292]LogModuleManager: Shutting down and abandoning module Media (82)
[2016.04.07-05.06.53:429][292]LogModuleManager: Shutting down and abandoning module WmfMedia (81)
[2016.04.07-05.06.53:429][292]LogModuleManager: Shutting down and abandoning module OnlineBlueprintSupport (80)
[2016.04.07-05.06.53:429][292]LogModuleManager: Shutting down and abandoning module GameplayTasksEditor (79)
[2016.04.07-05.06.53:429][292]LogModuleManager: Shutting down and abandoning module PropertyEditor (78)
[2016.04.07-05.06.53:429][292]LogModuleManager: Shutting down and abandoning module BehaviorTreeEditor (77)
[2016.04.07-05.06.53:429][292]LogModuleManager: Shutting down and abandoning module FunctionalTesting (76)
[2016.04.07-05.06.53:429][292]LogModuleManager: Shutting down and abandoning module CollisionAnalyzer (75)
[2016.04.07-05.06.53:429][292]LogModuleManager: Shutting down and abandoning module WorkspaceMenuStructure (74)
[2016.04.07-05.06.53:429][292]LogModuleManager: Shutting down and abandoning module MessageLog (73)
[2016.04.07-05.06.53:429][292]LogModuleManager: Shutting down and abandoning module Sequencer (72)
[2016.04.07-05.06.53:429][292]LogModuleManager: Shutting down and abandoning module AssetTools (71)
[2016.04.07-05.06.53:429][292]LogModuleManager: Shutting down and abandoning module UMGEditor (70)
[2016.04.07-05.06.53:429][292]LogModuleManager: Shutting down and abandoning module UMG (69)
[2016.04.07-05.06.53:429][292]LogModuleManager: Shutting down and abandoning module Slate (68)
[2016.04.07-05.06.53:429][292]LogModuleManager: Shutting down and abandoning module EditorStyle (67)
[2016.04.07-05.06.53:431][292]LogModuleManager: Shutting down and abandoning module SessionServices (66)
[2016.04.07-05.06.53:431][292]LogModuleManager: Shutting down and abandoning module SourceCodeAccess (65)
[2016.04.07-05.06.53:431][292]LogModuleManager: Shutting down and abandoning module HeadMountedDisplay (64)
[2016.04.07-05.06.53:431][292]LogModuleManager: Shutting down and abandoning module XAudio2 (63)
[2016.04.07-05.06.53:431][292]LogModuleManager: Shutting down and abandoning module Networking (61)
[2016.04.07-05.06.53:431][292]LogModuleManager: Shutting down and abandoning module Core (60)
[2016.04.07-05.06.53:431][292]LogModuleManager: Shutting down and abandoning module KismetCompiler (59)
[2016.04.07-05.06.53:431][292]LogModuleManager: Shutting down and abandoning module PhysXFormats (58)
[2016.04.07-05.06.53:431][292]LogModuleManager: Shutting down and abandoning module MeshUtilities (57)
[2016.04.07-05.06.53:431][292]LogModuleManager: Shutting down and abandoning module DerivedDataCache (56)
[2016.04.07-05.06.53:484][292]LogDerivedDataCache: Shutdown
[2016.04.07-05.06.53:484][292]LogModuleManager: Shutting down and abandoning module ShaderFormatOpenGL (55)
[2016.04.07-05.06.53:484][292]LogModuleManager: Shutting down and abandoning module ShaderFormatD3D (54)
[2016.04.07-05.06.53:484][292]LogModuleManager: Shutting down and abandoning module MetalShaderFormat (53)
[2016.04.07-05.06.53:484][292]LogModuleManager: Shutting down and abandoning module TextureFormatUncompressed (52)
[2016.04.07-05.06.53:484][292]LogModuleManager: Shutting down and abandoning module TextureFormatPVR (51)
[2016.04.07-05.06.53:484][292]LogModuleManager: Shutting down and abandoning module TextureFormatIntelISPCTexComp (50)
[2016.04.07-05.06.53:484][292]LogModuleManager: Shutting down and abandoning module TextureFormatDXT (49)
[2016.04.07-05.06.53:484][292]LogModuleManager: Shutting down and abandoning module ImageWrapper (48)
[2016.04.07-05.06.53:484][292]LogModuleManager: Shutting down and abandoning module TextureFormatASTC (47)
[2016.04.07-05.06.53:484][292]LogModuleManager: Shutting down and abandoning module TextureFormatAndroid (46)
[2016.04.07-05.06.53:484][292]LogModuleManager: Shutting down and abandoning module AudioFormatOpus (45)
[2016.04.07-05.06.53:484][292]LogModuleManager: Shutting down and abandoning module AudioFormatOgg (44)
[2016.04.07-05.06.53:484][292]LogModuleManager: Shutting down and abandoning module AudioFormatADPCM (43)
[2016.04.07-05.06.53:484][292]LogModuleManager: Shutting down and abandoning module LinuxTargetPlatform (42)
[2016.04.07-05.06.53:484][292]LogModuleManager: Shutting down and abandoning module LinuxServerTargetPlatform (41)
[2016.04.07-05.06.53:484][292]LogModuleManager: Shutting down and abandoning module LinuxNoEditorTargetPlatform (40)
[2016.04.07-05.06.53:484][292]LogModuleManager: Shutting down and abandoning module Messaging (39)
[2016.04.07-05.06.53:484][292]LogModuleManager: Shutting down and abandoning module IOSTargetPlatform (38)
[2016.04.07-05.06.53:484][292]LogModuleManager: Shutting down and abandoning module HTML5TargetPlatform (37)
[2016.04.07-05.06.53:484][292]LogModuleManager: Shutting down and abandoning module Android_PVRTCTargetPlatform (36)
[2016.04.07-05.06.53:484][292]LogModuleManager: Shutting down and abandoning module Android_MultiTargetPlatform (35)
[2016.04.07-05.06.53:484][292]LogModuleManager: Shutting down and abandoning module Android_ETC2TargetPlatform (34)
[2016.04.07-05.06.53:484][292]LogModuleManager: Shutting down and abandoning module Android_ETC1TargetPlatform (33)
[2016.04.07-05.06.53:484][292]LogModuleManager: Shutting down and abandoning module Android_DXTTargetPlatform (32)
[2016.04.07-05.06.53:484][292]LogModuleManager: Shutting down and abandoning module Android_ATCTargetPlatform (31)
[2016.04.07-05.06.53:484][292]LogModuleManager: Shutting down and abandoning module Android_ASTCTargetPlatform (30)
[2016.04.07-05.06.53:484][292]LogModuleManager: Shutting down and abandoning module AndroidTargetPlatform (29)
[2016.04.07-05.06.53:484][292]LogModuleManager: Shutting down and abandoning module WindowsTargetPlatform (28)
[2016.04.07-05.06.53:484][292]LogModuleManager: Shutting down and abandoning module WindowsServerTargetPlatform (27)
[2016.04.07-05.06.53:484][292]LogModuleManager: Shutting down and abandoning module WindowsNoEditorTargetPlatform (26)
[2016.04.07-05.06.53:484][292]LogModuleManager: Shutting down and abandoning module WindowsClientTargetPlatform (25)
[2016.04.07-05.06.53:484][292]LogModuleManager: Shutting down and abandoning module AllDesktopTargetPlatform (24)
[2016.04.07-05.06.53:484][292]LogModuleManager: Shutting down and abandoning module TargetPlatform (23)
[2016.04.07-05.06.53:484][292]LogModuleManager: Shutting down and abandoning module InputCore (22)
[2016.04.07-05.06.53:484][292]LogModuleManager: Shutting down and abandoning module Settings (21)
[2016.04.07-05.06.53:484][292]LogModuleManager: Shutting down and abandoning module OnlineSubsystem (19)
[2016.04.07-05.06.53:484][292]LogModuleManager: Shutting down and abandoning module HTTP (18)
[2016.04.07-05.06.54:485][292]LogModuleManager: Shutting down and abandoning module XMPP (17)
[2016.04.07-05.06.54:485][292]LogModuleManager: Shutting down and abandoning module OculusRift (16)
[2016.04.07-05.06.54:485][292]LogModuleManager: Shutting down and abandoning module ExampleDeviceProfileSelector (15)
[2016.04.07-05.06.54:485][292]LogModuleManager: Shutting down and abandoning module TextureCompressor (14)
[2016.04.07-05.06.54:485][292]LogModuleManager: Shutting down and abandoning module ShaderCore (13)
[2016.04.07-05.06.54:485][292]LogModuleManager: Shutting down and abandoning module Landscape (12)
[2016.04.07-05.06.54:485][292]LogModuleManager: Shutting down and abandoning module SlateRHIRenderer (11)
[2016.04.07-05.06.54:487][292]LogModuleManager: Shutting down and abandoning module OpenGLDrv (10)
[2016.04.07-05.06.54:487][292]LogModuleManager: Shutting down and abandoning module D3D11RHI (9)
[2016.04.07-05.06.54:487][292]LogModuleManager: Shutting down and abandoning module AnimGraphRuntime (8)
[2016.04.07-05.06.54:487][292]LogModuleManager: Shutting down and abandoning module Renderer (7)
[2016.04.07-05.06.54:487][292]LogModuleManager: Shutting down and abandoning module Engine (6)
[2016.04.07-05.06.54:487][292]LogModuleManager: Shutting down and abandoning module CoreUObject (5)
[2016.04.07-05.06.54:487][292]LogModuleManager: Shutting down and abandoning module NetworkFile (4)
[2016.04.07-05.06.54:487][292]LogModuleManager: Shutting down and abandoning module StreamingFile (3)
[2016.04.07-05.06.54:488][292]LogModuleManager: Shutting down and abandoning module SandboxFile (2)
[2016.04.07-05.06.54:488][292]LogModuleManager: Shutting down and abandoning module PakFile (1)
[2016.04.07-05.06.54:490][292]LogExit: Exiting.
[2016.04.07-05.06.54:491][292]Log file closed, 04/06/16 22:06:54
