[2016.04.03-21.06.08:218][  0]Log file open, 04/03/16 14:06:08
[2016.04.03-21.06.08:218][  0]LogInit:Display: Running engine for game: Maze_Of_Doom
[2016.04.03-21.06.08:218][  0]LogPlatformFile: Not using cached read wrapper
[2016.04.03-21.06.08:218][  0]LogInit:Display: RandInit(-641623313) SRandInit(-641623312).
[2016.04.03-21.06.08:218][  0]LogTaskGraph: Started task graph with 4 named threads and 7 total threads.
[2016.04.03-21.06.08:218][  0]LogStats: Stats thread started at 0.077386
[2016.04.03-21.06.08:218][  0]LogInit: Version: 4.10.4-2872498+++depot+UE4-Releases+4.10
[2016.04.03-21.06.08:218][  0]LogInit: API Version: 2758231
[2016.04.03-21.06.08:218][  0]LogInit: Compiled (64-bit): Feb 18 2016 15:47:04
[2016.04.03-21.06.08:218][  0]LogInit: Compiled with Visual C++: 19.00.23026.00
[2016.04.03-21.06.08:218][  0]LogInit: Build Configuration: Development
[2016.04.03-21.06.08:218][  0]LogInit: Branch Name: ++depot+UE4-Releases+4.10
[2016.04.03-21.06.08:218][  0]LogInit: Command line: -EpicPortal 
[2016.04.03-21.06.08:218][  0]LogInit: Base directory: C:/Program Files (x86)/Epic Games/4.10/Engine/Binaries/Win64/
[2016.04.03-21.06.08:218][  0]LogInit: Rocket: 1
[2016.04.03-21.06.08:226][  0]LogInit: Using libcurl 7.41.0
[2016.04.03-21.06.08:226][  0]LogInit:  - built for x86_64-pc-win32
[2016.04.03-21.06.08:226][  0]LogInit:  - supports SSL with WinSSL
[2016.04.03-21.06.08:226][  0]LogInit:  - other features:
[2016.04.03-21.06.08:226][  0]LogInit:      CURL_VERSION_SSL
[2016.04.03-21.06.08:226][  0]LogInit:      CURL_VERSION_IPV6
[2016.04.03-21.06.08:226][  0]LogInit:      CURL_VERSION_ASYNCHDNS
[2016.04.03-21.06.08:226][  0]LogInit:      CURL_VERSION_LARGEFILE
[2016.04.03-21.06.08:226][  0]LogInit:      CURL_VERSION_IDN
[2016.04.03-21.06.08:226][  0]LogInit:  CurlRequestOptions (configurable via config and command line):
[2016.04.03-21.06.08:226][  0]LogInit:  - bVerifyPeer = true  - Libcurl will verify peer certificate
[2016.04.03-21.06.08:226][  0]LogInit:  - bUseHttpProxy = false  - Libcurl will NOT use HTTP proxy
[2016.04.03-21.06.08:226][  0]LogInit:  - bDontReuseConnections = false  - Libcurl will reuse connections
[2016.04.03-21.06.08:226][  0]LogInit:  - CertBundlePath = nullptr  - Libcurl will use whatever was configured at build time.
[2016.04.03-21.06.08:232][  0]LogInit: Presizing for 0 objects not considered by GC, pre-allocating 0 bytes.
[2016.04.03-21.06.08:238][  0]LogInit: Object subsystem initialized
[2016.04.03-21.06.08:238][  0]LogInit: Selected Device Profile: [Windows]
[2016.04.03-21.06.08:238][  0]LogInit: Applying CVar settings loaded from the selected device profile: [Windows]
[2016.04.03-21.06.08:247][  0]LogInit: Computer: DRTRACY1
[2016.04.03-21.06.08:247][  0]LogInit: User: daniel
[2016.04.03-21.06.08:247][  0]LogInit: CPU Page size=4096, Cores=4
[2016.04.03-21.06.08:247][  0]LogInit: High frequency timer resolution =2.338347 MHz
[2016.04.03-21.06.08:247][  0]LogMemory: Memory total: Physical=7.8GB (8GB approx)
[2016.04.03-21.06.08:247][  0]LogMemory: Platform Memory Stats for Windows
[2016.04.03-21.06.08:247][  0]LogMemory: Process Physical Memory: 56.34 MB used, 56.34 MB peak
[2016.04.03-21.06.08:247][  0]LogMemory: Process Virtual Memory: 58.82 MB used, 58.82 MB peak
[2016.04.03-21.06.08:247][  0]LogMemory: Physical Memory: 4150.79 MB used, 7944.27 MB total
[2016.04.03-21.06.08:247][  0]LogMemory: Virtual Memory: 385.80 MB used, 134217728.00 MB total
[2016.04.03-21.06.08:274][  0]LogTextLocalizationManager: No specific translations for ('en-US') exist, so ('en') translations will be used.
[2016.04.03-21.06.08:686][  0]LogD3D11RHI: Found D3D11 adapter 0: Intel(R) HD Graphics 4600 (Feature Level 11_0)
[2016.04.03-21.06.08:686][  0]LogD3D11RHI: Adapter has 112MB of dedicated video memory, 0MB of dedicated system memory, and 3972MB of shared system memory, 1 output[s]
[2016.04.03-21.06.08:688][  0]LogD3D11RHI: Found D3D11 adapter 1: Microsoft Basic Render Driver (Feature Level 11_0)
[2016.04.03-21.06.08:688][  0]LogD3D11RHI: Adapter has 0MB of dedicated video memory, 0MB of dedicated system memory, and 3972MB of shared system memory, 0 output[s]
[2016.04.03-21.06.08:688][  0]LogD3D11RHI: Chosen D3D11 Adapter Id = 0
[2016.04.03-21.06.08:694][  0]LogD3D11RHI: !Direct3DDevice
[2016.04.03-21.06.08:694][  0]LogRHI: Texture pool is 1361 MB (70% of 1945 MB)
[2016.04.03-21.06.08:699][  0]LogD3D11RHI: Async texture creation enabled
[2016.04.03-21.06.08:703][  0]LogShaderCompilers: Guid format shader working directory is -30 characters bigger than the processId version (../../../../../../Users/daniel/Documents/Unreal Projects/Group2/Maze_Of_Doom/Intermediate/Shaders/WorkingDirectory/13304/).
[2016.04.03-21.06.08:704][  0]LogShaderCompilers: Cleaned the shader compiler working directory 'C:/Users/daniel/AppData/Local/Temp/UnrealShaderWorkingDir/088020B7419BDF3387EA8CA93847B7BD/'.
[2016.04.03-21.06.08:704][  0]LogShaderCompilers:Display: Using Local Shader Compiler.
[2016.04.03-21.06.09:484][  0]LogTemp:Display: Loaded TP AllDesktopTargetPlatform
[2016.04.03-21.06.09:489][  0]LogTemp:Display: Loaded TP WindowsClientTargetPlatform
[2016.04.03-21.06.09:494][  0]LogTemp:Display: Loaded TP WindowsNoEditorTargetPlatform
[2016.04.03-21.06.09:499][  0]LogTemp:Display: Loaded TP WindowsServerTargetPlatform
[2016.04.03-21.06.09:505][  0]LogTemp:Display: Loaded TP WindowsTargetPlatform
[2016.04.03-21.06.09:508][  0]LogTemp:Display: Loaded TP AndroidTargetPlatform
[2016.04.03-21.06.09:510][  0]LogTemp:Display: Loaded TP Android_ASTCTargetPlatform
[2016.04.03-21.06.09:513][  0]LogTemp:Display: Loaded TP Android_ATCTargetPlatform
[2016.04.03-21.06.09:516][  0]LogTemp:Display: Loaded TP Android_DXTTargetPlatform
[2016.04.03-21.06.09:518][  0]LogTemp:Display: Loaded TP Android_ETC1TargetPlatform
[2016.04.03-21.06.09:521][  0]LogTemp:Display: Loaded TP Android_ETC2TargetPlatform
[2016.04.03-21.06.09:527][  0]LogTemp:Display: Loaded TP Android_MultiTargetPlatform
[2016.04.03-21.06.09:527][  0]LogTemp:Display: Loaded TP Android_PVRTCTargetPlatform
[2016.04.03-21.06.09:528][  0]LogTemp:Display: Loaded TP HTML5TargetPlatform
[2016.04.03-21.06.09:545][  0]LogTemp:Display: Loaded TP IOSTargetPlatform
[2016.04.03-21.06.09:548][  0]LogTemp:Display: Loaded TP LinuxNoEditorTargetPlatform
[2016.04.03-21.06.09:551][  0]LogTemp:Display: Loaded TP LinuxServerTargetPlatform
[2016.04.03-21.06.09:554][  0]LogTemp:Display: Loaded TP LinuxTargetPlatform
[2016.04.03-21.06.09:554][  0]LogTargetPlatformManager:Display: Building Assets For Windows
[2016.04.03-21.06.09:640][  0]LogDerivedDataCache:Display: Max Cache Size: 512 MB
[2016.04.03-21.06.09:687][  0]LogDerivedDataCache: Loaded boot cache 0.05s 42MB C:/Users/daniel/AppData/Local/UnrealEngine/4.10/DerivedDataCache/Boot.ddc.
[2016.04.03-21.06.09:687][  0]LogDerivedDataCache:Display: Loaded Boot cache: C:/Users/daniel/AppData/Local/UnrealEngine/4.10/DerivedDataCache/Boot.ddc
[2016.04.03-21.06.09:687][  0]LogDerivedDataCache: FDerivedDataBackendGraph:  Pak pak cache file ../../../../../../Users/daniel/Documents/Unreal Projects/Group2/Maze_Of_Doom/DerivedDataCache/DDC.ddp not found, will not use a pak cache.
[2016.04.03-21.06.09:687][  0]LogDerivedDataCache: Unable to find inner node Pak for hierarchical cache Hierarchy.
[2016.04.03-21.06.09:687][  0]LogDerivedDataCache: FDerivedDataBackendGraph:  CompressedPak pak cache file ../../../../../../Users/daniel/Documents/Unreal Projects/Group2/Maze_Of_Doom/DerivedDataCache/Compressed.ddp not found, will not use a pak cache.
[2016.04.03-21.06.09:687][  0]LogDerivedDataCache: Unable to find inner node CompressedPak for hierarchical cache Hierarchy.
[2016.04.03-21.06.09:746][  0]LogDerivedDataCache:Display: Pak cache opened for reading ../../../Engine/DerivedDataCache/Compressed.ddp.
[2016.04.03-21.06.09:758][  0]LogDerivedDataCache: Using Local data cache path C:/Users/daniel/AppData/Local/UnrealEngine/Common/DerivedDataCache: Writable
[2016.04.03-21.06.09:922][  0]LogInit: Selected Device Profile: [Windows]
[2016.04.03-21.06.09:924][  0]LogContentStreaming: Texture pool size is 0.000000MB
[2016.04.03-21.06.10:028][  0]LogMeshUtilities: No automatic mesh reduction module available
[2016.04.03-21.06.10:028][  0]LogMeshUtilities: No automatic mesh merging module available
[2016.04.03-21.06.10:226][  0]LogInit: WinSock: version 1.1 (2.2), MaxSocks=32767, MaxUdp=65467
[2016.04.03-21.06.10:948][  0]UdpMessaging: Initializing bridge on interface 0.0.0.0:0 to multicast group 230.0.0.1:6666.
[2016.04.03-21.06.11:133][  0]LogLinker:Warning: SkeletalMeshComponent_11 has an inappropriate outermost, it was probably saved with a deprecated outer (file: ../../../../../../Users/daniel/Documents/Unreal Projects/Group2/Maze_Of_Doom/Content/ThirdPersonCPP/Blueprints/ThirdPersonCharacter.uasset)
[2016.04.03-21.06.11:134][  0]LogLinker:Warning: SkeletalMeshComponent_11 has an inappropriate outermost, it was probably saved with a deprecated outer (file: ../../../../../../Users/daniel/Documents/Unreal Projects/Group2/Maze_Of_Doom/Content/ThirdPersonCPP/Blueprints/ThirdPersonCharacter.uasset)
[2016.04.03-21.06.11:134][  0]LogLinker:Warning: SkeletalMeshComponent_11 has an inappropriate outermost, it was probably saved with a deprecated outer (file: ../../../../../../Users/daniel/Documents/Unreal Projects/Group2/Maze_Of_Doom/Content/ThirdPersonCPP/Blueprints/ThirdPersonCharacter.uasset)
[2016.04.03-21.06.11:134][  0]LogLinker:Warning: SkeletalMeshComponent_11 has an inappropriate outermost, it was probably saved with a deprecated outer (file: ../../../../../../Users/daniel/Documents/Unreal Projects/Group2/Maze_Of_Doom/Content/ThirdPersonCPP/Blueprints/ThirdPersonCharacter.uasset)
[2016.04.03-21.06.11:215][  0]LogAssetRegistry: FAssetRegistry took 0.0108 seconds to start up
[2016.04.03-21.06.11:370][  0]SourceControl: Info Source control is disabled
[2016.04.03-21.06.11:402][  0]SourceControl: Info Source control is disabled
[2016.04.03-21.06.11:415][  0]SourceControl: Info Source control is disabled
[2016.04.03-21.06.11:427][  0]SourceControl: Info Source control is disabled
[2016.04.03-21.06.11:662][  0]LogObj: 34558 objects as part of root set at end of initial load.
[2016.04.03-21.06.11:662][  0]LogUObjectAllocator: 8206760 out of 0 bytes used by permanent object pool.
[2016.04.03-21.06.11:715][  0]LogEngine: Initializing Engine...
[2016.04.03-21.06.11:717][  0]LogHMD: Can't find Oculus library dev build: is proper Runtime installed? Version: 0.8.0.0
[2016.04.03-21.06.11:718][  0]LogHMD: SteamVR failed to initialize.  Err: 110
[2016.04.03-21.06.11:826][  0]LogAIModule: Creating AISystem for world NewWorld
[2016.04.03-21.06.11:831][  0]LogInit: XAudio2 using 'Speakers (Conexant SmartAudio HD)' : 2 channels at 48 kHz using 32 bits per sample (channel mask 0x3)
[2016.04.03-21.06.11:917][  0]LogInit: FAudioDevice initialized.
[2016.04.03-21.06.11:937][  0]LogDerivedDataCache: Saved boot cache 0.02s 42MB C:/Users/daniel/AppData/Local/UnrealEngine/4.10/DerivedDataCache/Boot.ddc.
[2016.04.03-21.06.11:944][  0]LogInit: Texture streaming: Enabled
[2016.04.03-21.06.11:952][  0]LogAnalytics: Creating configured Analytics provider AnalyticsET
[2016.04.03-21.06.11:952][  0]LogAnalytics: [UEEditor.Rocket.Release] APIServer = http://et2.epicgames.com/ET2/. AppVersion = 4.10.4-2872498+++depot+UE4-Releases+4.10
[2016.04.03-21.06.11:952][  0]LogAnalytics: [UEEditor.Rocket.Release] SetUserId e6cbf966431e512a7b04d5a733ea392e|6c86b16b7988417dbbb074f7c748ba39|eca68250-45aa-4f00-a963-ae6ccfaa3f66
[2016.04.03-21.06.11:952][  0]LogAnalytics: [UEEditor.Rocket.Release] AnalyticsET::StartSession
[2016.04.03-21.06.11:962][  0]LogInit: Transaction tracking system initialized
[2016.04.03-21.06.11:990][  0]BlueprintLog: New page: Editor Load
[2016.04.03-21.06.12:087][  0]LocalizationService: Info Localization service is disabled
[2016.04.03-21.06.12:290][  0]LogConsoleResponse:Display: 
[2016.04.03-21.06.12:388][  0]LogCook:Display: Done creating registry. It took  0.00s.
[2016.04.03-21.06.12:449][  0]LogFileCache: Scanning file cache for directory 'C:/Users/daniel/Documents/Unreal Projects/Group2/Maze_Of_Doom/Content/' took 0.02s
[2016.04.03-21.06.12:449][  0]SourceControl: Info Source control is disabled
[2016.04.03-21.06.12:449][  0]Cmd: MAP LOAD FILE="../../../../../../Users/daniel/Documents/Unreal Projects/Group2/Maze_Of_Doom/Content/ThirdPersonCPP/Maps/ThirdPersonExampleMap.umap" TEMPLATE=0 SHOWPROGRESS=1 FEATURELEVEL=3
[2016.04.03-21.06.12:449][  0]LogEditorServer:Warning: Can't find file '../../../../../../Users/daniel/Documents/Unreal Projects/Group2/Maze_Of_Doom/Content/ThirdPersonCPP/Maps/ThirdPersonExampleMap.umap'
[2016.04.03-21.06.12:449][  0]Cmd: MAP CHECKDEP NOCLEARLOG
[2016.04.03-21.06.12:500][  0]MapCheck: Info Map check complete: 0 Error(s), 0 Warning(s), took 50.716ms to complete.
[2016.04.03-21.06.12:500][  0]LogFileHelpers: Loading map 'ThirdPersonExampleMap' took 0.051
[2016.04.03-21.06.12:612][  0]LogCollectionManager: Loaded 0 collections in 0.003058 seconds
[2016.04.03-21.06.12:649][  0]LogFileCache: Scanning file cache for directory 'C:/Users/daniel/Documents/Unreal Projects/Group2/Maze_Of_Doom/Saved/Collections/' took 0.01s
[2016.04.03-21.06.12:649][  0]LogFileCache: Scanning file cache for directory 'C:/Users/daniel/Documents/Unreal Projects/Group2/Maze_Of_Doom/Content/Developers/daniel/Collections/' took 0.01s
[2016.04.03-21.06.12:649][  0]LogFileCache: Scanning file cache for directory 'C:/Users/daniel/Documents/Unreal Projects/Group2/Maze_Of_Doom/Content/Collections/' took 0.01s
[2016.04.03-21.06.12:649][  0]LogCollectionManager: Rebuilt the GUID cache for 0 collections in 0.000002 seconds
[2016.04.03-21.06.12:658][  0]LogContentBrowser: Native class hierarchy populated in 0.0087 seconds. Added 1896 classes and 340 folders.
[2016.04.03-21.06.12:665][  0]LogContentBrowser: Native class hierarchy updated for 'WidgetCarousel' in 0.0012 seconds. Added 0 classes and 0 folders.
[2016.04.03-21.06.12:708][  0]LogContentBrowser: Native class hierarchy updated for 'AddContentDialog' in 0.0013 seconds. Added 0 classes and 0 folders.
[2016.04.03-21.06.12:716][  0]LogContentBrowser: Native class hierarchy updated for 'SceneOutliner' in 0.0012 seconds. Added 1 classes and 2 folders.
[2016.04.03-21.06.12:735][  0]LogCrashTracker: Crashtracker disabled due to settings.
[2016.04.03-21.06.12:739][  0]LogUObjectGlobals:Warning: Failed to find object 'Class None.'
[2016.04.03-21.06.12:763][  0]LogLoad: Full Startup: 5.28 seconds (BP compile: 0.06 seconds)
[2016.04.03-21.06.12:772][  0]LogWindowsTextInputMethodSystem:Display: IME system now deactivated.
[2016.04.03-21.06.12:775][  0]LogOcInput: Can't find Oculus library dev build: is proper Runtime installed? Version: 0.8.0.0
[2016.04.03-21.06.12:827][  0]LogContentStreaming: Texture pool size now 400 MB
[2016.04.03-21.06.12:974][  2]LogRenderer: Reallocating scene render targets to support 620x656 (Frame:2).
[2016.04.03-21.06.13:125][  2]LogAssetRegistry: Asset discovery search completed in 1.9209 seconds
[2016.04.03-21.06.13:125][  2]LogCollectionManager: Rebuilt the object cache for 0 collections in 0.000001 seconds (found 0 objects)
[2016.04.03-21.06.13:125][  2]LogCollectionManager: Fixed up redirectors for 0 collections in 0.000024 seconds (updated 0 objects)
[2016.04.03-21.06.22:511][708]LogLinker:Warning: CreateExport: Failed to load Parent for BlueprintGeneratedClass /Game/Blueprint_Items/Energy_Pack/MyEnergyPickup.MyEnergyPickup_C
[2016.04.03-21.06.22:511][708]LogLinker:Warning: CreateExport: Failed to load Parent for BlueprintGeneratedClass /Game/Blueprint_Items/Energy_Pack/MyEnergyPickup.MyEnergyPickup_C
[2016.04.03-21.06.22:511][708]LogLinker:Warning: CreateExport: Failed to load Parent for BlueprintGeneratedClass /Game/Blueprint_Items/Energy_Pack/MyEnergyPickup.MyEnergyPickup_C
[2016.04.03-21.06.22:512][708]LogLinker:Warning: CreateExport: Failed to load Parent for BlueprintGeneratedClass /Game/Blueprint_Items/Energy_Pack/MyEnergyPickup.MyEnergyPickup_C
[2016.04.03-21.06.22:512][708]LogLinker:Warning: CreateExport: Failed to load Parent for BlueprintGeneratedClass /Game/Blueprint_Items/Energy_Pack/MyEnergyPickup.MyEnergyPickup_C
[2016.04.03-21.06.22:512][708]LogLinker:Warning: CreateExport: Failed to load Parent for BlueprintGeneratedClass /Game/Blueprint_Items/Energy_Pack/MyEnergyPickup.MyEnergyPickup_C
[2016.04.03-21.06.22:514][708]LogLinker:Warning: CreateExport: Failed to load Parent for BlueprintGeneratedClass /Game/Blueprint_Items/Energy_Pack/MyEnergyPickup.MyEnergyPickup_C
[2016.04.03-21.06.22:516][708]LogLinker:Warning: CreateExport: Failed to load Parent for BlueprintGeneratedClass /Game/Blueprint_Items/Energy_Pack/MyEnergyPickup.MyEnergyPickup_C
[2016.04.03-21.06.22:587][708]LogLinker:Warning: CreateExport: Failed to load Parent for BlueprintGeneratedClass /Game/Blueprint_Items/Energy_Pack/MyEnergyPickup.MyEnergyPickup_C
[2016.04.03-21.06.22:587][708]LogLinker:Warning: CreateExport: Failed to load Parent for BlueprintGeneratedClass /Game/Blueprint_Items/Energy_Pack/MyEnergyPickup.MyEnergyPickup_C
[2016.04.03-21.06.22:587][708]LogLinker:Warning: CreateExport: Failed to load Parent for BlueprintGeneratedClass /Game/Blueprint_Items/Energy_Pack/MyEnergyPickup.MyEnergyPickup_C
[2016.04.03-21.06.22:587][708]LogLinker:Warning: CreateExport: Failed to load Parent for BlueprintGeneratedClass /Game/Blueprint_Items/Energy_Pack/MyEnergyPickup.MyEnergyPickup_C
[2016.04.03-21.06.22:588][708]LogLinker:Warning: CreateExport: Failed to load Parent for BlueprintGeneratedClass /Game/Blueprint_Items/Energy_Pack/MyEnergyPickup.MyEnergyPickup_C
[2016.04.03-21.06.22:682][708]LogAIModule: Creating AISystem for world TutorialLevel
[2016.04.03-21.06.22:723][708]Cmd: MAP LOAD FILE="../../../../../../Users/daniel/Documents/Unreal Projects/Group2/Maze_Of_Doom/Content/Rooms/TutorialLevel.umap" TEMPLATE=0 SHOWPROGRESS=1 FEATURELEVEL=3
[2016.04.03-21.06.22:723][708]LightingResults: New page: Lighting Build
[2016.04.03-21.06.22:726][708]LogContentBrowser: Native class hierarchy updated for 'StatsViewer' in 0.0012 seconds. Added 5 classes and 0 folders.
[2016.04.03-21.06.22:746][708]LoadErrors: New page: Loading map: TutorialLevel.umap
[2016.04.03-21.06.22:789][708]MapCheck: New page: Map Check
[2016.04.03-21.06.22:789][708]LightingResults: New page: Lighting Build
[2016.04.03-21.06.22:801][708]LogParticles: Destroying 0 GPU particle simulations for FXSystem 0x0000021E02D1A160
[2016.04.03-21.06.22:806][708]LogEditorServer: Finished looking for orphan Actors (0.000 secs)
[2016.04.03-21.06.22:836][708]Cmd: MAP CHECKDEP NOCLEARLOG
[2016.04.03-21.06.22:897][708]MapCheck:Warning: Warning MixamoAnimBP_Alpha_C_0 MixamoAnimBP_Alpha_C /Game/Rooms/TutorialLevel.TutorialLevel:PersistentLevel.Enemy1_Rush_C_2.CharacterMesh0.MixamoAnimBP_Alpha_C_0 : Externally referenced 
[2016.04.03-21.06.22:897][708]MapCheck:Warning: Warning MixamoAnimBP_Alpha_C_0 MixamoAnimBP_Alpha_C /Game/Rooms/TutorialLevel.TutorialLevel:PersistentLevel.Enemy1_Rush_C_2.CharacterMesh0.MixamoAnimBP_Alpha_C_0 : Externally referenced 
[2016.04.03-21.06.22:897][708]MapCheck:Warning: Warning MixamoAnimBP_Alpha_C_0 MixamoAnimBP_Alpha_C /Game/Rooms/TutorialLevel.TutorialLevel:PersistentLevel.Enemy1_Rush_C_2.CharacterMesh0.MixamoAnimBP_Alpha_C_0 : Externally referenced 
[2016.04.03-21.06.22:897][708]MapCheck:Warning: Warning MixamoAnimBP_Alpha_C_0 MixamoAnimBP_Alpha_C /Game/Rooms/TutorialLevel.TutorialLevel:PersistentLevel.Enemy1_Rush_C_2.CharacterMesh0.MixamoAnimBP_Alpha_C_0 : Externally referenced 
[2016.04.03-21.06.22:897][708]MapCheck:Warning: Warning MixamoAnimBP_Alpha_C_0 MixamoAnimBP_Alpha_C /Game/Rooms/TutorialLevel.TutorialLevel:PersistentLevel.Enemy1_Rush_C_2.CharacterMesh0.MixamoAnimBP_Alpha_C_0 : Externally referenced 
[2016.04.03-21.06.22:897][708]MapCheck:Warning: Warning Enemy1_Rush_C_2 SkeletalMeshComponent /Game/Rooms/TutorialLevel.TutorialLevel:PersistentLevel.Enemy1_Rush_C_2.CharacterMesh0 : Externally referenced 
[2016.04.03-21.06.22:897][708]MapCheck: Info Map check complete: 0 Error(s), 6 Warning(s), took 61.573ms to complete.
[2016.04.03-21.06.22:935][708]LogFileHelpers: Loading map 'TutorialLevel' took 0.213
[2016.04.03-21.06.22:940][708]LoadErrors:Warning: Warning CreateExport: Failed to load Outer for resource 'UserConstructionScript': BlueprintGeneratedClass /Game/Blueprint_Items/Energy_Pack/MyEnergyPickup.MyEnergyPickup_C
[2016.04.03-21.06.22:940][708]LoadErrors:Warning: Warning CreateExport: Failed to load Outer for resource 'DefaultSceneRoot_GEN_VARIABLE': BlueprintGeneratedClass /Game/Blueprint_Items/Energy_Pack/MyEnergyPickup.MyEnergyPickup_C
[2016.04.03-21.06.22:940][708]LoadErrors:Warning: Warning CreateExport: Failed to load Outer for resource 'SimpleConstructionScript_0': BlueprintGeneratedClass /Game/Blueprint_Items/Energy_Pack/MyEnergyPickup.MyEnergyPickup_C
[2016.04.03-21.06.22:940][708]LoadErrors:Warning: Warning CreateExport: Failed to load Outer for resource 'SCS_Node_0': SimpleConstructionScript /Game/Blueprint_Items/Energy_Pack/MyEnergyPickup.MyEnergyPickup_C:SimpleConstructionScript_0
[2016.04.03-21.06.22:940][708]LoadErrors:Warning: Warning CreateExport: Failed to load Outer for resource 'PickupMesh': MyEnergyPickup_C /Game/Blueprint_Items/Energy_Pack/MyEnergyPickup.Default__MyEnergyPickup_C
[2016.04.03-21.06.43:533][557]LogEditorViewport: Clicking on Actor (LMB): Enemy1_Rush_C (Enemy1_Rush)
[2016.04.03-21.06.48:098][772]LogBlueprintUserMessages: Early PlayInEditor Detection: Level '/Game/Rooms/TutorialLevel.TutorialLevel:PersistentLevel' has LevelScriptBlueprint '/Game/Rooms/TutorialLevel.TutorialLevel:PersistentLevel.TutorialLevel' with GeneratedClass '/Game/Rooms/TutorialLevel.TutorialLevel_C' with ClassGeneratedBy '/Game/Rooms/TutorialLevel.TutorialLevel:PersistentLevel.TutorialLevel'
[2016.04.03-21.06.48:098][772]LogPlayLevel: PlayLevel: No blueprints needed recompiling
[2016.04.03-21.06.48:099][772]PIE: New page: PIE session: TutorialLevel (Apr 3, 2016, 7:06:48 AM)
[2016.04.03-21.06.48:099][772]LogPlayLevel: Creating play world package: /Game/Rooms/UEDPIE_0_TutorialLevel
[2016.04.03-21.06.48:110][772]LogPlayLevel: PIE: StaticDuplicateObject took: (0.011740s)
[2016.04.03-21.06.48:110][772]LogAIModule: Creating AISystem for world TutorialLevel
[2016.04.03-21.06.48:110][772]LogPlayLevel: PIE: World Init took: (0.000576s)
[2016.04.03-21.06.48:110][772]LogPlayLevel: PIE: Created PIE world by copying editor world from /Game/Rooms/TutorialLevel.TutorialLevel to /Game/Rooms/UEDPIE_0_TutorialLevel.TutorialLevel (0.012523s)
[2016.04.03-21.06.48:110][772]LogActorComponent: UnregisterComponent: (/Engine/Transient.CharMoveComp) Not registered. Aborting.
[2016.04.03-21.06.48:110][772]LogActorComponent: UnregisterComponent: (/Engine/Transient.AIPerception_GEN_VARIABLE) Not registered. Aborting.
[2016.04.03-21.06.48:110][772]LogActorComponent: UnregisterComponent: (/Engine/Transient.PawnSensing_GEN_VARIABLE) Not registered. Aborting.
[2016.04.03-21.06.48:151][772]LogInit: XAudio2 using 'Speakers (Conexant SmartAudio HD)' : 2 channels at 48 kHz using 32 bits per sample (channel mask 0x3)
[2016.04.03-21.06.48:236][772]LogInit: FAudioDevice initialized.
[2016.04.03-21.06.48:283][772]LogWorld: Game class is 'Maze_Of_DoomGameMode'
[2016.04.03-21.06.48:286][772]LogWorld: Bringing World /Game/Rooms/UEDPIE_0_TutorialLevel.TutorialLevel up for play (max tick rate 0) at 2016.04.03-14.06.48
[2016.04.03-21.06.48:286][772]LogActor:Warning: GameSession /Game/Rooms/UEDPIE_0_TutorialLevel.TutorialLevel:PersistentLevel.GameSession_0 has natively added scene component(s), but none of them were set as the actor's RootComponent - picking one arbitrarily
[2016.04.03-21.06.48:286][772]LogActor:Warning: GameNetworkManager /Game/Rooms/UEDPIE_0_TutorialLevel.TutorialLevel:PersistentLevel.GameNetworkManager_0 has natively added scene component(s), but none of them were set as the actor's RootComponent - picking one arbitrarily
[2016.04.03-21.06.48:287][772]LogWorld: Bringing up level for play took: 0.002798
[2016.04.03-21.06.48:287][772]LogPathFollowing:Warning: No NavigationData found while trying to cache it for AIController_0's PathFollowingComponent
[2016.04.03-21.06.48:293][772]PIE: Info Play in editor start time for /Game/Rooms/UEDPIE_0_TutorialLevel 0.427
[2016.04.03-21.06.48:293][772]LogBlueprintUserMessages: Late PlayInEditor Detection: Level '/Game/Rooms/TutorialLevel.TutorialLevel:PersistentLevel' has LevelScriptBlueprint '/Game/Rooms/TutorialLevel.TutorialLevel:PersistentLevel.TutorialLevel' with GeneratedClass '/Game/Rooms/TutorialLevel.TutorialLevel_C' with ClassGeneratedBy '/Game/Rooms/TutorialLevel.TutorialLevel:PersistentLevel.TutorialLevel'
[2016.04.03-21.06.51:117][ 49]LogBlueprintUserMessages: Early EndPlayMap Detection: Level '/Game/Rooms/TutorialLevel.TutorialLevel:PersistentLevel' has LevelScriptBlueprint '/Game/Rooms/TutorialLevel.TutorialLevel:PersistentLevel.TutorialLevel' with GeneratedClass '/Game/Rooms/TutorialLevel.TutorialLevel_C' with ClassGeneratedBy '/Game/Rooms/TutorialLevel.TutorialLevel:PersistentLevel.TutorialLevel'
[2016.04.03-21.06.51:175][ 49]LogBlueprintUserMessages: Late EndPlayMap Detection: Level '/Game/Rooms/TutorialLevel.TutorialLevel:PersistentLevel' has LevelScriptBlueprint '/Game/Rooms/TutorialLevel.TutorialLevel:PersistentLevel.TutorialLevel' with GeneratedClass '/Game/Rooms/TutorialLevel.TutorialLevel_C' with ClassGeneratedBy '/Game/Rooms/TutorialLevel.TutorialLevel:PersistentLevel.TutorialLevel'
[2016.04.03-21.06.51:194][ 49]LogParticles: Destroying 0 GPU particle simulations for FXSystem 0x0000021E158FB240
[2016.04.03-21.07.10:213][810]LogRenderer: Reallocating scene render targets to support 632x656 (Frame:3973).
[2016.04.03-21.07.10:275][810]LogRenderer: Reallocating scene render targets to support 664x656 (Frame:3974).
[2016.04.03-21.07.10:362][810]LogRenderer: Reallocating scene render targets to support 728x656 (Frame:3976).
[2016.04.03-21.07.10:456][810]LogRenderer: Reallocating scene render targets to support 732x656 (Frame:3978).
[2016.04.03-21.07.47:597][702]LogActor:Warning: RecastNavMesh /Game/Rooms/TutorialLevel.TutorialLevel:PersistentLevel.RecastNavMesh_0 has natively added scene component(s), but none of them were set as the actor's RootComponent - picking one arbitrarily
[2016.04.03-21.08.44:440][439]Cmd: TRANSACTION UNDO
[2016.04.03-21.08.44:441][439]LogEditorTransaction: Undo Move Actors
[2016.04.03-21.09.11:821][169]MapCheck: New page: Map Check
[2016.04.03-21.09.12:053][169]Cmd: MAP REBUILD ALLVISIBLE
[2016.04.03-21.09.12:059][169]LogEditorServer: Rebuildmap Clear paths rebuilt
[2016.04.03-21.09.12:328][169]LogActorComponent: UnregisterComponent: (/Engine/Transient.CharMoveComp) Not registered. Aborting.
[2016.04.03-21.09.12:328][169]LogActorComponent: UnregisterComponent: (/Engine/Transient.AIPerception_GEN_VARIABLE) Not registered. Aborting.
[2016.04.03-21.09.12:329][169]LogActorComponent: UnregisterComponent: (/Engine/Transient.PawnSensing_GEN_VARIABLE) Not registered. Aborting.
[2016.04.03-21.09.12:329][169]LogActorComponent: UnregisterComponent: (/Engine/Transient.MovementComponent0) Not registered. Aborting.
[2016.04.03-21.09.12:371][169]MapCheck:Warning: Warning WorldSettings_1 Hierarchical LOD System is disabled or no HLOD level settings available, unable to build LOD actors. 
[2016.04.03-21.09.12:384][169]LogStats:          STAT_HLOD_BuildClusters - 56.561 ms
[2016.04.03-21.09.12:784][169]LightingResults: New page: Lighting Build - Apr 3, 2016, 7:09:12 AM
[2016.04.03-21.09.28:174][169]LogStaticLightingSystem:Warning: No importance volume found, so the scene bounding box was used.  You can optimize your scene's quality and lighting build times by adding importance volumes.
[2016.04.03-21.09.28:174][169]LogStaticLightingSystem: Running Lightmass w/ ImmediateImport mode ENABLED
[2016.04.03-21.09.28:174][169]LogStaticLightingSystem: Running Lightmass w/ ImmediateProcess mode ENABLED
[2016.04.03-21.09.28:175][169]LogStaticLightingSystem: Running Lightmass w/ Sorting mode ENABLED
[2016.04.03-21.09.28:175][169]LogStaticLightingSystem: Running Lightmass w/ Mapping paddings ENABLED
[2016.04.03-21.09.28:175][169]LogStaticLightingSystem: Running Lightmass w/ Mapping debug paddings DISABLED
[2016.04.03-21.09.28:750][169]LogEditorBuildUtils: Build time 0:00:16
[2016.04.03-21.09.31:665][225]Job is a success!
[2016.04.03-21.09.37:705][226]Lightmass on DRTRACY1: 1.18 sec total, 285 ms importing, 1 ms setup, 281 ms photons, 423 ms processing, 0 ms extra exporting [2/2 mappings]. Threads: 2.80 sec total, 323 ms processing.
[2016.04.03-21.09.37:768][226]LogStaticLightingSystem: Illumination: 24.9 sec (41 ms encoding lightmaps)
[2016.04.03-21.09.37:768][226]LogStaticLightingSystem: Lightmap texture memory:  0.0 MB (0.0 MB streaming, 0.0 MB non-streaming), 0 textures
[2016.04.03-21.09.37:768][226]LogStaticLightingSystem: Shadowmap texture memory: 0.0 MB (0.0 MB streaming, 0.0 MB non-streaming), 0 textures
[2016.04.03-21.09.38:117][227]Cmd: MAP CHECK NOTIFYRESULTS
[2016.04.03-21.09.38:117][227]MapCheck: New page: TutorialLevel - Apr 3, 2016, 7:09:38 AM
[2016.04.03-21.09.38:237][227]MapCheck:Warning: Warning MixamoAnimBP_Alpha_C_0 MixamoAnimBP_Alpha_C /Game/Rooms/TutorialLevel.TutorialLevel:PersistentLevel.Enemy1_Rush_C_2.CharacterMesh0.MixamoAnimBP_Alpha_C_0 : Externally referenced 
[2016.04.03-21.09.38:237][227]MapCheck:Warning: Warning MixamoAnimBP_Alpha_C_0 MixamoAnimBP_Alpha_C /Game/Rooms/TutorialLevel.TutorialLevel:PersistentLevel.Enemy1_Rush_C_2.CharacterMesh0.MixamoAnimBP_Alpha_C_0 : Externally referenced 
[2016.04.03-21.09.38:237][227]MapCheck:Warning: Warning MixamoAnimBP_Alpha_C_0 MixamoAnimBP_Alpha_C /Game/Rooms/TutorialLevel.TutorialLevel:PersistentLevel.Enemy1_Rush_C_2.CharacterMesh0.MixamoAnimBP_Alpha_C_0 : Externally referenced 
[2016.04.03-21.09.38:237][227]MapCheck:Warning: Warning MixamoAnimBP_Alpha_C_0 MixamoAnimBP_Alpha_C /Game/Rooms/TutorialLevel.TutorialLevel:PersistentLevel.Enemy1_Rush_C_2.CharacterMesh0.MixamoAnimBP_Alpha_C_0 : Externally referenced 
[2016.04.03-21.09.38:237][227]MapCheck:Warning: Warning MixamoAnimBP_Alpha_C_0 MixamoAnimBP_Alpha_C /Game/Rooms/TutorialLevel.TutorialLevel:PersistentLevel.Enemy1_Rush_C_2.CharacterMesh0.MixamoAnimBP_Alpha_C_0 : Externally referenced 
[2016.04.03-21.09.38:237][227]MapCheck:Warning: Warning Enemy1_Rush_C_2 SkeletalMeshComponent /Game/Rooms/TutorialLevel.TutorialLevel:PersistentLevel.Enemy1_Rush_C_2.CharacterMesh0 : Externally referenced 
[2016.04.03-21.09.38:237][227]MapCheck: Info Map check complete: 0 Error(s), 6 Warning(s), took 119.417ms to complete.
[2016.04.03-21.09.46:071][590]LogLinker:Warning: Asset '../../../Engine/Content/ArtTools/RenderToTexture/Macros/RenderToTextureMacros.uasset' has been saved with empty engine version. The asset will be loaded but may be incompatible.
[2016.04.03-21.09.46:485][590]LogContentBrowser: Native class hierarchy updated for 'BlueprintGraph' in 0.0019 seconds. Added 107 classes and 0 folders.
[2016.04.03-21.09.58:664][960]BlueprintLog: New page: Compile Enemy1_Rush
[2016.04.03-21.09.58:738][960]LogActorComponent: UnregisterComponent: (/Engine/Transient.CharMoveComp) Not registered. Aborting.
[2016.04.03-21.09.58:738][960]LogActorComponent: UnregisterComponent: (/Engine/Transient.AIPerception_GEN_VARIABLE) Not registered. Aborting.
[2016.04.03-21.09.58:738][960]LogActorComponent: UnregisterComponent: (/Engine/Transient.PawnSensing_GEN_VARIABLE) Not registered. Aborting.
[2016.04.03-21.09.58:772][960]BlueprintEditorCompileResults: Info [0231.29] Compile of Enemy1_Rush successful! [in 108 ms]
[2016.04.03-21.10.02:612][ 68]LogBlueprintUserMessages: Early PlayInEditor Detection: Level '/Game/Rooms/TutorialLevel.TutorialLevel:PersistentLevel' has LevelScriptBlueprint '/Game/Rooms/TutorialLevel.TutorialLevel:PersistentLevel.TutorialLevel' with GeneratedClass '/Game/Rooms/TutorialLevel.TutorialLevel_C' with ClassGeneratedBy '/Game/Rooms/TutorialLevel.TutorialLevel:PersistentLevel.TutorialLevel'
[2016.04.03-21.10.02:612][ 68]LogPlayLevel: PlayLevel: No blueprints needed recompiling
[2016.04.03-21.10.02:612][ 68]PIE: New page: PIE session: TutorialLevel (Apr 3, 2016, 7:10:02 AM)
[2016.04.03-21.10.02:612][ 68]LogPlayLevel: Creating play world package: /Game/Rooms/UEDPIE_0_TutorialLevel
[2016.04.03-21.10.02:676][ 68]LogPlayLevel: PIE: StaticDuplicateObject took: (0.062603s)
[2016.04.03-21.10.02:676][ 68]LogAIModule: Creating AISystem for world TutorialLevel
[2016.04.03-21.10.02:676][ 68]LogPlayLevel: PIE: World Init took: (0.000693s)
[2016.04.03-21.10.02:676][ 68]LogPlayLevel: PIE: Created PIE world by copying editor world from /Game/Rooms/TutorialLevel.TutorialLevel to /Game/Rooms/UEDPIE_0_TutorialLevel.TutorialLevel (0.063588s)
[2016.04.03-21.10.02:677][ 68]LogActorComponent: UnregisterComponent: (/Engine/Transient.CharMoveComp) Not registered. Aborting.
[2016.04.03-21.10.02:677][ 68]LogActorComponent: UnregisterComponent: (/Engine/Transient.AIPerception_GEN_VARIABLE) Not registered. Aborting.
[2016.04.03-21.10.02:677][ 68]LogActorComponent: UnregisterComponent: (/Engine/Transient.PawnSensing_GEN_VARIABLE) Not registered. Aborting.
[2016.04.03-21.10.02:699][ 68]LogParticles: Destroying 0 GPU particle simulations for FXSystem 0x0000021E158F8AE0
[2016.04.03-21.10.02:709][ 68]LogInit: XAudio2 using 'Speakers (Conexant SmartAudio HD)' : 2 channels at 48 kHz using 32 bits per sample (channel mask 0x3)
[2016.04.03-21.10.02:794][ 68]LogInit: FAudioDevice initialized.
[2016.04.03-21.10.02:826][ 68]LogWorld: Game class is 'Maze_Of_DoomGameMode'
[2016.04.03-21.10.02:828][ 68]LogWorld: Bringing World /Game/Rooms/UEDPIE_0_TutorialLevel.TutorialLevel up for play (max tick rate 0) at 2016.04.03-14.10.02
[2016.04.03-21.10.02:828][ 68]LogActor:Warning: GameSession /Game/Rooms/UEDPIE_0_TutorialLevel.TutorialLevel:PersistentLevel.GameSession_1 has natively added scene component(s), but none of them were set as the actor's RootComponent - picking one arbitrarily
[2016.04.03-21.10.02:829][ 68]LogActor:Warning: GameNetworkManager /Game/Rooms/UEDPIE_0_TutorialLevel.TutorialLevel:PersistentLevel.GameNetworkManager_1 has natively added scene component(s), but none of them were set as the actor's RootComponent - picking one arbitrarily
[2016.04.03-21.10.02:829][ 68]LogWorld: Bringing up level for play took: 0.002691
[2016.04.03-21.10.02:834][ 68]PIE: Info Play in editor start time for /Game/Rooms/UEDPIE_0_TutorialLevel 0.968
[2016.04.03-21.10.02:835][ 68]LogBlueprintUserMessages: Late PlayInEditor Detection: Level '/Game/Rooms/TutorialLevel.TutorialLevel:PersistentLevel' has LevelScriptBlueprint '/Game/Rooms/TutorialLevel.TutorialLevel:PersistentLevel.TutorialLevel' with GeneratedClass '/Game/Rooms/TutorialLevel.TutorialLevel_C' with ClassGeneratedBy '/Game/Rooms/TutorialLevel.TutorialLevel:PersistentLevel.TutorialLevel'
[2016.04.03-21.10.13:479][839]LogBlueprintUserMessages: Early EndPlayMap Detection: Level '/Game/Rooms/TutorialLevel.TutorialLevel:PersistentLevel' has LevelScriptBlueprint '/Game/Rooms/TutorialLevel.TutorialLevel:PersistentLevel.TutorialLevel' with GeneratedClass '/Game/Rooms/TutorialLevel.TutorialLevel_C' with ClassGeneratedBy '/Game/Rooms/TutorialLevel.TutorialLevel:PersistentLevel.TutorialLevel'
[2016.04.03-21.10.13:565][839]LogBlueprintUserMessages: Late EndPlayMap Detection: Level '/Game/Rooms/TutorialLevel.TutorialLevel:PersistentLevel' has LevelScriptBlueprint '/Game/Rooms/TutorialLevel.TutorialLevel:PersistentLevel.TutorialLevel' with GeneratedClass '/Game/Rooms/TutorialLevel.TutorialLevel_C' with ClassGeneratedBy '/Game/Rooms/TutorialLevel.TutorialLevel:PersistentLevel.TutorialLevel'
[2016.04.03-21.10.13:657][839]LogParticles: Destroying 0 GPU particle simulations for FXSystem 0x0000021E4EC87560
[2016.04.03-21.10.24:488][326]LogEditorViewport: Clicking on Actor (LMB): Enemy1_Rush_C (Enemy1_Rush)
[2016.04.03-21.10.25:692][373]Cmd: DELETE
[2016.04.03-21.10.25:692][373]Cmd: ACTOR DELETE
[2016.04.03-21.10.25:712][373]LogEditorActor: Deleted Actor: Enemy1_Rush_C
[2016.04.03-21.10.25:740][373]LogActorComponent: UnregisterComponent: (/Engine/Transient.CharMoveComp) Not registered. Aborting.
[2016.04.03-21.10.25:740][373]LogActorComponent: UnregisterComponent: (/Engine/Transient.AIPerception_GEN_VARIABLE) Not registered. Aborting.
[2016.04.03-21.10.25:740][373]LogActorComponent: UnregisterComponent: (/Engine/Transient.PawnSensing_GEN_VARIABLE) Not registered. Aborting.
[2016.04.03-21.10.25:812][373]LogEd