[2016.04.27-06.30.33:226][  0]Log file open, 04/26/16 23:30:33
[2016.04.27-06.30.33:226][  0]LogInit:Display: Running engine for game: Maze_Of_Doom
[2016.04.27-06.30.33:226][  0]LogPlatformFile: Not using cached read wrapper
[2016.04.27-06.30.33:227][  0]LogInit:Display: RandInit(-511430977) SRandInit(-511430976).
[2016.04.27-06.30.33:227][  0]LogTaskGraph: Started task graph with 4 named threads and 5 total threads.
[2016.04.27-06.30.33:227][  0]LogStats: Stats thread started at 0.056450
[2016.04.27-06.30.33:227][  0]LogInit: Version: 4.10.4-2872498+++depot+UE4-Releases+4.10
[2016.04.27-06.30.33:227][  0]LogInit: API Version: 2758231
[2016.04.27-06.30.33:227][  0]LogInit: Compiled (64-bit): Feb 18 2016 15:47:04
[2016.04.27-06.30.33:227][  0]LogInit: Compiled with Visual C++: 19.00.23026.00
[2016.04.27-06.30.33:227][  0]LogInit: Build Configuration: Development
[2016.04.27-06.30.33:227][  0]LogInit: Branch Name: ++depot+UE4-Releases+4.10
[2016.04.27-06.30.33:227][  0]LogInit: Command line:  
[2016.04.27-06.30.33:227][  0]LogInit: Base directory: C:/Program Files (x86)/Epic Games/4.10/Engine/Binaries/Win64/
[2016.04.27-06.30.33:227][  0]LogInit: Rocket: 1
[2016.04.27-06.30.33:234][  0]LogInit: Using libcurl 7.41.0
[2016.04.27-06.30.33:234][  0]LogInit:  - built for x86_64-pc-win32
[2016.04.27-06.30.33:234][  0]LogInit:  - supports SSL with WinSSL
[2016.04.27-06.30.33:234][  0]LogInit:  - other features:
[2016.04.27-06.30.33:234][  0]LogInit:      CURL_VERSION_SSL
[2016.04.27-06.30.33:234][  0]LogInit:      CURL_VERSION_IPV6
[2016.04.27-06.30.33:235][  0]LogInit:      CURL_VERSION_ASYNCHDNS
[2016.04.27-06.30.33:235][  0]LogInit:      CURL_VERSION_LARGEFILE
[2016.04.27-06.30.33:235][  0]LogInit:      CURL_VERSION_IDN
[2016.04.27-06.30.33:235][  0]LogInit:  CurlRequestOptions (configurable via config and command line):
[2016.04.27-06.30.33:235][  0]LogInit:  - bVerifyPeer = true  - Libcurl will verify peer certificate
[2016.04.27-06.30.33:235][  0]LogInit:  - bUseHttpProxy = false  - Libcurl will NOT use HTTP proxy
[2016.04.27-06.30.33:235][  0]LogInit:  - bDontReuseConnections = false  - Libcurl will reuse connections
[2016.04.27-06.30.33:235][  0]LogInit:  - CertBundlePath = nullptr  - Libcurl will use whatever was configured at build time.
[2016.04.27-06.30.33:242][  0]LogInit: Presizing for 0 objects not considered by GC, pre-allocating 0 bytes.
[2016.04.27-06.30.33:248][  0]LogInit: Object subsystem initialized
[2016.04.27-06.30.33:249][  0]LogInit: Selected Device Profile: [Windows]
[2016.04.27-06.30.33:249][  0]LogInit: Applying CVar settings loaded from the selected device profile: [Windows]
[2016.04.27-06.30.33:260][  0]LogInit: Computer: DESKTOP-I0CRTPU
[2016.04.27-06.30.33:260][  0]LogInit: User: Owner
[2016.04.27-06.30.33:260][  0]LogInit: CPU Page size=4096, Cores=2
[2016.04.27-06.30.33:260][  0]LogInit: High frequency timer resolution =1.558889 MHz
[2016.04.27-06.30.33:260][  0]LogMemory: Memory total: Physical=7.9GB (8GB approx)
[2016.04.27-06.30.33:260][  0]LogMemory: Platform Memory Stats for Windows
[2016.04.27-06.30.33:260][  0]LogMemory: Process Physical Memory: 56.03 MB used, 56.03 MB peak
[2016.04.27-06.30.33:260][  0]LogMemory: Process Virtual Memory: 55.68 MB used, 55.68 MB peak
[2016.04.27-06.30.33:260][  0]LogMemory: Physical Memory: 3964.50 MB used, 8102.61 MB total
[2016.04.27-06.30.33:260][  0]LogMemory: Virtual Memory: 380.80 MB used, 134217728.00 MB total
[2016.04.27-06.30.33:289][  0]LogTextLocalizationManager: No specific translations for ('en-US') exist, so ('en') translations will be used.
[2016.04.27-06.30.33:691][  0]LogD3D11RHI: Found D3D11 adapter 0: Intel(R) HD Graphics 6000 (Feature Level 11_0)
[2016.04.27-06.30.33:691][  0]LogD3D11RHI: Adapter has 128MB of dedicated video memory, 0MB of dedicated system memory, and 4051MB of shared system memory, 1 output[s]
[2016.04.27-06.30.33:693][  0]LogD3D11RHI: Found D3D11 adapter 1: Microsoft Basic Render Driver (Feature Level 11_0)
[2016.04.27-06.30.33:693][  0]LogD3D11RHI: Adapter has 0MB of dedicated video memory, 0MB of dedicated system memory, and 4051MB of shared system memory, 0 output[s]
[2016.04.27-06.30.33:693][  0]LogD3D11RHI: Chosen D3D11 Adapter Id = 0
[2016.04.27-06.30.33:701][  0]LogD3D11RHI: !Direct3DDevice
[2016.04.27-06.30.33:701][  0]LogRHI: Texture pool is 1361 MB (70% of 1945 MB)
[2016.04.27-06.30.33:706][  0]LogD3D11RHI: Async texture creation enabled
[2016.04.27-06.30.33:711][  0]LogShaderCompilers: Guid format shader working directory is -14 characters bigger than the processId version (../../../../../../Users/Owner/Documents/engine/Maze_Of_Doom/Intermediate/Shaders/WorkingDirectory/11764/).
[2016.04.27-06.30.33:712][  0]LogShaderCompilers: Cleaned the shader compiler working directory 'C:/Users/Owner/AppData/Local/Temp/UnrealShaderWorkingDir/C57791AD416765B891C61F8689E0833A/'.
[2016.04.27-06.30.33:712][  0]LogShaderCompilers:Display: Using Local Shader Compiler.
[2016.04.27-06.30.34:684][  0]LogTemp:Display: Loaded TP AllDesktopTargetPlatform
[2016.04.27-06.30.34:690][  0]LogTemp:Display: Loaded TP WindowsClientTargetPlatform
[2016.04.27-06.30.34:695][  0]LogTemp:Display: Loaded TP WindowsNoEditorTargetPlatform
[2016.04.27-06.30.34:701][  0]LogTemp:Display: Loaded TP WindowsServerTargetPlatform
[2016.04.27-06.30.34:706][  0]LogTemp:Display: Loaded TP WindowsTargetPlatform
[2016.04.27-06.30.34:711][  0]LogTemp:Display: Loaded TP AndroidTargetPlatform
[2016.04.27-06.30.34:715][  0]LogTemp:Display: Loaded TP Android_ASTCTargetPlatform
[2016.04.27-06.30.34:718][  0]LogTemp:Display: Loaded TP Android_ATCTargetPlatform
[2016.04.27-06.30.34:722][  0]LogTemp:Display: Loaded TP Android_DXTTargetPlatform
[2016.04.27-06.30.34:726][  0]LogTemp:Display: Loaded TP Android_ETC1TargetPlatform
[2016.04.27-06.30.34:730][  0]LogTemp:Display: Loaded TP Android_ETC2TargetPlatform
[2016.04.27-06.30.34:738][  0]LogTemp:Display: Loaded TP Android_MultiTargetPlatform
[2016.04.27-06.30.34:738][  0]LogTemp:Display: Loaded TP Android_PVRTCTargetPlatform
[2016.04.27-06.30.34:739][  0]LogTemp:Display: Loaded TP HTML5TargetPlatform
[2016.04.27-06.30.34:757][  0]LogTemp:Display: Loaded TP IOSTargetPlatform
[2016.04.27-06.30.34:760][  0]LogTemp:Display: Loaded TP LinuxNoEditorTargetPlatform
[2016.04.27-06.30.34:763][  0]LogTemp:Display: Loaded TP LinuxServerTargetPlatform
[2016.04.27-06.30.34:767][  0]LogTemp:Display: Loaded TP LinuxTargetPlatform
[2016.04.27-06.30.34:767][  0]LogTargetPlatformManager:Display: Building Assets For Windows
[2016.04.27-06.30.34:859][  0]LogDerivedDataCache:Display: Max Cache Size: 512 MB
[2016.04.27-06.30.34:920][  0]LogDerivedDataCache: Loaded boot cache 0.06s 43MB C:/Users/Owner/AppData/Local/UnrealEngine/4.10/DerivedDataCache/Boot.ddc.
[2016.04.27-06.30.34:920][  0]LogDerivedDataCache:Display: Loaded Boot cache: C:/Users/Owner/AppData/Local/UnrealEngine/4.10/DerivedDataCache/Boot.ddc
[2016.04.27-06.30.34:920][  0]LogDerivedDataCache: FDerivedDataBackendGraph:  Pak pak cache file ../../../../../../Users/Owner/Documents/engine/Maze_Of_Doom/DerivedDataCache/DDC.ddp not found, will not use a pak cache.
[2016.04.27-06.30.34:920][  0]LogDerivedDataCache: Unable to find inner node Pak for hierarchical cache Hierarchy.
[2016.04.27-06.30.34:920][  0]LogDerivedDataCache: FDerivedDataBackendGraph:  CompressedPak pak cache file ../../../../../../Users/Owner/Documents/engine/Maze_Of_Doom/DerivedDataCache/Compressed.ddp not found, will not use a pak cache.
[2016.04.27-06.30.34:920][  0]LogDerivedDataCache: Unable to find inner node CompressedPak for hierarchical cache Hierarchy.
[2016.04.27-06.30.35:025][  0]LogDerivedDataCache:Display: Pak cache opened for reading ../../../Engine/DerivedDataCache/Compressed.ddp.
[2016.04.27-06.30.35:036][  0]LogDerivedDataCache: Using Local data cache path C:/Users/Owner/AppData/Local/UnrealEngine/Common/DerivedDataCache: Writable
[2016.04.27-06.30.35:247][  0]LogInit: Selected Device Profile: [Windows]
[2016.04.27-06.30.35:251][  0]LogContentStreaming: Texture pool size is 0.000000MB
[2016.04.27-06.30.35:387][  0]LogMeshUtilities: No automatic mesh reduction module available
[2016.04.27-06.30.35:387][  0]LogMeshUtilities: No automatic mesh merging module available
[2016.04.27-06.30.35:652][  0]LogInit: WinSock: version 1.1 (2.2), MaxSocks=32767, MaxUdp=65467
[2016.04.27-06.30.39:698][  0]UdpMessaging: Initializing bridge on interface 0.0.0.0:0 to multicast group 230.0.0.1:6666.
[2016.04.27-06.30.40:029][  0]LogLinker:Warning: Asset '../../../../../../Users/Owner/Documents/engine/Maze_Of_Doom/Content/FirstPerson/Meshes/FirstPersonProjectileMesh.uasset' has been saved with empty engine version. The asset will be loaded but may be incompatible.
[2016.04.27-06.30.40:882][  0]LogAssetRegistry: FAssetRegistry took 0.0115 seconds to start up
[2016.04.27-06.30.41:720][  0]SourceControl: Info Source control is disabled
[2016.04.27-06.30.41:777][  0]SourceControl: Info Source control is disabled
[2016.04.27-06.30.41:796][  0]SourceControl: Info Source control is disabled
[2016.04.27-06.30.41:811][  0]SourceControl: Info Source control is disabled
[2016.04.27-06.30.42:234][  0]LogObj: 37570 objects as part of root set at end of initial load.
[2016.04.27-06.30.42:234][  0]LogUObjectAllocator: 9224768 out of 0 bytes used by permanent object pool.
[2016.04.27-06.30.42:301][  0]LogEngine: Initializing Engine...
[2016.04.27-06.30.42:304][  0]LogHMD: Can't find Oculus library dev build: is proper Runtime installed? Version: 0.8.0.0
[2016.04.27-06.30.42:305][  0]LogHMD: SteamVR failed to initialize.  Err: 110
[2016.04.27-06.30.43:331][  0]LogAIModule: Creating AISystem for world NewWorld
[2016.04.27-06.30.43:336][  0]LogInit: XAudio2 using 'Speakers / Headphones (Realtek High Definition Audio)' : 2 channels at 48 kHz using 32 bits per sample (channel mask 0x3)
[2016.04.27-06.30.43:571][  0]LogInit: FAudioDevice initialized.
[2016.04.27-06.30.43:577][  0]LogDerivedDataCache:Error: Could not save memory cache C:/Users/Owner/AppData/Local/UnrealEngine/4.10/DerivedDataCache/Boot.ddc.
[2016.04.27-06.30.43:582][  0]LogInit: Texture streaming: Enabled
[2016.04.27-06.30.43:592][  0]LogAnalytics: Creating configured Analytics provider AnalyticsET
[2016.04.27-06.30.43:592][  0]LogAnalytics: [UEEditor.Rocket.Release] APIServer = http://et2.epicgames.com/ET2/. AppVersion = 4.10.4-2872498+++depot+UE4-Releases+4.10
[2016.04.27-06.30.43:592][  0]LogAnalytics: [UEEditor.Rocket.Release] SetUserId dbb581ad450d40416d389b8970a58753|ec7b00a30b924c4b8cae2a71e72a5f1b|51e68804-60e7-45ff-a14f-7d1be05b4482
[2016.04.27-06.30.43:592][  0]LogAnalytics: [UEEditor.Rocket.Release] AnalyticsET::StartSession
[2016.04.27-06.30.43:603][  0]LogInit: Transaction tracking system initialized
[2016.04.27-06.30.43:644][  0]BlueprintLog: New page: Editor Load
[2016.04.27-06.30.43:846][  0]LocalizationService: Info Localization service is disabled
[2016.04.27-06.30.44:171][  0]LogConsoleResponse:Display: 
[2016.04.27-06.30.45:465][  0]LogCook:Display: Done creating registry. It took  0.00s.
[2016.04.27-06.30.45:842][  0]LogFileCache: Scanning file cache for directory 'C:/Users/Owner/Documents/engine/Maze_Of_Doom/Content/' took 0.03s
[2016.04.27-06.30.45:842][  0]SourceControl: Info Source control is disabled
[2016.04.27-06.30.45:843][  0]Cmd: MAP LOAD FILE="../../../../../../Users/Owner/Documents/engine/Maze_Of_Doom/Content/MainBlueprints/Maps/MainMenu.umap" TEMPLATE=0 SHOWPROGRESS=1 FEATURELEVEL=3
[2016.04.27-06.30.45:843][  0]LightingResults: New page: Lighting Build
[2016.04.27-06.30.45:848][  0]MapCheck: New page: Map Check
[2016.04.27-06.30.45:848][  0]LightingResults: New page: Lighting Build
[2016.04.27-06.30.45:880][  0]LogParticles: Destroying 0 GPU particle simulations for FXSystem 0x0000025AA669B6A0
[2016.04.27-06.30.46:708][  0]LogAIModule: Creating AISystem for world MainMenu
[2016.04.27-06.30.46:738][  0]LogEditorServer: Finished looking for orphan Actors (0.000 secs)
[2016.04.27-06.30.46:738][  0]Cmd: MAP CHECKDEP NOCLEARLOG
[2016.04.27-06.30.46:815][  0]MapCheck: Info Map check complete: 0 Error(s), 0 Warning(s), took 76.323ms to complete.
[2016.04.27-06.30.46:815][  0]LogFileHelpers: Loading map 'MainMenu' took 0.972
[2016.04.27-06.30.47:041][  0]LogCollectionManager: Loaded 0 collections in 0.003719 seconds
[2016.04.27-06.30.47:085][  0]LogFileCache: Scanning file cache for directory 'C:/Users/Owner/Documents/engine/Maze_Of_Doom/Saved/Collections/' took 0.01s
[2016.04.27-06.30.47:085][  0]LogFileCache: Scanning file cache for directory 'C:/Users/Owner/Documents/engine/Maze_Of_Doom/Content/Developers/Owner/Collections/' took 0.01s
[2016.04.27-06.30.47:085][  0]LogFileCache: Scanning file cache for directory 'C:/Users/Owner/Documents/engine/Maze_Of_Doom/Content/Collections/' took 0.01s
[2016.04.27-06.30.47:085][  0]LogCollectionManager: Rebuilt the GUID cache for 0 collections in 0.000003 seconds
[2016.04.27-06.30.47:099][  0]LogContentBrowser: Native class hierarchy populated in 0.0138 seconds. Added 1899 classes and 340 folders.
[2016.04.27-06.30.47:110][  0]LogContentBrowser: Native class hierarchy updated for 'WidgetCarousel' in 0.0018 seconds. Added 0 classes and 0 folders.
[2016.04.27-06.30.48:797][  0]LogContentBrowser: Native class hierarchy updated for 'AddContentDialog' in 0.0027 seconds. Added 0 classes and 0 folders.
[2016.04.27-06.30.48:804][  0]LogContentBrowser: Native class hierarchy updated for 'SceneOutliner' in 0.0016 seconds. Added 1 classes and 2 folders.
[2016.04.27-06.30.48:834][  0]LogCrashTracker: Crashtracker disabled due to settings.
[2016.04.27-06.30.48:842][  0]LogUObjectGlobals:Warning: Failed to find object 'Class None.'
[2016.04.27-06.30.48:866][  0]LogLoad: Full Startup: 16.43 seconds (BP compile: 0.21 seconds)
[2016.04.27-06.30.49:202][  0]LogWindowsTextInputMethodSystem:Display: IME system now deactivated.
[2016.04.27-06.30.49:203][  0]LogWindowsTextInputMethodSystem:Display: IME system now deactivated.
[2016.04.27-06.30.49:211][  0]LogOcInput: Can't find Oculus library dev build: is proper Runtime installed? Version: 0.8.0.0
[2016.04.27-06.30.49:211][  0]LoadErrors:Error: Error /Game/ThirdPersonCPP/Blueprints/ThirdPersonCharacter : Failed import for ObjectProperty /Game/Blueprint_Items/SK_FPGun.SK_FPGun_C:SkeletalMesh
[2016.04.27-06.30.49:263][  0]LogContentStreaming: Texture pool size now 400 MB
[2016.04.27-06.30.49:497][  0]LogRenderer: Reallocating scene render targets to support 964x424 (Frame:2).
[2016.04.27-06.30.52:558][  9]LogAssetRegistry: Asset discovery search completed in 11.6874 seconds
[2016.04.27-06.30.52:558][  9]LogCollectionManager: Rebuilt the object cache for 0 collections in 0.000001 seconds (found 0 objects)
[2016.04.27-06.30.52:558][  9]LogCollectionManager: Fixed up redirectors for 0 collections in 0.000035 seconds (updated 0 objects)
[2016.04.27-06.34.54:575][735]LogWindowsTextInputMethodSystem:Display: IME system now deactivated.
[2016.04.27-06.34.54:575][735]LogWindowsTextInputMethodSystem:Display: IME system now deactivated.
[2016.04.27-06.34.54:848][736]Cmd: QUIT_EDITOR
[2016.04.27-06.34.55:271][736]LogExit: Preparing to exit.
[2016.04.27-06.34.56:196][736]LogExit: Editor shut down
[2016.04.27-06.34.56:197][736]LogExit: Transaction tracking system shut down
[2016.04.27-06.34.56:201][736]LogParticles: Destroying 0 GPU particle simulations for FXSystem 0x0000025A953096C0
[2016.04.27-06.34.56:201][736]LogParticles: Destroying 0 GPU particle simulations for FXSystem 0x0000025AA61A1BC0
[2016.04.27-06.34.56:202][736]LogParticles: Destroying 0 GPU particle simulations for FXSystem 0x0000025AB11DB560
[2016.04.27-06.34.56:434][736]LogExit: Object subsystem successfully closed.
[2016.04.27-06.34.56:453][736]LogD3D11RHI: Shutdown
[2016.04.27-06.34.56:453][736]LogD3D11RHI: CleanupD3DDevice
[2016.04.27-06.34.56:458][736]LogD3D11RHI: ~FD3D11DynamicRHI
[2016.04.27-06.34.56:603][736]LogModuleManager: Shutting down and abandoning module CrashTracker (199)
[2016.04.27-06.34.56:603][736]LogModuleManager: Shutting down and abandoning module SceneOutliner (198)
[2016.04.27-06.34.56:603][736]LogModuleManager: Shutting down and abandoning module SuperSearch (197)
[2016.04.27-06.34.56:603][736]LogModuleManager: Shutting down and abandoning module WidgetCarousel (196)
[2016.04.27-06.34.56:603][736]LogModuleManager: Shutting down and abandoning module AddContentDialog (195)
[2016.04.27-06.34.56:615][736]LogModuleManager: Shutting down and abandoning module EditorWidgets (194)
[2016.04.27-06.34.56:615][736]LogModuleManager: Shutting down and abandoning module CollectionManager (193)
[2016.04.27-06.34.56:615][736]LogModuleManager: Shutting down and abandoning module StatsViewer (192)
[2016.04.27-06.34.56:615][736]LogModuleManager: Shutting down and abandoning module FoliageEdit (191)
[2016.04.27-06.34.56:615][736]LogModuleManager: Shutting down and abandoning module LandscapeEditor (190)
[2016.04.27-06.34.56:615][736]LogModuleManager: Shutting down and abandoning module ActorPickerMode (189)
[2016.04.27-06.34.56:615][736]LogModuleManager: Shutting down and abandoning module GeometryMode (188)
[2016.04.27-06.34.56:615][736]LogModuleManager: Shutting down and abandoning module TextureAlignMode (187)
[2016.04.27-06.34.56:615][736]LogModuleManager: Shutting down and abandoning module BspMode (186)
[2016.04.27-06.34.56:615][736]LogModuleManager: Shutting down and abandoning module PlacementMode (185)
[2016.04.27-06.34.56:615][736]LogModuleManager: Shutting down and abandoning module AutomationWorker (184)
[2016.04.27-06.34.56:615][736]LogModuleManager: Shutting down and abandoning module CharacterAI (183)
[2016.04.27-06.34.56:615][736]LogModuleManager: Shutting down and abandoning module SmartSnapping (182)
[2016.04.27-06.34.56:615][736]LogModuleManager: Shutting down and abandoning module ViewportSnapping (181)
[2016.04.27-06.34.56:615][736]LogModuleManager: Shutting down and abandoning module LogVisualizer (180)
[2016.04.27-06.34.56:616][736]LogModuleManager: Shutting down and abandoning module GameProjectGeneration (179)
[2016.04.27-06.34.56:616][736]LogModuleManager: Shutting down and abandoning module IntroTutorials (178)
[2016.04.27-06.34.56:616][736]LogModuleManager: Shutting down and abandoning module EditorLiveStreaming (177)
[2016.04.27-06.34.56:616][736]LogModuleManager: Shutting down and abandoning module IOSPlatformEditor (176)
[2016.04.27-06.34.56:616][736]LogModuleManager: Shutting down and abandoning module HTML5PlatformEditor (175)
[2016.04.27-06.34.56:616][736]LogModuleManager: Shutting down and abandoning module AndroidDeviceDetection (174)
[2016.04.27-06.34.57:069][736]LogModuleManager: Shutting down and abandoning module AndroidPlatformEditor (173)
[2016.04.27-06.34.57:069][736]LogModuleManager: Shutting down and abandoning module IOSRuntimeSettings (172)
[2016.04.27-06.34.57:069][736]LogModuleManager: Shutting down and abandoning module AndroidRuntimeSettings (171)
[2016.04.27-06.34.57:069][736]LogModuleManager: Shutting down and abandoning module MergeActors (170)
[2016.04.27-06.34.57:069][736]LogModuleManager: Shutting down and abandoning module SizeMap (169)
[2016.04.27-06.34.57:069][736]LogModuleManager: Shutting down and abandoning module TreeMap (168)
[2016.04.27-06.34.57:069][736]LogModuleManager: Shutting down and abandoning module ReferenceViewer (167)
[2016.04.27-06.34.57:069][736]LogModuleManager: Shutting down and abandoning module LocalizationService (166)
[2016.04.27-06.34.57:069][736]LogModuleManager: Shutting down and abandoning module LocalizationDashboard (165)
[2016.04.27-06.34.57:069][736]LogModuleManager: Shutting down and abandoning module HardwareTargeting (164)
[2016.04.27-06.34.57:069][736]LogModuleManager: Shutting down and abandoning module DeviceProfileEditor (163)
[2016.04.27-06.34.57:069][736]LogModuleManager: Shutting down and abandoning module UndoHistory (162)
[2016.04.27-06.34.57:069][736]LogModuleManager: Shutting down and abandoning module GameplayTagsEditor (161)
[2016.04.27-06.34.57:069][736]LogModuleManager: Shutting down and abandoning module UserFeedback (160)
[2016.04.27-06.34.57:069][736]LogModuleManager: Shutting down and abandoning module XmlParser (159)
[2016.04.27-06.34.57:069][736]LogModuleManager: Shutting down and abandoning module Blutility (158)
[2016.04.27-06.34.57:069][736]LogModuleManager: Shutting down and abandoning module ProjectTargetPlatformEditor (157)
[2016.04.27-06.34.57:069][736]LogModuleManager: Shutting down and abandoning module ProjectSettingsViewer (156)
[2016.04.27-06.34.57:069][736]LogModuleManager: Shutting down and abandoning module InputBindingEditor (155)
[2016.04.27-06.34.57:070][736]LogModuleManager: Shutting down and abandoning module EditorSettingsViewer (154)
[2016.04.27-06.34.57:070][736]LogModuleManager: Shutting down and abandoning module SettingsEditor (153)
[2016.04.27-06.34.57:070][736]LogModuleManager: Shutting down and abandoning module ProjectLauncher (152)
[2016.04.27-06.34.57:070][736]LogModuleManager: Shutting down and abandoning module SessionFrontend (151)
[2016.04.27-06.34.57:070][736]LogModuleManager: Shutting down and abandoning module ProfilerClient (150)
[2016.04.27-06.34.57:070][736]LogModuleManager: Shutting down and abandoning module TargetDeviceServices (149)
[2016.04.27-06.34.57:070][736]LogModuleManager: Shutting down and abandoning module DeviceManager (148)
[2016.04.27-06.34.57:070][736]LogModuleManager: Shutting down and abandoning module AutomationController (147)
[2016.04.27-06.34.57:070][736]LogModuleManager: Shutting down and abandoning module AutomationWindow (146)
[2016.04.27-06.34.57:070][736]LogModuleManager: Shutting down and abandoning module Layers (145)
[2016.04.27-06.34.57:070][736]LogModuleManager: Shutting down and abandoning module ComponentVisualizers (144)
[2016.04.27-06.34.57:070][736]LogModuleManager: Shutting down and abandoning module DetailCustomizations (143)
[2016.04.27-06.34.57:070][736]LogModuleManager: Shutting down and abandoning module PackagesDialog (142)
[2016.04.27-06.34.57:070][736]LogModuleManager: Shutting down and abandoning module Persona (141)
[2016.04.27-06.34.57:070][736]LogModuleManager: Shutting down and abandoning module Kismet (140)
[2016.04.27-06.34.57:070][736]LogModuleManager: Shutting down and abandoning module GraphEditor (139)
[2016.04.27-06.34.57:070][736]LogModuleManager: Shutting down and abandoning module ClassViewer (138)
[2016.04.27-06.34.57:070][736]LogModuleManager: Shutting down and abandoning module Toolbox (137)
[2016.04.27-06.34.57:070][736]LogModuleManager: Shutting down and abandoning module ModuleUI (136)
[2016.04.27-06.34.57:070][736]LogModuleManager: Shutting down and abandoning module MovieSceneTools (135)
[2016.04.27-06.34.57:070][736]LogModuleManager: Shutting down and abandoning module OutputLog (134)
[2016.04.27-06.34.57:070][736]LogModuleManager: Shutting down and abandoning module GammaUI (133)
[2016.04.27-06.34.57:070][736]LogModuleManager: Shutting down and abandoning module Documentation (132)
[2016.04.27-06.34.57:070][736]LogModuleManager: Shutting down and abandoning module GameLiveStreaming (131)
[2016.04.27-06.34.57:071][736]LogModuleManager: Shutting down and abandoning module StreamingPauseRendering (130)
[2016.04.27-06.34.57:071][736]LogModuleManager: Shutting down and abandoning module AnalyticsET (129)
[2016.04.27-06.34.57:071][736]LogModuleManager: Shutting down and abandoning module Analytics (128)
[2016.04.27-06.34.57:071][736]LogModuleManager: Shutting down and abandoning module AITestSuite (127)
[2016.04.27-06.34.57:071][736]LogModuleManager: Shutting down and abandoning module GameplayDebugger (126)
[2016.04.27-06.34.57:071][736]LogModuleManager: Shutting down and abandoning module AIModule (125)
[2016.04.27-06.34.57:071][736]LogModuleManager: Shutting down and abandoning module ProfilerService (124)
[2016.04.27-06.34.57:251][736]LogModuleManager: Shutting down and abandoning module TaskGraph (123)
[2016.04.27-06.34.57:251][736]LogModuleManager: Shutting down and abandoning module SlateRemote (122)
[2016.04.27-06.34.57:251][736]LogModuleManager: Shutting down and abandoning module SteamVRController (121)
[2016.04.27-06.34.57:251][736]LogModuleManager: Shutting down and abandoning module SteamVR (120)
[2016.04.27-06.34.57:251][736]LogModuleManager: Shutting down and abandoning module ProceduralMeshComponent (119)
[2016.04.27-06.34.57:251][736]LogModuleManager: Shutting down and abandoning module OculusLibrary (118)
[2016.04.27-06.34.57:251][736]LogModuleManager: Shutting down and abandoning module OculusInput (117)
[2016.04.27-06.34.57:251][736]LogModuleManager: Shutting down and abandoning module LeapMotionController (116)
[2016.04.27-06.34.57:280][736]LogModuleManager: Shutting down and abandoning module CustomMeshComponent (115)
[2016.04.27-06.34.57:280][736]LogModuleManager: Shutting down and abandoning module CableComponent (114)
[2016.04.27-06.34.57:280][736]LogModuleManager: Shutting down and abandoning module ArchVisCharacter (113)
[2016.04.27-06.34.57:280][736]LogModuleManager: Shutting down and abandoning module MessagingDebugger (112)
[2016.04.27-06.34.57:280][736]LogModuleManager: Shutting down and abandoning module MediaPlayerEditor (111)
[2016.04.27-06.34.57:280][736]LogModuleManager: Shutting down and abandoning module HTML5Networking (110)
[2016.04.27-06.34.57:280][736]LogModuleManager: Shutting down and abandoning module SpeedTreeImporter (109)
[2016.04.27-06.34.57:280][736]LogModuleManager: Shutting down and abandoning module PluginBrowser (108)
[2016.04.27-06.34.57:280][736]LogModuleManager: Shutting down and abandoning module EpicSurvey (107)
[2016.04.27-06.34.57:280][736]LogModuleManager: Shutting down and abandoning module DesktopPlatform (106)
[2016.04.27-06.34.57:280][736]LogModuleManager: Shutting down and abandoning module VisualStudioSourceCodeAccess (105)
[2016.04.27-06.34.57:280][736]LogModuleManager: Shutting down and abandoning module UObjectPlugin (104)
[2016.04.27-06.34.57:281][736]LogModuleManager: Shutting down and abandoning module SubversionSourceControl (103)
[2016.04.27-06.34.57:281][736]LogModuleManager: Shutting down and abandoning module PerforceSourceControl (102)
[2016.04.27-06.34.57:281][736]LogModuleManager: Shutting down and abandoning module SourceControl (101)
[2016.04.27-06.34.57:281][736]LogModuleManager: Shutting down and abandoning module GitSourceControl (100)
[2016.04.27-06.34.57:281][736]LogModuleManager: Shutting down and abandoning module LightPropagationVolumeEditor (99)
[2016.04.27-06.34.57:281][736]LogModuleManager: Shutting down and abandoning module PaperTiledImporter (98)
[2016.04.27-06.34.57:281][736]LogModuleManager: Shutting down and abandoning module PaperSpriteSheetImporter (97)
[2016.04.27-06.34.57:281][736]LogModuleManager: Shutting down and abandoning module MeshPaint (96)
[2016.04.27-06.34.57:281][736]LogModuleManager: Shutting down and abandoning module SlateReflector (95)
[2016.04.27-06.34.57:281][736]LogModuleManager: Shutting down and abandoning module HotReload (94)
[2016.04.27-06.34.57:281][736]LogModuleManager: Shutting down and abandoning module MainFrame (93)
[2016.04.27-06.34.57:281][736]LogModuleManager: Shutting down and abandoning module LevelEditor (92)
[2016.04.27-06.34.57:282][736]LogModuleManager: Shutting down and abandoning module DirectoryWatcher (91)
[2016.04.27-06.34.57:283][736]LogModuleManager: Shutting down and abandoning module AssetRegistry (90)
[2016.04.27-06.34.57:532][736]LogModuleManager: Shutting down and abandoning module ContentBrowser (89)
[2016.04.27-06.34.57:533][736]LogModuleManager: Shutting down and abandoning module Paper2DEditor (88)
[2016.04.27-06.34.57:533][736]LogModuleManager: Shutting down and abandoning module Maze_Of_Doom (87)
[2016.04.27-06.34.57:533][736]LogModuleManager: Shutting down and abandoning module UdpMessaging (86)
[2016.04.27-06.34.57:634][736]LogModuleManager: Shutting down and abandoning module LightPropagationVolumeRuntime (85)
[2016.04.27-06.34.57:634][736]LogModuleManager: Shutting down and abandoning module Paper2D (84)
[2016.04.27-06.34.57:634][736]LogModuleManager: Shutting down and abandoning module WindowsMoviePlayer (83)
[2016.04.27-06.34.57:646][736]LogModuleManager: Shutting down and abandoning module Media (82)
[2016.04.27-06.34.57:646][736]LogModuleManager: Shutting down and abandoning module WmfMedia (81)
[2016.04.27-06.34.57:646][736]LogModuleManager: Shutting down and abandoning module OnlineBlueprintSupport (80)
[2016.04.27-06.34.57:646][736]LogModuleManager: Shutting down and abandoning module GameplayTasksEditor (79)
[2016.04.27-06.34.57:646][736]LogModuleManager: Shutting down and abandoning module PropertyEditor (78)
[2016.04.27-06.34.57:647][736]LogModuleManager: Shutting down and abandoning module BehaviorTreeEditor (77)
[2016.04.27-06.34.57:647][736]LogModuleManager: Shutting down and abandoning module FunctionalTesting (76)
[2016.04.27-06.34.57:647][736]LogModuleManager: Shutting down and abandoning module CollisionAnalyzer (75)
[2016.04.27-06.34.57:647][736]LogModuleManager: Shutting down and abandoning module WorkspaceMenuStructure (74)
[2016.04.27-06.34.57:647][736]LogModuleManager: Shutting down and abandoning module MessageLog (73)
[2016.04.27-06.34.57:647][736]LogModuleManager: Shutting down and abandoning module Sequencer (72)
[2016.04.27-06.34.57:647][736]LogModuleManager: Shutting down and abandoning module AssetTools (71)
[2016.04.27-06.34.57:647][736]LogModuleManager: Shutting down and abandoning module UMGEditor (70)
[2016.04.27-06.34.57:648][736]LogModuleManager: Shutting down and abandoning module UMG (69)
[2016.04.27-06.34.57:648][736]LogModuleManager: Shutting down and abandoning module Slate (68)
[2016.04.27-06.34.57:648][736]LogModuleManager: Shutting down and abandoning module EditorStyle (67)
[2016.04.27-06.34.57:656][736]LogModuleManager: Shutting down and abandoning module SessionServices (66)
[2016.04.27-06.34.57:657][736]LogModuleManager: Shutting down and abandoning module SourceCodeAccess (65)
[2016.04.27-06.34.57:657][736]LogModuleManager: Shutting down and abandoning module HeadMountedDisplay (64)
[2016.04.27-06.34.57:657][736]LogModuleManager: Shutting down and abandoning module XAudio2 (63)
[2016.04.27-06.34.57:657][736]LogModuleManager: Shutting down and abandoning module Networking (61)
[2016.04.27-06.34.57:657][736]LogModuleManager: Shutting down and abandoning module Core (60)
[2016.04.27-06.34.57:657][736]LogModuleManager: Shutting down and abandoning module KismetCompiler (59)
[2016.04.27-06.34.57:657][736]LogModuleManager: Shutting down and abandoning module PhysXFormats (58)
[2016.04.27-06.34.57:657][736]LogModuleManager: Shutting down and abandoning module MeshUtilities (57)
[2016.04.27-06.34.57:657][736]LogModuleManager: Shutting down and abandoning module DerivedDataCache (56)
[2016.04.27-06.34.57:747][736]LogDerivedDataCache: Shutdown
[2016.04.27-06.34.57:747][736]LogModuleManager: Shutting down and abandoning module ShaderFormatOpenGL (55)
[2016.04.27-06.34.57:747][736]LogModuleManager: Shutting down and abandoning module ShaderFormatD3D (54)
[2016.04.27-06.34.57:748][736]LogModuleManager: Shutting down and abandoning module MetalShaderFormat (53)
[2016.04.27-06.34.57:748][736]LogModuleManager: Shutting down and abandoning module TextureFormatUncompressed (52)
[2016.04.27-06.34.57:748][736]LogModuleManager: Shutting down and abandoning module TextureFormatPVR (51)
[2016.04.27-06.34.57:748][736]LogModuleManager: Shutting down and abandoning module TextureFormatIntelISPCTexComp (50)
[2016.04.27-06.34.57:748][736]LogModuleManager: Shutting down and abandoning module TextureFormatDXT (49)
[2016.04.27-06.34.57:748][736]LogModuleManager: Shutting down and abandoning module ImageWrapper (48)
[2016.04.27-06.34.57:748][736]LogModuleManager: Shutting down and abandoning module TextureFormatASTC (47)
[2016.04.27-06.34.57:748][736]LogModuleManager: Shutting down and abandoning module TextureFormatAndroid (46)
[2016.04.27-06.34.57:748][736]LogModuleManager: Shutting down and abandoning module AudioFormatOpus (45)
[2016.04.27-06.34.57:748][736]LogModuleManager: Shutting down and abandoning module AudioFormatOgg (44)
[2016.04.27-06.34.57:748][736]LogModuleManager: Shutting down and abandoning module AudioFormatADPCM (43)
[2016.04.27-06.34.57:748][736]LogModuleManager: Shutting down and abandoning module LinuxTargetPlatform (42)
[2016.04.27-06.34.57:748][736]LogModuleManager: Shutting down and abandoning module LinuxServerTargetPlatform (41)
[2016.04.27-06.34.57:748][736]LogModuleManager: Shutting down and abandoning module LinuxNoEditorTargetPlatform (40)
[2016.04.27-06.34.57:748][736]LogModuleManager: Shutting down and abandoning module Messaging (39)
[2016.04.27-06.34.57:748][736]LogModuleManager: Shutting down and abandoning module IOSTargetPlatform (38)
[2016.04.27-06.34.57:748][736]LogModuleManager: Shutting down and abandoning module HTML5TargetPlatform (37)
[2016.04.27-06.34.57:748][736]LogModuleManager: Shutting down and abandoning module Android_PVRTCTargetPlatform (36)
[2016.04.27-06.34.57:748][736]LogModuleManager: Shutting down and abandoning module Android_MultiTargetPlatform (35)
[2016.04.27-06.34.57:748][736]LogModuleManager: Shutting down and abandoning module Android_ETC2TargetPlatform (34)
[2016.04.27-06.34.57:748][736]LogModuleManager: Shutting down and abandoning module Android_ETC1TargetPlatform (33)
[2016.04.27-06.34.57:748][736]LogModuleManager: Shutting down and abandoning module Android_DXTTargetPlatform (32)
[2016.04.27-06.34.57:749][736]LogModuleManager: Shutting down and abandoning module Android_ATCTargetPlatform (31)
[2016.04.27-06.34.57:749][736]LogModuleManager: Shutting down and abandoning module Android_ASTCTargetPlatform (30)
[2016.04.27-06.34.57:749][736]LogModuleManager: Shutting down and abandoning module AndroidTargetPlatform (29)
[2016.04.27-06.34.57:749][736]LogModuleManager: Shutting down and abandoning module WindowsTargetPlatform (28)
[2016.04.27-06.34.57:749][736]LogModuleManager: Shutting down and abandoning module WindowsServerTargetPlatform (27)
[2016.04.27-06.34.57:749][736]LogModuleManager: Shutting down and abandoning module WindowsNoEditorTargetPlatform (26)
[2016.04.27-06.34.57:749][736]LogModuleManager: Shutting down and abandoning module WindowsClientTargetPlatform (25)
[2016.04.27-06.34.57:749][736]LogModuleManager: Shutting down and abandoning module AllDesktopTargetPlatform (24)
[2016.04.27-06.34.57:749][736]LogModuleManager: Shutting down and abandoning module TargetPlatform (23)
[2016.04.27-06.34.57:749][736]LogModuleManager: Shutting down and abandoning module InputCore (22)
[2016.04.27-06.34.57:749][736]LogModuleManager: Shutting down and abandoning module Settings (21)
[2016.04.27-06.34.57:749][736]LogModuleManager: Shutting down and abandoning module OnlineSubsystem (19)
[2016.04.27-06.34.57:749][736]LogModuleManager: Shutting down and abandoning module HTTP (18)
[2016.04.27-06.34.59:754][736]LogModuleManager: Shutting down and abandoning module XMPP (17)
[2016.04.27-06.34.59:755][736]LogModuleManager: Shutting down and abandoning module OculusRift (16)
[2016.04.27-06.34.59:755][736]LogModuleManager: Shutting down and abandoning module ExampleDeviceProfileSelector (15)
[2016.04.27-06.34.59:755][736]LogModuleManager: Shutting down and abandoning module TextureCompressor (14)
[2016.04.27-06.34.59:755][736]LogModuleManager: Shutting down and abandoning module ShaderCore (13)
[2016.04.27-06.34.59:755][736]LogModuleManager: Shutting down and abandoning module Landscape (12)
[2016.04.27-06.34.59:755][736]LogModuleManager: Shutting down and abandoning module SlateRHIRenderer (11)
[2016.04.27-06.34.59:758][736]LogModuleManager: Shutting down and abandoning module OpenGLDrv (10)
[2016.04.27-06.34.59:758][736]LogModuleManager: Shutting down and abandoning module D3D11RHI (9)
[2016.04.27-06.34.59:758][736]LogModuleManager: Shutting down and abandoning module AnimGraphRuntime (8)
[2016.04.27-06.34.59:758][736]LogModuleManager: Shutting down and abandoning module Renderer (7)
[2016.04.27-06.34.59:758][736]LogModuleManager: Shutting down and abandoning module Engine (6)
[2016.04.27-06.34.59:758][736]LogModuleManager: Shutting down and abandoning module CoreUObject (5)
[2016.04.27-06.34.59:758][736]LogModuleManager: Shutting down and abandoning module NetworkFile (4)
[2016.04.27-06.34.59:758][736]LogModuleManager: Shutting down and abandoning module StreamingFile (3)
[2016.04.27-06.34.59:759][736]LogModuleManager: Shutting down and abandoning module SandboxFile (2)
[2016.04.27-06.34.59:759][736]LogModuleManager: Shutting down and abandoning module PakFile (1)
[2016.04.27-06.34.59:766][736]LogExit: Exiting.
[2016.04.27-06.34.59:771][736]Log file closed, 04/26/16 23:34:59
