[2016.03.31-00.59.08:465][  0]Log file open, 03/30/16 17:59:08
[2016.03.31-00.59.08:465][  0]LogInit:Display: Running engine for game: Maze_Of_Doom
[2016.03.31-00.59.08:465][  0]LogPlatformFile: Not using cached read wrapper
[2016.03.31-00.59.08:465][  0]LogInit:Display: RandInit(-21525832) SRandInit(-21525832).
[2016.03.31-00.59.08:465][  0]LogTaskGraph: Started task graph with 4 named threads and 7 total threads.
[2016.03.31-00.59.08:465][  0]LogStats: Stats thread started at 0.083584
[2016.03.31-00.59.08:465][  0]LogInit: Version: 4.10.2-2818068+++depot+UE4-Releases+4.10
[2016.03.31-00.59.08:465][  0]LogInit: API Version: 2758231
[2016.03.31-00.59.08:465][  0]LogInit: Compiled (64-bit): Jan  6 2016 17:36:42
[2016.03.31-00.59.08:465][  0]LogInit: Compiled with Visual C++: 19.00.23026.00
[2016.03.31-00.59.08:465][  0]LogInit: Build Configuration: Development
[2016.03.31-00.59.08:465][  0]LogInit: Branch Name: ++depot+UE4-Releases+4.10
[2016.03.31-00.59.08:465][  0]LogInit: Command line:  
[2016.03.31-00.59.08:465][  0]LogInit: Base directory: C:/Program Files (x86)/Epic Games/4.10/Engine/Binaries/Win64/
[2016.03.31-00.59.08:465][  0]LogInit: Rocket: 1
[2016.03.31-00.59.08:472][  0]LogInit: Using libcurl 7.41.0
[2016.03.31-00.59.08:472][  0]LogInit:  - built for x86_64-pc-win32
[2016.03.31-00.59.08:472][  0]LogInit:  - supports SSL with WinSSL
[2016.03.31-00.59.08:472][  0]LogInit:  - other features:
[2016.03.31-00.59.08:472][  0]LogInit:      CURL_VERSION_SSL
[2016.03.31-00.59.08:472][  0]LogInit:      CURL_VERSION_IPV6
[2016.03.31-00.59.08:472][  0]LogInit:      CURL_VERSION_ASYNCHDNS
[2016.03.31-00.59.08:472][  0]LogInit:      CURL_VERSION_LARGEFILE
[2016.03.31-00.59.08:472][  0]LogInit:      CURL_VERSION_IDN
[2016.03.31-00.59.08:472][  0]LogInit:  CurlRequestOptions (configurable via config and command line):
[2016.03.31-00.59.08:472][  0]LogInit:  - bVerifyPeer = true  - Libcurl will verify peer certificate
[2016.03.31-00.59.08:472][  0]LogInit:  - bUseHttpProxy = false  - Libcurl will NOT use HTTP proxy
[2016.03.31-00.59.08:472][  0]LogInit:  - bDontReuseConnections = false  - Libcurl will reuse connections
[2016.03.31-00.59.08:472][  0]LogInit:  - CertBundlePath = nullptr  - Libcurl will use whatever was configured at build time.
[2016.03.31-00.59.08:479][  0]LogInit: Presizing for 0 objects not considered by GC, pre-allocating 0 bytes.
[2016.03.31-00.59.08:484][  0]LogInit: Object subsystem initialized
[2016.03.31-00.59.08:485][  0]LogInit: Selected Device Profile: [Windows]
[2016.03.31-00.59.08:485][  0]LogInit: Applying CVar settings loaded from the selected device profile: [Windows]
[2016.03.31-00.59.08:495][  0]LogInit: Computer: DAVIDMIERKE
[2016.03.31-00.59.08:495][  0]LogInit: User: David
[2016.03.31-00.59.08:495][  0]LogInit: CPU Page size=4096, Cores=4
[2016.03.31-00.59.08:495][  0]LogInit: High frequency timer resolution =2.533205 MHz
[2016.03.31-00.59.08:496][  0]LogMemory: Memory total: Physical=16.0GB (16GB approx)
[2016.03.31-00.59.08:496][  0]LogMemory: Platform Memory Stats for Windows
[2016.03.31-00.59.08:496][  0]LogMemory: Process Physical Memory: 56.04 MB used, 56.04 MB peak
[2016.03.31-00.59.08:496][  0]LogMemory: Process Virtual Memory: 58.74 MB used, 58.74 MB peak
[2016.03.31-00.59.08:496][  0]LogMemory: Physical Memory: 6491.06 MB used, 16333.18 MB total
[2016.03.31-00.59.08:496][  0]LogMemory: Virtual Memory: 384.79 MB used, 134217728.00 MB total
[2016.03.31-00.59.08:528][  0]LogTextLocalizationManager: No specific translations for ('en-US') exist, so ('en') translations will be used.
[2016.03.31-00.59.08:937][  0]LogD3D11RHI: Found D3D11 adapter 0: NVIDIA GeForce GTX 965M (Feature Level 11_0)
[2016.03.31-00.59.08:937][  0]LogD3D11RHI: Adapter has 1969MB of dedicated video memory, 0MB of dedicated system memory, and 8166MB of shared system memory, 1 output[s]
[2016.03.31-00.59.08:938][  0]LogD3D11RHI: Found D3D11 adapter 1: Microsoft Basic Render Driver (Feature Level 11_0)
[2016.03.31-00.59.08:938][  0]LogD3D11RHI: Adapter has 0MB of dedicated video memory, 0MB of dedicated system memory, and 8166MB of shared system memory, 0 output[s]
[2016.03.31-00.59.08:938][  0]LogD3D11RHI: Chosen D3D11 Adapter Id = 0
[2016.03.31-00.59.08:944][  0]LogD3D11RHI: !Direct3DDevice
[2016.03.31-00.59.08:944][  0]LogRHI: Texture pool is 1361 MB (70% of 1945 MB)
[2016.03.31-00.59.08:958][  0]LogD3D11RHI: Async texture creation enabled
[2016.03.31-00.59.08:975][  0]LogShaderCompilers: Guid format shader working directory is -22 characters bigger than the processId version (../../../../../../Users/David/Desktop/ASU/SER432/Group2/Maze_Of_Doom/Intermediate/Shaders/WorkingDirectory/1588/).
[2016.03.31-00.59.08:975][  0]LogShaderCompilers: Cleaned the shader compiler working directory 'C:/Users/David/AppData/Local/Temp/UnrealShaderWorkingDir/2879C31E4EF021F9C14044BDE8988337/'.
[2016.03.31-00.59.08:975][  0]LogShaderCompilers:Display: Using Local Shader Compiler.
[2016.03.31-00.59.09:833][  0]LogTemp:Display: Loaded TP AllDesktopTargetPlatform
[2016.03.31-00.59.09:838][  0]LogTemp:Display: Loaded TP WindowsClientTargetPlatform
[2016.03.31-00.59.09:843][  0]LogTemp:Display: Loaded TP WindowsNoEditorTargetPlatform
[2016.03.31-00.59.09:848][  0]LogTemp:Display: Loaded TP WindowsServerTargetPlatform
[2016.03.31-00.59.09:853][  0]LogTemp:Display: Loaded TP WindowsTargetPlatform
[2016.03.31-00.59.09:861][  0]LogTemp:Display: Loaded TP AndroidTargetPlatform
[2016.03.31-00.59.09:865][  0]LogTemp:Display: Loaded TP Android_ASTCTargetPlatform
[2016.03.31-00.59.09:868][  0]LogTemp:Display: Loaded TP Android_ATCTargetPlatform
[2016.03.31-00.59.09:871][  0]LogTemp:Display: Loaded TP Android_DXTTargetPlatform
[2016.03.31-00.59.09:873][  0]LogTemp:Display: Loaded TP Android_ETC1TargetPlatform
[2016.03.31-00.59.09:876][  0]LogTemp:Display: Loaded TP Android_ETC2TargetPlatform
[2016.03.31-00.59.09:882][  0]LogTemp:Display: Loaded TP Android_MultiTargetPlatform
[2016.03.31-00.59.09:882][  0]LogTemp:Display: Loaded TP Android_PVRTCTargetPlatform
[2016.03.31-00.59.09:883][  0]LogTemp:Display: Loaded TP HTML5TargetPlatform
[2016.03.31-00.59.09:901][  0]LogTemp:Display: Loaded TP IOSTargetPlatform
[2016.03.31-00.59.09:904][  0]LogTemp:Display: Loaded TP LinuxNoEditorTargetPlatform
[2016.03.31-00.59.09:906][  0]LogTemp:Display: Loaded TP LinuxServerTargetPlatform
[2016.03.31-00.59.09:911][  0]LogTemp:Display: Loaded TP LinuxTargetPlatform
[2016.03.31-00.59.09:911][  0]LogTargetPlatformManager:Display: Building Assets For Windows
[2016.03.31-00.59.09:993][  0]LogDerivedDataCache:Display: Max Cache Size: 512 MB
[2016.03.31-00.59.10:714][  0]LogDerivedDataCache: Loaded boot cache 0.72s 58MB C:/Users/David/AppData/Local/UnrealEngine/4.10/DerivedDataCache/Boot.ddc.
[2016.03.31-00.59.10:714][  0]LogDerivedDataCache:Display: Loaded Boot cache: C:/Users/David/AppData/Local/UnrealEngine/4.10/DerivedDataCache/Boot.ddc
[2016.03.31-00.59.10:714][  0]LogDerivedDataCache: FDerivedDataBackendGraph:  Pak pak cache file ../../../../../../Users/David/Desktop/ASU/SER432/Group2/Maze_Of_Doom/DerivedDataCache/DDC.ddp not found, will not use a pak cache.
[2016.03.31-00.59.10:714][  0]LogDerivedDataCache: Unable to find inner node Pak for hierarchical cache Hierarchy.
[2016.03.31-00.59.10:714][  0]LogDerivedDataCache: FDerivedDataBackendGraph:  CompressedPak pak cache file ../../../../../../Users/David/Desktop/ASU/SER432/Group2/Maze_Of_Doom/DerivedDataCache/Compressed.ddp not found, will not use a pak cache.
[2016.03.31-00.59.10:714][  0]LogDerivedDataCache: Unable to find inner node CompressedPak for hierarchical cache Hierarchy.
[2016.03.31-00.59.10:767][  0]LogDerivedDataCache:Display: Pak cache opened for reading ../../../Engine/DerivedDataCache/Compressed.ddp.
[2016.03.31-00.59.10:779][  0]LogDerivedDataCache: Using Local data cache path C:/Users/David/AppData/Local/UnrealEngine/Common/DerivedDataCache: Writable
[2016.03.31-00.59.10:938][  0]LogInit: Selected Device Profile: [Windows]
[2016.03.31-00.59.10:941][  0]LogContentStreaming: Texture pool size is 0.000000MB
[2016.03.31-00.59.11:035][  0]LogMeshUtilities: No automatic mesh reduction module available
[2016.03.31-00.59.11:035][  0]LogMeshUtilities: No automatic mesh merging module available
[2016.03.31-00.59.11:336][  0]LogInit: WinSock: version 1.1 (2.2), MaxSocks=32767, MaxUdp=65467
[2016.03.31-00.59.27:713][  0]UdpMessaging: Initializing bridge on interface 0.0.0.0:0 to multicast group 230.0.0.1:6666.
[2016.03.31-00.59.28:205][  0]LogAssetRegistry: FAssetRegistry took 0.0106 seconds to start up
[2016.03.31-00.59.28:379][  0]SourceControl: Info Source control is disabled
[2016.03.31-00.59.28:414][  0]SourceControl: Info Source control is disabled
[2016.03.31-00.59.28:426][  0]SourceControl: Info Source control is disabled
[2016.03.31-00.59.28:444][  0]SourceControl: Info Source control is disabled
[2016.03.31-00.59.28:813][  0]LogObj: 33994 objects as part of root set at end of initial load.
[2016.03.31-00.59.28:813][  0]LogUObjectAllocator: 8001952 out of 0 bytes used by permanent object pool.
[2016.03.31-00.59.28:883][  0]LogEngine: Initializing Engine...
[2016.03.31-00.59.28:885][  0]LogHMD: Can't find Oculus library dev build: is proper Runtime installed? Version: 0.8.0.0
[2016.03.31-00.59.28:886][  0]LogHMD: SteamVR failed to initialize.  Err: 110
[2016.03.31-00.59.28:987][  0]LogAIModule: Creating AISystem for world NewWorld
[2016.03.31-00.59.28:991][  0]LogInit: XAudio2 using 'Speakers (Realtek High Definition Audio)' : 2 channels at 48 kHz using 32 bits per sample (channel mask 0x3)
[2016.03.31-00.59.29:229][  0]LogInit: FAudioDevice initialized.
[2016.03.31-00.59.29:250][  0]LogDerivedDataCache: Saved boot cache 0.02s 42MB C:/Users/David/AppData/Local/UnrealEngine/4.10/DerivedDataCache/Boot.ddc.
[2016.03.31-00.59.29:254][  0]LogInit: Texture streaming: Enabled
[2016.03.31-00.59.29:260][  0]LogAnalytics: Creating configured Analytics provider AnalyticsET
[2016.03.31-00.59.29:260][  0]LogAnalytics: [UEEditor.Rocket.Release] APIServer = http://et2.epicgames.com/ET2/. AppVersion = 4.10.2-2818068+++depot+UE4-Releases+4.10
[2016.03.31-00.59.29:260][  0]LogAnalytics: [UEEditor.Rocket.Release] SetUserId f3fd65ed42405c16483d24826775683a|859fd02483094003b2ff534449d086e1|f7dbdf05-1b9e-457e-a434-53e302263073
[2016.03.31-00.59.29:260][  0]LogAnalytics: [UEEditor.Rocket.Release] AnalyticsET::StartSession
[2016.03.31-00.59.29:269][  0]LogInit: Transaction tracking system initialized
[2016.03.31-00.59.29:295][  0]BlueprintLog: New page: Editor Load
[2016.03.31-00.59.29:390][  0]LocalizationService: Info Localization service is disabled
[2016.03.31-00.59.29:529][  0]LogConsoleResponse:Display: 
[2016.03.31-00.59.29:630][  0]LogCook:Display: Done creating registry. It took  0.00s.
[2016.03.31-00.59.29:831][  0]LogFileCache: Scanning file cache for directory 'C:/Users/David/Desktop/ASU/SER432/Group2/Maze_Of_Doom/Content/' took 0.02s
[2016.03.31-00.59.29:837][  0]SourceControl: Info Source control is disabled
[2016.03.31-00.59.29:837][  0]Cmd: MAP LOAD FILE="../../../../../../Users/David/Desktop/ASU/SER432/Group2/Maze_Of_Doom/Content/ThirdPersonCPP/Maps/ThirdPersonExampleMap.umap" TEMPLATE=0 SHOWPROGRESS=1 FEATURELEVEL=3
[2016.03.31-00.59.29:837][  0]LogEditorServer:Warning: Can't find file '../../../../../../Users/David/Desktop/ASU/SER432/Group2/Maze_Of_Doom/Content/ThirdPersonCPP/Maps/ThirdPersonExampleMap.umap'
[2016.03.31-00.59.29:837][  0]Cmd: MAP CHECKDEP NOCLEARLOG
[2016.03.31-00.59.29:881][  0]MapCheck: Info Map check complete: 0 Error(s), 0 Warning(s), took 44.021ms to complete.
[2016.03.31-00.59.29:881][  0]LogFileHelpers: Loading map 'ThirdPersonExampleMap' took 0.044
[2016.03.31-00.59.30:069][  0]LogCollectionManager: Loaded 0 collections in 0.002362 seconds
[2016.03.31-00.59.30:107][  0]LogFileCache: Scanning file cache for directory 'C:/Users/David/Desktop/ASU/SER432/Group2/Maze_Of_Doom/Saved/Collections/' took 0.01s
[2016.03.31-00.59.30:107][  0]LogFileCache: Scanning file cache for directory 'C:/Users/David/Desktop/ASU/SER432/Group2/Maze_Of_Doom/Content/Developers/David/Collections/' took 0.01s
[2016.03.31-00.59.30:107][  0]LogFileCache: Scanning file cache for directory 'C:/Users/David/Desktop/ASU/SER432/Group2/Maze_Of_Doom/Content/Collections/' took 0.01s
[2016.03.31-00.59.30:107][  0]LogCollectionManager: Rebuilt the GUID cache for 0 collections in 0.000002 seconds
[2016.03.31-00.59.30:115][  0]LogContentBrowser: Native class hierarchy populated in 0.0070 seconds. Added 1898 classes and 340 folders.
[2016.03.31-00.59.30:122][  0]LogContentBrowser: Native class hierarchy updated for 'WidgetCarousel' in 0.0012 seconds. Added 0 classes and 0 folders.
[2016.03.31-00.59.30:897][  0]LogContentBrowser: Native class hierarchy updated for 'AddContentDialog' in 0.0013 seconds. Added 0 classes and 0 folders.
[2016.03.31-00.59.30:906][  0]LogContentBrowser: Native class hierarchy updated for 'SceneOutliner' in 0.0013 seconds. Added 1 classes and 2 folders.
[2016.03.31-00.59.30:924][  0]LogCrashTracker: Crashtracker disabled due to settings.
[2016.03.31-00.59.30:931][  0]LogUObjectGlobals:Warning: Failed to find object 'Class None.'
[2016.03.31-00.59.30:953][  0]LogLoad: Full Startup: 23.28 seconds (BP compile: 0.17 seconds)
[2016.03.31-00.59.30:963][  0]LogWindowsTextInputMethodSystem:Display: IME system now deactivated.
[2016.03.31-00.59.30:963][  0]LogWindowsTextInputMethodSystem:Display: IME system now deactivated.
[2016.03.31-00.59.30:966][  0]LogOcInput: Can't find Oculus library dev build: is proper Runtime installed? Version: 0.8.0.0
[2016.03.31-00.59.31:036][  0]LogContentStreaming: Texture pool size now 1000 MB
[2016.03.31-00.59.31:157][  0]LogRenderer: Reallocating scene render targets to support 1208x572 (Frame:2).
[2016.03.31-00.59.31:288][  2]LogAssetRegistry: Asset discovery search completed in 3.0943 seconds
[2016.03.31-00.59.31:288][  2]LogCollectionManager: Rebuilt the object cache for 0 collections in 0.000001 seconds (found 0 objects)
[2016.03.31-00.59.31:289][  2]LogCollectionManager: Fixed up redirectors for 0 collections in 0.000032 seconds (updated 0 objects)
[2016.03.31-00.59.37:988][774]LogLinker:Warning: Can't resolve asset name
[2016.03.31-00.59.46:326][717]LogClass:Warning: Type mismatch in Direction of Room_C - Previous (ArrayProperty) Current(IntProperty) for package:  FObjectReader
[2016.03.31-00.59.46:490][717]LogAIModule: Creating AISystem for world Level
[2016.03.31-00.59.46:524][717]Cmd: MAP LOAD FILE="../../../../../../Users/David/Desktop/ASU/SER432/Group2/Maze_Of_Doom/Content/Rooms/Level.umap" TEMPLATE=0 SHOWPROGRESS=1 FEATURELEVEL=3
[2016.03.31-00.59.46:524][717]LightingResults: New page: Lighting Build
[2016.03.31-00.59.46:530][717]LogContentBrowser: Native class hierarchy updated for 'StatsViewer' in 0.0015 seconds. Added 5 classes and 0 folders.
[2016.03.31-00.59.46:545][717]LoadErrors: New page: Loading map: Level.umap
[2016.03.31-00.59.46:545][717]MapCheck: New page: Map Check
[2016.03.31-00.59.46:545][717]LightingResults: New page: Lighting Build
[2016.03.31-00.59.46:561][717]LogParticles: Destroying 0 GPU particle simulations for FXSystem 0x000001C857C136A0
[2016.03.31-00.59.46:564][717]LogEditorServer: Finished looking for orphan Actors (0.000 secs)
[2016.03.31-00.59.46:598][717]Cmd: MAP CHECKDEP NOCLEARLOG
[2016.03.31-00.59.46:643][717]MapCheck: Info Map check complete: 0 Error(s), 0 Warning(s), took 45.235ms to complete.
[2016.03.31-00.59.46:643][717]LogFileHelpers: Loading map 'Level' took 0.121
[2016.03.31-00.59.46:651][717]LoadErrors:Error: Error /Game/Rooms/Level : Failed import for IntProperty /Game/Rooms/Room.Room_C:Direction
[2016.03.31-00.59.53:213][265]LogBlueprintUserMessages: Early PlayInEditor Detection: Level '/Game/Rooms/Level.Level:PersistentLevel' has LevelScriptBlueprint '/Game/Rooms/Level.Level:PersistentLevel.Level' with GeneratedClass '/Game/Rooms/Level.Level_C' with ClassGeneratedBy '/Game/Rooms/Level.Level:PersistentLevel.Level'
[2016.03.31-00.59.53:213][265]LogPlayLevel: PlayLevel: No blueprints needed recompiling
[2016.03.31-00.59.53:214][265]PIE: New page: PIE session: Level (Mar 30, 2016, 10:59:53 AM)
[2016.03.31-00.59.53:214][265]LogPlayLevel: Creating play world package: /Game/Rooms/UEDPIE_0_Level
[2016.03.31-00.59.53:228][265]LogPlayLevel: PIE: StaticDuplicateObject took: (0.014423s)
[2016.03.31-00.59.53:229][265]LogAIModule: Creating AISystem for world Level
[2016.03.31-00.59.53:229][265]LogPlayLevel: PIE: World Init took: (0.000920s)
[2016.03.31-00.59.53:229][265]LogPlayLevel: PIE: Created PIE world by copying editor world from /Game/Rooms/Level.Level to /Game/Rooms/UEDPIE_0_Level.Level (0.015715s)
[2016.03.31-00.59.53:255][265]LogInit: XAudio2 using 'Speakers (Realtek High Definition Audio)' : 2 channels at 48 kHz using 32 bits per sample (channel mask 0x3)
[2016.03.31-00.59.53:267][265]LogInit: FAudioDevice initialized.
[2016.03.31-00.59.53:325][265]LogWorld: Game class is 'Maze_Of_DoomGameMode'
[2016.03.31-00.59.53:328][265]LogWorld: Bringing World /Game/Rooms/UEDPIE_0_Level.Level up for play (max tick rate 0) at 2016.03.30-17.59.53
[2016.03.31-00.59.53:328][265]LogActor:Warning: GameSession /Game/Rooms/UEDPIE_0_Level.Level:PersistentLevel.GameSession_0 has natively added scene component(s), but none of them were set as the actor's RootComponent - picking one arbitrarily
[2016.03.31-00.59.53:329][265]LogActor:Warning: GameNetworkManager /Game/Rooms/UEDPIE_0_Level.Level:PersistentLevel.GameNetworkManager_0 has natively added scene component(s), but none of them were set as the actor's RootComponent - picking one arbitrarily
[2016.03.31-00.59.53:329][265]LogWorld: Bringing up level for play took: 0.002616
[2016.03.31-00.59.53:429][265]PIE: Info Play in editor start time for /Game/Rooms/UEDPIE_0_Level 0.75
[2016.03.31-00.59.53:429][265]LogBlueprintUserMessages: Late PlayInEditor Detection: Level '/Game/Rooms/Level.Level:PersistentLevel' has LevelScriptBlueprint '/Game/Rooms/Level.Level:PersistentLevel.Level' with GeneratedClass '/Game/Rooms/Level.Level_C' with ClassGeneratedBy '/Game/Rooms/Level.Level:PersistentLevel.Level'
[2016.03.31-01.00.17:834][249]LogBlueprintUserMessages: Early EndPlayMap Detection: Level '/Game/Rooms/Level.Level:PersistentLevel' has LevelScriptBlueprint '/Game/Rooms/Level.Level:PersistentLevel.Level' with GeneratedClass '/Game/Rooms/Level.Level_C' with ClassGeneratedBy '/Game/Rooms/Level.Level:PersistentLevel.Level'
[2016.03.31-01.00.17:983][249]LogBlueprintUserMessages: Late EndPlayMap Detection: Level '/Game/Rooms/Level.Level:PersistentLevel' has LevelScriptBlueprint '/Game/Rooms/Level.Level:PersistentLevel.Level' with GeneratedClass '/Game/Rooms/Level.Level_C' with ClassGeneratedBy '/Game/Rooms/Level.Level:PersistentLevel.Level'
[2016.03.31-01.00.18:042][250]LogParticles: Destroying 0 GPU particle simulations for FXSystem 0x000001C8734A5580
[2016.03.31-01.00.20:462][445]LogAIModule: Creating AISystem for world TutorialLevel
[2016.03.31-01.00.20:489][445]Cmd: MAP LOAD FILE="../../../../../../Users/David/Desktop/ASU/SER432/Group2/Maze_Of_Doom/Content/Rooms/TutorialLevel.umap" TEMPLATE=0 SHOWPROGRESS=1 FEATURELEVEL=3
[2016.03.31-01.00.20:489][445]LightingResults: New page: Lighting Build
[2016.03.31-01.00.20:544][445]LoadErrors: New page: Loading map: TutorialLevel.umap
[2016.03.31-01.00.20:544][445]MapCheck: New page: Map Check
[2016.03.31-01.00.20:544][445]LightingResults: New page: Lighting Build
[2016.03.31-01.00.20:568][445]LogParticles: Destroying 0 GPU particle simulations for FXSystem 0x000001C873181080
[2016.03.31-01.00.20:593][445]LogEditorServer: Finished looking for orphan Actors (0.000 secs)
[2016.03.31-01.00.20:641][445]Cmd: MAP CHECKDEP NOCLEARLOG
[2016.03.31-01.00.20:722][445]MapCheck: Info Map check complete: 0 Error(s), 0 Warning(s), took 81.057ms to complete.
[2016.03.31-01.00.20:723][445]LogFileHelpers: Loading map 'TutorialLevel' took 0.235
[2016.03.31-01.00.21:760][552]LogBlueprintUserMessages: Early PlayInEditor Detection: Level '/Game/Rooms/TutorialLevel.TutorialLevel:PersistentLevel' has LevelScriptBlueprint '/Game/Rooms/TutorialLevel.TutorialLevel:PersistentLevel.TutorialLevel' with GeneratedClass '/Game/Rooms/TutorialLevel.TutorialLevel_C' with ClassGeneratedBy '/Game/Rooms/TutorialLevel.TutorialLevel:PersistentLevel.TutorialLevel'
[2016.03.31-01.00.21:761][552]LogPlayLevel: PlayLevel: No blueprints needed recompiling
[2016.03.31-01.00.21:761][552]PIE: New page: PIE session: TutorialLevel (Mar 30, 2016, 11:00:21 AM)
[2016.03.31-01.00.21:761][552]LogPlayLevel: Creating play world package: /Game/Rooms/UEDPIE_0_TutorialLevel
[2016.03.31-01.00.21:777][552]LogPlayLevel: PIE: StaticDuplicateObject took: (0.016345s)
[2016.03.31-01.00.21:778][552]LogAIModule: Creating AISystem for world TutorialLevel
[2016.03.31-01.00.21:778][552]LogPlayLevel: PIE: World Init took: (0.000970s)
[2016.03.31-01.00.21:779][552]LogPlayLevel: PIE: Created PIE world by copying editor world from /Game/Rooms/TutorialLevel.TutorialLevel to /Game/Rooms/UEDPIE_0_TutorialLevel.TutorialLevel (0.017660s)
[2016.03.31-01.00.21:810][552]LogInit: XAudio2 using 'Speakers (Realtek High Definition Audio)' : 2 channels at 48 kHz using 32 bits per sample (channel mask 0x3)
[2016.03.31-01.00.21:821][552]LogInit: FAudioDevice initialized.
[2016.03.31-01.00.21:861][552]LogWorld: Game class is 'Maze_Of_DoomGameMode'
[2016.03.31-01.00.21:865][552]LogWorld: Bringing World /Game/Rooms/UEDPIE_0_TutorialLevel.TutorialLevel up for play (max tick rate 0) at 2016.03.30-18.00.21
[2016.03.31-01.00.21:865][552]LogActor:Warning: GameSession /Game/Rooms/UEDPIE_0_TutorialLevel.TutorialLevel:PersistentLevel.GameSession_1 has natively added scene component(s), but none of them were set as the actor's RootComponent - picking one arbitrarily
[2016.03.31-01.00.21:865][552]LogActor:Warning: GameNetworkManager /Game/Rooms/UEDPIE_0_TutorialLevel.TutorialLevel:PersistentLevel.GameNetworkManager_1 has natively added scene component(s), but none of them were set as the actor's RootComponent - picking one arbitrarily
[2016.03.31-01.00.21:865][552]LogWorld: Bringing up level for play took: 0.002860
[2016.03.31-01.00.21:954][552]PIE: Info Play in editor start time for /Game/Rooms/UEDPIE_0_TutorialLevel -0.725
[2016.03.31-01.00.21:954][552]LogBlueprintUserMessages: Late PlayInEditor Detection: Level '/Game/Rooms/TutorialLevel.TutorialLevel:PersistentLevel' has LevelScriptBlueprint '/Game/Rooms/TutorialLevel.TutorialLevel:PersistentLevel.TutorialLevel' with GeneratedClass '/Game/Rooms/TutorialLevel.TutorialLevel_C' with ClassGeneratedBy '/Game/Rooms/TutorialLevel.TutorialLevel:PersistentLevel.TutorialLevel'
[2016.03.31-01.00.38:967][713]LogBlueprintUserMessages: Early EndPlayMap Detection: Level '/Game/Rooms/TutorialLevel.TutorialLevel:PersistentLevel' has LevelScriptBlueprint '/Game/Rooms/TutorialLevel.TutorialLevel:PersistentLevel.TutorialLevel' with GeneratedClass '/Game/Rooms/TutorialLevel.TutorialLevel_C' with ClassGeneratedBy '/Game/Rooms/TutorialLevel.TutorialLevel:PersistentLevel.TutorialLevel'
[2016.03.31-01.00.39:012][713]LogBlueprintUserMessages: Late EndPlayMap Detection: Level '/Game/Rooms/TutorialLevel.TutorialLevel:PersistentLevel' has LevelScriptBlueprint '/Game/Rooms/TutorialLevel.TutorialLevel:PersistentLevel.TutorialLevel' with GeneratedClass '/Game/Rooms/TutorialLevel.TutorialLevel_C' with ClassGeneratedBy '/Game/Rooms/TutorialLevel.TutorialLevel:PersistentLevel.TutorialLevel'
[2016.03.31-01.00.39:051][713]LogParticles: Destroying 0 GPU particle simulations for FXSystem 0x000001C872F55300
[2016.03.31-01.00.42:562][957]LogAIModule: Creating AISystem for world Level
[2016.03.31-01.00.42:599][957]Cmd: MAP LOAD FILE="../../../../../../Users/David/Desktop/ASU/SER432/Group2/Maze_Of_Doom/Content/Rooms/Level.umap" TEMPLATE=0 SHOWPROGRESS=1 FEATURELEVEL=3
[2016.03.31-01.00.42:599][957]LightingResults: New page: Lighting Build
[2016.03.31-01.00.42:647][957]LoadErrors: New page: Loading map: Level.umap
[2016.03.31-01.00.42:647][957]MapCheck: New page: Map Check
[2016.03.31-01.00.42:648][957]LightingResults: New page: Lighting Build
[2016.03.31-01.00.42:677][957]LogParticles: Destroying 0 GPU particle simulations for FXSystem 0x000001C872D767A0
[2016.03.31-01.00.42:686][957]LogEditorServer: Finished looking for orphan Actors (0.000 secs)
[2016.03.31-01.00.42:764][957]Cmd: MAP CHECKDEP NOCLEARLOG
[2016.03.31-01.00.42:873][957]MapCheck: Info Map check complete: 0 Error(s), 0 Warning(s), took 108.613ms to complete.
[2016.03.31-01.00.42:875][957]LogFileHelpers: Loading map 'Level' took 0.278
[2016.03.31-01.00.42:888][957]LoadErrors:Error: Error /Game/Rooms/Level : Failed import for IntProperty /Game/Rooms/Room.Room_C:Direction
[2016.03.31-01.01.00:095][382]LogEditor: Attempting to add actor of class 'LevelGenerator' to level at 220.00,450.00,20.00
[2016.03.31-01.01.01:184][478]LogEditor: Attempting to add actor of class 'LevelGenerator' to level at -30.00,320.00,20.00
[2016.03.31-01.01.07:215][982]LogLinker:Warning: Asset '../../../Engine/Content/ArtTools/RenderToTexture/Macros/RenderToTextureMacros.uasset' has been saved with empty engine version. The asset will be loaded but may be incompatible.
[2016.03.31-01.01.07:599][982]LogContentBrowser: Native class hierarchy updated for 'BlueprintGraph' in 0.0018 seconds. Added 107 classes and 0 folders.
[2016.03.31-01.01.51:381][ 84]BlueprintLog: New page: Compile Level
[2016.03.31-01.01.51:456][ 84]LogActorComponent: UnregisterComponent: (/Engine/Transient.CharMoveComp) Not registered. Aborting.
[2016.03.31-01.01.51:509][ 84]BlueprintEditorCompileResults: Info [0163.84] Compile of Level successful! [in 127 ms]
[2016.03.31-01.01.56:288][473]LogBlueprintUserMessages: Early PlayInEditor Detection: Level '/Game/Rooms/Level.Level:PersistentLevel' has LevelScriptBlueprint '/Game/Rooms/Level.Level:PersistentLevel.Level' with GeneratedClass '/Game/Rooms/Level.Level_C' with ClassGeneratedBy '/Game/Rooms/Level.Level:PersistentLevel.Level'
[2016.03.31-01.01.56:288][473]LogPlayLevel: PlayLevel: No blueprints needed recompiling
[2016.03.31-01.01.56:288][473]PIE: New page: PIE session: Level (Mar 30, 2016, 11:01:56 AM)
[2016.03.31-01.01.56:288][473]LogPlayLevel: Creating play world package: /Game/Rooms/UEDPIE_0_Level
[2016.03.31-01.01.56:292][473]LogPlayLevel: PIE: StaticDuplicateObject took: (0.004433s)
[2016.03.31-01.01.56:294][473]LogAIModule: Creating AISystem for world Level
[2016.03.31-01.01.56:294][473]LogPlayLevel: PIE: World Init took: (0.001484s)
[2016.03.31-01.01.56:294][473]LogPlayLevel: PIE: Created PIE world by copying editor world from /Game/Rooms/Level.Level to /Game/Rooms/UEDPIE_0_Level.Level (0.006350s)
[2016.03.31-01.01.56:341][473]LogInit: XAudio2 using 'Speakers (Realtek High Definition Audio)' : 2 channels at 48 kHz using 32 bits per sample (channel mask 0x3)
[2016.03.31-01.01.56:352][473]LogInit: FAudioDevice initialized.
[2016.03.31-01.01.56:392][473]LogWorld: Game class is 'Maze_Of_DoomGameMode'
[2016.03.31-01.01.56:396][473]LogWorld: Bringing World /Game/Rooms/UEDPIE_0_Level.Level up for play (max tick rate 0) at 2016.03.30-18.01.56
[2016.03.31-01.01.56:396][473]LogActor:Warning: GameSession /Game/Rooms/UEDPIE_0_Level.Level:PersistentLevel.GameSession_2 has natively added scene component(s), but none of them were set as the actor's RootComponent - picking one arbitrarily
[2016.03.31-01.01.56:396][473]LogActor:Warning: GameNetworkManager /Game/Rooms/UEDPIE_0_Level.Level:PersistentLevel.GameNetworkManager_2 has natively added scene component(s), but none of them were set as the actor's RootComponent - picking one arbitrarily
[2016.03.31-01.01.56:397][473]LogWorld: Bringing up level for play took: 0.003482
[2016.03.31-01.01.56:400][473]LogWindows:Error: Windows GetLastError: The operation completed successfully. (0)
[2016.03.31-01.01.56:861][473]LogCrashTracker: 


[2016.03.31-01.01.56:861][473]LogCrashTracker: 


[2016.03.31-01.01.56:861][473]LogWindows:Error: === Critical error: ===
Fatal error: [File:D:\BuildFarm\buildmachine_++depot+UE4-Releases+4.10\Engine\Source\Runtime\CoreUObject\Private\UObject\UObjectGlobals.cpp] [Line: 2069] 
Room_0 is not being constructed with either NewObject, NewNamedObject or ConstructObject.




[2016.03.31-01.01.56:967][473]LogExit: Executing StaticShutdownAfterError
[2016.03.31-01.01.56:973][473]LogOutputDevice:Warning: 

Script Stack:
Level_C.ExecuteUbergraph_Level

[2016.03.31-01.01.56:974][473]LogPhysics:Warning: PHYSX: ..\..\PhysX\src\NpScene.cpp (2946) 8 : PxScene::unlockWrite() called without matching call to PxScene::lockWrite(), behaviour will be undefined.
[2016.03.31-01.01.56:975][473]LogPhysics:Warning: PHYSX: ..\..\PhysX\src\NpScene.cpp (2946) 8 : PxScene::unlockWrite() called without matching call to PxScene::lockWrite(), behaviour will be undefined.
[2016.03.31-01.01.56:975][473]LogPhysics:Warning: PHYSX: ..\..\PhysX\src\NpScene.cpp (2946) 8 : PxScene::unlockWrite() called without matching call to PxScene::lockWrite(), behaviour will be undefined.
[2016.03.31-01.01.56:975][473]LogPhysics:Warning: PHYSX: ..\..\PhysX\src\NpScene.cpp (2946) 8 : PxScene::unlockWrite() called without matching call to PxScene::lockWrite(), behaviour will be undefined.
[2016.03.31-01.01.56:975][473]LogPhysics:Warning: PHYSX: ..\..\PhysX\src\NpScene.cpp (2946) 8 : PxScene::unlockWrite() called without matching call to PxScene::lockWrite(), behaviour will be undefined.
[2016.03.31-01.01.56:976][473]LogPhysics:Warning: PHYSX: ..\..\PhysX\src\NpScene.cpp (2946) 8 : PxScene::unlockWrite() called without matching call to PxScene::lockWrite(), behaviour will be undefined.
[2016.03.31-01.01.56:976][473]LogWindows: FPlatformMisc::RequestExit(1)
[2016.03.31-01.01.56:976][473]Log file closed, 03/30/16 18:01:56
