[2016.03.20-21.15.27:014][  0]Log file open, 03/20/16 14:15:27
[2016.03.20-21.15.27:014][  0]LogInit:Display: Running engine for game: Maze_Of_Doom
[2016.03.20-21.15.27:014][  0]LogPlatformFile: Not using cached read wrapper
[2016.03.20-21.15.27:014][  0]LogInit:Display: RandInit(2058174278) SRandInit(2058174282).
[2016.03.20-21.15.27:014][  0]LogTaskGraph: Started task graph with 4 named threads and 7 total threads.
[2016.03.20-21.15.27:014][  0]LogStats: Stats thread started at 0.189764
[2016.03.20-21.15.27:014][  0]LogInit: Version: 4.10.4-2872498+++depot+UE4-Releases+4.10
[2016.03.20-21.15.27:014][  0]LogInit: API Version: 2758231
[2016.03.20-21.15.27:014][  0]LogInit: Compiled (64-bit): Feb 18 2016 15:47:04
[2016.03.20-21.15.27:014][  0]LogInit: Compiled with Visual C++: 19.00.23026.00
[2016.03.20-21.15.27:014][  0]LogInit: Build Configuration: Development
[2016.03.20-21.15.27:014][  0]LogInit: Branch Name: ++depot+UE4-Releases+4.10
[2016.03.20-21.15.27:014][  0]LogInit: Command line: -EpicPortal 
[2016.03.20-21.15.27:014][  0]LogInit: Base directory: C:/Program Files (x86)/Epic Games/4.10/Engine/Binaries/Win64/
[2016.03.20-21.15.27:014][  0]LogInit: Rocket: 1
[2016.03.20-21.15.27:038][  0]LogInit: Using libcurl 7.41.0
[2016.03.20-21.15.27:038][  0]LogInit:  - built for x86_64-pc-win32
[2016.03.20-21.15.27:038][  0]LogInit:  - supports SSL with WinSSL
[2016.03.20-21.15.27:038][  0]LogInit:  - other features:
[2016.03.20-21.15.27:038][  0]LogInit:      CURL_VERSION_SSL
[2016.03.20-21.15.27:038][  0]LogInit:      CURL_VERSION_IPV6
[2016.03.20-21.15.27:038][  0]LogInit:      CURL_VERSION_ASYNCHDNS
[2016.03.20-21.15.27:038][  0]LogInit:      CURL_VERSION_LARGEFILE
[2016.03.20-21.15.27:038][  0]LogInit:      CURL_VERSION_IDN
[2016.03.20-21.15.27:039][  0]LogInit:  CurlRequestOptions (configurable via config and command line):
[2016.03.20-21.15.27:039][  0]LogInit:  - bVerifyPeer = true  - Libcurl will verify peer certificate
[2016.03.20-21.15.27:039][  0]LogInit:  - bUseHttpProxy = false  - Libcurl will NOT use HTTP proxy
[2016.03.20-21.15.27:039][  0]LogInit:  - bDontReuseConnections = false  - Libcurl will reuse connections
[2016.03.20-21.15.27:039][  0]LogInit:  - CertBundlePath = nullptr  - Libcurl will use whatever was configured at build time.
[2016.03.20-21.15.27:065][  0]LogInit: Presizing for 0 objects not considered by GC, pre-allocating 0 bytes.
[2016.03.20-21.15.27:084][  0]LogInit: Object subsystem initialized
[2016.03.20-21.15.27:087][  0]LogInit: Selected Device Profile: [Windows]
[2016.03.20-21.15.27:087][  0]LogInit: Applying CVar settings loaded from the selected device profile: [Windows]
[2016.03.20-21.15.27:121][  0]LogInit: Computer: DRTRACY1
[2016.03.20-21.15.27:121][  0]LogInit: User: daniel
[2016.03.20-21.15.27:121][  0]LogInit: CPU Page size=4096, Cores=4
[2016.03.20-21.15.27:121][  0]LogInit: High frequency timer resolution =2.338347 MHz
[2016.03.20-21.15.27:122][  0]LogMemory: Memory total: Physical=7.8GB (8GB approx)
[2016.03.20-21.15.27:122][  0]LogMemory: Platform Memory Stats for Windows
[2016.03.20-21.15.27:122][  0]LogMemory: Process Physical Memory: 56.35 MB used, 56.35 MB peak
[2016.03.20-21.15.27:122][  0]LogMemory: Process Virtual Memory: 57.02 MB used, 57.02 MB peak
[2016.03.20-21.15.27:122][  0]LogMemory: Physical Memory: 3627.27 MB used, 7944.27 MB total
[2016.03.20-21.15.27:122][  0]LogMemory: Virtual Memory: 383.85 MB used, 134217728.00 MB total
[2016.03.20-21.15.27:194][  0]LogTextLocalizationManager: No specific translations for ('en-US') exist, so ('en') translations will be used.
[2016.03.20-21.15.28:734][  0]LogD3D11RHI: Found D3D11 adapter 0: Intel(R) HD Graphics 4600 (Feature Level 11_0)
[2016.03.20-21.15.28:734][  0]LogD3D11RHI: Adapter has 112MB of dedicated video memory, 0MB of dedicated system memory, and 3972MB of shared system memory, 1 output[s]
[2016.03.20-21.15.28:738][  0]LogD3D11RHI: Found D3D11 adapter 1: Microsoft Basic Render Driver (Feature Level 11_0)
[2016.03.20-21.15.28:738][  0]LogD3D11RHI: Adapter has 0MB of dedicated video memory, 0MB of dedicated system memory, and 3972MB of shared system memory, 0 output[s]
[2016.03.20-21.15.28:739][  0]LogD3D11RHI: Chosen D3D11 Adapter Id = 0
[2016.03.20-21.15.28:752][  0]LogD3D11RHI: !Direct3DDevice
[2016.03.20-21.15.28:752][  0]LogRHI: Texture pool is 1361 MB (70% of 1945 MB)
[2016.03.20-21.15.28:765][  0]LogD3D11RHI: Async texture creation enabled
[2016.03.20-21.15.28:777][  0]LogShaderCompilers: Guid format shader working directory is -29 characters bigger than the processId version (../../../../../../Users/daniel/Documents/Unreal Projects/Group2/Maze_Of_Doom/Intermediate/Shaders/WorkingDirectory/9604/).
[2016.03.20-21.15.28:778][  0]LogShaderCompilers: Cleaned the shader compiler working directory 'C:/Users/daniel/AppData/Local/Temp/UnrealShaderWorkingDir/3F47AE5D4821B3C622D644A2F517A8AD/'.
[2016.03.20-21.15.28:778][  0]LogShaderCompilers:Display: Using Local Shader Compiler.
[2016.03.20-21.15.31:576][  0]LogTemp:Display: Loaded TP AllDesktopTargetPlatform
[2016.03.20-21.15.31:593][  0]LogTemp:Display: Loaded TP WindowsClientTargetPlatform
[2016.03.20-21.15.31:612][  0]LogTemp:Display: Loaded TP WindowsNoEditorTargetPlatform
[2016.03.20-21.15.31:630][  0]LogTemp:Display: Loaded TP WindowsServerTargetPlatform
[2016.03.20-21.15.31:647][  0]LogTemp:Display: Loaded TP WindowsTargetPlatform
[2016.03.20-21.15.31:658][  0]LogTemp:Display: Loaded TP AndroidTargetPlatform
[2016.03.20-21.15.31:669][  0]LogTemp:Display: Loaded TP Android_ASTCTargetPlatform
[2016.03.20-21.15.31:680][  0]LogTemp:Display: Loaded TP Android_ATCTargetPlatform
[2016.03.20-21.15.31:691][  0]LogTemp:Display: Loaded TP Android_DXTTargetPlatform
[2016.03.20-21.15.31:703][  0]LogTemp:Display: Loaded TP Android_ETC1TargetPlatform
[2016.03.20-21.15.31:715][  0]LogTemp:Display: Loaded TP Android_ETC2TargetPlatform
[2016.03.20-21.15.31:739][  0]LogTemp:Display: Loaded TP Android_MultiTargetPlatform
[2016.03.20-21.15.31:739][  0]LogTemp:Display: Loaded TP Android_PVRTCTargetPlatform
[2016.03.20-21.15.31:742][  0]LogTemp:Display: Loaded TP HTML5TargetPlatform
[2016.03.20-21.15.31:775][  0]LogTemp:Display: Loaded TP IOSTargetPlatform
[2016.03.20-21.15.31:786][  0]LogTemp:Display: Loaded TP LinuxNoEditorTargetPlatform
[2016.03.20-21.15.31:795][  0]LogTemp:Display: Loaded TP LinuxServerTargetPlatform
[2016.03.20-21.15.31:807][  0]LogTemp:Display: Loaded TP LinuxTargetPlatform
[2016.03.20-21.15.31:807][  0]LogTargetPlatformManager:Display: Building Assets For Windows
[2016.03.20-21.15.32:129][  0]LogDerivedDataCache:Display: Max Cache Size: 512 MB
[2016.03.20-21.15.32:276][  0]LogDerivedDataCache: Loaded boot cache 0.15s 42MB C:/Users/daniel/AppData/Local/UnrealEngine/4.10/DerivedDataCache/Boot.ddc.
[2016.03.20-21.15.32:276][  0]LogDerivedDataCache:Display: Loaded Boot cache: C:/Users/daniel/AppData/Local/UnrealEngine/4.10/DerivedDataCache/Boot.ddc
[2016.03.20-21.15.32:277][  0]LogDerivedDataCache: FDerivedDataBackendGraph:  Pak pak cache file ../../../../../../Users/daniel/Documents/Unreal Projects/Group2/Maze_Of_Doom/DerivedDataCache/DDC.ddp not found, will not use a pak cache.
[2016.03.20-21.15.32:277][  0]LogDerivedDataCache: Unable to find inner node Pak for hierarchical cache Hierarchy.
[2016.03.20-21.15.32:277][  0]LogDerivedDataCache: FDerivedDataBackendGraph:  CompressedPak pak cache file ../../../../../../Users/daniel/Documents/Unreal Projects/Group2/Maze_Of_Doom/DerivedDataCache/Compressed.ddp not found, will not use a pak cache.
[2016.03.20-21.15.32:277][  0]LogDerivedDataCache: Unable to find inner node CompressedPak for hierarchical cache Hierarchy.
[2016.03.20-21.15.32:498][  0]LogDerivedDataCache:Display: Pak cache opened for reading ../../../Engine/DerivedDataCache/Compressed.ddp.
[2016.03.20-21.15.32:511][  0]LogDerivedDataCache: Using Local data cache path C:/Users/daniel/AppData/Local/UnrealEngine/Common/DerivedDataCache: Writable
[2016.03.20-21.15.33:120][  0]LogInit: Selected Device Profile: [Windows]
[2016.03.20-21.15.33:129][  0]LogContentStreaming: Texture pool size is 0.000000MB
[2016.03.20-21.15.33:520][  0]LogMeshUtilities: No automatic mesh reduction module available
[2016.03.20-21.15.33:520][  0]LogMeshUtilities: No automatic mesh merging module available
[2016.03.20-21.15.34:237][  0]LogInit: WinSock: version 1.1 (2.2), MaxSocks=32767, MaxUdp=65467
[2016.03.20-21.15.36:846][  0]UdpMessaging: Initializing bridge on interface 0.0.0.0:0 to multicast group 230.0.0.1:6666.
[2016.03.20-21.15.37:530][  0]LogAssetRegistry: FAssetRegistry took 0.0121 seconds to start up
[2016.03.20-21.15.38:141][  0]SourceControl: Info Source control is disabled
[2016.03.20-21.15.38:246][  0]SourceControl: Info Source control is disabled
[2016.03.20-21.15.38:296][  0]SourceControl: Info Source control is disabled
[2016.03.20-21.15.38:342][  0]SourceControl: Info Source control is disabled
[2016.03.20-21.15.39:261][  0]LogObj: 31665 objects as part of root set at end of initial load.
[2016.03.20-21.15.39:261][  0]LogUObjectAllocator: 7183264 out of 0 bytes used by permanent object pool.
[2016.03.20-21.15.39:433][  0]LogEngine: Initializing Engine...
[2016.03.20-21.15.39:442][  0]LogHMD: Can't find Oculus library dev build: is proper Runtime installed? Version: 0.8.0.0
[2016.03.20-21.15.39:444][  0]LogHMD: SteamVR failed to initialize.  Err: 110
[2016.03.20-21.15.39:850][  0]LogAIModule: Creating AISystem for world NewWorld
[2016.03.20-21.15.39:867][  0]LogInit: XAudio2 using 'Speakers (Conexant SmartAudio HD)' : 2 channels at 48 kHz using 32 bits per sample (channel mask 0x3)
[2016.03.20-21.15.40:213][  0]LogInit: FAudioDevice initialized.
[2016.03.20-21.15.40:272][  0]LogDerivedDataCache: Saved boot cache 0.06s 42MB C:/Users/daniel/AppData/Local/UnrealEngine/4.10/DerivedDataCache/Boot.ddc.
[2016.03.20-21.15.40:287][  0]LogInit: Texture streaming: Enabled
[2016.03.20-21.15.40:309][  0]LogAnalytics: Creating configured Analytics provider AnalyticsET
[2016.03.20-21.15.40:309][  0]LogAnalytics: [UEEditor.Rocket.Release] APIServer = http://et2.epicgames.com/ET2/. AppVersion = 4.10.4-2872498+++depot+UE4-Releases+4.10
[2016.03.20-21.15.40:309][  0]LogAnalytics: [UEEditor.Rocket.Release] SetUserId e6cbf966431e512a7b04d5a733ea392e|6c86b16b7988417dbbb074f7c748ba39|eca68250-45aa-4f00-a963-ae6ccfaa3f66
[2016.03.20-21.15.40:309][  0]LogAnalytics: [UEEditor.Rocket.Release] AnalyticsET::StartSession
[2016.03.20-21.15.40:338][  0]LogInit: Transaction tracking system initialized
[2016.03.20-21.15.40:445][  0]BlueprintLog: New page: Editor Load
[2016.03.20-21.15.40:854][  0]LocalizationService: Info Localization service is disabled
[2016.03.20-21.15.41:614][  0]LogConsoleResponse:Display: 
[2016.03.20-21.15.41:957][  0]LogCook:Display: Done creating registry. It took  0.00s.
[2016.03.20-21.15.42:060][  0]LogFileCache: Scanning file cache for directory 'C:/Users/daniel/Documents/Unreal Projects/Group2/Maze_Of_Doom/Content/' took 0.02s
[2016.03.20-21.15.42:197][  0]SourceControl: Info Source control is disabled
[2016.03.20-21.15.42:197][  0]Cmd: MAP LOAD FILE="../../../../../../Users/daniel/Documents/Unreal Projects/Group2/Maze_Of_Doom/Content/ThirdPersonCPP/Maps/ThirdPersonExampleMap.umap" TEMPLATE=0 SHOWPROGRESS=1 FEATURELEVEL=3
[2016.03.20-21.15.42:198][  0]LightingResults: New page: Lighting Build
[2016.03.20-21.15.42:209][  0]MapCheck: New page: Map Check
[2016.03.20-21.15.42:209][  0]LightingResults: New page: Lighting Build
[2016.03.20-21.15.42:246][  0]LogParticles: Destroying 0 GPU particle simulations for FXSystem 0x00000180F71C3420
[2016.03.20-21.15.42:793][  0]LogAIModule: Creating AISystem for world ThirdPersonExampleMap
[2016.03.20-21.15.42:815][  0]LogEditorServer: Finished looking for orphan Actors (0.000 secs)
[2016.03.20-21.15.42:817][  0]Cmd: MAP CHECKDEP NOCLEARLOG
[2016.03.20-21.15.42:980][  0]MapCheck: Info Map check complete: 0 Error(s), 0 Warning(s), took 162.947ms to complete.
[2016.03.20-21.15.42:980][  0]LogFileHelpers: Loading map 'ThirdPersonExampleMap' took 0.783
[2016.03.20-21.15.43:214][  0]LogCollectionManager: Loaded 0 collections in 0.008733 seconds
[2016.03.20-21.15.43:270][  0]LogFileCache: Scanning file cache for directory 'C:/Users/daniel/Documents/Unreal Projects/Group2/Maze_Of_Doom/Saved/Collections/' took 0.01s
[2016.03.20-21.15.43:270][  0]LogFileCache: Scanning file cache for directory 'C:/Users/daniel/Documents/Unreal Projects/Group2/Maze_Of_Doom/Content/Developers/daniel/Collections/' took 0.01s
[2016.03.20-21.15.43:270][  0]LogFileCache: Scanning file cache for directory 'C:/Users/daniel/Documents/Unreal Projects/Group2/Maze_Of_Doom/Content/Collections/' took 0.01s
[2016.03.20-21.15.43:270][  0]LogCollectionManager: Rebuilt the GUID cache for 0 collections in 0.000005 seconds
[2016.03.20-21.15.43:300][  0]LogContentBrowser: Native class hierarchy populated in 0.0285 seconds. Added 1895 classes and 340 folders.
[2016.03.20-21.15.43:328][  0]LogContentBrowser: Native class hierarchy updated for 'WidgetCarousel' in 0.0046 seconds. Added 0 classes and 0 folders.
[2016.03.20-21.15.43:482][  0]LogContentBrowser: Native class hierarchy updated for 'AddContentDialog' in 0.0046 seconds. Added 0 classes and 0 folders.
[2016.03.20-21.15.43:516][  0]LogContentBrowser: Native class hierarchy updated for 'SceneOutliner' in 0.0046 seconds. Added 1 classes and 2 folders.
[2016.03.20-21.15.43:583][  0]LogCrashTracker: Crashtracker disabled due to settings.
[2016.03.20-21.15.43:593][  0]LogUObjectGlobals:Warning: Failed to find object 'Class None.'
[2016.03.20-21.15.43:618][  0]LogLoad: Full Startup: 19.30 seconds (BP compile: 0.19 seconds)
[2016.03.20-21.15.43:637][  0]LogWindowsTextInputMethodSystem:Display: IME system now deactivated.
[2016.03.20-21.15.43:647][  0]LogOcInput: Can't find Oculus library dev build: is proper Runtime installed? Version: 0.8.0.0
[2016.03.20-21.15.43:777][  0]LogContentStreaming: Texture pool size now 400 MB
[2016.03.20-21.15.44:259][  2]LogRenderer: Reallocating scene render targets to support 804x448 (Frame:2).
[2016.03.20-21.15.45:592][  6]LogAssetRegistry: Asset discovery search completed in 8.0733 seconds
[2016.03.20-21.15.45:592][  6]LogCollectionManager: Rebuilt the object cache for 0 collections in 0.000002 seconds (found 0 objects)
[2016.03.20-21.15.45:593][  6]LogCollectionManager: Fixed up redirectors for 0 collections in 0.000160 seconds (updated 0 objects)
[2016.03.20-21.15.48:188][151]LogBlueprintUserMessages: Early PlayInEditor Detection: Level '/Game/ThirdPersonCPP/Maps/ThirdPersonExampleMap.ThirdPersonExampleMap:PersistentLevel' has LevelScriptBlueprint '/Game/ThirdPersonCPP/Maps/ThirdPersonExampleMap.ThirdPersonExampleMap:PersistentLevel.ThirdPersonExampleMap' with GeneratedClass '/Game/ThirdPersonCPP/Maps/ThirdPersonExampleMap.ThirdPersonExampleMap_C' with ClassGeneratedBy '/Game/ThirdPersonCPP/Maps/ThirdPersonExampleMap.ThirdPersonExampleMap:PersistentLevel.ThirdPersonExampleMap'
[2016.03.20-21.15.48:188][151]LogPlayLevel: PlayLevel: No blueprints needed recompiling
[2016.03.20-21.15.48:189][151]PIE: New page: PIE session: ThirdPersonExampleMap (Mar 20, 2016, 7:15:48 AM)
[2016.03.20-21.15.48:189][151]LogPlayLevel: Creating play world package: /Game/ThirdPersonCPP/Maps/UEDPIE_0_ThirdPersonExampleMap
[2016.03.20-21.15.48:260][151]LogPlayLevel: PIE: StaticDuplicateObject took: (0.070920s)
[2016.03.20-21.15.48:262][151]LogAIModule: Creating AISystem for world ThirdPersonExampleMap
[2016.03.20-21.15.48:262][151]LogPlayLevel: PIE: World Init took: (0.001760s)
[2016.03.20-21.15.48:262][151]LogPlayLevel: PIE: Created PIE world by copying editor world from /Game/ThirdPersonCPP/Maps/ThirdPersonExampleMap.ThirdPersonExampleMap to /Game/ThirdPersonCPP/Maps/UEDPIE_0_ThirdPersonExampleMap.ThirdPersonExampleMap (0.073303s)
[2016.03.20-21.15.48:262][151]LogActorComponent: UnregisterComponent: (/Engine/Transient.CharMoveComp) Not registered. Aborting.
[2016.03.20-21.15.48:318][151]LogInit: XAudio2 using 'Speakers (Conexant SmartAudio HD)' : 2 channels at 48 kHz using 32 bits per sample (channel mask 0x3)
[2016.03.20-21.15.48:652][151]LogInit: FAudioDevice initialized.
[2016.03.20-21.15.48:723][151]LogWorld: Game class is 'Maze_Of_DoomGameMode'
[2016.03.20-21.15.48:736][151]LogWorld: Bringing World /Game/ThirdPersonCPP/Maps/UEDPIE_0_ThirdPersonExampleMap.ThirdPersonExampleMap up for play (max tick rate 60) at 2016.03.20-14.15.48
[2016.03.20-21.15.48:736][151]LogActor:Warning: GameSession /Game/ThirdPersonCPP/Maps/UEDPIE_0_ThirdPersonExampleMap.ThirdPersonExampleMap:PersistentLevel.GameSession_0 has natively added scene component(s), but none of them were set as the actor's RootComponent - picking one arbitrarily
[2016.03.20-21.15.48:737][151]LogActor:Warning: GameNetworkManager /Game/ThirdPersonCPP/Maps/UEDPIE_0_ThirdPersonExampleMap.ThirdPersonExampleMap:PersistentLevel.GameNetworkManager_0 has natively added scene component(s), but none of them were set as the actor's RootComponent - picking one arbitrarily
[2016.03.20-21.15.48:738][151]LogWorld: Bringing up level for play took: 0.010600
[2016.03.20-21.15.48:742][151]PIE: Info Play in editor start time for /Game/ThirdPersonCPP/Maps/UEDPIE_0_ThirdPersonExampleMap -0.117
[2016.03.20-21.15.48:742][151]LogBlueprintUserMessages: Late PlayInEditor Detection: Level '/Game/ThirdPersonCPP/Maps/ThirdPersonExampleMap.ThirdPersonExampleMap:PersistentLevel' has LevelScriptBlueprint '/Game/ThirdPersonCPP/Maps/ThirdPersonExampleMap.ThirdPersonExampleMap:PersistentLevel.ThirdPersonExampleMap' with GeneratedClass '/Game/ThirdPersonCPP/Maps/ThirdPersonExampleMap.ThirdPersonExampleMap_C' with ClassGeneratedBy '/Game/ThirdPersonCPP/Maps/ThirdPersonExampleMap.ThirdPersonExampleMap:PersistentLevel.ThirdPersonExampleMap'
[2016.03.20-21.16.14:852][674]LogBlueprintUserMessages: Early EndPlayMap Detection: Level '/Game/ThirdPersonCPP/Maps/ThirdPersonExampleMap.ThirdPersonExampleMap:PersistentLevel' has LevelScriptBlueprint '/Game/ThirdPersonCPP/Maps/ThirdPersonExampleMap.ThirdPersonExampleMap:PersistentLevel.ThirdPersonExampleMap' with GeneratedClass '/Game/ThirdPersonCPP/Maps/ThirdPersonExampleMap.ThirdPersonExampleMap_C' with ClassGeneratedBy '/Game/ThirdPersonCPP/Maps/ThirdPersonExampleMap.ThirdPersonExampleMap:PersistentLevel.ThirdPersonExampleMap'
[2016.03.20-21.16.14:905][674]LogBlueprintUserMessages: Late EndPlayMap Detection: Level '/Game/ThirdPersonCPP/Maps/ThirdPersonExampleMap.ThirdPersonExampleMap:PersistentLevel' has LevelScriptBlueprint '/Game/ThirdPersonCPP/Maps/ThirdPersonExampleMap.ThirdPersonExampleMap:PersistentLevel.ThirdPersonExampleMap' with GeneratedClass '/Game/ThirdPersonCPP/Maps/ThirdPersonExampleMap.ThirdPersonExampleMap_C' with ClassGeneratedBy '/Game/ThirdPersonCPP/Maps/ThirdPersonExampleMap.ThirdPersonExampleMap:PersistentLevel.ThirdPersonExampleMap'
[2016.03.20-21.16.14:952][674]LogParticles: Destroying 0 GPU particle simulations for FXSystem 0x0000018082925D00
[2016.03.20-21.16.17:899][828]LogWindowsTextInputMethodSystem:Display: IME system now deactivated.
[2016.03.20-21.16.18:335][829]Cmd: QUIT_EDITOR
[2016.03.20-21.16.19:705][829]LogExit: Preparing to exit.
[2016.03.20-21.16.20:050][829]LogExit: Editor shut down
[2016.03.20-21.16.20:051][829]LogExit: Transaction tracking system shut down
[2016.03.20-21.16.20:055][829]LogParticles: Destroying 0 GPU particle simulations for FXSystem 0x00000180EA2CF420
[2016.03.20-21.16.20:056][829]LogParticles: Destroying 0 GPU particle simulations for FXSystem 0x00000180FE42D580
[2016.03.20-21.16.20:056][829]LogParticles: Destroying 0 GPU particle simulations for FXSystem 0x00000180FFF6ADE0
[2016.03.20-21.16.20:486][829]LogExit: Object subsystem successfully closed.
[2016.03.20-21.16.20:511][829]LogD3D11RHI: Shutdown
[2016.03.20-21.16.20:511][829]LogD3D11RHI: CleanupD3DDevice
[2016.03.20-21.16.20:703][829]LogD3D11RHI: ~FD3D11DynamicRHI
[2016.03.20-21.16.20:749][829]LogModuleManager: Shutting down and abandoning module CrashTracker (199)
[2016.03.20-21.16.20:749][829]LogModuleManager: Shutting down and abandoning module SceneOutliner (198)
[2016.03.20-21.16.20:749][829]LogModuleManager: Shutting down and abandoning module SuperSearch (197)
[2016.03.20-21.16.20:749][829]LogModuleManager: Shutting down and abandoning module WidgetCarousel (196)
[2016.03.20-21.16.20:750][829]LogModuleManager: Shutting down and abandoning module AddContentDialog (195)
[2016.03.20-21.16.20:753][829]LogModuleManager: Shutting down and abandoning module EditorWidgets (194)
[2016.03.20-21.16.20:753][829]LogModuleManager: Shutting down and abandoning module CollectionManager (193)
[2016.03.20-21.16.20:753][829]LogModuleManager: Shutting down and abandoning module StatsViewer (192)
[2016.03.20-21.16.20:753][829]LogModuleManager: Shutting down and abandoning module FoliageEdit (191)
[2016.03.20-21.16.20:753][829]LogModuleManager: Shutting down and abandoning module LandscapeEditor (190)
[2016.03.20-21.16.20:754][829]LogModuleManager: Shutting down and abandoning module ActorPickerMode (189)
[2016.03.20-21.16.20:754][829]LogModuleManager: Shutting down and abandoning module GeometryMode (188)
[2016.03.20-21.16.20:754][829]LogModuleManager: Shutting down and abandoning module TextureAlignMode (187)
[2016.03.20-21.16.20:754][829]LogModuleManager: Shutting down and abandoning module BspMode (186)
[2016.03.20-21.16.20:754][829]LogModuleManager: Shutting down and abandoning module PlacementMode (185)
[2016.03.20-21.16.20:754][829]LogModuleManager: Shutting down and abandoning module AutomationWorker (184)
[2016.03.20-21.16.20:754][829]LogModuleManager: Shutting down and abandoning module CharacterAI (183)
[2016.03.20-21.16.20:754][829]LogModuleManager: Shutting down and abandoning module SmartSnapping (182)
[2016.03.20-21.16.20:754][829]LogModuleManager: Shutting down and abandoning module ViewportSnapping (181)
[2016.03.20-21.16.20:754][829]LogModuleManager: Shutting down and abandoning module LogVisualizer (180)
[2016.03.20-21.16.20:755][829]LogModuleManager: Shutting down and abandoning module GameProjectGeneration (179)
[2016.03.20-21.16.20:755][829]LogModuleManager: Shutting down and abandoning module IntroTutorials (178)
[2016.03.20-21.16.20:755][829]LogModuleManager: Shutting down and abandoning module EditorLiveStreaming (177)
[2016.03.20-21.16.20:755][829]LogModuleManager: Shutting down and abandoning module IOSPlatformEditor (176)
[2016.03.20-21.16.20:755][829]LogModuleManager: Shutting down and abandoning module HTML5PlatformEditor (175)
[2016.03.20-21.16.20:755][829]LogModuleManager: Shutting down and abandoning module AndroidDeviceDetection (174)
[2016.03.20-21.16.21:014][829]LogModuleManager: Shutting down and abandoning module AndroidPlatformEditor (173)
[2016.03.20-21.16.21:015][829]LogModuleManager: Shutting down and abandoning module IOSRuntimeSettings (172)
[2016.03.20-21.16.21:015][829]LogModuleManager: Shutting down and abandoning module AndroidRuntimeSettings (171)
[2016.03.20-21.16.21:015][829]LogModuleManager: Shutting down and abandoning module MergeActors (170)
[2016.03.20-21.16.21:015][829]LogModuleManager: Shutting down and abandoning module SizeMap (169)
[2016.03.20-21.16.21:015][829]LogModuleManager: Shutting down and abandoning module TreeMap (168)
[2016.03.20-21.16.21:015][829]LogModuleManager: Shutting down and abandoning module ReferenceViewer (167)
[2016.03.20-21.16.21:015][829]LogModuleManager: Shutting down and abandoning module LocalizationService (166)
[2016.03.20-21.16.21:015][829]LogModuleManager: Shutting down and abandoning module LocalizationDashboard (165)
[2016.03.20-21.16.21:015][829]LogModuleManager: Shutting down and abandoning module HardwareTargeting (164)
[2016.03.20-21.16.21:015][829]LogModuleManager: Shutting down and abandoning module DeviceProfileEditor (163)
[2016.03.20-21.16.21:015][829]LogModuleManager: Shutting down and abandoning module UndoHistory (162)
[2016.03.20-21.16.21:015][829]LogModuleManager: Shutting down and abandoning module GameplayTagsEditor (161)
[2016.03.20-21.16.21:015][829]LogModuleManager: Shutting down and abandoning module UserFeedback (160)
[2016.03.20-21.16.21:015][829]LogModuleManager: Shutting down and abandoning module XmlParser (159)
[2016.03.20-21.16.21:015][829]LogModuleManager: Shutting down and abandoning module Blutility (158)
[2016.03.20-21.16.21:015][829]LogModuleManager: Shutting down and abandoning module ProjectTargetPlatformEditor (157)
[2016.03.20-21.16.21:016][829]LogModuleManager: Shutting down and abandoning module ProjectSettingsViewer (156)
[2016.03.20-21.16.21:016][829]LogModuleManager: Shutting down and abandoning module InputBindingEditor (155)
[2016.03.20-21.16.21:022][829]LogModuleManager: Shutting down and abandoning module EditorSettingsViewer (154)
[2016.03.20-21.16.21:022][829]LogModuleManager: Shutting down and abandoning module SettingsEditor (153)
[2016.03.20-21.16.21:024][829]LogModuleManager: Shutting down and abandoning module ProjectLauncher (152)
[2016.03.20-21.16.21:024][829]LogModuleManager: Shutting down and abandoning module SessionFrontend (151)
[2016.03.20-21.16.21:024][829]LogModuleManager: Shutting down and abandoning module ProfilerClient (150)
[2016.03.20-21.16.21:024][829]LogModuleManager: Shutting down and abandoning module TargetDeviceServices (149)
[2016.03.20-21.16.21:024][829]LogModuleManager: Shutting down and abandoning module DeviceManager (148)
[2016.03.20-21.16.21:031][829]LogModuleManager: Shutting down and abandoning module AutomationController (147)
[2016.03.20-21.16.21:032][829]LogModuleManager: Shutting down and abandoning module AutomationWindow (146)
[2016.03.20-21.16.21:033][829]LogModuleManager: Shutting down and abandoning module Layers (145)
[2016.03.20-21.16.21:034][829]LogModuleManager: Shutting down and abandoning module ComponentVisualizers (144)
[2016.03.20-21.16.21:034][829]LogModuleManager: Shutting down and abandoning module DetailCustomizations (143)
[2016.03.20-21.16.21:035][829]LogModuleManager: Shutting down and abandoning module PackagesDialog (142)
[2016.03.20-21.16.21:035][829]LogModuleManager: Shutting down and abandoning module Persona (141)
[2016.03.20-21.16.21:035][829]LogModuleManager: Shutting down and abandoning module Kismet (140)
[2016.03.20-21.16.21:035][829]LogModuleManager: Shutting down and abandoning module GraphEditor (139)
[2016.03.20-21.16.21:035][829]LogModuleManager: Shutting down and abandoning module ClassViewer (138)
[2016.03.20-21.16.21:035][829]LogModuleManager: Shutting down and abandoning module Toolbox (137)
[2016.03.20-21.16.21:035][829]LogModuleManager: Shutting down and abandoning module ModuleUI (136)
[2016.03.20-21.16.21:035][829]LogModuleManager: Shutting down and abandoning module MovieSceneTools (135)
[2016.03.20-21.16.21:035][829]LogModuleManager: Shutting down and abandoning module OutputLog (134)
[2016.03.20-21.16.21:035][829]LogModuleManager: Shutting down and abandoning module GammaUI (133)
[2016.03.20-21.16.21:035][829]LogModuleManager: Shutting down and abandoning module Documentation (132)
[2016.03.20-21.16.21:035][829]LogModuleManager: Shutting down and abandoning module GameLiveStreaming (131)
[2016.03.20-21.16.21:036][829]LogModuleManager: Shutting down and abandoning module StreamingPauseRendering (130)
[2016.03.20-21.16.21:036][829]LogModuleManager: Shutting down and abandoning module AnalyticsET (129)
[2016.03.20-21.16.21:036][829]LogModuleManager: Shutting down and abandoning module Analytics (128)
[2016.03.20-21.16.21:036][829]LogModuleManager: Shutting down and abandoning module AITestSuite (127)
[2016.03.20-21.16.21:036][829]LogModuleManager: Shutting down and abandoning module GameplayDebugger (126)
[2016.03.20-21.16.21:036][829]LogModuleManager: Shutting down and abandoning module AIModule (125)
[2016.03.20-21.16.21:036][829]LogModuleManager: Shutting down and abandoning module ProfilerService (124)
[2016.03.20-21.16.21:080][829]LogModuleManager: Shutting down and abandoning module TaskGraph (123)
[2016.03.20-21.16.21:080][829]LogModuleManager: Shutting down and abandoning module SlateRemote (122)
[2016.03.20-21.16.21:080][829]LogModuleManager: Shutting down and abandoning module SteamVRController (121)
[2016.03.20-21.16.21:080][829]LogModuleManager: Shutting down and abandoning module SteamVR (120)
[2016.03.20-21.16.21:080][829]LogModuleManager: Shutting down and abandoning module ProceduralMeshComponent (119)
[2016.03.20-21.16.21:080][829]LogModuleManager: Shutting down and abandoning module OculusLibrary (118)
[2016.03.20-21.16.21:080][829]LogModuleManager: Shutting down and abandoning module OculusInput (117)
[2016.03.20-21.16.21:080][829]LogModuleManager: Shutting down and abandoning module LeapMotionController (116)
[2016.03.20-21.16.21:129][829]LogModuleManager: Shutting down and abandoning module CustomMeshComponent (115)
[2016.03.20-21.16.21:129][829]LogModuleManager: Shutting down and abandoning module CableComponent (114)
[2016.03.20-21.16.21:129][829]LogModuleManager: Shutting down and abandoning module ArchVisCharacter (113)
[2016.03.20-21.16.21:129][829]LogModuleManager: Shutting down and abandoning module MessagingDebugger (112)
[2016.03.20-21.16.21:130][829]LogModuleManager: Shutting down and abandoning module MediaPlayerEditor (111)
[2016.03.20-21.16.21:130][829]LogModuleManager: Shutting down and abandoning module HTML5Networking (110)
[2016.03.20-21.16.21:130][829]LogModuleManager: Shutting down and abandoning module SpeedTreeImporter (109)
[2016.03.20-21.16.21:130][829]LogModuleManager: Shutting down and abandoning module PluginBrowser (108)
[2016.03.20-21.16.21:130][829]LogModuleManager: Shutting down and abandoning module EpicSurvey (107)
[2016.03.20-21.16.21:130][829]LogModuleManager: Shutting down and abandoning module DesktopPlatform (106)
[2016.03.20-21.16.21:130][829]LogModuleManager: Shutting down and abandoning module VisualStudioSourceCodeAccess (105)
[2016.03.20-21.16.21:130][829]LogModuleManager: Shutting down and abandoning module UObjectPlugin (104)
[2016.03.20-21.16.21:130][829]LogModuleManager: Shutting down and abandoning module SubversionSourceControl (103)
[2016.03.20-21.16.21:130][829]LogModuleManager: Shutting down and abandoning module PerforceSourceControl (102)
[2016.03.20-21.16.21:130][829]LogModuleManager: Shutting down and abandoning module SourceControl (101)
[2016.03.20-21.16.21:130][829]LogModuleManager: Shutting down and abandoning module GitSourceControl (100)
[2016.03.20-21.16.21:130][829]LogModuleManager: Shutting down and abandoning module LightPropagationVolumeEditor (99)
[2016.03.20-21.16.21:130][829]LogModuleManager: Shutting down and abandoning module PaperTiledImporter (98)
[2016.03.20-21.16.21:130][829]LogModuleManager: Shutting down and abandoning module PaperSpriteSheetImporter (97)
[2016.03.20-21.16.21:130][829]LogModuleManager: Shutting down and abandoning module MeshPaint (96)
[2016.03.20-21.16.21:130][829]LogModuleManager: Shutting down and abandoning module SlateReflector (95)
[2016.03.20-21.16.21:130][829]LogModuleManager: Shutting down and abandoning module HotReload (94)
[2016.03.20-21.16.21:131][829]LogModuleManager: Shutting down and abandoning module MainFrame (93)
[2016.03.20-21.16.21:131][829]LogModuleManager: Shutting down and abandoning module LevelEditor (92)
[2016.03.20-21.16.21:133][829]LogModuleManager: Shutting down and abandoning module DirectoryWatcher (91)
[2016.03.20-21.16.21:136][829]LogModuleManager: Shutting down and abandoning module AssetRegistry (90)
[2016.03.20-21.16.21:317][829]LogModuleManager: Shutting down and abandoning module ContentBrowser (89)
[2016.03.20-21.16.21:319][829]LogModuleManager: Shutting down and abandoning module Paper2DEditor (88)
[2016.03.20-21.16.21:319][829]LogModuleManager: Shutting down and abandoning module Maze_Of_Doom (87)
[2016.03.20-21.16.21:319][829]LogModuleManager: Shutting down and abandoning module UdpMessaging (86)
[2016.03.20-21.16.21:420][829]LogModuleManager: Shutting down and abandoning module LightPropagationVolumeRuntime (85)
[2016.03.20-21.16.21:420][829]LogModuleManager: Shutting down and abandoning module Paper2D (84)
[2016.03.20-21.16.21:420][829]LogModuleManager: Shutting down and abandoning module WindowsMoviePlayer (83)
[2016.03.20-21.16.21:428][829]LogModuleManager: Shutting down and abandoning module Media (82)
[2016.03.20-21.16.21:428][829]LogModuleManager: Shutting down and abandoning module WmfMedia (81)
[2016.03.20-21.16.21:428][829]LogModuleManager: Shutting down and abandoning module OnlineBlueprintSupport (80)
[2016.03.20-21.16.21:428][829]LogModuleManager: Shutting down and abandoning module GameplayTasksEditor (79)
[2016.03.20-21.16.21:428][829]LogModuleManager: Shutting down and abandoning module PropertyEditor (78)
[2016.03.20-21.16.21:428][829]LogModuleManager: Shutting down and abandoning module BehaviorTreeEditor (77)
[2016.03.20-21.16.21:428][829]LogModuleManager: Shutting down and abandoning module FunctionalTesting (76)
[2016.03.20-21.16.21:428][829]LogModuleManager: Shutting down and abandoning module CollisionAnalyzer (75)
[2016.03.20-21.16.21:429][829]LogModuleManager: Shutting down and abandoning module WorkspaceMenuStructure (74)
[2016.03.20-21.16.21:429][829]LogModuleManager: Shutting down and abandoning module MessageLog (73)
[2016.03.20-21.16.21:429][829]LogModuleManager: Shutting down and abandoning module Sequencer (72)
[2016.03.20-21.16.21:429][829]LogModuleManager: Shutting down and abandoning module AssetTools (71)
[2016.03.20-21.16.21:429][829]LogModuleManager: Shutting down and abandoning module UMGEditor (70)
[2016.03.20-21.16.21:429][829]LogModuleManager: Shutting down and abandoning module UMG (69)
[2016.03.20-21.16.21:429][829]LogModuleManager: Shutting down and abandoning module Slate (68)
[2016.03.20-21.16.21:429][829]LogModuleManager: Shutting down and abandoning module EditorStyle (67)
[2016.03.20-21.16.21:437][829]LogModuleManager: Shutting down and abandoning module SessionServices (66)
[2016.03.20-21.16.21:437][829]LogModuleManager: Shutting down and abandoning module SourceCodeAccess (65)
[2016.03.20-21.16.21:437][829]LogModuleManager: Shutting down and abandoning module HeadMountedDisplay (64)
[2016.03.20-21.16.21:437][829]LogModuleManager: Shutting down and abandoning module XAudio2 (63)
[2016.03.20-21.16.21:437][829]LogModuleManager: Shutting down and abandoning module Networking (61)
[2016.03.20-21.16.21:437][829]LogModuleManager: Shutting down and abandoning module Core (60)
[2016.03.20-21.16.21:437][829]LogModuleManager: Shutting down and abandoning module KismetCompiler (59)
[2016.03.20-21.16.21:437][829]LogModuleManager: Shutting down and abandoning module PhysXFormats (58)
[2016.03.20-21.16.21:437][829]LogModuleManager: Shutting down and abandoning module MeshUtilities (57)
[2016.03.20-21.16.21:437][829]LogModuleManager: Shutting down and abandoning module DerivedDataCache (56)
[2016.03.20-21.16.21:533][829]LogDerivedDataCache: Shutdown
[2016.03.20-21.16.21:534][829]LogModuleManager: Shutting down and abandoning module ShaderFormatOpenGL (55)
[2016.03.20-21.16.21:534][829]LogModuleManager: Shutting down and abandoning module ShaderFormatD3D (54)
[2016.03.20-21.16.21:534][829]LogModuleManager: Shutting down and abandoning module MetalShaderFormat (53)
[2016.03.20-21.16.21:534][829]LogModuleManager: Shutting down and abandoning module TextureFormatUncompressed (52)
[2016.03.20-21.16.21:534][829]LogModuleManager: Shutting down and abandoning module TextureFormatPVR (51)
[2016.03.20-21.16.21:534][829]LogModuleManager: Shutting down and abandoning module TextureFormatIntelISPCTexComp (50)
[2016.03.20-21.16.21:534][829]LogModuleManager: Shutting down and abandoning module TextureFormatDXT (49)
[2016.03.20-21.16.21:534][829]LogModuleManager: Shutting down and abandoning module ImageWrapper (48)
[2016.03.20-21.16.21:534][829]LogModuleManager: Shutting down and abandoning module TextureFormatASTC (47)
[2016.03.20-21.16.21:534][829]LogModuleManager: Shutting down and abandoning module TextureFormatAndroid (46)
[2016.03.20-21.16.21:534][829]LogModuleManager: Shutting down and abandoning module AudioFormatOpus (45)
[2016.03.20-21.16.21:534][829]LogModuleManager: Shutting down and abandoning module AudioFormatOgg (44)
[2016.03.20-21.16.21:534][829]LogModuleManager: Shutting down and abandoning module AudioFormatADPCM (43)
[2016.03.20-21.16.21:534][829]LogModuleManager: Shutting down and abandoning module LinuxTargetPlatform (42)
[2016.03.20-21.16.21:534][829]LogModuleManager: Shutting down and abandoning module LinuxServerTargetPlatform (41)
[2016.03.20-21.16.21:534][829]LogModuleManager: Shutting down and abandoning module LinuxNoEditorTargetPlatform (40)
[2016.03.20-21.16.21:534][829]LogModuleManager: Shutting down and abandoning module Messaging (39)
[2016.03.20-21.16.21:534][829]LogModuleManager: Shutting down and abandoning module IOSTargetPlatform (38)
[2016.03.20-21.16.21:534][829]LogModuleManager: Shutting down and abandoning module HTML5TargetPlatform (37)
[2016.03.20-21.16.21:534][829]LogModuleManager: Shutting down and abandoning module Android_PVRTCTargetPlatform (36)
[2016.03.20-21.16.21:534][829]LogModuleManager: Shutting down and abandoning module Android_MultiTargetPlatform (35)
[2016.03.20-21.16.21:534][829]LogModuleManager: Shutting down and abandoning module Android_ETC2TargetPlatform (34)
[2016.03.20-21.16.21:534][829]LogModuleManager: Shutting down and abandoning module Android_ETC1TargetPlatform (33)
[2016.03.20-21.16.21:534][829]LogModuleManager: Shutting down and abandoning module Android_DXTTargetPlatform (32)
[2016.03.20-21.16.21:534][829]LogModuleManager: Shutting down and abandoning module Android_ATCTargetPlatform (31)
[2016.03.20-21.16.21:534][829]LogModuleManager: Shutting down and abandoning module Android_ASTCTargetPlatform (30)
[2016.03.20-21.16.21:534][829]LogModuleManager: Shutting down and abandoning module AndroidTargetPlatform (29)
[2016.03.20-21.16.21:534][829]LogModuleManager: Shutting down and abandoning module WindowsTargetPlatform (28)
[2016.03.20-21.16.21:534][829]LogModuleManager: Shutting down and abandoning module WindowsServerTargetPlatform (27)
[2016.03.20-21.16.21:535][829]LogModuleManager: Shutting down and abandoning module WindowsNoEditorTargetPlatform (26)
[2016.03.20-21.16.21:535][829]LogModuleManager: Shutting down and abandoning module WindowsClientTargetPlatform (25)
[2016.03.20-21.16.21:535][829]LogModuleManager: Shutting down and abandoning module AllDesktopTargetPlatform (24)
[2016.03.20-21.16.21:535][829]LogModuleManager: Shutting down and abandoning module TargetPlatform (23)
[2016.03.20-21.16.21:535][829]LogModuleManager: Shutting down and abandoning module InputCore (22)
[2016.03.20-21.16.21:535][829]LogModuleManager: Shutting down and abandoning module Settings (21)
[2016.03.20-21.16.21:535][829]LogModuleManager: Shutting down and abandoning module OnlineSubsystem (19)
[2016.03.20-21.16.21:535][829]LogModuleManager: Shutting down and abandoning module HTTP (18)
[2016.03.20-21.16.23:539][829]LogModuleManager: Shutting down and abandoning module XMPP (17)
[2016.03.20-21.16.23:539][829]LogModuleManager: Shutting down and abandoning module OculusRift (16)
[2016.03.20-21.16.23:540][829]LogModuleManager: Shutting down and abandoning module ExampleDeviceProfileSelector (15)
[2016.03.20-21.16.23:540][829]LogModuleManager: Shutting down and abandoning module TextureCompressor (14)
[2016.03.20-21.16.23:540][829]LogModuleManager: Shutting down and abandoning module ShaderCore (13)
[2016.03.20-21.16.23:540][829]LogModuleManager: Shutting down and abandoning module Landscape (12)
[2016.03.20-21.16.23:540][829]LogModuleManager: Shutting down and abandoning module SlateRHIRenderer (11)
[2016.03.20-21.16.23:542][829]LogModuleManager: Shutting down and abandoning module OpenGLDrv (10)
[2016.03.20-21.16.23:542][829]LogModuleManager: Shutting down and abandoning module D3D11RHI (9)
[2016.03.20-21.16.23:542][829]LogModuleManager: Shutting down and abandoning module AnimGraphRuntime (8)
[2016.03.20-21.16.23:542][829]LogModuleManager: Shutting down and abandoning module Renderer (7)
[2016.03.20-21.16.23:543][829]LogModuleManager: Shutting down and abandoning module Engine (6)
[2016.03.20-21.16.23:543][829]LogModuleManager: Shutting down and abandoning module CoreUObject (5)
[2016.03.20-21.16.23:543][829]LogModuleManager: Shutting down and abandoning module NetworkFile (4)
[2016.03.20-21.16.23:543][829]LogModuleManager: Shutting down and abandoning module StreamingFile (3)
[2016.03.20-21.16.23:543][829]LogModuleManager: Shutting down and abandoning module SandboxFile (2)
[2016.03.20-21.16.23:543][829]LogModuleManager: Shutting down and abandoning module PakFile (1)
[2016.03.20-21.16.23:546][829]LogExit: Exiting.
[2016.03.20-21.16.23:550][829]Log file closed, 03/20/16 14:16:23
