[2016.03.30-19.16.29:098][  0]Log file open, 03/30/16 12:16:29
[2016.03.30-19.16.29:098][  0]LogInit:Display: Running engine for game: Maze_Of_Doom
[2016.03.30-19.16.29:098][  0]LogPlatformFile: Not using cached read wrapper
[2016.03.30-19.16.29:098][  0]LogInit:Display: RandInit(252153574) SRandInit(252153578).
[2016.03.30-19.16.29:098][  0]LogTaskGraph: Started task graph with 4 named threads and 7 total threads.
[2016.03.30-19.16.29:098][  0]LogStats: Stats thread started at 0.186870
[2016.03.30-19.16.29:098][  0]LogInit: Version: 4.10.4-2872498+++depot+UE4-Releases+4.10
[2016.03.30-19.16.29:098][  0]LogInit: API Version: 2758231
[2016.03.30-19.16.29:098][  0]LogInit: Compiled (64-bit): Feb 18 2016 15:47:04
[2016.03.30-19.16.29:098][  0]LogInit: Compiled with Visual C++: 19.00.23026.00
[2016.03.30-19.16.29:098][  0]LogInit: Build Configuration: Development
[2016.03.30-19.16.29:098][  0]LogInit: Branch Name: ++depot+UE4-Releases+4.10
[2016.03.30-19.16.29:098][  0]LogInit: Command line: -EpicPortal 
[2016.03.30-19.16.29:098][  0]LogInit: Base directory: C:/Program Files (x86)/Epic Games/4.10/Engine/Binaries/Win64/
[2016.03.30-19.16.29:098][  0]LogInit: Rocket: 1
[2016.03.30-19.16.29:125][  0]LogInit: Using libcurl 7.41.0
[2016.03.30-19.16.29:125][  0]LogInit:  - built for x86_64-pc-win32
[2016.03.30-19.16.29:125][  0]LogInit:  - supports SSL with WinSSL
[2016.03.30-19.16.29:125][  0]LogInit:  - other features:
[2016.03.30-19.16.29:125][  0]LogInit:      CURL_VERSION_SSL
[2016.03.30-19.16.29:125][  0]LogInit:      CURL_VERSION_IPV6
[2016.03.30-19.16.29:125][  0]LogInit:      CURL_VERSION_ASYNCHDNS
[2016.03.30-19.16.29:125][  0]LogInit:      CURL_VERSION_LARGEFILE
[2016.03.30-19.16.29:125][  0]LogInit:      CURL_VERSION_IDN
[2016.03.30-19.16.29:125][  0]LogInit:  CurlRequestOptions (configurable via config and command line):
[2016.03.30-19.16.29:125][  0]LogInit:  - bVerifyPeer = true  - Libcurl will verify peer certificate
[2016.03.30-19.16.29:125][  0]LogInit:  - bUseHttpProxy = false  - Libcurl will NOT use HTTP proxy
[2016.03.30-19.16.29:125][  0]LogInit:  - bDontReuseConnections = false  - Libcurl will reuse connections
[2016.03.30-19.16.29:125][  0]LogInit:  - CertBundlePath = nullptr  - Libcurl will use whatever was configured at build time.
[2016.03.30-19.16.29:155][  0]LogInit: Presizing for 0 objects not considered by GC, pre-allocating 0 bytes.
[2016.03.30-19.16.29:178][  0]LogInit: Object subsystem initialized
[2016.03.30-19.16.29:181][  0]LogInit: Selected Device Profile: [Windows]
[2016.03.30-19.16.29:181][  0]LogInit: Applying CVar settings loaded from the selected device profile: [Windows]
[2016.03.30-19.16.29:215][  0]LogInit: Computer: DRTRACY1
[2016.03.30-19.16.29:215][  0]LogInit: User: daniel
[2016.03.30-19.16.29:215][  0]LogInit: CPU Page size=4096, Cores=4
[2016.03.30-19.16.29:215][  0]LogInit: High frequency timer resolution =2.338347 MHz
[2016.03.30-19.16.29:215][  0]LogMemory: Memory total: Physical=7.8GB (8GB approx)
[2016.03.30-19.16.29:215][  0]LogMemory: Platform Memory Stats for Windows
[2016.03.30-19.16.29:215][  0]LogMemory: Process Physical Memory: 56.39 MB used, 56.39 MB peak
[2016.03.30-19.16.29:215][  0]LogMemory: Process Virtual Memory: 58.98 MB used, 58.98 MB peak
[2016.03.30-19.16.29:215][  0]LogMemory: Physical Memory: 4071.79 MB used, 7944.27 MB total
[2016.03.30-19.16.29:215][  0]LogMemory: Virtual Memory: 385.79 MB used, 134217728.00 MB total
[2016.03.30-19.16.29:291][  0]LogTextLocalizationManager: No specific translations for ('en-US') exist, so ('en') translations will be used.
[2016.03.30-19.16.30:835][  0]LogD3D11RHI: Found D3D11 adapter 0: Intel(R) HD Graphics 4600 (Feature Level 11_0)
[2016.03.30-19.16.30:835][  0]LogD3D11RHI: Adapter has 112MB of dedicated video memory, 0MB of dedicated system memory, and 3972MB of shared system memory, 1 output[s]
[2016.03.30-19.16.30:839][  0]LogD3D11RHI: Found D3D11 adapter 1: Microsoft Basic Render Driver (Feature Level 11_0)
[2016.03.30-19.16.30:839][  0]LogD3D11RHI: Adapter has 0MB of dedicated video memory, 0MB of dedicated system memory, and 3972MB of shared system memory, 0 output[s]
[2016.03.30-19.16.30:839][  0]LogD3D11RHI: Chosen D3D11 Adapter Id = 0
[2016.03.30-19.16.30:853][  0]LogD3D11RHI: !Direct3DDevice
[2016.03.30-19.16.30:853][  0]LogRHI: Texture pool is 1361 MB (70% of 1945 MB)
[2016.03.30-19.16.30:866][  0]LogD3D11RHI: Async texture creation enabled
[2016.03.30-19.16.30:877][  0]LogShaderCompilers: Guid format shader working directory is -30 characters bigger than the processId version (../../../../../../Users/daniel/Documents/Unreal Projects/Group2/Maze_Of_Doom/Intermediate/Shaders/WorkingDirectory/10520/).
[2016.03.30-19.16.30:878][  0]LogShaderCompilers: Cleaned the shader compiler working directory 'C:/Users/daniel/AppData/Local/Temp/UnrealShaderWorkingDir/0039EF224DEDC574C80686B46EC1BB63/'.
[2016.03.30-19.16.30:878][  0]LogShaderCompilers:Display: Using Local Shader Compiler.
[2016.03.30-19.16.33:888][  0]LogTemp:Display: Loaded TP AllDesktopTargetPlatform
[2016.03.30-19.16.33:908][  0]LogTemp:Display: Loaded TP WindowsClientTargetPlatform
[2016.03.30-19.16.33:927][  0]LogTemp:Display: Loaded TP WindowsNoEditorTargetPlatform
[2016.03.30-19.16.33:946][  0]LogTemp:Display: Loaded TP WindowsServerTargetPlatform
[2016.03.30-19.16.33:964][  0]LogTemp:Display: Loaded TP WindowsTargetPlatform
[2016.03.30-19.16.33:976][  0]LogTemp:Display: Loaded TP AndroidTargetPlatform
[2016.03.30-19.16.33:987][  0]LogTemp:Display: Loaded TP Android_ASTCTargetPlatform
[2016.03.30-19.16.33:998][  0]LogTemp:Display: Loaded TP Android_ATCTargetPlatform
[2016.03.30-19.16.34:010][  0]LogTemp:Display: Loaded TP Android_DXTTargetPlatform
[2016.03.30-19.16.34:022][  0]LogTemp:Display: Loaded TP Android_ETC1TargetPlatform
[2016.03.30-19.16.34:033][  0]LogTemp:Display: Loaded TP Android_ETC2TargetPlatform
[2016.03.30-19.16.34:059][  0]LogTemp:Display: Loaded TP Android_MultiTargetPlatform
[2016.03.30-19.16.34:059][  0]LogTemp:Display: Loaded TP Android_PVRTCTargetPlatform
[2016.03.30-19.16.34:062][  0]LogTemp:Display: Loaded TP HTML5TargetPlatform
[2016.03.30-19.16.34:096][  0]LogTemp:Display: Loaded TP IOSTargetPlatform
[2016.03.30-19.16.34:107][  0]LogTemp:Display: Loaded TP LinuxNoEditorTargetPlatform
[2016.03.30-19.16.34:118][  0]LogTemp:Display: Loaded TP LinuxServerTargetPlatform
[2016.03.30-19.16.34:130][  0]LogTemp:Display: Loaded TP LinuxTargetPlatform
[2016.03.30-19.16.34:130][  0]LogTargetPlatformManager:Display: Building Assets For Windows
[2016.03.30-19.16.34:476][  0]LogDerivedDataCache:Display: Max Cache Size: 512 MB
[2016.03.30-19.16.34:624][  0]LogDerivedDataCache: Loaded boot cache 0.15s 41MB C:/Users/daniel/AppData/Local/UnrealEngine/4.10/DerivedDataCache/Boot.ddc.
[2016.03.30-19.16.34:624][  0]LogDerivedDataCache:Display: Loaded Boot cache: C:/Users/daniel/AppData/Local/UnrealEngine/4.10/DerivedDataCache/Boot.ddc
[2016.03.30-19.16.34:624][  0]LogDerivedDataCache: FDerivedDataBackendGraph:  Pak pak cache file ../../../../../../Users/daniel/Documents/Unreal Projects/Group2/Maze_Of_Doom/DerivedDataCache/DDC.ddp not found, will not use a pak cache.
[2016.03.30-19.16.34:624][  0]LogDerivedDataCache: Unable to find inner node Pak for hierarchical cache Hierarchy.
[2016.03.30-19.16.34:624][  0]LogDerivedDataCache: FDerivedDataBackendGraph:  CompressedPak pak cache file ../../../../../../Users/daniel/Documents/Unreal Projects/Group2/Maze_Of_Doom/DerivedDataCache/Compressed.ddp not found, will not use a pak cache.
[2016.03.30-19.16.34:624][  0]LogDerivedDataCache: Unable to find inner node CompressedPak for hierarchical cache Hierarchy.
[2016.03.30-19.16.34:853][  0]LogDerivedDataCache:Display: Pak cache opened for reading ../../../Engine/DerivedDataCache/Compressed.ddp.
[2016.03.30-19.16.34:867][  0]LogDerivedDataCache: Using Local data cache path C:/Users/daniel/AppData/Local/UnrealEngine/Common/DerivedDataCache: Writable
[2016.03.30-19.16.35:514][  0]LogInit: Selected Device Profile: [Windows]
[2016.03.30-19.16.35:525][  0]LogContentStreaming: Texture pool size is 0.000000MB
[2016.03.30-19.16.35:932][  0]LogMeshUtilities: No automatic mesh reduction module available
[2016.03.30-19.16.35:932][  0]LogMeshUtilities: No automatic mesh merging module available
[2016.03.30-19.16.36:679][  0]LogInit: WinSock: version 1.1 (2.2), MaxSocks=32767, MaxUdp=65467
[2016.03.30-19.16.39:347][  0]UdpMessaging: Initializing bridge on interface 0.0.0.0:0 to multicast group 230.0.0.1:6666.
[2016.03.30-19.16.39:452][  0]LogUObjectGlobals:Warning: Failed to find object 'Class /Game/ThirdPersonCPP/Blueprints/ThirdPersonCharacter.ThirdPersonCharacter_C'
[2016.03.30-19.16.39:452][  0]Error: CDO Constructor (Maze_Of_DoomGameMode): Failed to find /Game/ThirdPersonCPP/Blueprints/ThirdPersonCharacter.ThirdPersonCharacter_C

[2016.03.30-19.16.39:453][  0]LogUObjectBase:Warning: -------------- Default Property warnings and errors:
[2016.03.30-19.16.39:453][  0]LogUObjectBase:Warning: Error: CDO Constructor (Maze_Of_DoomGameMode): Failed to find /Game/ThirdPersonCPP/Blueprints/ThirdPersonCharacter.ThirdPersonCharacter_C

[2016.03.30-19.16.39:475][  0]LogWindowsTextInputMethodSystem:Display: IME system now deactivated.
[2016.03.30-19.16.53:090][  0]LogWindowsTextInputMethodSystem:Display: IME system now deactivated.
[2016.03.30-19.16.53:093][  0]LogWindowsTextInputMethodSystem:Display: IME system now deactivated.
[2016.03.30-19.16.53:238][  0]LogAssetRegistry: FAssetRegistry took 0.0129 seconds to start up
[2016.03.30-19.16.53:940][  0]SourceControl: Info Source control is disabled
[2016.03.30-19.16.54:050][  0]SourceControl: Info Source control is disabled
[2016.03.30-19.16.54:100][  0]SourceControl: Info Source control is disabled
[2016.03.30-19.16.54:147][  0]SourceControl: Info Source control is disabled
[2016.03.30-19.16.55:114][  0]LogObj: 28659 objects as part of root set at end of initial load.
[2016.03.30-19.16.55:114][  0]LogUObjectAllocator: 6117488 out of 0 bytes used by permanent object pool.
[2016.03.30-19.16.55:294][  0]LogEngine: Initializing Engine...
[2016.03.30-19.16.55:302][  0]LogHMD: Can't find Oculus library dev build: is proper Runtime installed? Version: 0.8.0.0
[2016.03.30-19.16.55:304][  0]LogHMD: SteamVR failed to initialize.  Err: 110
[2016.03.30-19.16.55:731][  0]LogAIModule: Creating AISystem for world NewWorld
[2016.03.30-19.16.55:746][  0]LogInit: XAudio2 using 'Speakers (Conexant SmartAudio HD)' : 2 channels at 48 kHz using 32 bits per sample (channel mask 0x3)
[2016.03.30-19.16.56:098][  0]LogInit: FAudioDevice initialized.
[2016.03.30-19.16.56:162][  0]LogDerivedDataCache: Saved boot cache 0.06s 41MB C:/Users/daniel/AppData/Local/UnrealEngine/4.10/DerivedDataCache/Boot.ddc.
[2016.03.30-19.16.56:177][  0]LogInit: Texture streaming: Enabled
[2016.03.30-19.16.56:198][  0]LogAnalytics: Creating configured Analytics provider AnalyticsET
[2016.03.30-19.16.56:198][  0]LogAnalytics: [UEEditor.Rocket.Release] APIServer = http://et2.epicgames.com/ET2/. AppVersion = 4.10.4-2872498+++depot+UE4-Releases+4.10
[2016.03.30-19.16.56:199][  0]LogAnalytics: [UEEditor.Rocket.Release] SetUserId e6cbf966431e512a7b04d5a733ea392e|6c86b16b7988417dbbb074f7c748ba39|eca68250-45aa-4f00-a963-ae6ccfaa3f66
[2016.03.30-19.16.56:199][  0]LogAnalytics: [UEEditor.Rocket.Release] AnalyticsET::StartSession
[2016.03.30-19.16.56:228][  0]LogInit: Transaction tracking system initialized
[2016.03.30-19.16.56:347][  0]BlueprintLog: New page: Editor Load
[2016.03.30-19.16.56:674][  0]LocalizationService: Info Localization service is disabled
[2016.03.30-19.16.57:445][  0]LogConsoleResponse:Display: 
[2016.03.30-19.16.57:803][  0]LogCook:Display: Done creating registry. It took  0.00s.
[2016.03.30-19.16.58:049][  0]LogFileCache: Scanning file cache for directory 'C:/Users/daniel/Documents/Unreal Projects/Group2/Maze_Of_Doom/Content/' took 0.05s
[2016.03.30-19.16.58:049][  0]SourceControl: Info Source control is disabled
[2016.03.30-19.16.58:049][  0]Cmd: MAP LOAD FILE="../../../../../../Users/daniel/Documents/Unreal Projects/Group2/Maze_Of_Doom/Content/ThirdPersonCPP/Maps/ThirdPersonExampleMap.umap" TEMPLATE=0 SHOWPROGRESS=1 FEATURELEVEL=3
[2016.03.30-19.16.58:050][  0]LogEditorServer:Warning: Can't find file '../../../../../../Users/daniel/Documents/Unreal Projects/Group2/Maze_Of_Doom/Content/ThirdPersonCPP/Maps/ThirdPersonExampleMap.umap'
[2016.03.30-19.16.58:050][  0]Cmd: MAP CHECKDEP NOCLEARLOG
[2016.03.30-19.16.58:186][  0]MapCheck: Info Map check complete: 0 Error(s), 0 Warning(s), took 136.364ms to complete.
[2016.03.30-19.16.58:187][  0]LogFileHelpers: Loading map 'ThirdPersonExampleMap' took 0.138
[2016.03.30-19.16.58:425][  0]LogCollectionManager: Loaded 0 collections in 0.009082 seconds
[2016.03.30-19.16.58:481][  0]LogFileCache: Scanning file cache for directory 'C:/Users/daniel/Documents/Unreal Projects/Group2/Maze_Of_Doom/Saved/Collections/' took 0.01s
[2016.03.30-19.16.58:481][  0]LogFileCache: Scanning file cache for directory 'C:/Users/daniel/Documents/Unreal Projects/Group2/Maze_Of_Doom/Content/Developers/daniel/Collections/' took 0.01s
[2016.03.30-19.16.58:481][  0]LogFileCache: Scanning file cache for directory 'C:/Users/daniel/Documents/Unreal Projects/Group2/Maze_Of_Doom/Content/Collections/' took 0.01s
[2016.03.30-19.16.58:481][  0]LogCollectionManager: Rebuilt the GUID cache for 0 collections in 0.000005 seconds
[2016.03.30-19.16.58:509][  0]LogContentBrowser: Native class hierarchy populated in 0.0278 seconds. Added 1896 classes and 340 folders.
[2016.03.30-19.16.58:539][  0]LogContentBrowser: Native class hierarchy updated for 'WidgetCarousel' in 0.0047 seconds. Added 0 classes and 0 folders.
[2016.03.30-19.16.58:694][  0]LogContentBrowser: Native class hierarchy updated for 'AddContentDialog' in 0.0049 seconds. Added 0 classes and 0 folders.
[2016.03.30-19.16.58:727][  0]LogContentBrowser: Native class hierarchy updated for 'SceneOutliner' in 0.0048 seconds. Added 1 classes and 2 folders.
[2016.03.30-19.16.58:793][  0]LogCrashTracker: Crashtracker disabled due to settings.
[2016.03.30-19.16.58:805][  0]LogUObjectGlobals:Warning: Failed to find object 'Class None.'
[2016.03.30-19.16.58:830][  0]LogLoad: Full Startup: 32.54 seconds (BP compile: 0.01 seconds)
[2016.03.30-19.16.59:179][  0]LogOcInput: Can't find Oculus library dev build: is proper Runtime installed? Version: 0.8.0.0
[2016.03.30-19.16.59:298][  0]LogContentStreaming: Texture pool size now 400 MB
[2016.03.30-19.16.59:722][  2]LogRenderer: Reallocating scene render targets to support 940x604 (Frame:2).
[2016.03.30-19.17.01:159][  5]LogAssetRegistry: Asset discovery search completed in 7.9334 seconds
[2016.03.30-19.17.01:159][  5]LogCollectionManager: Rebuilt the object cache for 0 collections in 0.000001 seconds (found 0 objects)
[2016.03.30-19.17.01:159][  5]LogCollectionManager: Fixed up redirectors for 0 collections in 0.000085 seconds (updated 0 objects)
[2016.03.30-19.17.23:651][146]LogActorComponent: UnregisterComponent: (/Engine/Transient.CharMoveComp) Not registered. Aborting.
[2016.03.30-19.17.23:652][146]LogActorComponent: UnregisterComponent: (/Engine/Transient.CharacterMovementComponent_0) Not registered. Aborting.
[2016.03.30-19.17.23:713][146]LogMetaData: Removing '/Game/ThirdPersonCPP/Blueprints/ThirdPersonCharacter.ThirdPersonCharacter_C' ref from Metadata '/Game/MainBlueprints/Blueprints/ThirdPersonCharacter.PackageMetaData'
[2016.03.30-19.17.23:713][146]LogMetaData: Removing '/Game/ThirdPersonCPP/Blueprints/ThirdPersonCharacter.SKEL_ThirdPersonCharacter_C' ref from Metadata '/Game/MainBlueprints/Blueprints/ThirdPersonCharacter.PackageMetaData'
[2016.03.30-19.17.23:973][146]LogSavePackage: Save=134.460373ms
[2016.03.30-19.17.23:973][146]LogSavePackage: Moving '../../../../../../Users/daniel/Documents/Unreal Projects/Group2/Maze_Of_Doom/Saved/ThirdPersonCharacter5A2023DF449CD033DA765B95F4775748.tmp' to '../../../../../../Users/daniel/Documents/Unreal Projects/Group2/Maze_Of_Doom/Content/ThirdPersonCPP/Blueprints/ThirdPersonCharacter.uasset'
[2016.03.30-19.17.23:979][146]LogSavePackage: Total save time: 160.158437ms
[2016.03.30-19.17.23:979][146]LogSavePackage:Display: Finished SavePackage ../../../../../../Users/daniel/Documents/Unreal Projects/Group2/Maze_Of_Doom/Content/ThirdPersonCPP/Blueprints/ThirdPersonCharacter.uasset
[2016.03.30-19.17.24:039][146]LogSavePackage: Save=34.513268ms
[2016.03.30-19.17.24:039][146]LogSavePackage: Moving '../../../../../../Users/daniel/Documents/Unreal Projects/Group2/Maze_Of_Doom/Saved/ThirdPersonCharacter8870336344BBEF1417E12D8EA58CA566.tmp' to '../../../../../../Users/daniel/Documents/Unreal Projects/Group2/Maze_Of_Doom/Content/MainBlueprints/Blueprints/ThirdPersonCharacter.uasset'
[2016.03.30-19.17.24:047][146]LogSavePackage: Total save time: 49.283959ms
[2016.03.30-19.17.24:047][146]LogSavePackage:Display: Finished SavePackage ../../../../../../Users/daniel/Documents/Unreal Projects/Group2/Maze_Of_Doom/Content/MainBlueprints/Blueprints/ThirdPersonCharacter.uasset
[2016.03.30-19.17.30:368][492]LogActorComponent: UnregisterComponent: (/Engine/Transient.CharMoveComp) Not registered. Aborting.
[2016.03.30-19.17.30:369][492]LogActorComponent: UnregisterComponent: (/Engine/Transient.CharacterMovementComponent_1) Not registered. Aborting.
[2016.03.30-19.17.47:971][198]LogActorComponent: UnregisterComponent: (/Engine/Transient.CharMoveComp) Not registered. Aborting.
[2016.03.30-19.17.51:898][423]LogActorComponent: UnregisterComponent: (/Engine/Transient.CharMoveComp) Not registered. Aborting.
[2016.03.30-19.17.52:207][423]LogWindowsTextInputMethodSystem:Display: IME system now deactivated.
[2016.03.30-19.17.52:699][424]Cmd: QUIT_EDITOR
[2016.03.30-19.17.53:227][424]LogExit: Preparing to exit.
[2016.03.30-19.17.53:526][424]LogExit: Editor shut down
[2016.03.30-19.17.53:529][424]LogParticles: Destroying 0 GPU particle simulations for FXSystem 0x0000029E54E39C60
[2016.03.30-19.17.53:529][424]LogExit: Transaction tracking system shut down
[2016.03.30-19.17.53:530][424]LogParticles: Destroying 0 GPU particle simulations for FXSystem 0x0000029E59CAB740
[2016.03.30-19.17.53:531][424]LogParticles: Destroying 0 GPU particle simulations for FXSystem 0x0000029E641B47C0
[2016.03.30-19.17.53:987][424]LogExit: Object subsystem successfully closed.
[2016.03.30-19.17.54:018][424]LogD3D11RHI: Shutdown
[2016.03.30-19.17.54:018][424]LogD3D11RHI: CleanupD3DDevice
[2016.03.30-19.17.54:213][424]LogD3D11RHI: ~FD3D11DynamicRHI
[2016.03.30-19.17.54:271][424]LogModuleManager: Shutting down and abandoning module CookingStats (199)
[2016.03.30-19.17.54:271][424]LogModuleManager: Shutting down and abandoning module CrashTracker (198)
[2016.03.30-19.17.54:271][424]LogModuleManager: Shutting down and abandoning module SceneOutliner (197)
[2016.03.30-19.17.54:271][424]LogModuleManager: Shutting down and abandoning module SuperSearch (196)
[2016.03.30-19.17.54:271][424]LogModuleManager: Shutting down and abandoning module WidgetCarousel (195)
[2016.03.30-19.17.54:271][424]LogModuleManager: Shutting down and abandoning module AddContentDialog (194)
[2016.03.30-19.17.54:274][424]LogModuleManager: Shutting down and abandoning module EditorWidgets (193)
[2016.03.30-19.17.54:274][424]LogModuleManager: Shutting down and abandoning module CollectionManager (192)
[2016.03.30-19.17.54:274][424]LogModuleManager: Shutting down and abandoning module FoliageEdit (191)
[2016.03.30-19.17.54:274][424]LogModuleManager: Shutting down and abandoning module LandscapeEditor (190)
[2016.03.30-19.17.54:275][424]LogModuleManager: Shutting down and abandoning module ActorPickerMode (189)
[2016.03.30-19.17.54:275][424]LogModuleManager: Shutting down and abandoning module GeometryMode (188)
[2016.03.30-19.17.54:275][424]LogModuleManager: Shutting down and abandoning module TextureAlignMode (187)
[2016.03.30-19.17.54:275][424]LogModuleManager: Shutting down and abandoning module BspMode (186)
[2016.03.30-19.17.54:275][424]LogModuleManager: Shutting down and abandoning module PlacementMode (185)
[2016.03.30-19.17.54:275][424]LogModuleManager: Shutting down and abandoning module AutomationWorker (184)
[2016.03.30-19.17.54:275][424]LogModuleManager: Shutting down and abandoning module CharacterAI (183)
[2016.03.30-19.17.54:275][424]LogModuleManager: Shutting down and abandoning module SmartSnapping (182)
[2016.03.30-19.17.54:276][424]LogModuleManager: Shutting down and abandoning module ViewportSnapping (181)
[2016.03.30-19.17.54:276][424]LogModuleManager: Shutting down and abandoning module LogVisualizer (180)
[2016.03.30-19.17.54:276][424]LogModuleManager: Shutting down and abandoning module GameProjectGeneration (179)
[2016.03.30-19.17.54:276][424]LogModuleManager: Shutting down and abandoning module IntroTutorials (178)
[2016.03.30-19.17.54:276][424]LogModuleManager: Shutting down and abandoning module EditorLiveStreaming (177)
[2016.03.30-19.17.54:276][424]LogModuleManager: Shutting down and abandoning module IOSPlatformEditor (176)
[2016.03.30-19.17.54:276][424]LogModuleManager: Shutting down and abandoning module HTML5PlatformEditor (175)
[2016.03.30-19.17.54:276][424]LogModuleManager: Shutting down and abandoning module AndroidDeviceDetection (174)
[2016.03.30-19.17.54:844][424]LogModuleManager: Shutting down and abandoning module AndroidPlatformEditor (173)
[2016.03.30-19.17.54:844][424]LogModuleManager: Shutting down and abandoning module IOSRuntimeSettings (172)
[2016.03.30-19.17.54:844][424]LogModuleManager: Shutting down and abandoning module AndroidRuntimeSettings (171)
[2016.03.30-19.17.54:844][424]LogModuleManager: Shutting down and abandoning module MergeActors (170)
[2016.03.30-19.17.54:844][424]LogModuleManager: Shutting down and abandoning module SizeMap (169)
[2016.03.30-19.17.54:844][424]LogModuleManager: Shutting down and abandoning module TreeMap (168)
[2016.03.30-19.17.54:844][424]LogModuleManager: Shutting down and abandoning module ReferenceViewer (167)
[2016.03.30-19.17.54:844][424]LogModuleManager: Shutting down and abandoning module LocalizationService (166)
[2016.03.30-19.17.54:844][424]LogModuleManager: Shutting down and abandoning module LocalizationDashboard (165)
[2016.03.30-19.17.54:844][424]LogModuleManager: Shutting down and abandoning module HardwareTargeting (164)
[2016.03.30-19.17.54:844][424]LogModuleManager: Shutting down and abandoning module DeviceProfileEditor (163)
[2016.03.30-19.17.54:844][424]LogModuleManager: Shutting down and abandoning module UndoHistory (162)
[2016.03.30-19.17.54:844][424]LogModuleManager: Shutting down and abandoning module GameplayTagsEditor (161)
[2016.03.30-19.17.54:844][424]LogModuleManager: Shutting down and abandoning module UserFeedback (160)
[2016.03.30-19.17.54:844][424]LogModuleManager: Shutting down and abandoning module XmlParser (159)
[2016.03.30-19.17.54:845][424]LogModuleManager: Shutting down and abandoning module Blutility (158)
[2016.03.30-19.17.54:845][424]LogModuleManager: Shutting down and abandoning module ProjectTargetPlatformEditor (157)
[2016.03.30-19.17.54:845][424]LogModuleManager: Shutting down and abandoning module ProjectSettingsViewer (156)
[2016.03.30-19.17.54:845][424]LogModuleManager: Shutting down and abandoning module InputBindingEditor (155)
[2016.03.30-19.17.54:845][424]LogModuleManager: Shutting down and abandoning module EditorSettingsViewer (154)
[2016.03.30-19.17.54:845][424]LogModuleManager: Shutting down and abandoning module SettingsEditor (153)
[2016.03.30-19.17.54:845][424]LogModuleManager: Shutting down and abandoning module ProjectLauncher (152)
[2016.03.30-19.17.54:845][424]LogModuleManager: Shutting down and abandoning module SessionFrontend (151)
[2016.03.30-19.17.54:845][424]LogModuleManager: Shutting down and abandoning module ProfilerClient (150)
[2016.03.30-19.17.54:845][424]LogModuleManager: Shutting down and abandoning module TargetDeviceServices (149)
[2016.03.30-19.17.54:846][424]LogModuleManager: Shutting down and abandoning module DeviceManager (148)
[2016.03.30-19.17.54:846][424]LogModuleManager: Shutting down and abandoning module AutomationController (147)
[2016.03.30-19.17.54:846][424]LogModuleManager: Shutting down and abandoning module AutomationWindow (146)
[2016.03.30-19.17.54:846][424]LogModuleManager: Shutting down and abandoning module Layers (145)
[2016.03.30-19.17.54:846][424]LogModuleManager: Shutting down and abandoning module ComponentVisualizers (144)
[2016.03.30-19.17.54:846][424]LogModuleManager: Shutting down and abandoning module DetailCustomizations (143)
[2016.03.30-19.17.54:846][424]LogModuleManager: Shutting down and abandoning module PackagesDialog (142)
[2016.03.30-19.17.54:846][424]LogModuleManager: Shutting down and abandoning module Persona (141)
[2016.03.30-19.17.54:846][424]LogModuleManager: Shutting down and abandoning module Kismet (140)
[2016.03.30-19.17.54:847][424]LogModuleManager: Shutting down and abandoning module GraphEditor (139)
[2016.03.30-19.17.54:847][424]LogModuleManager: Shutting down and abandoning module ClassViewer (138)
[2016.03.30-19.17.54:847][424]LogModuleManager: Shutting down and abandoning module Toolbox (137)
[2016.03.30-19.17.54:847][424]LogModuleManager: Shutting down and abandoning module ModuleUI (136)
[2016.03.30-19.17.54:847][424]LogModuleManager: Shutting down and abandoning module MovieSceneTools (135)
[2016.03.30-19.17.54:847][424]LogModuleManager: Shutting down and abandoning module OutputLog (134)
[2016.03.30-19.17.54:847][424]LogModuleManager: Shutting down and abandoning module GammaUI (133)
[2016.03.30-19.17.54:847][424]LogModuleManager: Shutting down and abandoning module Documentation (132)
[2016.03.30-19.17.54:847][424]LogModuleManager: Shutting down and abandoning module GameLiveStreaming (131)
[2016.03.30-19.17.54:847][424]LogModuleManager: Shutting down and abandoning module StreamingPauseRendering (130)
[2016.03.30-19.17.54:847][424]LogModuleManager: Shutting down and abandoning module AnalyticsET (129)
[2016.03.30-19.17.54:847][424]LogModuleManager: Shutting down and abandoning module Analytics (128)
[2016.03.30-19.17.54:847][424]LogModuleManager: Shutting down and abandoning module AITestSuite (127)
[2016.03.30-19.17.54:847][424]LogModuleManager: Shutting down and abandoning module GameplayDebugger (126)
[2016.03.30-19.17.54:847][424]LogModuleManager: Shutting down and abandoning module AIModule (125)
[2016.03.30-19.17.54:847][424]LogModuleManager: Shutting down and abandoning module ProfilerService (124)
[2016.03.30-19.17.54:942][424]LogModuleManager: Shutting down and abandoning module TaskGraph (123)
[2016.03.30-19.17.54:942][424]LogModuleManager: Shutting down and abandoning module SlateRemote (122)
[2016.03.30-19.17.54:942][424]LogModuleManager: Shutting down and abandoning module SteamVRController (121)
[2016.03.30-19.17.54:942][424]LogModuleManager: Shutting down and abandoning module SteamVR (120)
[2016.03.30-19.17.54:942][424]LogModuleManager: Shutting down and abandoning module ProceduralMeshComponent (119)
[2016.03.30-19.17.54:942][424]LogModuleManager: Shutting down and abandoning module OculusLibrary (118)
[2016.03.30-19.17.54:942][424]LogModuleManager: Shutting down and abandoning module OculusInput (117)
[2016.03.30-19.17.54:942][424]LogModuleManager: Shutting down and abandoning module LeapMotionController (116)
[2016.03.30-19.17.55:002][424]LogModuleManager: Shutting down and abandoning module CustomMeshComponent (115)
[2016.03.30-19.17.55:002][424]LogModuleManager: Shutting down and abandoning module CableComponent (114)
[2016.03.30-19.17.55:002][424]LogModuleManager: Shutting down and abandoning module ArchVisCharacter (113)
[2016.03.30-19.17.55:002][424]LogModuleManager: Shutting down and abandoning module MessagingDebugger (112)
[2016.03.30-19.17.55:002][424]LogModuleManager: Shutting down and abandoning module MediaPlayerEditor (111)
[2016.03.30-19.17.55:002][424]LogModuleManager: Shutting down and abandoning module HTML5Networking (110)
[2016.03.30-19.17.55:002][424]LogModuleManager: Shutting down and abandoning module SpeedTreeImporter (109)
[2016.03.30-19.17.55:002][424]LogModuleManager: Shutting down and abandoning module PluginBrowser (108)
[2016.03.30-19.17.55:002][424]LogModuleManager: Shutting down and abandoning module EpicSurvey (107)
[2016.03.30-19.17.55:003][424]LogModuleManager: Shutting down and abandoning module DesktopPlatform (106)
[2016.03.30-19.17.55:003][424]LogModuleManager: Shutting down and abandoning module VisualStudioSourceCodeAccess (105)
[2016.03.30-19.17.55:003][424]LogModuleManager: Shutting down and abandoning module UObjectPlugin (104)
[2016.03.30-19.17.55:003][424]LogModuleManager: Shutting down and abandoning module SubversionSourceControl (103)
[2016.03.30-19.17.55:003][424]LogModuleManager: Shutting down and abandoning module PerforceSourceControl (102)
[2016.03.30-19.17.55:003][424]LogModuleManager: Shutting down and abandoning module SourceControl (101)
[2016.03.30-19.17.55:003][424]LogModuleManager: Shutting down and abandoning module GitSourceControl (100)
[2016.03.30-19.17.55:003][424]LogModuleManager: Shutting down and abandoning module LightPropagationVolumeEditor (99)
[2016.03.30-19.17.55:003][424]LogModuleManager: Shutting down and abandoning module PaperTiledImporter (98)
[2016.03.30-19.17.55:003][424]LogModuleManager: Shutting down and abandoning module PaperSpriteSheetImporter (97)
[2016.03.30-19.17.55:003][424]LogModuleManager: Shutting down and abandoning module MeshPaint (96)
[2016.03.30-19.17.55:003][424]LogModuleManager: Shutting down and abandoning module SlateReflector (95)
[2016.03.30-19.17.55:003][424]LogModuleManager: Shutting down and abandoning module HotReload (94)
[2016.03.30-19.17.55:003][424]LogModuleManager: Shutting down and abandoning module MainFrame (93)
[2016.03.30-19.17.55:004][424]LogModuleManager: Shutting down and abandoning module LevelEditor (92)
[2016.03.30-19.17.55:006][424]LogModuleManager: Shutting down and abandoning module DirectoryWatcher (91)
[2016.03.30-19.17.55:009][424]LogModuleManager: Shutting down and abandoning module AssetRegistry (90)
[2016.03.30-19.17.55:134][424]LogModuleManager: Shutting down and abandoning module ContentBrowser (89)
[2016.03.30-19.17.55:136][424]LogModuleManager: Shutting down and abandoning module Paper2DEditor (88)
[2016.03.30-19.17.55:136][424]LogModuleManager: Shutting down and abandoning module Maze_Of_Doom (87)
[2016.03.30-19.17.55:136][424]LogModuleManager: Shutting down and abandoning module UdpMessaging (86)
[2016.03.30-19.17.55:237][424]LogModuleManager: Shutting down and abandoning module LightPropagationVolumeRuntime (85)
[2016.03.30-19.17.55:237][424]LogModuleManager: Shutting down and abandoning module Paper2D (84)
[2016.03.30-19.17.55:237][424]LogModuleManager: Shutting down and abandoning module WindowsMoviePlayer (83)
[2016.03.30-19.17.55:248][424]LogModuleManager: Shutting down and abandoning module Media (82)
[2016.03.30-19.17.55:248][424]LogModuleManager: Shutting down and abandoning module WmfMedia (81)
[2016.03.30-19.17.55:248][424]LogModuleManager: Shutting down and abandoning module OnlineBlueprintSupport (80)
[2016.03.30-19.17.55:248][424]LogModuleManager: Shutting down and abandoning module GameplayTasksEditor (79)
[2016.03.30-19.17.55:248][424]LogModuleManager: Shutting down and abandoning module PropertyEditor (78)
[2016.03.30-19.17.55:248][424]LogModuleManager: Shutting down and abandoning module BehaviorTreeEditor (77)
[2016.03.30-19.17.55:248][424]LogModuleManager: Shutting down and abandoning module FunctionalTesting (76)
[2016.03.30-19.17.55:248][424]LogModuleManager: Shutting down and abandoning module CollisionAnalyzer (75)
[2016.03.30-19.17.55:249][424]LogModuleManager: Shutting down and abandoning module WorkspaceMenuStructure (74)
[2016.03.30-19.17.55:249][424]LogModuleManager: Shutting down and abandoning module MessageLog (73)
[2016.03.30-19.17.55:249][424]LogModuleManager: Shutting down and abandoning module Sequencer (72)
[2016.03.30-19.17.55:249][424]LogModuleManager: Shutting down and abandoning module AssetTools (71)
[2016.03.30-19.17.55:249][424]LogModuleManager: Shutting down and abandoning module UMGEditor (70)
[2016.03.30-19.17.55:249][424]LogModuleManager: Shutting down and abandoning module UMG (69)
[2016.03.30-19.17.55:249][424]LogModuleManager: Shutting down and abandoning module Slate (68)
[2016.03.30-19.17.55:249][424]LogModuleManager: Shutting down and abandoning module EditorStyle (67)
[2016.03.30-19.17.55:256][424]LogModuleManager: Shutting down and abandoning module SessionServices (66)
[2016.03.30-19.17.55:256][424]LogModuleManager: Shutting down and abandoning module SourceCodeAccess (65)
[2016.03.30-19.17.55:256][424]LogModuleManager: Shutting down and abandoning module HeadMountedDisplay (64)
[2016.03.30-19.17.55:257][424]LogModuleManager: Shutting down and abandoning module XAudio2 (63)
[2016.03.30-19.17.55:257][424]LogModuleManager: Shutting down and abandoning module Networking (61)
[2016.03.30-19.17.55:257][424]LogModuleManager: Shutting down and abandoning module Core (60)
[2016.03.30-19.17.55:257][424]LogModuleManager: Shutting down and abandoning module KismetCompiler (59)
[2016.03.30-19.17.55:257][424]LogModuleManager: Shutting down and abandoning module PhysXFormats (58)
[2016.03.30-19.17.55:257][424]LogModuleManager: Shutting down and abandoning module MeshUtilities (57)
[2016.03.30-19.17.55:257][424]LogModuleManager: Shutting down and abandoning module DerivedDataCache (56)
[2016.03.30-19.17.55:408][424]LogDerivedDataCache: Shutdown
[2016.03.30-19.17.55:408][424]LogModuleManager: Shutting down and abandoning module ShaderFormatOpenGL (55)
[2016.03.30-19.17.55:408][424]LogModuleManager: Shutting down and abandoning module ShaderFormatD3D (54)
[2016.03.30-19.17.55:408][424]LogModuleManager: Shutting down and abandoning module MetalShaderFormat (53)
[2016.03.30-19.17.55:408][424]LogModuleManager: Shutting down and abandoning module TextureFormatUncompressed (52)
[2016.03.30-19.17.55:408][424]LogModuleManager: Shutting down and abandoning module TextureFormatPVR (51)
[2016.03.30-19.17.55:408][424]LogModuleManager: Shutting down and abandoning module TextureFormatIntelISPCTexComp (50)
[2016.03.30-19.17.55:408][424]LogModuleManager: Shutting down and abandoning module TextureFormatDXT (49)
[2016.03.30-19.17.55:408][424]LogModuleManager: Shutting down and abandoning module ImageWrapper (48)
[2016.03.30-19.17.55:408][424]LogModuleManager: Shutting down and abandoning module TextureFormatASTC (47)
[2016.03.30-19.17.55:408][424]LogModuleManager: Shutting down and abandoning module TextureFormatAndroid (46)
[2016.03.30-19.17.55:408][424]LogModuleManager: Shutting down and abandoning module AudioFormatOpus (45)
[2016.03.30-19.17.55:408][424]LogModuleManager: Shutting down and abandoning module AudioFormatOgg (44)
[2016.03.30-19.17.55:408][424]LogModuleManager: Shutting down and abandoning module AudioFormatADPCM (43)
[2016.03.30-19.17.55:408][424]LogModuleManager: Shutting down and abandoning module LinuxTargetPlatform (42)
[2016.03.30-19.17.55:408][424]LogModuleManager: Shutting down and abandoning module LinuxServerTargetPlatform (41)
[2016.03.30-19.17.55:409][424]LogModuleManager: Shutting down and abandoning module LinuxNoEditorTargetPlatform (40)
[2016.03.30-19.17.55:409][424]LogModuleManager: Shutting down and abandoning module Messaging (39)
[2016.03.30-19.17.55:409][424]LogModuleManager: Shutting down and abandoning module IOSTargetPlatform (38)
[2016.03.30-19.17.55:409][424]LogModuleManager: Shutting down and abandoning module HTML5TargetPlatform (37)
[2016.03.30-19.17.55:409][424]LogModuleManager: Shutting down and abandoning module Android_PVRTCTargetPlatform (36)
[2016.03.30-19.17.55:409][424]LogModuleManager: Shutting down and abandoning module Android_MultiTargetPlatform (35)
[2016.03.30-19.17.55:409][424]LogModuleManager: Shutting down and abandoning module Android_ETC2TargetPlatform (34)
[2016.03.30-19.17.55:409][424]LogModuleManager: Shutting down and abandoning module Android_ETC1TargetPlatform (33)
[2016.03.30-19.17.55:409][424]LogModuleManager: Shutting down and abandoning module Android_DXTTargetPlatform (32)
[2016.03.30-19.17.55:409][424]LogModuleManager: Shutting down and abandoning module Android_ATCTargetPlatform (31)
[2016.03.30-19.17.55:409][424]LogModuleManager: Shutting down and abandoning module Android_ASTCTargetPlatform (30)
[2016.03.30-19.17.55:409][424]LogModuleManager: Shutting down and abandoning module AndroidTargetPlatform (29)
[2016.03.30-19.17.55:409][424]LogModuleManager: Shutting down and abandoning module WindowsTargetPlatform (28)
[2016.03.30-19.17.55:409][424]LogModuleManager: Shutting down and abandoning module WindowsServerTargetPlatform (27)
[2016.03.30-19.17.55:409][424]LogModuleManager: Shutting down and abandoning module WindowsNoEditorTargetPlatform (26)
[2016.03.30-19.17.55:409][424]LogModuleManager: Shutting down and abandoning module WindowsClientTargetPlatform (25)
[2016.03.30-19.17.55:409][424]LogModuleManager: Shutting down and abandoning module AllDesktopTargetPlatform (24)
[2016.03.30-19.17.55:409][424]LogModuleManager: Shutting down and abandoning module TargetPlatform (23)
[2016.03.30-19.17.55:409][424]LogModuleManager: Shutting down and abandoning module InputCore (22)
[2016.03.30-19.17.55:409][424]LogModuleManager: Shutting down and abandoning module Settings (21)
[2016.03.30-19.17.55:410][424]LogModuleManager: Shutting down and abandoning module OnlineSubsystem (19)
[2016.03.30-19.17.55:410][424]LogModuleManager: Shutting down and abandoning module HTTP (18)
[2016.03.30-19.17.57:414][424]LogModuleManager: Shutting down and abandoning module XMPP (17)
[2016.03.30-19.17.57:414][424]LogModuleManager: Shutting down and abandoning module OculusRift (16)
[2016.03.30-19.17.57:414][424]LogModuleManager: Shutting down and abandoning module ExampleDeviceProfileSelector (15)
[2016.03.30-19.17.57:414][424]LogModuleManager: Shutting down and abandoning module TextureCompressor (14)
[2016.03.30-19.17.57:414][424]LogModuleManager: Shutting down and abandoning module ShaderCore (13)
[2016.03.30-19.17.57:414][424]LogModuleManager: Shutting down and abandoning module Landscape (12)
[2016.03.30-19.17.57:414][424]LogModuleManager: Shutting down and abandoning module SlateRHIRenderer (11)
[2016.03.30-19.17.57:416][424]LogModuleManager: Shutting down and abandoning module OpenGLDrv (10)
[2016.03.30-19.17.57:416][424]LogModuleManager: Shutting down and abandoning module D3D11RHI (9)
[2016.03.30-19.17.57:416][424]LogModuleManager: Shutting down and abandoning module AnimGraphRuntime (8)
[2016.03.30-19.17.57:416][424]LogModuleManager: Shutting down and abandoning module Renderer (7)
[2016.03.30-19.17.57:416][424]LogModuleManager: Shutting down and abandoning module Engine (6)
[2016.03.30-19.17.57:416][424]LogModuleManager: Shutting down and abandoning module CoreUObject (5)
[2016.03.30-19.17.57:416][424]LogModuleManager: Shutting down and abandoning module NetworkFile (4)
[2016.03.30-19.17.57:416][424]LogModuleManager: Shutting down and abandoning module StreamingFile (3)
[2016.03.30-19.17.57:416][424]LogModuleManager: Shutting down and abandoning module SandboxFile (2)
[2016.03.30-19.17.57:416][424]LogModuleManager: Shutting down and abandoning module PakFile (1)
[2016.03.30-19.17.57:421][424]LogExit: Exiting.
[2016.03.30-19.17.57:424][424]Log file closed, 03/30/16 12:17:57
