[2016.04.07-03.42.31:910][  0]Log file open, 04/06/16 20:42:31
[2016.04.07-03.42.31:910][  0]LogInit:Display: Running engine for game: Maze_Of_Doom
[2016.04.07-03.42.31:910][  0]LogPlatformFile: Not using cached read wrapper
[2016.04.07-03.42.31:910][  0]LogInit:Display: RandInit(1682085700) SRandInit(1682085702).
[2016.04.07-03.42.31:910][  0]LogTaskGraph: Started task graph with 4 named threads and 7 total threads.
[2016.04.07-03.42.31:910][  0]LogStats: Stats thread started at 3.593978
[2016.04.07-03.42.31:910][  0]LogInit: Version: 4.10.4-2872498+++depot+UE4-Releases+4.10
[2016.04.07-03.42.31:910][  0]LogInit: API Version: 2758231
[2016.04.07-03.42.31:910][  0]LogInit: Compiled (64-bit): Feb 18 2016 15:47:04
[2016.04.07-03.42.31:910][  0]LogInit: Compiled with Visual C++: 19.00.23026.00
[2016.04.07-03.42.31:910][  0]LogInit: Build Configuration: Development
[2016.04.07-03.42.31:910][  0]LogInit: Branch Name: ++depot+UE4-Releases+4.10
[2016.04.07-03.42.31:910][  0]LogInit: Command line:  
[2016.04.07-03.42.31:910][  0]LogInit: Base directory: C:/Program Files (x86)/Epic Games/4.10/Engine/Binaries/Win64/
[2016.04.07-03.42.31:910][  0]LogInit: Rocket: 1
[2016.04.07-03.42.32:129][  0]LogInit: Using libcurl 7.41.0
[2016.04.07-03.42.32:129][  0]LogInit:  - built for x86_64-pc-win32
[2016.04.07-03.42.32:129][  0]LogInit:  - supports SSL with WinSSL
[2016.04.07-03.42.32:129][  0]LogInit:  - other features:
[2016.04.07-03.42.32:129][  0]LogInit:      CURL_VERSION_SSL
[2016.04.07-03.42.32:129][  0]LogInit:      CURL_VERSION_IPV6
[2016.04.07-03.42.32:129][  0]LogInit:      CURL_VERSION_ASYNCHDNS
[2016.04.07-03.42.32:129][  0]LogInit:      CURL_VERSION_LARGEFILE
[2016.04.07-03.42.32:129][  0]LogInit:      CURL_VERSION_IDN
[2016.04.07-03.42.32:144][  0]LogInit:  CurlRequestOptions (configurable via config and command line):
[2016.04.07-03.42.32:144][  0]LogInit:  - bVerifyPeer = true  - Libcurl will verify peer certificate
[2016.04.07-03.42.32:144][  0]LogInit:  - bUseHttpProxy = false  - Libcurl will NOT use HTTP proxy
[2016.04.07-03.42.32:144][  0]LogInit:  - bDontReuseConnections = false  - Libcurl will reuse connections
[2016.04.07-03.42.32:144][  0]LogInit:  - CertBundlePath = nullptr  - Libcurl will use whatever was configured at build time.
[2016.04.07-03.42.32:328][  0]LogInit: Presizing for 0 objects not considered by GC, pre-allocating 0 bytes.
[2016.04.07-03.42.32:547][  0]LogInit: Object subsystem initialized
[2016.04.07-03.42.32:687][  0]LogInit: Selected Device Profile: [Windows]
[2016.04.07-03.42.32:687][  0]LogInit: Applying CVar settings loaded from the selected device profile: [Windows]
[2016.04.07-03.42.32:791][  0]LogInit: Computer: MIDAS2013
[2016.04.07-03.42.32:791][  0]LogInit: User: Aaron
[2016.04.07-03.42.32:791][  0]LogInit: CPU Page size=4096, Cores=4
[2016.04.07-03.42.32:791][  0]LogInit: High frequency timer resolution =4.232983 MHz
[2016.04.07-03.42.32:791][  0]LogMemory: Memory total: Physical=7.9GB (8GB approx)
[2016.04.07-03.42.32:791][  0]LogMemory: Platform Memory Stats for Windows
[2016.04.07-03.42.32:791][  0]LogMemory: Process Physical Memory: 54.43 MB used, 54.43 MB peak
[2016.04.07-03.42.32:791][  0]LogMemory: Process Virtual Memory: 58.51 MB used, 58.51 MB peak
[2016.04.07-03.42.32:791][  0]LogMemory: Physical Memory: 1841.07 MB used, 8090.14 MB total
[2016.04.07-03.42.32:791][  0]LogMemory: Virtual Memory: 366.58 MB used, 134217728.00 MB total
[2016.04.07-03.42.35:115][  0]LogTextLocalizationManager: No specific translations for ('en-US') exist, so ('en') translations will be used.
[2016.04.07-03.42.36:760][  0]LogD3D11RHI: Found D3D11 adapter 0: NVIDIA GeForce GTX 660   (Feature Level 11_0)
[2016.04.07-03.42.36:760][  0]LogD3D11RHI: Adapter has 1984MB of dedicated video memory, 0MB of dedicated system memory, and 2048MB of shared system memory, 1 output[s]
[2016.04.07-03.42.36:761][  0]LogD3D11RHI: Found D3D11 adapter 1: Microsoft Basic Render Driver (Feature Level 11_0)
[2016.04.07-03.42.36:761][  0]LogD3D11RHI: Adapter has 0MB of dedicated video memory, 0MB of dedicated system memory, and 256MB of shared system memory, 0 output[s]
[2016.04.07-03.42.36:761][  0]LogD3D11RHI: Chosen D3D11 Adapter Id = 0
[2016.04.07-03.42.36:766][  0]LogD3D11RHI: !Direct3DDevice
[2016.04.07-03.42.36:766][  0]LogRHI: Texture pool is 1361 MB (70% of 1945 MB)
[2016.04.07-03.42.36:813][  0]LogD3D11RHI: Async texture creation enabled
[2016.04.07-03.42.37:467][  0]LogShaderCompilers: Guid format shader working directory is -8 characters bigger than the processId version (../../../../../../Users/Aaron/Documents/a/Maze_Of_Doom/Intermediate/Shaders/WorkingDirectory/4184/).
[2016.04.07-03.42.37:467][  0]LogShaderCompilers: Cleaned the shader compiler working directory 'C:/Users/Aaron/AppData/Local/Temp/UnrealShaderWorkingDir/193523614C50ADDDBC683CBF18C17117/'.
[2016.04.07-03.42.37:477][  0]LogShaderCompilers:Display: Using Local Shader Compiler.
[2016.04.07-03.42.45:701][  0]LogTemp:Display: Loaded TP AllDesktopTargetPlatform
[2016.04.07-03.42.45:706][  0]LogTemp:Display: Loaded TP WindowsClientTargetPlatform
[2016.04.07-03.42.45:711][  0]LogTemp:Display: Loaded TP WindowsNoEditorTargetPlatform
[2016.04.07-03.42.45:716][  0]LogTemp:Display: Loaded TP WindowsServerTargetPlatform
[2016.04.07-03.42.45:738][  0]LogTemp:Display: Loaded TP WindowsTargetPlatform
[2016.04.07-03.42.45:774][  0]LogTemp:Display: Loaded TP AndroidTargetPlatform
[2016.04.07-03.42.45:782][  0]LogTemp:Display: Loaded TP Android_ASTCTargetPlatform
[2016.04.07-03.42.45:794][  0]LogTemp:Display: Loaded TP Android_ATCTargetPlatform
[2016.04.07-03.42.45:810][  0]LogTemp:Display: Loaded TP Android_DXTTargetPlatform
[2016.04.07-03.42.45:866][  0]LogTemp:Display: Loaded TP Android_ETC1TargetPlatform
[2016.04.07-03.42.45:877][  0]LogTemp:Display: Loaded TP Android_ETC2TargetPlatform
[2016.04.07-03.42.45:907][  0]LogTemp:Display: Loaded TP Android_MultiTargetPlatform
[2016.04.07-03.42.45:907][  0]LogTemp:Display: Loaded TP Android_PVRTCTargetPlatform
[2016.04.07-03.42.45:908][  0]LogTemp:Display: Loaded TP HTML5TargetPlatform
[2016.04.07-03.42.46:030][  0]LogTemp:Display: Loaded TP IOSTargetPlatform
[2016.04.07-03.42.46:045][  0]LogTemp:Display: Loaded TP LinuxNoEditorTargetPlatform
[2016.04.07-03.42.46:055][  0]LogTemp:Display: Loaded TP LinuxServerTargetPlatform
[2016.04.07-03.42.46:077][  0]LogTemp:Display: Loaded TP LinuxTargetPlatform
[2016.04.07-03.42.46:077][  0]LogTargetPlatformManager:Display: Building Assets For Windows
[2016.04.07-03.42.47:139][  0]LogDerivedDataCache:Display: Max Cache Size: 512 MB
[2016.04.07-03.42.47:889][  0]LogDerivedDataCache: Loaded boot cache 0.75s 42MB C:/Users/Aaron/AppData/Local/UnrealEngine/4.10/DerivedDataCache/Boot.ddc.
[2016.04.07-03.42.47:889][  0]LogDerivedDataCache:Display: Loaded Boot cache: C:/Users/Aaron/AppData/Local/UnrealEngine/4.10/DerivedDataCache/Boot.ddc
[2016.04.07-03.42.47:914][  0]LogDerivedDataCache: FDerivedDataBackendGraph:  Pak pak cache file ../../../../../../Users/Aaron/Documents/a/Maze_Of_Doom/DerivedDataCache/DDC.ddp not found, will not use a pak cache.
[2016.04.07-03.42.47:914][  0]LogDerivedDataCache: Unable to find inner node Pak for hierarchical cache Hierarchy.
[2016.04.07-03.42.47:914][  0]LogDerivedDataCache: FDerivedDataBackendGraph:  CompressedPak pak cache file ../../../../../../Users/Aaron/Documents/a/Maze_Of_Doom/DerivedDataCache/Compressed.ddp not found, will not use a pak cache.
[2016.04.07-03.42.47:914][  0]LogDerivedDataCache: Unable to find inner node CompressedPak for hierarchical cache Hierarchy.
[2016.04.07-03.42.48:092][  0]LogDerivedDataCache:Display: Pak cache opened for reading ../../../Engine/DerivedDataCache/Compressed.ddp.
[2016.04.07-03.42.48:125][  0]LogDerivedDataCache: Using Local data cache path C:/Users/Aaron/AppData/Local/UnrealEngine/Common/DerivedDataCache: Writable
[2016.04.07-03.42.59:054][  0]LogInit: Selected Device Profile: [Windows]
[2016.04.07-03.42.59:144][  0]LogContentStreaming: Texture pool size is 0.000000MB
[2016.04.07-03.43.00:481][  0]LogMeshUtilities: No automatic mesh reduction module available
[2016.04.07-03.43.00:481][  0]LogMeshUtilities: No automatic mesh merging module available
[2016.04.07-03.43.03:825][  0]LogInit: WinSock: version 1.1 (2.2), MaxSocks=32767, MaxUdp=65467
[2016.04.07-03.43.19:403][  0]UdpMessaging: Initializing bridge on interface 0.0.0.0:0 to multicast group 230.0.0.1:6666.
[2016.04.07-03.43.20:673][  0]LogLinker:Warning: SkeletalMeshComponent_11 has an inappropriate outermost, it was probably saved with a deprecated outer (file: ../../../../../../Users/Aaron/Documents/a/Maze_Of_Doom/Content/ThirdPersonCPP/Blueprints/ThirdPersonCharacter.uasset)
[2016.04.07-03.43.20:673][  0]LogLinker:Warning: SkeletalMeshComponent_11 has an inappropriate outermost, it was probably saved with a deprecated outer (file: ../../../../../../Users/Aaron/Documents/a/Maze_Of_Doom/Content/ThirdPersonCPP/Blueprints/ThirdPersonCharacter.uasset)
[2016.04.07-03.43.20:674][  0]LogLinker:Warning: SkeletalMeshComponent_11 has an inappropriate outermost, it was probably saved with a deprecated outer (file: ../../../../../../Users/Aaron/Documents/a/Maze_Of_Doom/Content/ThirdPersonCPP/Blueprints/ThirdPersonCharacter.uasset)
[2016.04.07-03.43.20:674][  0]LogLinker:Warning: SkeletalMeshComponent_11 has an inappropriate outermost, it was probably saved with a deprecated outer (file: ../../../../../../Users/Aaron/Documents/a/Maze_Of_Doom/Content/ThirdPersonCPP/Blueprints/ThirdPersonCharacter.uasset)
[2016.04.07-03.43.21:843][  0]LogAssetRegistry: FAssetRegistry took 0.0139 seconds to start up
[2016.04.07-03.43.25:164][  0]SourceControl: Info Source control is disabled
[2016.04.07-03.43.25:435][  0]SourceControl: Info Source control is disabled
[2016.04.07-03.43.25:508][  0]SourceControl: Info Source control is disabled
[2016.04.07-03.43.25:626][  0]SourceControl: Info Source control is disabled
[2016.04.07-03.43.28:218][  0]LogObj: 34550 objects as part of root set at end of initial load.
[2016.04.07-03.43.28:218][  0]LogUObjectAllocator: 8203024 out of 0 bytes used by permanent object pool.
[2016.04.07-03.43.29:410][  0]LogEngine: Initializing Engine...
[2016.04.07-03.43.29:446][  0]LogHMD: Can't find Oculus library dev build: is proper Runtime installed? Version: 0.8.0.0
[2016.04.07-03.43.29:562][  0]LogHMD: SteamVR failed to initialize.  Err: 110
[2016.04.07-03.43.31:241][  0]LogAIModule: Creating AISystem for world NewWorld
[2016.04.07-03.43.31:563][  0]LogInit: XAudio2 using 'HP w2408-4 (NVIDIA High Definition Audio)' : 2 channels at 48 kHz using 16 bits per sample (channel mask 0x3)
[2016.04.07-03.43.31:584][  0]LogInit: FAudioDevice initialized.
[2016.04.07-03.43.31:617][  0]LogDerivedDataCache: Saved boot cache 0.03s 42MB C:/Users/Aaron/AppData/Local/UnrealEngine/4.10/DerivedDataCache/Boot.ddc.
[2016.04.07-03.43.31:629][  0]LogInit: Texture streaming: Enabled
[2016.04.07-03.43.32:447][  0]LogAnalytics: Creating configured Analytics provider AnalyticsET
[2016.04.07-03.43.32:450][  0]LogAnalytics: [UEEditor.Rocket.Release] APIServer = http://et2.epicgames.com/ET2/. AppVersion = 4.10.4-2872498+++depot+UE4-Releases+4.10
[2016.04.07-03.43.32:450][  0]LogAnalytics: [UEEditor.Rocket.Release] SetUserId ada7550f432c852206d4d89c1e3b3a85|ec7b00a30b924c4b8cae2a71e72a5f1b|6bbf40ba-94c5-49a6-82c8-1033ddda766d
[2016.04.07-03.43.32:461][  0]LogAnalytics: [UEEditor.Rocket.Release] AnalyticsET::StartSession
[2016.04.07-03.43.34:242][  0]LogInit: Transaction tracking system initialized
[2016.04.07-03.43.36:442][  0]BlueprintLog: New page: Editor Load
[2016.04.07-03.43.41:639][  0]LocalizationService: Info Localization service is disabled
[2016.04.07-03.43.44:710][  0]LogConsoleResponse:Display: 
[2016.04.07-03.43.47:866][  0]LogFileCache: Scanning file cache for directory 'C:/Users/Aaron/Documents/a/Maze_Of_Doom/Content/' took 0.02s
[2016.04.07-03.43.47:866][  0]LogCook:Display: Done creating registry. It took  0.00s.
[2016.04.07-03.43.50:910][  0]SourceControl: Info Source control is disabled
[2016.04.07-03.43.51:153][  0]Cmd: MAP LOAD FILE="../../../../../../Users/Aaron/Documents/a/Maze_Of_Doom/Content/ThirdPersonCPP/Maps/ThirdPersonExampleMap.umap" TEMPLATE=0 SHOWPROGRESS=1 FEATURELEVEL=3
[2016.04.07-03.43.51:309][  0]LogEditorServer:Warning: Can't find file '../../../../../../Users/Aaron/Documents/a/Maze_Of_Doom/Content/ThirdPersonCPP/Maps/ThirdPersonExampleMap.umap'
[2016.04.07-03.43.51:355][  0]Cmd: MAP CHECKDEP NOCLEARLOG
[2016.04.07-03.43.51:438][  0]MapCheck: Info Map check complete: 0 Error(s), 0 Warning(s), took 82.468ms to complete.
[2016.04.07-03.43.51:438][  0]LogFileHelpers: Loading map 'ThirdPersonExampleMap' took 0.464
[2016.04.07-03.43.58:464][  0]LogCollectionManager: Loaded 0 collections in 0.002240 seconds
[2016.04.07-03.43.59:686][  0]LogFileCache: Scanning file cache for directory 'C:/Users/Aaron/Documents/a/Maze_Of_Doom/Saved/Collections/' took 0.01s
[2016.04.07-03.43.59:686][  0]LogFileCache: Scanning file cache for directory 'C:/Users/Aaron/Documents/a/Maze_Of_Doom/Content/Developers/Aaron/Collections/' took 0.01s
[2016.04.07-03.43.59:686][  0]LogFileCache: Scanning file cache for directory 'C:/Users/Aaron/Documents/a/Maze_Of_Doom/Content/Collections/' took 0.01s
[2016.04.07-03.43.59:686][  0]LogCollectionManager: Rebuilt the GUID cache for 0 collections in 0.000002 seconds
[2016.04.07-03.44.00:203][  0]LogContentBrowser: Native class hierarchy populated in 0.4343 seconds. Added 1895 classes and 340 folders.
[2016.04.07-03.44.02:300][  0]LogContentBrowser: Native class hierarchy updated for 'WidgetCarousel' in 0.0013 seconds. Added 0 classes and 0 folders.
[2016.04.07-03.44.08:909][  0]LogContentBrowser: Native class hierarchy updated for 'AddContentDialog' in 0.0013 seconds. Added 0 classes and 0 folders.
[2016.04.07-03.44.09:146][  0]LogContentBrowser: Native class hierarchy updated for 'SceneOutliner' in 0.0013 seconds. Added 1 classes and 2 folders.
[2016.04.07-03.44.16:709][  0]LogCrashTracker: Crashtracker disabled due to settings.
[2016.04.07-03.44.19:416][  0]LogLoad: Full Startup: 117.25 seconds (BP compile: 0.98 seconds)
[2016.04.07-03.44.19:776][  0]LogOcInput: Can't find Oculus library dev build: is proper Runtime installed? Version: 0.8.0.0
[2016.04.07-03.44.21:449][  0]LogContentStreaming: Texture pool size now 1000 MB
[2016.04.07-03.44.22:400][  0]LogRenderer: Reallocating scene render targets to support 988x604 (Frame:2).
[2016.04.07-03.44.24:735][  1]LogWindowsTextInputMethodSystem:Display: IME system now deactivated.
[2016.04.07-03.44.25:190][  2]Cmd: QUIT_EDITOR
[2016.04.07-03.44.25:585][  2]LogExit: Preparing to exit.
[2016.04.07-03.44.27:144][  2]LogExit: Editor shut down
[2016.04.07-03.44.27:762][  2]LogParticles: Destroying 0 GPU particle simulations for FXSystem 0x0000008277073420
[2016.04.07-03.44.27:762][  2]LogExit: Transaction tracking system shut down
[2016.04.07-03.44.30:123][  2]LogParticles: Destroying 0 GPU particle simulations for FXSystem 0x0000008263FBE8E0
[2016.04.07-03.44.30:123][  2]LogExit: Object subsystem successfully closed.
[2016.04.07-03.44.30:690][  2]LogD3D11RHI: Shutdown
[2016.04.07-03.44.30:690][  2]LogD3D11RHI: CleanupD3DDevice
[2016.04.07-03.44.30:765][  2]LogD3D11RHI: ~FD3D11DynamicRHI
[2016.04.07-03.44.31:937][  2]LogModuleManager: Shutting down and abandoning module CrashTracker (198)
[2016.04.07-03.44.31:937][  2]LogModuleManager: Shutting down and abandoning module SceneOutliner (197)
[2016.04.07-03.44.31:937][  2]LogModuleManager: Shutting down and abandoning module SuperSearch (196)
[2016.04.07-03.44.31:937][  2]LogModuleManager: Shutting down and abandoning module WidgetCarousel (195)
[2016.04.07-03.44.31:937][  2]LogModuleManager: Shutting down and abandoning module AddContentDialog (194)
[2016.04.07-03.44.31:938][  2]LogModuleManager: Shutting down and abandoning module EditorWidgets (193)
[2016.04.07-03.44.31:938][  2]LogModuleManager: Shutting down and abandoning module CollectionManager (192)
[2016.04.07-03.44.31:938][  2]LogModuleManager: Shutting down and abandoning module FoliageEdit (191)
[2016.04.07-03.44.31:938][  2]LogModuleManager: Shutting down and abandoning module LandscapeEditor (190)
[2016.04.07-03.44.31:957][  2]LogModuleManager: Shutting down and abandoning module ActorPickerMode (189)
[2016.04.07-03.44.31:957][  2]LogModuleManager: Shutting down and abandoning module GeometryMode (188)
[2016.04.07-03.44.31:957][  2]LogModuleManager: Shutting down and abandoning module TextureAlignMode (187)
[2016.04.07-03.44.31:957][  2]LogModuleManager: Shutting down and abandoning module BspMode (186)
[2016.04.07-03.44.31:957][  2]LogModuleManager: Shutting down and abandoning module PlacementMode (185)
[2016.04.07-03.44.31:957][  2]LogModuleManager: Shutting down and abandoning module AutomationWorker (184)
[2016.04.07-03.44.31:957][  2]LogModuleManager: Shutting down and abandoning module CharacterAI (183)
[2016.04.07-03.44.31:957][  2]LogModuleManager: Shutting down and abandoning module SmartSnapping (182)
[2016.04.07-03.44.31:957][  2]LogModuleManager: Shutting down and abandoning module ViewportSnapping (181)
[2016.04.07-03.44.31:957][  2]LogModuleManager: Shutting down and abandoning module LogVisualizer (180)
[2016.04.07-03.44.31:958][  2]LogModuleManager: Shutting down and abandoning module GameProjectGeneration (179)
[2016.04.07-03.44.32:001][  2]LogModuleManager: Shutting down and abandoning module IntroTutorials (178)
[2016.04.07-03.44.32:001][  2]LogModuleManager: Shutting down and abandoning module EditorLiveStreaming (177)
[2016.04.07-03.44.32:001][  2]LogModuleManager: Shutting down and abandoning module IOSPlatformEditor (176)
[2016.04.07-03.44.32:001][  2]LogModuleManager: Shutting down and abandoning module HTML5PlatformEditor (175)
[2016.04.07-03.44.32:001][  2]LogModuleManager: Shutting down and abandoning module AndroidDeviceDetection (174)
[2016.04.07-03.44.32:761][  2]LogModuleManager: Shutting down and abandoning module AndroidPlatformEditor (173)
[2016.04.07-03.44.32:761][  2]LogModuleManager: Shutting down and abandoning module IOSRuntimeSettings (172)
[2016.04.07-03.44.32:761][  2]LogModuleManager: Shutting down and abandoning module AndroidRuntimeSettings (171)
[2016.04.07-03.44.32:761][  2]LogModuleManager: Shutting down and abandoning module MergeActors (170)
[2016.04.07-03.44.32:761][  2]LogModuleManager: Shutting down and abandoning module SizeMap (169)
[2016.04.07-03.44.32:761][  2]LogModuleManager: Shutting down and abandoning module TreeMap (168)
[2016.04.07-03.44.32:761][  2]LogModuleManager: Shutting down and abandoning module ReferenceViewer (167)
[2016.04.07-03.44.32:761][  2]LogModuleManager: Shutting down and abandoning module LocalizationService (166)
[2016.04.07-03.44.32:761][  2]LogModuleManager: Shutting down and abandoning module LocalizationDashboard (165)
[2016.04.07-03.44.32:781][  2]LogModuleManager: Shutting down and abandoning module HardwareTargeting (164)
[2016.04.07-03.44.32:781][  2]LogModuleManager: Shutting down and abandoning module DeviceProfileEditor (163)
[2016.04.07-03.44.32:781][  2]LogModuleManager: Shutting down and abandoning module UndoHistory (162)
[2016.04.07-03.44.32:781][  2]LogModuleManager: Shutting down and abandoning module GameplayTagsEditor (161)
[2016.04.07-03.44.32:781][  2]LogModuleManager: Shutting down and abandoning module UserFeedback (160)
[2016.04.07-03.44.32:781][  2]LogModuleManager: Shutting down and abandoning module XmlParser (159)
[2016.04.07-03.44.32:781][  2]LogModuleManager: Shutting down and abandoning module Blutility (158)
[2016.04.07-03.44.32:781][  2]LogModuleManager: Shutting down and abandoning module ProjectTargetPlatformEditor (157)
[2016.04.07-03.44.32:781][  2]LogModuleManager: Shutting down and abandoning module ProjectSettingsViewer (156)
[2016.04.07-03.44.32:781][  2]LogModuleManager: Shutting down and abandoning module InputBindingEditor (155)
[2016.04.07-03.44.32:804][  2]LogModuleManager: Shutting down and abandoning module EditorSettingsViewer (154)
[2016.04.07-03.44.32:804][  2]LogModuleManager: Shutting down and abandoning module SettingsEditor (153)
[2016.04.07-03.44.32:804][  2]LogModuleManager: Shutting down and abandoning module ProjectLauncher (152)
[2016.04.07-03.44.32:834][  2]LogModuleManager: Shutting down and abandoning module SessionFrontend (151)
[2016.04.07-03.44.32:834][  2]LogModuleManager: Shutting down and abandoning module ProfilerClient (150)
[2016.04.07-03.44.32:843][  2]LogModuleManager: Shutting down and abandoning module TargetDeviceServices (149)
[2016.04.07-03.44.32:843][  2]LogModuleManager: Shutting down and abandoning module DeviceManager (148)
[2016.04.07-03.44.32:843][  2]LogModuleManager: Shutting down and abandoning module AutomationController (147)
[2016.04.07-03.44.32:843][  2]LogModuleManager: Shutting down and abandoning module AutomationWindow (146)
[2016.04.07-03.44.32:856][  2]LogModuleManager: Shutting down and abandoning module Layers (145)
[2016.04.07-03.44.32:887][  2]LogModuleManager: Shutting down and abandoning module ComponentVisualizers (144)
[2016.04.07-03.44.32:887][  2]LogModuleManager: Shutting down and abandoning module DetailCustomizations (143)
[2016.04.07-03.44.32:887][  2]LogModuleManager: Shutting down and abandoning module PackagesDialog (142)
[2016.04.07-03.44.32:887][  2]LogModuleManager: Shutting down and abandoning module Persona (141)
[2016.04.07-03.44.32:937][  2]LogModuleManager: Shutting down and abandoning module Kismet (140)
[2016.04.07-03.44.32:937][  2]LogModuleManager: Shutting down and abandoning module GraphEditor (139)
[2016.04.07-03.44.32:974][  2]LogModuleManager: Shutting down and abandoning module ClassViewer (138)
[2016.04.07-03.44.32:974][  2]LogModuleManager: Shutting down and abandoning module Toolbox (137)
[2016.04.07-03.44.32:974][  2]LogModuleManager: Shutting down and abandoning module ModuleUI (136)
[2016.04.07-03.44.32:984][  2]LogModuleManager: Shutting down and abandoning module MovieSceneTools (135)
[2016.04.07-03.44.32:984][  2]LogModuleManager: Shutting down and abandoning module OutputLog (134)
[2016.04.07-03.44.32:984][  2]LogModuleManager: Shutting down and abandoning module GammaUI (133)
[2016.04.07-03.44.32:991][  2]LogModuleManager: Shutting down and abandoning module Documentation (132)
[2016.04.07-03.44.32:991][  2]LogModuleManager: Shutting down and abandoning module GameLiveStreaming (131)
[2016.04.07-03.44.32:991][  2]LogModuleManager: Shutting down and abandoning module StreamingPauseRendering (130)
[2016.04.07-03.44.32:991][  2]LogModuleManager: Shutting down and abandoning module AnalyticsET (129)
[2016.04.07-03.44.32:991][  2]LogModuleManager: Shutting down and abandoning module Analytics (128)
[2016.04.07-03.44.32:991][  2]LogModuleManager: Shutting down and abandoning module AITestSuite (127)
[2016.04.07-03.44.32:991][  2]LogModuleManager: Shutting down and abandoning module GameplayDebugger (126)
[2016.04.07-03.44.32:991][  2]LogModuleManager: Shutting down and abandoning module AIModule (125)
[2016.04.07-03.44.32:991][  2]LogModuleManager: Shutting down and abandoning module ProfilerService (124)
[2016.04.07-03.44.33:001][  2]LogModuleManager: Shutting down and abandoning module TaskGraph (123)
[2016.04.07-03.44.33:030][  2]LogModuleManager: Shutting down and abandoning module SlateRemote (122)
[2016.04.07-03.44.33:030][  2]LogModuleManager: Shutting down and abandoning module SteamVRController (121)
[2016.04.07-03.44.33:030][  2]LogModuleManager: Shutting down and abandoning module SteamVR (120)
[2016.04.07-03.44.33:030][  2]LogModuleManager: Shutting down and abandoning module ProceduralMeshComponent (119)
[2016.04.07-03.44.33:030][  2]LogModuleManager: Shutting down and abandoning module OculusLibrary (118)
[2016.04.07-03.44.33:030][  2]LogModuleManager: Shutting down and abandoning module OculusInput (117)
[2016.04.07-03.44.33:030][  2]LogModuleManager: Shutting down and abandoning module LeapMotionController (116)
[2016.04.07-03.44.33:039][  2]LogModuleManager: Shutting down and abandoning module CustomMeshComponent (115)
[2016.04.07-03.44.33:039][  2]LogModuleManager: Shutting down and abandoning module CableComponent (114)
[2016.04.07-03.44.33:039][  2]LogModuleManager: Shutting down and abandoning module ArchVisCharacter (113)
[2016.04.07-03.44.33:039][  2]LogModuleManager: Shutting down and abandoning module MessagingDebugger (112)
[2016.04.07-03.44.33:057][  2]LogModuleManager: Shutting down and abandoning module MediaPlayerEditor (111)
[2016.04.07-03.44.33:076][  2]LogModuleManager: Shutting down and abandoning module HTML5Networking (110)
[2016.04.07-03.44.33:076][  2]LogModuleManager: Shutting down and abandoning module SpeedTreeImporter (109)
[2016.04.07-03.44.33:076][  2]LogModuleManager: Shutting down and abandoning module PluginBrowser (108)
[2016.04.07-03.44.33:081][  2]LogModuleManager: Shutting down and abandoning module EpicSurvey (107)
[2016.04.07-03.44.33:081][  2]LogModuleManager: Shutting down and abandoning module DesktopPlatform (106)
[2016.04.07-03.44.33:081][  2]LogModuleManager: Shutting down and abandoning module VisualStudioSourceCodeAccess (105)
[2016.04.07-03.44.33:081][  2]LogModuleManager: Shutting down and abandoning module UObjectPlugin (104)
[2016.04.07-03.44.33:081][  2]LogModuleManager: Shutting down and abandoning module SubversionSourceControl (103)
[2016.04.07-03.44.33:081][  2]LogModuleManager: Shutting down and abandoning module PerforceSourceControl (102)
[2016.04.07-03.44.33:081][  2]LogModuleManager: Shutting down and abandoning module SourceControl (101)
[2016.04.07-03.44.33:111][  2]LogModuleManager: Shutting down and abandoning module GitSourceControl (100)
[2016.04.07-03.44.33:111][  2]LogModuleManager: Shutting down and abandoning module LightPropagationVolumeEditor (99)
[2016.04.07-03.44.33:111][  2]LogModuleManager: Shutting down and abandoning module PaperTiledImporter (98)
[2016.04.07-03.44.33:111][  2]LogModuleManager: Shutting down and abandoning module PaperSpriteSheetImporter (97)
[2016.04.07-03.44.33:111][  2]LogModuleManager: Shutting down and abandoning module MeshPaint (96)
[2016.04.07-03.44.33:111][  2]LogModuleManager: Shutting down and abandoning module SlateReflector (95)
[2016.04.07-03.44.33:119][  2]LogModuleManager: Shutting down and abandoning module HotReload (94)
[2016.04.07-03.44.33:119][  2]LogModuleManager: Shutting down and abandoning module MainFrame (93)
[2016.04.07-03.44.33:119][  2]LogModuleManager: Shutting down and abandoning module LevelEditor (92)
[2016.04.07-03.44.33:141][  2]LogModuleManager: Shutting down and abandoning module DirectoryWatcher (91)
[2016.04.07-03.44.33:142][  2]LogModuleManager: Shutting down and abandoning module AssetRegistry (90)
[2016.04.07-03.44.33:211][  2]LogModuleManager: Shutting down and abandoning module ContentBrowser (89)
[2016.04.07-03.44.33:212][  2]LogModuleManager: Shutting down and abandoning module Paper2DEditor (88)
[2016.04.07-03.44.33:227][  2]LogModuleManager: Shutting down and abandoning module Maze_Of_Doom (87)
[2016.04.07-03.44.33:227][  2]LogModuleManager: Shutting down and abandoning module UdpMessaging (86)
[2016.04.07-03.44.33:328][  2]LogModuleManager: Shutting down and abandoning module LightPropagationVolumeRuntime (85)
[2016.04.07-03.44.33:328][  2]LogModuleManager: Shutting down and abandoning module Paper2D (84)
[2016.04.07-03.44.33:328][  2]LogModuleManager: Shutting down and abandoning module WindowsMoviePlayer (83)
[2016.04.07-03.44.33:331][  2]LogModuleManager: Shutting down and abandoning module Media (82)
[2016.04.07-03.44.33:331][  2]LogModuleManager: Shutting down and abandoning module WmfMedia (81)
[2016.04.07-03.44.33:331][  2]LogModuleManager: Shutting down and abandoning module OnlineBlueprintSupport (80)
[2016.04.07-03.44.33:331][  2]LogModuleManager: Shutting down and abandoning module GameplayTasksEditor (79)
[2016.04.07-03.44.33:331][  2]LogModuleManager: Shutting down and abandoning module PropertyEditor (78)
[2016.04.07-03.44.33:331][  2]LogModuleManager: Shutting down and abandoning module BehaviorTreeEditor (77)
[2016.04.07-03.44.33:357][  2]LogModuleManager: Shutting down and abandoning module FunctionalTesting (76)
[2016.04.07-03.44.33:357][  2]LogModuleManager: Shutting down and abandoning module CollisionAnalyzer (75)
[2016.04.07-03.44.33:357][  2]LogModuleManager: Shutting down and abandoning module WorkspaceMenuStructure (74)
[2016.04.07-03.44.33:357][  2]LogModuleManager: Shutting down and abandoning module MessageLog (73)
[2016.04.07-03.44.33:357][  2]LogModuleManager: Shutting down and abandoning module Sequencer (72)
[2016.04.07-03.44.33:386][  2]LogModuleManager: Shutting down and abandoning module AssetTools (71)
[2016.04.07-03.44.33:411][  2]LogModuleManager: Shutting down and abandoning module UMGEditor (70)
[2016.04.07-03.44.33:432][  2]LogModuleManager: Shutting down and abandoning module UMG (69)
[2016.04.07-03.44.33:469][  2]LogModuleManager: Shutting down and abandoning module Slate (68)
[2016.04.07-03.44.33:469][  2]LogModuleManager: Shutting down and abandoning module EditorStyle (67)
[2016.04.07-03.44.33:472][  2]LogModuleManager: Shutting down and abandoning module SessionServices (66)
[2016.04.07-03.44.33:472][  2]LogModuleManager: Shutting down and abandoning module SourceCodeAccess (65)
[2016.04.07-03.44.33:472][  2]LogModuleManager: Shutting down and abandoning module HeadMountedDisplay (64)
[2016.04.07-03.44.33:472][  2]LogModuleManager: Shutting down and abandoning module XAudio2 (63)
[2016.04.07-03.44.33:472][  2]LogModuleManager: Shutting down and abandoning module Networking (61)
[2016.04.07-03.44.33:472][  2]LogModuleManager: Shutting down and abandoning module Core (60)
[2016.04.07-03.44.33:472][  2]LogModuleManager: Shutting down and abandoning module KismetCompiler (59)
[2016.04.07-03.44.33:472][  2]LogModuleManager: Shutting down and abandoning module PhysXFormats (58)
[2016.04.07-03.44.33:472][  2]LogModuleManager: Shutting down and abandoning module MeshUtilities (57)
[2016.04.07-03.44.33:571][  2]LogModuleManager: Shutting down and abandoning module DerivedDataCache (56)
[2016.04.07-03.44.33:728][  2]LogDerivedDataCache: Shutdown
[2016.04.07-03.44.33:728][  2]LogModuleManager: Shutting down and abandoning module ShaderFormatOpenGL (55)
[2016.04.07-03.44.33:746][  2]LogModuleManager: Shutting down and abandoning module ShaderFormatD3D (54)
[2016.04.07-03.44.33:747][  2]LogModuleManager: Shutting down and abandoning module MetalShaderFormat (53)
[2016.04.07-03.44.33:932][  2]LogModuleManager: Shutting down and abandoning module TextureFormatUncompressed (52)
[2016.04.07-03.44.33:932][  2]LogModuleManager: Shutting down and abandoning module TextureFormatPVR (51)
[2016.04.07-03.44.33:932][  2]LogModuleManager: Shutting down and abandoning module TextureFormatIntelISPCTexComp (50)
[2016.04.07-03.44.33:932][  2]LogModuleManager: Shutting down and abandoning module TextureFormatDXT (49)
[2016.04.07-03.44.33:932][  2]LogModuleManager: Shutting down and abandoning module ImageWrapper (48)
[2016.04.07-03.44.33:932][  2]LogModuleManager: Shutting down and abandoning module TextureFormatASTC (47)
[2016.04.07-03.44.33:932][  2]LogModuleManager: Shutting down and abandoning module TextureFormatAndroid (46)
[2016.04.07-03.44.33:932][  2]LogModuleManager: Shutting down and abandoning module AudioFormatOpus (45)
[2016.04.07-03.44.33:932][  2]LogModuleManager: Shutting down and abandoning module AudioFormatOgg (44)
[2016.04.07-03.44.33:932][  2]LogModuleManager: Shutting down and abandoning module AudioFormatADPCM (43)
[2016.04.07-03.44.33:932][  2]LogModuleManager: Shutting down and abandoning module LinuxTargetPlatform (42)
[2016.04.07-03.44.33:932][  2]LogModuleManager: Shutting down and abandoning module LinuxServerTargetPlatform (41)
[2016.04.07-03.44.33:932][  2]LogModuleManager: Shutting down and abandoning module LinuxNoEditorTargetPlatform (40)
[2016.04.07-03.44.33:932][  2]LogModuleManager: Shutting down and abandoning module Messaging (39)
[2016.04.07-03.44.33:932][  2]LogModuleManager: Shutting down and abandoning module IOSTargetPlatform (38)
[2016.04.07-03.44.33:932][  2]LogModuleManager: Shutting down and abandoning module HTML5TargetPlatform (37)
[2016.04.07-03.44.33:932][  2]LogModuleManager: Shutting down and abandoning module Android_PVRTCTargetPlatform (36)
[2016.04.07-03.44.33:932][  2]LogModuleManager: Shutting down and abandoning module Android_MultiTargetPlatform (35)
[2016.04.07-03.44.33:932][  2]LogModuleManager: Shutting down and abandoning module Android_ETC2TargetPlatform (34)
[2016.04.07-03.44.33:932][  2]LogModuleManager: Shutting down and abandoning module Android_ETC1TargetPlatform (33)
[2016.04.07-03.44.33:932][  2]LogModuleManager: Shutting down and abandoning module Android_DXTTargetPlatform (32)
[2016.04.07-03.44.33:932][  2]LogModuleManager: Shutting down and abandoning module Android_ATCTargetPlatform (31)
[2016.04.07-03.44.33:932][  2]LogModuleManager: Shutting down and abandoning module Android_ASTCTargetPlatform (30)
[2016.04.07-03.44.33:932][  2]LogModuleManager: Shutting down and abandoning module AndroidTargetPlatform (29)
[2016.04.07-03.44.33:932][  2]LogModuleManager: Shutting down and abandoning module WindowsTargetPlatform (28)
[2016.04.07-03.44.33:932][  2]LogModuleManager: Shutting down and abandoning module WindowsServerTargetPlatform (27)
[2016.04.07-03.44.33:932][  2]LogModuleManager: Shutting down and abandoning module WindowsNoEditorTargetPlatform (26)
[2016.04.07-03.44.33:932][  2]LogModuleManager: Shutting down and abandoning module WindowsClientTargetPlatform (25)
[2016.04.07-03.44.33:932][  2]LogModuleManager: Shutting down and abandoning module AllDesktopTargetPlatform (24)
[2016.04.07-03.44.33:932][  2]LogModuleManager: Shutting down and abandoning module TargetPlatform (23)
[2016.04.07-03.44.33:932][  2]LogModuleManager: Shutting down and abandoning module InputCore (22)
[2016.04.07-03.44.33:932][  2]LogModuleManager: Shutting down and abandoning module Settings (21)
[2016.04.07-03.44.33:932][  2]LogModuleManager: Shutting down and abandoning module OnlineSubsystem (19)
[2016.04.07-03.44.33:932][  2]LogModuleManager: Shutting down and abandoning module HTTP (18)
[2016.04.07-03.44.35:936][  2]LogModuleManager: Shutting down and abandoning module XMPP (17)
[2016.04.07-03.44.36:231][  2]LogModuleManager: Shutting down and abandoning module OculusRift (16)
[2016.04.07-03.44.36:292][  2]LogModuleManager: Shutting down and abandoning module ExampleDeviceProfileSelector (15)
[2016.04.07-03.44.36:292][  2]LogModuleManager: Shutting down and abandoning module TextureCompressor (14)
[2016.04.07-03.44.36:292][  2]LogModuleManager: Shutting down and abandoning module ShaderCore (13)
[2016.04.07-03.44.36:292][  2]LogModuleManager: Shutting down and abandoning module Landscape (12)
[2016.04.07-03.44.36:293][  2]LogModuleManager: Shutting down and abandoning module SlateRHIRenderer (11)
[2016.04.07-03.44.36:294][  2]LogModuleManager: Shutting down and abandoning module OpenGLDrv (10)
[2016.04.07-03.44.36:393][  2]LogModuleManager: Shutting down and abandoning module D3D11RHI (9)
[2016.04.07-03.44.36:393][  2]LogModuleManager: Shutting down and abandoning module AnimGraphRuntime (8)
[2016.04.07-03.44.36:410][  2]LogModuleManager: Shutting down and abandoning module Renderer (7)
[2016.04.07-03.44.36:410][  2]LogModuleManager: Shutting down and abandoning module Engine (6)
[2016.04.07-03.44.36:410][  2]LogModuleManager: Shutting down and abandoning module CoreUObject (5)
[2016.04.07-03.44.36:410][  2]LogModuleManager: Shutting down and abandoning module NetworkFile (4)
[2016.04.07-03.44.36:418][  2]LogModuleManager: Shutting down and abandoning module StreamingFile (3)
[2016.04.07-03.44.36:418][  2]LogModuleManager: Shutting down and abandoning module SandboxFile (2)
[2016.04.07-03.44.36:418][  2]LogModuleManager: Shutting down and abandoning module PakFile (1)
[2016.04.07-03.44.36:426][  2]LogExit: Exiting.
[2016.04.07-03.44.36:447][  2]Log file closed, 04/06/16 20:44:36
