[2016.03.31-01.45.33:369][  0]Log file open, 03/30/16 18:45:33
[2016.03.31-01.45.33:369][  0]LogInit:Display: Running engine for game: Maze_Of_Doom
[2016.03.31-01.45.33:369][  0]LogPlatformFile: Not using cached read wrapper
[2016.03.31-01.45.33:369][  0]LogInit:Display: RandInit(-1556752838) SRandInit(-1556752838).
[2016.03.31-01.45.33:369][  0]LogTaskGraph: Started task graph with 4 named threads and 7 total threads.
[2016.03.31-01.45.33:369][  0]LogStats: Stats thread started at 0.074991
[2016.03.31-01.45.33:369][  0]LogInit: Version: 4.10.2-2818068+++depot+UE4-Releases+4.10
[2016.03.31-01.45.33:369][  0]LogInit: API Version: 2758231
[2016.03.31-01.45.33:369][  0]LogInit: Compiled (64-bit): Jan  6 2016 17:36:42
[2016.03.31-01.45.33:369][  0]LogInit: Compiled with Visual C++: 19.00.23026.00
[2016.03.31-01.45.33:369][  0]LogInit: Build Configuration: Development
[2016.03.31-01.45.33:369][  0]LogInit: Branch Name: ++depot+UE4-Releases+4.10
[2016.03.31-01.45.33:369][  0]LogInit: Command line:  
[2016.03.31-01.45.33:369][  0]LogInit: Base directory: C:/Program Files (x86)/Epic Games/4.10/Engine/Binaries/Win64/
[2016.03.31-01.45.33:369][  0]LogInit: Rocket: 1
[2016.03.31-01.45.33:377][  0]LogInit: Using libcurl 7.41.0
[2016.03.31-01.45.33:377][  0]LogInit:  - built for x86_64-pc-win32
[2016.03.31-01.45.33:377][  0]LogInit:  - supports SSL with WinSSL
[2016.03.31-01.45.33:377][  0]LogInit:  - other features:
[2016.03.31-01.45.33:377][  0]LogInit:      CURL_VERSION_SSL
[2016.03.31-01.45.33:377][  0]LogInit:      CURL_VERSION_IPV6
[2016.03.31-01.45.33:377][  0]LogInit:      CURL_VERSION_ASYNCHDNS
[2016.03.31-01.45.33:377][  0]LogInit:      CURL_VERSION_LARGEFILE
[2016.03.31-01.45.33:377][  0]LogInit:      CURL_VERSION_IDN
[2016.03.31-01.45.33:377][  0]LogInit:  CurlRequestOptions (configurable via config and command line):
[2016.03.31-01.45.33:377][  0]LogInit:  - bVerifyPeer = true  - Libcurl will verify peer certificate
[2016.03.31-01.45.33:377][  0]LogInit:  - bUseHttpProxy = false  - Libcurl will NOT use HTTP proxy
[2016.03.31-01.45.33:377][  0]LogInit:  - bDontReuseConnections = false  - Libcurl will reuse connections
[2016.03.31-01.45.33:377][  0]LogInit:  - CertBundlePath = nullptr  - Libcurl will use whatever was configured at build time.
[2016.03.31-01.45.33:384][  0]LogInit: Presizing for 0 objects not considered by GC, pre-allocating 0 bytes.
[2016.03.31-01.45.33:389][  0]LogInit: Object subsystem initialized
[2016.03.31-01.45.33:390][  0]LogInit: Selected Device Profile: [Windows]
[2016.03.31-01.45.33:390][  0]LogInit: Applying CVar settings loaded from the selected device profile: [Windows]
[2016.03.31-01.45.33:404][  0]LogInit: Computer: DAVIDMIERKE
[2016.03.31-01.45.33:404][  0]LogInit: User: David
[2016.03.31-01.45.33:404][  0]LogInit: CPU Page size=4096, Cores=4
[2016.03.31-01.45.33:404][  0]LogInit: High frequency timer resolution =2.533205 MHz
[2016.03.31-01.45.33:404][  0]LogMemory: Memory total: Physical=16.0GB (16GB approx)
[2016.03.31-01.45.33:404][  0]LogMemory: Platform Memory Stats for Windows
[2016.03.31-01.45.33:404][  0]LogMemory: Process Physical Memory: 56.10 MB used, 56.10 MB peak
[2016.03.31-01.45.33:404][  0]LogMemory: Process Virtual Memory: 58.74 MB used, 58.74 MB peak
[2016.03.31-01.45.33:404][  0]LogMemory: Physical Memory: 6438.68 MB used, 16333.18 MB total
[2016.03.31-01.45.33:404][  0]LogMemory: Virtual Memory: 384.79 MB used, 134217728.00 MB total
[2016.03.31-01.45.33:436][  0]LogTextLocalizationManager: No specific translations for ('en-US') exist, so ('en') translations will be used.
[2016.03.31-01.45.33:852][  0]LogD3D11RHI: Found D3D11 adapter 0: NVIDIA GeForce GTX 965M (Feature Level 11_0)
[2016.03.31-01.45.33:852][  0]LogD3D11RHI: Adapter has 1969MB of dedicated video memory, 0MB of dedicated system memory, and 8166MB of shared system memory, 1 output[s]
[2016.03.31-01.45.33:854][  0]LogD3D11RHI: Found D3D11 adapter 1: Microsoft Basic Render Driver (Feature Level 11_0)
[2016.03.31-01.45.33:854][  0]LogD3D11RHI: Adapter has 0MB of dedicated video memory, 0MB of dedicated system memory, and 8166MB of shared system memory, 0 output[s]
[2016.03.31-01.45.33:854][  0]LogD3D11RHI: Chosen D3D11 Adapter Id = 0
[2016.03.31-01.45.33:860][  0]LogD3D11RHI: !Direct3DDevice
[2016.03.31-01.45.33:860][  0]LogRHI: Texture pool is 1361 MB (70% of 1945 MB)
[2016.03.31-01.45.33:874][  0]LogD3D11RHI: Async texture creation enabled
[2016.03.31-01.45.33:891][  0]LogShaderCompilers: Guid format shader working directory is -22 characters bigger than the processId version (../../../../../../Users/David/Desktop/ASU/SER432/Group2/Maze_Of_Doom/Intermediate/Shaders/WorkingDirectory/8548/).
[2016.03.31-01.45.33:892][  0]LogShaderCompilers: Cleaned the shader compiler working directory 'C:/Users/David/AppData/Local/Temp/UnrealShaderWorkingDir/982066304139E5780796149DEE572F59/'.
[2016.03.31-01.45.33:892][  0]LogShaderCompilers:Display: Using Local Shader Compiler.
[2016.03.31-01.45.34:980][  0]LogTemp:Display: Loaded TP AllDesktopTargetPlatform
[2016.03.31-01.45.34:985][  0]LogTemp:Display: Loaded TP WindowsClientTargetPlatform
[2016.03.31-01.45.34:990][  0]LogTemp:Display: Loaded TP WindowsNoEditorTargetPlatform
[2016.03.31-01.45.34:994][  0]LogTemp:Display: Loaded TP WindowsServerTargetPlatform
[2016.03.31-01.45.34:999][  0]LogTemp:Display: Loaded TP WindowsTargetPlatform
[2016.03.31-01.45.35:004][  0]LogTemp:Display: Loaded TP AndroidTargetPlatform
[2016.03.31-01.45.35:006][  0]LogTemp:Display: Loaded TP Android_ASTCTargetPlatform
[2016.03.31-01.45.35:009][  0]LogTemp:Display: Loaded TP Android_ATCTargetPlatform
[2016.03.31-01.45.35:012][  0]LogTemp:Display: Loaded TP Android_DXTTargetPlatform
[2016.03.31-01.45.35:015][  0]LogTemp:Display: Loaded TP Android_ETC1TargetPlatform
[2016.03.31-01.45.35:018][  0]LogTemp:Display: Loaded TP Android_ETC2TargetPlatform
[2016.03.31-01.45.35:024][  0]LogTemp:Display: Loaded TP Android_MultiTargetPlatform
[2016.03.31-01.45.35:024][  0]LogTemp:Display: Loaded TP Android_PVRTCTargetPlatform
[2016.03.31-01.45.35:025][  0]LogTemp:Display: Loaded TP HTML5TargetPlatform
[2016.03.31-01.45.35:044][  0]LogTemp:Display: Loaded TP IOSTargetPlatform
[2016.03.31-01.45.35:046][  0]LogTemp:Display: Loaded TP LinuxNoEditorTargetPlatform
[2016.03.31-01.45.35:049][  0]LogTemp:Display: Loaded TP LinuxServerTargetPlatform
[2016.03.31-01.45.35:054][  0]LogTemp:Display: Loaded TP LinuxTargetPlatform
[2016.03.31-01.45.35:054][  0]LogTargetPlatformManager:Display: Building Assets For Windows
[2016.03.31-01.45.35:140][  0]LogDerivedDataCache:Display: Max Cache Size: 512 MB
[2016.03.31-01.45.35:647][  0]LogDerivedDataCache: Loaded boot cache 0.51s 42MB C:/Users/David/AppData/Local/UnrealEngine/4.10/DerivedDataCache/Boot.ddc.
[2016.03.31-01.45.35:647][  0]LogDerivedDataCache:Display: Loaded Boot cache: C:/Users/David/AppData/Local/UnrealEngine/4.10/DerivedDataCache/Boot.ddc
[2016.03.31-01.45.35:647][  0]LogDerivedDataCache: FDerivedDataBackendGraph:  Pak pak cache file ../../../../../../Users/David/Desktop/ASU/SER432/Group2/Maze_Of_Doom/DerivedDataCache/DDC.ddp not found, will not use a pak cache.
[2016.03.31-01.45.35:647][  0]LogDerivedDataCache: Unable to find inner node Pak for hierarchical cache Hierarchy.
[2016.03.31-01.45.35:647][  0]LogDerivedDataCache: FDerivedDataBackendGraph:  CompressedPak pak cache file ../../../../../../Users/David/Desktop/ASU/SER432/Group2/Maze_Of_Doom/DerivedDataCache/Compressed.ddp not found, will not use a pak cache.
[2016.03.31-01.45.35:647][  0]LogDerivedDataCache: Unable to find inner node CompressedPak for hierarchical cache Hierarchy.
[2016.03.31-01.45.35:699][  0]LogDerivedDataCache:Display: Pak cache opened for reading ../../../Engine/DerivedDataCache/Compressed.ddp.
[2016.03.31-01.45.35:711][  0]LogDerivedDataCache: Using Local data cache path C:/Users/David/AppData/Local/UnrealEngine/Common/DerivedDataCache: Writable
[2016.03.31-01.45.35:878][  0]LogInit: Selected Device Profile: [Windows]
[2016.03.31-01.45.35:881][  0]LogContentStreaming: Texture pool size is 0.000000MB
[2016.03.31-01.45.35:976][  0]LogMeshUtilities: No automatic mesh reduction module available
[2016.03.31-01.45.35:976][  0]LogMeshUtilities: No automatic mesh merging module available
[2016.03.31-01.45.36:242][  0]LogInit: WinSock: version 1.1 (2.2), MaxSocks=32767, MaxUdp=65467
[2016.03.31-01.45.52:936][  0]UdpMessaging: Initializing bridge on interface 0.0.0.0:0 to multicast group 230.0.0.1:6666.
[2016.03.31-01.45.53:392][  0]LogAssetRegistry: FAssetRegistry took 0.0109 seconds to start up
[2016.03.31-01.45.53:550][  0]SourceControl: Info Source control is disabled
[2016.03.31-01.45.53:580][  0]SourceControl: Info Source control is disabled
[2016.03.31-01.45.53:593][  0]SourceControl: Info Source control is disabled
[2016.03.31-01.45.53:606][  0]SourceControl: Info Source control is disabled
[2016.03.31-01.45.53:966][  0]LogFileManager:Warning: DeleteFile was unable to delete '../../../../../../Users/David/Desktop/ASU/SER432/Group2/Maze_Of_Doom/Intermediate/CachedAssetRegistry.bin', retrying in .5s...
[2016.03.31-01.45.53:971][  0]LogObj: 33994 objects as part of root set at end of initial load.
[2016.03.31-01.45.53:971][  0]LogUObjectAllocator: 8001952 out of 0 bytes used by permanent object pool.
[2016.03.31-01.45.54:043][  0]LogEngine: Initializing Engine...
[2016.03.31-01.45.54:046][  0]LogHMD: Can't find Oculus library dev build: is proper Runtime installed? Version: 0.8.0.0
[2016.03.31-01.45.54:046][  0]LogHMD: SteamVR failed to initialize.  Err: 110
[2016.03.31-01.45.54:148][  0]LogAIModule: Creating AISystem for world NewWorld
[2016.03.31-01.45.54:153][  0]LogInit: XAudio2 using 'Speakers (Realtek High Definition Audio)' : 2 channels at 48 kHz using 32 bits per sample (channel mask 0x3)
[2016.03.31-01.45.54:393][  0]LogFileManager:Warning: DeleteFile recovered during retry!
[2016.03.31-01.45.54:393][  0]LogInit: FAudioDevice initialized.
[2016.03.31-01.45.54:413][  0]LogDerivedDataCache: Saved boot cache 0.02s 42MB C:/Users/David/AppData/Local/UnrealEngine/4.10/DerivedDataCache/Boot.ddc.
[2016.03.31-01.45.54:417][  0]LogInit: Texture streaming: Enabled
[2016.03.31-01.45.54:423][  0]LogAnalytics: Creating configured Analytics provider AnalyticsET
[2016.03.31-01.45.54:423][  0]LogAnalytics: [UEEditor.Rocket.Release] APIServer = http://et2.epicgames.com/ET2/. AppVersion = 4.10.2-2818068+++depot+UE4-Releases+4.10
[2016.03.31-01.45.54:423][  0]LogAnalytics: [UEEditor.Rocket.Release] SetUserId f3fd65ed42405c16483d24826775683a|859fd02483094003b2ff534449d086e1|f7dbdf05-1b9e-457e-a434-53e302263073
[2016.03.31-01.45.54:423][  0]LogAnalytics: [UEEditor.Rocket.Release] AnalyticsET::StartSession
[2016.03.31-01.45.54:432][  0]LogInit: Transaction tracking system initialized
[2016.03.31-01.45.54:460][  0]BlueprintLog: New page: Editor Load
[2016.03.31-01.45.54:567][  0]LocalizationService: Info Localization service is disabled
[2016.03.31-01.45.54:704][  0]LogConsoleResponse:Display: 
[2016.03.31-01.45.54:805][  0]LogCook:Display: Done creating registry. It took  0.00s.
[2016.03.31-01.45.55:006][  0]LogFileCache: Scanning file cache for directory 'C:/Users/David/Desktop/ASU/SER432/Group2/Maze_Of_Doom/Content/' took 0.02s
[2016.03.31-01.45.55:011][  0]SourceControl: Info Source control is disabled
[2016.03.31-01.45.55:011][  0]Cmd: MAP LOAD FILE="../../../../../../Users/David/Desktop/ASU/SER432/Group2/Maze_Of_Doom/Content/ThirdPersonCPP/Maps/ThirdPersonExampleMap.umap" TEMPLATE=0 SHOWPROGRESS=1 FEATURELEVEL=3
[2016.03.31-01.45.55:011][  0]LogEditorServer:Warning: Can't find file '../../../../../../Users/David/Desktop/ASU/SER432/Group2/Maze_Of_Doom/Content/ThirdPersonCPP/Maps/ThirdPersonExampleMap.umap'
[2016.03.31-01.45.55:011][  0]Cmd: MAP CHECKDEP NOCLEARLOG
[2016.03.31-01.45.55:048][  0]MapCheck: Info Map check complete: 0 Error(s), 0 Warning(s), took 36.565ms to complete.
[2016.03.31-01.45.55:048][  0]LogFileHelpers: Loading map 'ThirdPersonExampleMap' took 0.037
[2016.03.31-01.45.55:222][  0]LogCollectionManager: Loaded 0 collections in 0.002297 seconds
[2016.03.31-01.45.55:262][  0]LogFileCache: Scanning file cache for directory 'C:/Users/David/Desktop/ASU/SER432/Group2/Maze_Of_Doom/Saved/Collections/' took 0.01s
[2016.03.31-01.45.55:262][  0]LogFileCache: Scanning file cache for directory 'C:/Users/David/Desktop/ASU/SER432/Group2/Maze_Of_Doom/Content/Developers/David/Collections/' took 0.01s
[2016.03.31-01.45.55:262][  0]LogFileCache: Scanning file cache for directory 'C:/Users/David/Desktop/ASU/SER432/Group2/Maze_Of_Doom/Content/Collections/' took 0.01s
[2016.03.31-01.45.55:262][  0]LogCollectionManager: Rebuilt the GUID cache for 0 collections in 0.000002 seconds
[2016.03.31-01.45.55:269][  0]LogContentBrowser: Native class hierarchy populated in 0.0071 seconds. Added 1898 classes and 340 folders.
[2016.03.31-01.45.55:277][  0]LogContentBrowser: Native class hierarchy updated for 'WidgetCarousel' in 0.0012 seconds. Added 0 classes and 0 folders.
[2016.03.31-01.45.56:039][  0]LogContentBrowser: Native class hierarchy updated for 'AddContentDialog' in 0.0013 seconds. Added 0 classes and 0 folders.
[2016.03.31-01.45.56:048][  0]LogContentBrowser: Native class hierarchy updated for 'SceneOutliner' in 0.0012 seconds. Added 1 classes and 2 folders.
[2016.03.31-01.45.56:065][  0]LogCrashTracker: Crashtracker disabled due to settings.
[2016.03.31-01.45.56:071][  0]LogUObjectGlobals:Warning: Failed to find object 'Class None.'
[2016.03.31-01.45.56:093][  0]LogLoad: Full Startup: 23.55 seconds (BP compile: 0.13 seconds)
[2016.03.31-01.45.56:103][  0]LogWindowsTextInputMethodSystem:Display: IME system now deactivated.
[2016.03.31-01.45.56:103][  0]LogWindowsTextInputMethodSystem:Display: IME system now deactivated.
[2016.03.31-01.45.56:106][  0]LogOcInput: Can't find Oculus library dev build: is proper Runtime installed? Version: 0.8.0.0
[2016.03.31-01.45.56:145][  0]LogContentStreaming: Texture pool size now 1000 MB
[2016.03.31-01.45.56:273][  0]LogRenderer: Reallocating scene render targets to support 1208x572 (Frame:2).
[2016.03.31-01.45.56:423][  3]LogAssetRegistry: Asset discovery search completed in 3.0426 seconds
[2016.03.31-01.45.56:423][  3]LogCollectionManager: Rebuilt the object cache for 0 collections in 0.000000 seconds (found 0 objects)
[2016.03.31-01.45.56:423][  3]LogCollectionManager: Fixed up redirectors for 0 collections in 0.000024 seconds (updated 0 objects)
[2016.03.31-01.46.00:135][424]LogLinker:Warning: Can't resolve asset name
[2016.03.31-01.46.06:089][ 11]LogClass:Warning: Type mismatch in Direction of Room_C - Previous (ArrayProperty) Current(IntProperty) for package:  FObjectReader
[2016.03.31-01.46.06:354][ 11]LogAIModule: Creating AISystem for world Level
[2016.03.31-01.46.06:395][ 11]Cmd: MAP LOAD FILE="../../../../../../Users/David/Desktop/ASU/SER432/Group2/Maze_Of_Doom/Content/Rooms/Level.umap" TEMPLATE=0 SHOWPROGRESS=1 FEATURELEVEL=3
[2016.03.31-01.46.06:395][ 11]LightingResults: New page: Lighting Build
[2016.03.31-01.46.06:401][ 11]LogContentBrowser: Native class hierarchy updated for 'StatsViewer' in 0.0019 seconds. Added 5 classes and 0 folders.
[2016.03.31-01.46.06:423][ 11]LoadErrors: New page: Loading map: Level.umap
[2016.03.31-01.46.06:424][ 11]MapCheck: New page: Map Check
[2016.03.31-01.46.06:424][ 11]LightingResults: New page: Lighting Build
[2016.03.31-01.46.06:437][ 11]LogParticles: Destroying 0 GPU particle simulations for FXSystem 0x00000222D78FB6A0
[2016.03.31-01.46.06:440][ 11]LogEditorServer: Finished looking for orphan Actors (0.000 secs)
[2016.03.31-01.46.06:464][ 11]Cmd: MAP CHECKDEP NOCLEARLOG
[2016.03.31-01.46.06:508][ 11]MapCheck: Info Map check complete: 0 Error(s), 0 Warning(s), took 43.849ms to complete.
[2016.03.31-01.46.06:508][ 11]LogFileHelpers: Loading map 'Level' took 0.115
[2016.03.31-01.46.06:517][ 11]LoadErrors:Error: Error /Game/Rooms/Level : Failed import for IntProperty /Game/Rooms/Room.Room_C:Direction
[2016.03.31-01.46.19:834][ 29]LogEditor: Attempting to add actor of class 'LevelGenerator' to level at -50.00,410.00,20.00
[2016.03.31-01.46.20:469][ 71]LogEditor: Attempting to add actor of class 'LevelGenerator' to level at -330.00,-60.00,20.00
[2016.03.31-01.46.25:091][415]LogLinker:Warning: Asset '../../../Engine/Content/ArtTools/RenderToTexture/Macros/RenderToTextureMacros.uasset' has been saved with empty engine version. The asset will be loaded but may be incompatible.
[2016.03.31-01.46.25:431][415]LogContentBrowser: Native class hierarchy updated for 'BlueprintGraph' in 0.0015 seconds. Added 107 classes and 0 folders.
[2016.03.31-01.46.28:533][622]Recompiling Maze_Of_Doom...
[2016.03.31-01.46.28:533][622]Launching UnrealBuildTool... [C:/Program Files (x86)/Epic Games/4.10/Engine/Binaries/DotNET/UnrealBuildTool.exe Maze_Of_Doom -ModuleWithSuffix Maze_Of_Doom 6138 Win64 Development -editorrecompile -canskiplink "C:/Users/David/Desktop/ASU/SER432/Group2/Maze_Of_Doom/Maze_Of_Doom.uproject" -rocket  -rocket -2015]
[2016.03.31-01.46.28:535][622]Warning: Starting HotReload took  0.0s.
[2016.03.31-01.46.32:046][924]CompilerResultsLog: New page: Compilation - Mar 30, 2016, 11:46:32 AM
[2016.03.31-01.46.32:047][924]CompilerResultsLog: Info Compiling game modules for hot reload
[2016.03.31-01.46.32:047][924]CompilerResultsLog: Info Performing 2 actions (4 in parallel)
[2016.03.31-01.46.32:047][924]CompilerResultsLog: Info LevelGenerator.cpp
[2016.03.31-01.46.32:047][924]CompilerResultsLog:Error: Error C:\Users\David\Desktop\ASU\SER432\Group2\Maze_Of_Doom\Source\Maze_Of_Doom\LevelGenerator.cpp(51) : warning C4996: 'ConstructObject': ConstructObject is deprecated. Use NewObject instead Please update your code to the new API before upgrading to the next release, otherwise your project will no longer compile.
[2016.03.31-01.46.32:047][924]CompilerResultsLog: Info C:\Program Files (x86)\Epic Games\4.10\Engine\Source\Runtime\CoreUObject\Public\UObject\Class.h(2702): note: see declaration of 'ConstructObject'
[2016.03.31-01.46.32:047][924]CompilerResultsLog:Error: Error C:\Users\David\Desktop\ASU\SER432\Group2\Maze_Of_Doom\Source\Maze_Of_Doom\LevelGenerator.cpp(125) : warning C4996: 'ConstructObject': ConstructObject is deprecated. Use NewObject instead Please update your code to the new API before upgrading to the next release, otherwise your project will no longer compile.
[2016.03.31-01.46.32:047][924]CompilerResultsLog: Info C:\Program Files (x86)\Epic Games\4.10\Engine\Source\Runtime\CoreUObject\Public\UObject\Class.h(2702): note: see declaration of 'ConstructObject'
[2016.03.31-01.46.32:047][924]CompilerResultsLog: Info [2/2] Link UE4Editor-Maze_Of_Doom-6138.dll
[2016.03.31-01.46.32:047][924]CompilerResultsLog: Info    Creating library C:\Users\David\Desktop\ASU\SER432\Group2\Maze_Of_Doom\Intermediate/Build/Win64\UE4Editor\Development\UE4Editor-Maze_Of_Doom-6138.lib and object C:\Users\David\Desktop\ASU\SER432\Group2\Maze_Of_Doom\Intermediate/Build/Win64\UE4Editor\Development\UE4Editor-Maze_Of_Doom-6138.exp
[2016.03.31-01.46.32:047][924]CompilerResultsLog: Info -------- End Detailed Actions Stats -----------------------------------------------------------
[2016.03.31-01.46.32:047][924]CompilerResultsLog: Info Total build time: 3.42 seconds
[2016.03.31-01.46.32:047][924]LogMainFrame: MainFrame: Module compiling took 3.525 seconds
[2016.03.31-01.46.32:047][924]LogActorComponent: UnregisterComponent: (/Engine/Transient.CharMoveComp) Not registered. Aborting.
[2016.03.31-01.46.32:128][924]LogContentBrowser: Native class hierarchy updated for 'Maze_Of_Doom' in 0.0020 seconds. Added 5 classes and 2 folders.
[2016.03.31-01.46.32:131][924]Warning: HotReload successful (11 functions remapped  0 scriptstructs remapped)
[2016.03.31-01.46.32:503][924]LogContentBrowser: Native class hierarchy populated in 0.0076 seconds. Added 1899 classes and 342 folders.
[2016.03.31-01.46.55:913][841]Cmd: OBJ SAVEPACKAGE PACKAGE="/Game/Rooms/Level" FILE="../../../../../../Users/David/Desktop/ASU/SER432/Group2/Maze_Of_Doom/Content/Rooms/Level.umap" SILENT=true AUTOSAVING=false KEEPDIRTY=false
[2016.03.31-01.46.56:256][841]LogSavePackage: Save=207.294708ms
[2016.03.31-01.46.56:257][841]LogSavePackage: Moving '../../../../../../Users/David/Desktop/ASU/SER432/Group2/Maze_Of_Doom/Saved/LevelB517443D4082405210CE1DB1634CBE56.tmp' to '../../../../../../Users/David/Desktop/ASU/SER432/Group2/Maze_Of_Doom/Content/Rooms/Level.umap'
[2016.03.31-01.46.56:261][841]LogSavePackage: Total save time: 256.027441ms
[2016.03.31-01.46.56:261][841]LogSavePackage:Display: Finished SavePackage ../../../../../../Users/David/Desktop/ASU/SER432/Group2/Maze_Of_Doom/Content/Rooms/Level.umap
[2016.03.31-01.46.56:309][841]LogFileHelpers: Saving map 'Level' took 0.482
[2016.03.31-01.47.01:414][284]LogBlueprintUserMessages: Early PlayInEditor Detection: Level '/Game/Rooms/Level.Level:PersistentLevel' has LevelScriptBlueprint '/Game/Rooms/Level.Level:PersistentLevel.Level' with GeneratedClass '/Game/Rooms/Level.Level_C' with ClassGeneratedBy '/Game/Rooms/Level.Level:PersistentLevel.Level'
[2016.03.31-01.47.01:414][284]LogPlayLevel: PlayLevel: No blueprints needed recompiling
[2016.03.31-01.47.01:414][284]PIE: New page: PIE session: Level (Mar 30, 2016, 11:47:01 AM)
[2016.03.31-01.47.01:414][284]LogPlayLevel: Creating play world package: /Game/Rooms/UEDPIE_0_Level
[2016.03.31-01.47.01:421][284]LogPlayLevel: PIE: StaticDuplicateObject took: (0.006770s)
[2016.03.31-01.47.01:422][284]LogAIModule: Creating AISystem for world Level
[2016.03.31-01.47.01:423][284]LogPlayLevel: PIE: World Init took: (0.001680s)
[2016.03.31-01.47.01:423][284]LogPlayLevel: PIE: Created PIE world by copying editor world from /Game/Rooms/Level.Level to /Game/Rooms/UEDPIE_0_Level.Level (0.009090s)
[2016.03.31-01.47.01:503][284]LogInit: XAudio2 using 'Speakers (Realtek High Definition Audio)' : 2 channels at 48 kHz using 32 bits per sample (channel mask 0x3)
[2016.03.31-01.47.01:519][284]LogInit: FAudioDevice initialized.
[2016.03.31-01.47.01:582][284]LogWorld: Game class is 'Maze_Of_DoomGameMode'
[2016.03.31-01.47.01:586][284]LogWorld: Bringing World /Game/Rooms/UEDPIE_0_Level.Level up for play (max tick rate 0) at 2016.03.30-18.47.01
[2016.03.31-01.47.01:587][284]LogActor:Warning: GameSession /Game/Rooms/UEDPIE_0_Level.Level:PersistentLevel.GameSession_0 has natively added scene component(s), but none of them were set as the actor's RootComponent - picking one arbitrarily
[2016.03.31-01.47.01:587][284]LogActor:Warning: GameNetworkManager /Game/Rooms/UEDPIE_0_Level.Level:PersistentLevel.GameNetworkManager_0 has natively added scene component(s), but none of them were set as the actor's RootComponent - picking one arbitrarily
[2016.03.31-01.47.01:587][284]LogWorld: Bringing up level for play took: 0.003048
[2016.03.31-01.47.01:593][284]PIE: Info Play in editor start time for /Game/Rooms/UEDPIE_0_Level 0.948
[2016.03.31-01.47.01:594][284]LogWindows:Error: Windows GetLastError: The operation completed successfully. (0)
[2016.03.31-01.47.02:080][284]LogCrashTracker: 


[2016.03.31-01.47.02:080][284]LogCrashTracker: 


[2016.03.31-01.47.02:080][284]LogWindows:Error: === Critical error: ===
Fatal error: [File:D:\BuildFarm\buildmachine_++depot+UE4-Releases+4.10\Engine\Source\Runtime\CoreUObject\Private\Templates\Casts.cpp] [Line: 11] 
Cast of Package /Engine/Transient to Level failed




[2016.03.31-01.47.02:235][284]LogExit: Executing StaticShutdownAfterError
[2016.03.31-01.47.02:247][284]LogPhysics:Warning: PHYSX: ..\..\PhysX\src\NpScene.cpp (2946) 8 : PxScene::unlockWrite() called without matching call to PxScene::lockWrite(), behaviour will be undefined.
[2016.03.31-01.47.02:247][284]LogPhysics:Warning: PHYSX: ..\..\PhysX\src\NpScene.cpp (2946) 8 : PxScene::unlockWrite() called without matching call to PxScene::lockWrite(), behaviour will be undefined.
[2016.03.31-01.47.02:247][284]LogPhysics:Warning: PHYSX: ..\..\PhysX\src\NpScene.cpp (2946) 8 : PxScene::unlockWrite() called without matching call to PxScene::lockWrite(), behaviour will be undefined.
[2016.03.31-01.47.02:247][284]LogPhysics:Warning: PHYSX: ..\..\PhysX\src\NpScene.cpp (2946) 8 : PxScene::unlockWrite() called without matching call to PxScene::lockWrite(), behaviour will be undefined.
[2016.03.31-01.47.02:247][284]LogPhysics:Warning: PHYSX: ..\..\PhysX\src\NpScene.cpp (2946) 8 : PxScene::unlockWrite() called without matching call to PxScene::lockWrite(), behaviour will be undefined.
[2016.03.31-01.47.02:248][284]LogPhysics:Warning: PHYSX: ..\..\PhysX\src\NpScene.cpp (2946) 8 : PxScene::unlockWrite() called without matching call to PxScene::lockWrite(), behaviour will be undefined.
[2016.03.31-01.47.02:248][284]LogWindows: FPlatformMisc::RequestExit(1)
[2016.03.31-01.47.02:248][284]Log file closed, 03/30/16 18:47:02
