[2016.03.20-21.41.13:072][  0]Log file open, 03/20/16 14:41:13
[2016.03.20-21.41.13:072][  0]LogInit:Display: Running engine for game: Maze_Of_Doom
[2016.03.20-21.41.13:072][  0]LogPlatformFile: Not using cached read wrapper
[2016.03.20-21.41.13:072][  0]LogInit:Display: RandInit(1377946464) SRandInit(1377946467).
[2016.03.20-21.41.13:072][  0]LogTaskGraph: Started task graph with 4 named threads and 7 total threads.
[2016.03.20-21.41.13:072][  0]LogStats: Stats thread started at 0.242760
[2016.03.20-21.41.13:072][  0]LogInit: Version: 4.10.4-2872498+++depot+UE4-Releases+4.10
[2016.03.20-21.41.13:072][  0]LogInit: API Version: 2758231
[2016.03.20-21.41.13:072][  0]LogInit: Compiled (64-bit): Feb 18 2016 15:47:04
[2016.03.20-21.41.13:072][  0]LogInit: Compiled with Visual C++: 19.00.23026.00
[2016.03.20-21.41.13:072][  0]LogInit: Build Configuration: Development
[2016.03.20-21.41.13:072][  0]LogInit: Branch Name: ++depot+UE4-Releases+4.10
[2016.03.20-21.41.13:072][  0]LogInit: Command line: -EpicPortal 
[2016.03.20-21.41.13:072][  0]LogInit: Base directory: C:/Program Files (x86)/Epic Games/4.10/Engine/Binaries/Win64/
[2016.03.20-21.41.13:072][  0]LogInit: Rocket: 1
[2016.03.20-21.41.13:099][  0]LogInit: Using libcurl 7.41.0
[2016.03.20-21.41.13:099][  0]LogInit:  - built for x86_64-pc-win32
[2016.03.20-21.41.13:099][  0]LogInit:  - supports SSL with WinSSL
[2016.03.20-21.41.13:099][  0]LogInit:  - other features:
[2016.03.20-21.41.13:099][  0]LogInit:      CURL_VERSION_SSL
[2016.03.20-21.41.13:099][  0]LogInit:      CURL_VERSION_IPV6
[2016.03.20-21.41.13:099][  0]LogInit:      CURL_VERSION_ASYNCHDNS
[2016.03.20-21.41.13:099][  0]LogInit:      CURL_VERSION_LARGEFILE
[2016.03.20-21.41.13:099][  0]LogInit:      CURL_VERSION_IDN
[2016.03.20-21.41.13:099][  0]LogInit:  CurlRequestOptions (configurable via config and command line):
[2016.03.20-21.41.13:099][  0]LogInit:  - bVerifyPeer = true  - Libcurl will verify peer certificate
[2016.03.20-21.41.13:099][  0]LogInit:  - bUseHttpProxy = false  - Libcurl will NOT use HTTP proxy
[2016.03.20-21.41.13:099][  0]LogInit:  - bDontReuseConnections = false  - Libcurl will reuse connections
[2016.03.20-21.41.13:099][  0]LogInit:  - CertBundlePath = nullptr  - Libcurl will use whatever was configured at build time.
[2016.03.20-21.41.13:126][  0]LogInit: Presizing for 0 objects not considered by GC, pre-allocating 0 bytes.
[2016.03.20-21.41.13:146][  0]LogInit: Object subsystem initialized
[2016.03.20-21.41.13:149][  0]LogInit: Selected Device Profile: [Windows]
[2016.03.20-21.41.13:149][  0]LogInit: Applying CVar settings loaded from the selected device profile: [Windows]
[2016.03.20-21.41.13:182][  0]LogInit: Computer: DRTRACY1
[2016.03.20-21.41.13:182][  0]LogInit: User: daniel
[2016.03.20-21.41.13:182][  0]LogInit: CPU Page size=4096, Cores=4
[2016.03.20-21.41.13:182][  0]LogInit: High frequency timer resolution =2.338347 MHz
[2016.03.20-21.41.13:182][  0]LogMemory: Memory total: Physical=7.8GB (8GB approx)
[2016.03.20-21.41.13:182][  0]LogMemory: Platform Memory Stats for Windows
[2016.03.20-21.41.13:182][  0]LogMemory: Process Physical Memory: 56.27 MB used, 56.27 MB peak
[2016.03.20-21.41.13:182][  0]LogMemory: Process Virtual Memory: 56.88 MB used, 56.88 MB peak
[2016.03.20-21.41.13:182][  0]LogMemory: Physical Memory: 3638.82 MB used, 7944.27 MB total
[2016.03.20-21.41.13:182][  0]LogMemory: Virtual Memory: 383.85 MB used, 134217728.00 MB total
[2016.03.20-21.41.13:262][  0]LogTextLocalizationManager: No specific translations for ('en-US') exist, so ('en') translations will be used.
[2016.03.20-21.41.14:737][  0]LogD3D11RHI: Found D3D11 adapter 0: Intel(R) HD Graphics 4600 (Feature Level 11_0)
[2016.03.20-21.41.14:737][  0]LogD3D11RHI: Adapter has 112MB of dedicated video memory, 0MB of dedicated system memory, and 3972MB of shared system memory, 1 output[s]
[2016.03.20-21.41.14:742][  0]LogD3D11RHI: Found D3D11 adapter 1: Microsoft Basic Render Driver (Feature Level 11_0)
[2016.03.20-21.41.14:743][  0]LogD3D11RHI: Adapter has 0MB of dedicated video memory, 0MB of dedicated system memory, and 3972MB of shared system memory, 0 output[s]
[2016.03.20-21.41.14:743][  0]LogD3D11RHI: Chosen D3D11 Adapter Id = 0
[2016.03.20-21.41.14:755][  0]LogD3D11RHI: !Direct3DDevice
[2016.03.20-21.41.14:755][  0]LogRHI: Texture pool is 1361 MB (70% of 1945 MB)
[2016.03.20-21.41.14:768][  0]LogD3D11RHI: Async texture creation enabled
[2016.03.20-21.41.14:781][  0]LogShaderCompilers: Guid format shader working directory is -28 characters bigger than the processId version (../../../../../../Users/daniel/Documents/Unreal Projects/Group2/Maze_Of_Doom/Intermediate/Shaders/WorkingDirectory/812/).
[2016.03.20-21.41.14:782][  0]LogShaderCompilers: Cleaned the shader compiler working directory 'C:/Users/daniel/AppData/Local/Temp/UnrealShaderWorkingDir/5FF022F8429FC5532ABB4E98AA774FE2/'.
[2016.03.20-21.41.14:782][  0]LogShaderCompilers:Display: Using Local Shader Compiler.
[2016.03.20-21.41.17:547][  0]LogTemp:Display: Loaded TP AllDesktopTargetPlatform
[2016.03.20-21.41.17:566][  0]LogTemp:Display: Loaded TP WindowsClientTargetPlatform
[2016.03.20-21.41.17:584][  0]LogTemp:Display: Loaded TP WindowsNoEditorTargetPlatform
[2016.03.20-21.41.17:602][  0]LogTemp:Display: Loaded TP WindowsServerTargetPlatform
[2016.03.20-21.41.17:620][  0]LogTemp:Display: Loaded TP WindowsTargetPlatform
[2016.03.20-21.41.17:631][  0]LogTemp:Display: Loaded TP AndroidTargetPlatform
[2016.03.20-21.41.17:642][  0]LogTemp:Display: Loaded TP Android_ASTCTargetPlatform
[2016.03.20-21.41.17:653][  0]LogTemp:Display: Loaded TP Android_ATCTargetPlatform
[2016.03.20-21.41.17:665][  0]LogTemp:Display: Loaded TP Android_DXTTargetPlatform
[2016.03.20-21.41.17:676][  0]LogTemp:Display: Loaded TP Android_ETC1TargetPlatform
[2016.03.20-21.41.17:688][  0]LogTemp:Display: Loaded TP Android_ETC2TargetPlatform
[2016.03.20-21.41.17:712][  0]LogTemp:Display: Loaded TP Android_MultiTargetPlatform
[2016.03.20-21.41.17:712][  0]LogTemp:Display: Loaded TP Android_PVRTCTargetPlatform
[2016.03.20-21.41.17:715][  0]LogTemp:Display: Loaded TP HTML5TargetPlatform
[2016.03.20-21.41.17:749][  0]LogTemp:Display: Loaded TP IOSTargetPlatform
[2016.03.20-21.41.17:760][  0]LogTemp:Display: Loaded TP LinuxNoEditorTargetPlatform
[2016.03.20-21.41.17:770][  0]LogTemp:Display: Loaded TP LinuxServerTargetPlatform
[2016.03.20-21.41.17:782][  0]LogTemp:Display: Loaded TP LinuxTargetPlatform
[2016.03.20-21.41.17:782][  0]LogTargetPlatformManager:Display: Building Assets For Windows
[2016.03.20-21.41.18:109][  0]LogDerivedDataCache:Display: Max Cache Size: 512 MB
[2016.03.20-21.41.18:261][  0]LogDerivedDataCache: Loaded boot cache 0.15s 42MB C:/Users/daniel/AppData/Local/UnrealEngine/4.10/DerivedDataCache/Boot.ddc.
[2016.03.20-21.41.18:261][  0]LogDerivedDataCache:Display: Loaded Boot cache: C:/Users/daniel/AppData/Local/UnrealEngine/4.10/DerivedDataCache/Boot.ddc
[2016.03.20-21.41.18:261][  0]LogDerivedDataCache: FDerivedDataBackendGraph:  Pak pak cache file ../../../../../../Users/daniel/Documents/Unreal Projects/Group2/Maze_Of_Doom/DerivedDataCache/DDC.ddp not found, will not use a pak cache.
[2016.03.20-21.41.18:261][  0]LogDerivedDataCache: Unable to find inner node Pak for hierarchical cache Hierarchy.
[2016.03.20-21.41.18:261][  0]LogDerivedDataCache: FDerivedDataBackendGraph:  CompressedPak pak cache file ../../../../../../Users/daniel/Documents/Unreal Projects/Group2/Maze_Of_Doom/DerivedDataCache/Compressed.ddp not found, will not use a pak cache.
[2016.03.20-21.41.18:261][  0]LogDerivedDataCache: Unable to find inner node CompressedPak for hierarchical cache Hierarchy.
[2016.03.20-21.41.18:484][  0]LogDerivedDataCache:Display: Pak cache opened for reading ../../../Engine/DerivedDataCache/Compressed.ddp.
[2016.03.20-21.41.18:498][  0]LogDerivedDataCache: Using Local data cache path C:/Users/daniel/AppData/Local/UnrealEngine/Common/DerivedDataCache: Writable
[2016.03.20-21.41.19:117][  0]LogInit: Selected Device Profile: [Windows]
[2016.03.20-21.41.19:126][  0]LogContentStreaming: Texture pool size is 0.000000MB
[2016.03.20-21.41.19:515][  0]LogMeshUtilities: No automatic mesh reduction module available
[2016.03.20-21.41.19:515][  0]LogMeshUtilities: No automatic mesh merging module available
[2016.03.20-21.41.20:251][  0]LogInit: WinSock: version 1.1 (2.2), MaxSocks=32767, MaxUdp=65467
[2016.03.20-21.41.22:907][  0]UdpMessaging: Initializing bridge on interface 0.0.0.0:0 to multicast group 230.0.0.1:6666.
[2016.03.20-21.41.23:612][  0]LogAssetRegistry: FAssetRegistry took 0.0122 seconds to start up
[2016.03.20-21.41.24:219][  0]SourceControl: Info Source control is disabled
[2016.03.20-21.41.24:322][  0]SourceControl: Info Source control is disabled
[2016.03.20-21.41.24:372][  0]SourceControl: Info Source control is disabled
[2016.03.20-21.41.24:426][  0]SourceControl: Info Source control is disabled
[2016.03.20-21.41.25:350][  0]LogObj: 31665 objects as part of root set at end of initial load.
[2016.03.20-21.41.25:350][  0]LogUObjectAllocator: 7183264 out of 0 bytes used by permanent object pool.
[2016.03.20-21.41.25:524][  0]LogEngine: Initializing Engine...
[2016.03.20-21.41.25:533][  0]LogHMD: Can't find Oculus library dev build: is proper Runtime installed? Version: 0.8.0.0
[2016.03.20-21.41.25:535][  0]LogHMD: SteamVR failed to initialize.  Err: 110
[2016.03.20-21.41.25:954][  0]LogAIModule: Creating AISystem for world NewWorld
[2016.03.20-21.41.25:971][  0]LogInit: XAudio2 using 'Speakers (Conexant SmartAudio HD)' : 2 channels at 48 kHz using 32 bits per sample (channel mask 0x3)
[2016.03.20-21.41.26:330][  0]LogInit: FAudioDevice initialized.
[2016.03.20-21.41.26:390][  0]LogDerivedDataCache: Saved boot cache 0.06s 42MB C:/Users/daniel/AppData/Local/UnrealEngine/4.10/DerivedDataCache/Boot.ddc.
[2016.03.20-21.41.26:408][  0]LogInit: Texture streaming: Enabled
[2016.03.20-21.41.26:429][  0]LogAnalytics: Creating configured Analytics provider AnalyticsET
[2016.03.20-21.41.26:429][  0]LogAnalytics: [UEEditor.Rocket.Release] APIServer = http://et2.epicgames.com/ET2/. AppVersion = 4.10.4-2872498+++depot+UE4-Releases+4.10
[2016.03.20-21.41.26:430][  0]LogAnalytics: [UEEditor.Rocket.Release] SetUserId e6cbf966431e512a7b04d5a733ea392e|6c86b16b7988417dbbb074f7c748ba39|eca68250-45aa-4f00-a963-ae6ccfaa3f66
[2016.03.20-21.41.26:430][  0]LogAnalytics: [UEEditor.Rocket.Release] AnalyticsET::StartSession
[2016.03.20-21.41.26:458][  0]LogInit: Transaction tracking system initialized
[2016.03.20-21.41.26:569][  0]BlueprintLog: New page: Editor Load
[2016.03.20-21.41.26:990][  0]LocalizationService: Info Localization service is disabled
[2016.03.20-21.41.27:751][  0]LogConsoleResponse:Display: 
[2016.03.20-21.41.28:089][  0]LogCook:Display: Done creating registry. It took  0.00s.
[2016.03.20-21.41.28:306][  0]LogFileCache: Scanning file cache for directory 'C:/Users/daniel/Documents/Unreal Projects/Group2/Maze_Of_Doom/Content/' took 0.02s
[2016.03.20-21.41.28:306][  0]SourceControl: Info Source control is disabled
[2016.03.20-21.41.28:306][  0]Cmd: MAP LOAD FILE="../../../../../../Users/daniel/Documents/Unreal Projects/Group2/Maze_Of_Doom/Content/ThirdPersonCPP/Maps/ThirdPersonExampleMap.umap" TEMPLATE=0 SHOWPROGRESS=1 FEATURELEVEL=3
[2016.03.20-21.41.28:308][  0]LightingResults: New page: Lighting Build
[2016.03.20-21.41.28:319][  0]MapCheck: New page: Map Check
[2016.03.20-21.41.28:319][  0]LightingResults: New page: Lighting Build
[2016.03.20-21.41.28:362][  0]LogParticles: Destroying 0 GPU particle simulations for FXSystem 0x000001C3ED8EF420
[2016.03.20-21.41.28:873][  0]LogAIModule: Creating AISystem for world ThirdPersonExampleMap
[2016.03.20-21.41.28:893][  0]LogEditorServer: Finished looking for orphan Actors (0.000 secs)
[2016.03.20-21.41.28:895][  0]Cmd: MAP CHECKDEP NOCLEARLOG
[2016.03.20-21.41.29:064][  0]MapCheck: Info Map check complete: 0 Error(s), 0 Warning(s), took 168.782ms to complete.
[2016.03.20-21.41.29:064][  0]LogFileHelpers: Loading map 'ThirdPersonExampleMap' took 0.758
[2016.03.20-21.41.29:285][  0]LogCollectionManager: Loaded 0 collections in 0.009428 seconds
[2016.03.20-21.41.29:340][  0]LogFileCache: Scanning file cache for directory 'C:/Users/daniel/Documents/Unreal Projects/Group2/Maze_Of_Doom/Saved/Collections/' took 0.01s
[2016.03.20-21.41.29:340][  0]LogFileCache: Scanning file cache for directory 'C:/Users/daniel/Documents/Unreal Projects/Group2/Maze_Of_Doom/Content/Developers/daniel/Collections/' took 0.01s
[2016.03.20-21.41.29:340][  0]LogFileCache: Scanning file cache for directory 'C:/Users/daniel/Documents/Unreal Projects/Group2/Maze_Of_Doom/Content/Collections/' took 0.01s
[2016.03.20-21.41.29:340][  0]LogCollectionManager: Rebuilt the GUID cache for 0 collections in 0.000004 seconds
[2016.03.20-21.41.29:368][  0]LogContentBrowser: Native class hierarchy populated in 0.0272 seconds. Added 1895 classes and 340 folders.
[2016.03.20-21.41.29:395][  0]LogContentBrowser: Native class hierarchy updated for 'WidgetCarousel' in 0.0045 seconds. Added 0 classes and 0 folders.
[2016.03.20-21.41.29:550][  0]LogContentBrowser: Native class hierarchy updated for 'AddContentDialog' in 0.0046 seconds. Added 0 classes and 0 folders.
[2016.03.20-21.41.29:584][  0]LogContentBrowser: Native class hierarchy updated for 'SceneOutliner' in 0.0047 seconds. Added 1 classes and 2 folders.
[2016.03.20-21.41.29:649][  0]LogCrashTracker: Crashtracker disabled due to settings.
[2016.03.20-21.41.29:660][  0]LogUObjectGlobals:Warning: Failed to find object 'Class None.'
[2016.03.20-21.41.29:685][  0]LogLoad: Full Startup: 19.57 seconds (BP compile: 0.19 seconds)
[2016.03.20-21.41.30:034][  0]LogOcInput: Can't find Oculus library dev build: is proper Runtime installed? Version: 0.8.0.0
[2016.03.20-21.41.30:146][  0]LogContentStreaming: Texture pool size now 400 MB
[2016.03.20-21.41.30:563][  2]LogRenderer: Reallocating scene render targets to support 832x476 (Frame:2).
[2016.03.20-21.41.32:983][  7]LogAssetRegistry: Asset discovery search completed in 9.3834 seconds
[2016.03.20-21.41.32:983][  7]LogCollectionManager: Rebuilt the object cache for 0 collections in 0.000001 seconds (found 0 objects)
[2016.03.20-21.41.32:983][  7]LogCollectionManager: Fixed up redirectors for 0 collections in 0.000082 seconds (updated 0 objects)
[2016.03.20-21.50.23:165][ 28]LogRenderer: Reallocating scene render targets to support 832x648 (Frame:344).
[2016.03.20-21.50.57:613][924]Running C:/Program Files (x86)/Epic Games/4.10/Engine/Binaries/DotNET/UnrealBuildTool.exe  -projectfiles -project="C:/Users/daniel/Documents/Unreal Projects/Group2/Maze_Of_Doom/Maze_Of_Doom.uproject" -game -rocket -progress -2015
[2016.03.20-21.50.57:917][924]Discovering modules, targets and source code for game...
[2016.03.20-21.51.03:447][924]LogVSAccessor:Warning: Couldn't access Visual Studio
[2016.03.20-21.51.03:450][924]Recompiling Maze_Of_Doom...
[2016.03.20-21.51.03:451][924]Launching UnrealBuildTool... [C:/Program Files (x86)/Epic Games/4.10/Engine/Binaries/DotNET/UnrealBuildTool.exe Maze_Of_Doom -ModuleWithSuffix Maze_Of_Doom 6086 Win64 Development -editorrecompile -canskiplink "C:/Users/daniel/Documents/Unreal Projects/Group2/Maze_Of_Doom/Maze_Of_Doom.uproject" -rocket  -rocket -2015]
[2016.03.20-21.51.29:732][924]CompilerResultsLog: New page: Compilation - Mar 20, 2016, 7:51:29 AM
[2016.03.20-21.51.29:732][924]CompilerResultsLog: Info Creating makefile for hot reloading Maze_Of_Doom (.uproject file is newer)
[2016.03.20-21.51.29:732][924]CompilerResultsLog: Info Compiling game modules for hot reload
[2016.03.20-21.51.29:732][924]CompilerResultsLog: Info Parsing headers for Maze_Of_DoomEditor
[2016.03.20-21.51.29:732][924]CompilerResultsLog: Info   Running UnrealHeaderTool "C:/Users/daniel/Documents/Unreal Projects/Group2/Maze_Of_Doom/Maze_Of_Doom.uproject" "C:\Users\daniel\Documents\Unreal Projects\Group2\Maze_Of_Doom\Intermediate\Build\Win64\Maze_Of_DoomEditor\Development\UnrealHeaderTool.manifest" -LogCmds="loginit warning, logexit warning, logdatabase error" -rocket -installed
[2016.03.20-21.51.29:733][924]CompilerResultsLog: Info Reflection code generated for Maze_Of_DoomEditor in 5.7399671 seconds
[2016.03.20-21.51.29:733][924]CompilerResultsLog: Info Performing 7 actions (4 in parallel)
[2016.03.20-21.51.29:733][924]CompilerResultsLog: Info PCH.Maze_Of_Doom.h.cpp
[2016.03.20-21.51.29:733][924]CompilerResultsLog: Info Maze_Of_Doom.cpp
[2016.03.20-21.51.29:733][924]CompilerResultsLog: Info Pickup.cpp
[2016.03.20-21.51.29:733][924]CompilerResultsLog: Info Maze_Of_DoomGameMode.cpp
[2016.03.20-21.51.29:733][924]CompilerResultsLog: Info Maze_Of_DoomCharacter.cpp
[2016.03.20-21.51.29:733][924]CompilerResultsLog: Info Maze_Of_Doom.generated.cpp
[2016.03.20-21.51.29:733][924]CompilerResultsLog: Info [7/7] Link UE4Editor-Maze_Of_Doom-6086.dll
[2016.03.20-21.51.29:733][924]CompilerResultsLog: Info    Creating library C:\Users\daniel\Documents\Unreal Projects\Group2\Maze_Of_Doom\Intermediate/Build/Win64\UE4Editor\Development\UE4Editor-Maze_Of_Doom-6086.lib and object C:\Users\daniel\Documents\Unreal Projects\Group2\Maze_Of_Doom\Intermediate/Build/Win64\UE4Editor\Development\UE4Editor-Maze_Of_Doom-6086.exp
[2016.03.20-21.51.29:733][924]CompilerResultsLog: Info -------- End Detailed Actions Stats -----------------------------------------------------------
[2016.03.20-21.51.29:733][924]CompilerResultsLog: Info Total build time: 26.24 seconds
[2016.03.20-21.51.29:733][924]LogMainFrame: MainFrame: Module compiling took 26.287 seconds
[2016.03.20-21.51.29:734][924]LogActorComponent: UnregisterComponent: (/Engine/Transient.CharMoveComp) Not registered. Aborting.
[2016.03.20-21.51.29:871][924]LogClass: Could not find existing class Pickup in package /Script/Maze_Of_Doom for HotReload, assuming new class
[2016.03.20-21.51.29:874][924]LogContentBrowser: Native class hierarchy updated for 'Maze_Of_Doom' in 0.0013 seconds. Added 3 classes and 2 folders.
[2016.03.20-21.51.29:876][924]Warning: HotReload successful (0 functions remapped  0 scriptstructs remapped)
[2016.03.20-21.51.29:926][924]LogContentBrowser: Native class hierarchy populated in 0.0082 seconds. Added 1897 classes and 342 folders.
[2016.03.20-21.51.29:927][924]Warning: HotReload operation took 26.5s.
[2016.03.20-21.51.30:005][924]LogHotReload: New module detected: UE4Editor-Maze_Of_Doom-6086.dll
[2016.03.20-21.51.30:029][925]LogHotReload: Starting Hot-Reload from IDE
[2016.03.20-21.51.30:080][925]LogContentBrowser: Native class hierarchy updated for 'Maze_Of_Doom' in 0.0017 seconds. Added 3 classes and 2 folders.
[2016.03.20-21.51.30:084][925]Warning: HotReload successful (0 functions remapped  0 scriptstructs remapped)
[2016.03.20-21.51.30:101][925]LogContentBrowser: Native class hierarchy populated in 0.0133 seconds. Added 1897 classes and 342 folders.
[2016.03.20-21.51.33:648][929]LogVSAccessor:Warning: Couldn't goto line number '0' in 'C:/Users/daniel/Documents/Unreal Projects/Group2/Maze_Of_Doom/Source/Maze_Of_Doom/Pickup.h'
[2016.03.20-21.51.33:916][929]LogVSAccessor:Warning: Couldn't open file 'C:/Users/daniel/Documents/Unreal Projects/Group2/Maze_Of_Doom/Source/Maze_Of_Doom/Pickup.cpp'.
[2016.03.20-21.51.41:721][ 54]Recompiling Maze_Of_Doom...
[2016.03.20-21.51.41:722][ 54]Launching UnrealBuildTool... [C:/Program Files (x86)/Epic Games/4.10/Engine/Binaries/DotNET/UnrealBuildTool.exe Maze_Of_Doom -ModuleWithSuffix Maze_Of_Doom 86 Win64 Development -editorrecompile -canskiplink "C:/Users/daniel/Documents/Unreal Projects/Group2/Maze_Of_Doom/Maze_Of_Doom.uproject" -rocket  -rocket -2015]
[2016.03.20-21.51.41:728][ 54]Warning: Starting HotReload took  0.1s.
[2016.03.20-21.52.11:534][685]CompilerResultsLog: New page: Compilation - Mar 20, 2016, 7:52:11 AM
[2016.03.20-21.52.11:534][685]CompilerResultsLog: Info Creating makefile for hot reloading Maze_Of_Doom (game project files are newer)
[2016.03.20-21.52.11:535][685]CompilerResultsLog: Info Compiling game modules for hot reload
[2016.03.20-21.52.11:535][685]CompilerResultsLog: Info Target is up to date.
[2016.03.20-21.52.11:535][685]LogMainFrame: MainFrame: Module compiling took 29.823 seconds
[2016.03.20-21.59.07:305][279]Recompiling Maze_Of_Doom...
[2016.03.20-21.59.07:306][279]Launching UnrealBuildTool... [C:/Program Files (x86)/Epic Games/4.10/Engine/Binaries/DotNET/UnrealBuildTool.exe Maze_Of_Doom -ModuleWithSuffix Maze_Of_Doom 5194 Win64 Development -editorrecompile -canskiplink "C:/Users/daniel/Documents/Unreal Projects/Group2/Maze_Of_Doom/Maze_Of_Doom.uproject" -rocket  -rocket -2015]
[2016.03.20-21.59.07:312][279]Warning: Starting HotReload took  0.1s.
[2016.03.20-21.59.46:520][283]CompilerResultsLog: New page: Compilation - Mar 20, 2016, 7:59:46 AM
[2016.03.20-21.59.46:520][283]CompilerResultsLog: Info Compiling game modules for hot reload
[2016.03.20-21.59.46:521][283]CompilerResultsLog: Info Parsing headers for Maze_Of_DoomEditor
[2016.03.20-21.59.46:521][283]CompilerResultsLog: Info   Running UnrealHeaderTool "C:/Users/daniel/Documents/Unreal Projects/Group2/Maze_Of_Doom/Maze_Of_Doom.uproject" "C:\Users\daniel\Documents\Unreal Projects\Group2\Maze_Of_Doom\Intermediate\Build\Win64\Maze_Of_DoomEditor\Development\UnrealHeaderTool.manifest" -LogCmds="loginit warning, logexit warning, logdatabase error" -rocket -installed
[2016.03.20-21.59.46:521][283]CompilerResultsLog: Info Reflection code generated for Maze_Of_DoomEditor in 30.3196702 seconds
[2016.03.20-21.59.46:521][283]CompilerResultsLog: Info Performing 3 actions (4 in parallel)
[2016.03.20-21.59.46:521][283]CompilerResultsLog: Info Maze_Of_Doom.generated.cpp
[2016.03.20-21.59.46:521][283]CompilerResultsLog: Info Pickup.cpp
[2016.03.20-21.59.46:522][283]CompilerResultsLog: Info [3/3] Link UE4Editor-Maze_Of_Doom-5194.dll
[2016.03.20-21.59.46:522][283]CompilerResultsLog: Info    Creating library C:\Users\daniel\Documents\Unreal Projects\Group2\Maze_Of_Doom\Intermediate/Build/Win64\UE4Editor\Development\UE4Editor-Maze_Of_Doom-5194.lib and object C:\Users\daniel\Documents\Unreal Projects\Group2\Maze_Of_Doom\Intermediate/Build/Win64\UE4Editor\Development\UE4Editor-Maze_Of_Doom-5194.exp
[2016.03.20-21.59.46:522][283]CompilerResultsLog: Info -------- End Detailed Actions Stats -----------------------------------------------------------
[2016.03.20-21.59.46:522][283]CompilerResultsLog: Info Total build time: 39.02 seconds
[2016.03.20-21.59.46:522][283]LogMainFrame: MainFrame: Module compiling took 39.225 seconds
[2016.03.20-21.59.46:662][283]LogClass: Could not find existing class Pickup in package /Script/Maze_Of_Doom for HotReload, assuming new class
[2016.03.20-21.59.46:671][283]LogHotReload: Re-instancing Pickup after hot-reload.
[2016.03.20-21.59.46:758][283]LogContentBrowser: Native class hierarchy updated for 'Maze_Of_Doom' in 0.0054 seconds. Added 3 classes and 2 folders.
[2016.03.20-21.59.46:763][283]Warning: HotReload successful (0 functions remapped  0 scriptstructs remapped)
[2016.03.20-21.59.46:931][283]LogContentBrowser: Native class hierarchy populated in 0.0312 seconds. Added 1897 classes and 342 folders.
[2016.03.20-22.05.53:978][684]Recompiling Maze_Of_Doom...
[2016.03.20-22.05.53:979][684]Launching UnrealBuildTool... [C:/Program Files (x86)/Epic Games/4.10/Engine/Binaries/DotNET/UnrealBuildTool.exe Maze_Of_Doom -ModuleWithSuffix Maze_Of_Doom 2660 Win64 Development -editorrecompile -canskiplink "C:/Users/daniel/Documents/Unreal Projects/Group2/Maze_Of_Doom/Maze_Of_Doom.uproject" -rocket  -rocket -2015]
[2016.03.20-22.05.53:983][684]Warning: Starting HotReload took  0.1s.
[2016.03.20-22.06.21:416][962]CompilerResultsLog: New page: Compilation - Mar 20, 2016, 8:06:21 AM
[2016.03.20-22.06.21:417][962]CompilerResultsLog: Info Compiling game modules for hot reload
[2016.03.20-22.06.21:417][962]CompilerResultsLog: Info Parsing headers for Maze_Of_DoomEditor
[2016.03.20-22.06.21:417][962]CompilerResultsLog: Info   Running UnrealHeaderTool "C:/Users/daniel/Documents/Unreal Projects/Group2/Maze_Of_Doom/Maze_Of_Doom.uproject" "C:\Users\daniel\Documents\Unreal Projects\Group2\Maze_Of_Doom\Intermediate\Build\Win64\Maze_Of_DoomEditor\Development\UnrealHeaderTool.manifest" -LogCmds="loginit warning, logexit warning, logdatabase error" -rocket -installed
[2016.03.20-22.06.21:417][962]CompilerResultsLog: Info Reflection code generated for Maze_Of_DoomEditor in 21.2840733 seconds
[2016.03.20-22.06.21:417][962]CompilerResultsLog: Info Performing 3 actions (4 in parallel)
[2016.03.20-22.06.21:417][962]CompilerResultsLog: Info Maze_Of_Doom.generated.cpp
[2016.03.20-22.06.21:417][962]CompilerResultsLog: Info Pickup.cpp
[2016.03.20-22.06.21:417][962]CompilerResultsLog:Error: Error c:\users\daniel\documents\unreal projects\group2\maze_of_doom\source\maze_of_doom\Pickup.h(36) : error C2365: 'APickup::isActive': redefinition; previous definition was 'member function'
[2016.03.20-22.06.21:418][962]CompilerResultsLog:Error: Error c:\users\daniel\documents\unreal projects\group2\maze_of_doom\source\maze_of_doom\Pickup.h(28) : note: see declaration of 'APickup::isActive'
[2016.03.20-22.06.21:418][962]CompilerResultsLog:Error: Error C:\Users\daniel\Documents\Unreal Projects\Group2\Maze_Of_Doom\Source\Maze_Of_Doom\Pickup.cpp(14) : error C2659: '=': function as left operand
[2016.03.20-22.06.21:418][962]CompilerResultsLog:Error: Error C:\Users\daniel\Documents\Unreal Projects\Group2\Maze_Of_Doom\Source\Maze_Of_Doom\Pickup.cpp(36) : error C2039: 'IsActive': is not a member of 'APickup'
[2016.03.20-22.06.21:418][962]CompilerResultsLog:Error: Error c:\users\daniel\documents\unreal projects\group2\maze_of_doom\source\maze_of_doom\Pickup.h(9) : note: see declaration of 'APickup'
[2016.03.20-22.06.21:418][962]CompilerResultsLog:Error: Error C:\Users\daniel\Documents\Unreal Projects\Group2\Maze_Of_Doom\Source\Maze_Of_Doom\Pickup.cpp(38) : error C2065: 'isActive': undeclared identifier
[2016.03.20-22.06.21:418][962]CompilerResultsLog:Error: Error C:\Users\daniel\Documents\Unreal Projects\Group2\Maze_Of_Doom\Source\Maze_Of_Doom\Pickup.cpp(44) : error C2659: '=': function as left operand
[2016.03.20-22.06.21:418][962]CompilerResultsLog:Error: Error C:\Users\daniel\Documents\Unreal Projects\Group2\Maze_Of_Doom\Source\Maze_Of_Doom\Pickup.h(36) : error C2365: 'APickup::isActive': redefinition; previous definition was 'member function'
[2016.03.20-22.06.21:418][962]CompilerResultsLog:Error: Error C:\Users\daniel\Documents\Unreal Projects\Group2\Maze_Of_Doom\Source\Maze_Of_Doom\Pickup.h(28) : note: see declaration of 'APickup::isActive'
[2016.03.20-22.06.21:419][962]CompilerResultsLog: Info -------- End Detailed Actions Stats -----------------------------------------------------------
[2016.03.20-22.06.21:419][962]CompilerResultsLog: Info ERROR: UBT ERROR: Failed to produce item: C:\Users\daniel\Documents\Unreal Projects\Group2\Maze_Of_Doom\Binaries\Win64\UE4Editor-Maze_Of_Doom-2660.dll
[2016.03.20-22.06.21:419][962]CompilerResultsLog: Info Total build time: 27.11 seconds
[2016.03.20-22.06.21:419][962]LogMainFrame: MainFrame: Module compiling took 27.449 seconds
[2016.03.20-22.06.21:419][962]Warning: HotReload failed, recompile failed
[2016.03.20-22.06.49:630][ 89]Recompiling Maze_Of_Doom...
[2016.03.20-22.06.49:631][ 89]Launching UnrealBuildTool... [C:/Program Files (x86)/Epic Games/4.10/Engine/Binaries/DotNET/UnrealBuildTool.exe Maze_Of_Doom -ModuleWithSuffix Maze_Of_Doom 2726 Win64 Development -editorrecompile -canskiplink "C:/Users/daniel/Documents/Unreal Projects/Group2/Maze_Of_Doom/Maze_Of_Doom.uproject" -rocket  -rocket -2015]
[2016.03.20-22.06.49:636][ 89]Warning: Starting HotReload took  0.0s.
[2016.03.20-22.06.52:086][229]CompilerResultsLog: New page: Compilation - Mar 20, 2016, 8:06:52 AM
[2016.03.20-22.06.52:086][229]LogMainFrame: MainFrame: Module compiling took 2.463 seconds
[2016.03.20-22.06.52:086][229]Warning: HotReload failed, recompile failed
[2016.03.20-22.07.43:998][620]Recompiling Maze_Of_Doom...
[2016.03.20-22.07.43:998][620]Launching UnrealBuildTool... [C:/Program Files (x86)/Epic Games/4.10/Engine/Binaries/DotNET/UnrealBuildTool.exe Maze_Of_Doom -ModuleWithSuffix Maze_Of_Doom 9646 Win64 Development -editorrecompile -canskiplink "C:/Users/daniel/Documents/Unreal Projects/Group2/Maze_Of_Doom/Maze_Of_Doom.uproject" -rocket  -rocket -2015]
[2016.03.20-22.07.44:002][620]Warning: Starting HotReload took  0.1s.
[2016.03.20-22.08.25:610][870]CompilerResultsLog: New page: Compilation - Mar 20, 2016, 8:08:25 AM
[2016.03.20-22.08.25:611][870]CompilerResultsLog: Info Compiling game modules for hot reload
[2016.03.20-22.08.25:611][870]CompilerResultsLog: Info Parsing headers for Maze_Of_DoomEditor
[2016.03.20-22.08.25:611][870]CompilerResultsLog: Info   Running UnrealHeaderTool "C:/Users/daniel/Documents/Unreal Projects/Group2/Maze_Of_Doom/Maze_Of_Doom.uproject" "C:\Users\daniel\Documents\Unreal Projects\Group2\Maze_Of_Doom\Intermediate\Build\Win64\Maze_Of_DoomEditor\Development\UnrealHeaderTool.manifest" -LogCmds="loginit warning, logexit warning, logdatabase error" -rocket -installed
[2016.03.20-22.08.25:611][870]CompilerResultsLog: Info Reflection code generated for Maze_Of_DoomEditor in 32.3005114 seconds
[2016.03.20-22.08.25:611][870]CompilerResultsLog: Info Performing 3 actions (4 in parallel)
[2016.03.20-22.08.25:611][870]CompilerResultsLog: Info Maze_Of_Doom.generated.cpp
[2016.03.20-22.08.25:611][870]CompilerResultsLog: Info Pickup.cpp
[2016.03.20-22.08.25:612][870]CompilerResultsLog: Info [3/3] Link UE4Editor-Maze_Of_Doom-9646.dll
[2016.03.20-22.08.25:612][870]CompilerResultsLog: Info    Creating library C:\Users\daniel\Documents\Unreal Projects\Group2\Maze_Of_Doom\Intermediate/Build/Win64\UE4Editor\Development\UE4Editor-Maze_Of_Doom-9646.lib and object C:\Users\daniel\Documents\Unreal Projects\Group2\Maze_Of_Doom\Intermediate/Build/Win64\UE4Editor\Development\UE4Editor-Maze_Of_Doom-9646.exp
[2016.03.20-22.08.25:612][870]CompilerResultsLog: Info -------- End Detailed Actions Stats -----------------------------------------------------------
[2016.03.20-22.08.25:612][870]CompilerResultsLog: Info Total build time: 41.45 seconds
[2016.03.20-22.08.25:612][870]LogMainFrame: MainFrame: Module compiling took 41.622 seconds
[2016.03.20-22.08.25:769][870]LogClass: Could not find existing class Pickup in package /Script/Maze_Of_Doom for HotReload, assuming new class
[2016.03.20-22.08.25:769][870]LogClass: Function IsActive is new.
[2016.03.20-22.08.25:769][870]LogClass: Function SetActive is new.
[2016.03.20-22.08.25:780][870]LogHotReload: Re-instancing Pickup after hot-reload.
[2016.03.20-22.08.25:872][870]LogContentBrowser: Native class hierarchy updated for 'Maze_Of_Doom' in 0.0051 seconds. Added 3 classes and 2 folders.
[2016.03.20-22.08.25:876][870]Warning: HotReload successful (0 functions remapped  0 scriptstructs remapped)
[2016.03.20-22.08.26:041][870]LogContentBrowser: Native class hierarchy populated in 0.0300 seconds. Added 1897 classes and 342 folders.
[2016.03.20-22.08.44:123][834]LogWindowsTextInputMethodSystem:Display: IME system now deactivated.
[2016.03.20-22.08.44:595][835]Cmd: QUIT_EDITOR
[2016.03.20-22.08.45:123][835]LogExit: Preparing to exit.
[2016.03.20-22.08.46:154][835]LogExit: Editor shut down
[2016.03.20-22.08.46:158][835]LogExit: Transaction tracking system shut down
[2016.03.20-22.08.46:170][835]LogParticles: Destroying 0 GPU particle simulations for FXSystem 0x000001C3E3F2F560
[2016.03.20-22.08.46:694][835]LogParticles: Destroying 0 GPU particle simulations for FXSystem 0x000001C3F44516C0
[2016.03.20-22.08.46:694][835]LogParticles: Destroying 0 GPU particle simulations for FXSystem 0x000001C3F86F7060
[2016.03.20-22.08.46:694][835]LogExit: Object subsystem successfully closed.
[2016.03.20-22.08.46:745][835]LogD3D11RHI: Shutdown
[2016.03.20-22.08.46:745][835]LogD3D11RHI: CleanupD3DDevice
[2016.03.20-22.08.46:917][835]LogD3D11RHI: ~FD3D11DynamicRHI
[2016.03.20-22.08.46:978][835]LogModuleManager: Shutting down and abandoning module CrashTracker (199)
[2016.03.20-22.08.46:978][835]LogModuleManager: Shutting down and abandoning module SceneOutliner (198)
[2016.03.20-22.08.46:978][835]LogModuleManager: Shutting down and abandoning module SuperSearch (197)
[2016.03.20-22.08.46:978][835]LogModuleManager: Shutting down and abandoning module WidgetCarousel (196)
[2016.03.20-22.08.46:978][835]LogModuleManager: Shutting down and abandoning module AddContentDialog (195)
[2016.03.20-22.08.46:992][835]LogModuleManager: Shutting down and abandoning module EditorWidgets (194)
[2016.03.20-22.08.46:992][835]LogModuleManager: Shutting down and abandoning module CollectionManager (193)
[2016.03.20-22.08.46:993][835]LogModuleManager: Shutting down and abandoning module StatsViewer (192)
[2016.03.20-22.08.46:993][835]LogModuleManager: Shutting down and abandoning module FoliageEdit (191)
[2016.03.20-22.08.46:993][835]LogModuleManager: Shutting down and abandoning module LandscapeEditor (190)
[2016.03.20-22.08.46:993][835]LogModuleManager: Shutting down and abandoning module ActorPickerMode (189)
[2016.03.20-22.08.46:994][835]LogModuleManager: Shutting down and abandoning module GeometryMode (188)
[2016.03.20-22.08.46:994][835]LogModuleManager: Shutting down and abandoning module TextureAlignMode (187)
[2016.03.20-22.08.46:994][835]LogModuleManager: Shutting down and abandoning module BspMode (186)
[2016.03.20-22.08.46:994][835]LogModuleManager: Shutting down and abandoning module PlacementMode (185)
[2016.03.20-22.08.46:994][835]LogModuleManager: Shutting down and abandoning module AutomationWorker (184)
[2016.03.20-22.08.46:994][835]LogModuleManager: Shutting down and abandoning module CharacterAI (183)
[2016.03.20-22.08.46:994][835]LogModuleManager: Shutting down and abandoning module SmartSnapping (182)
[2016.03.20-22.08.46:994][835]LogModuleManager: Shutting down and abandoning module ViewportSnapping (181)
[2016.03.20-22.08.46:994][835]LogModuleManager: Shutting down and abandoning module LogVisualizer (180)
[2016.03.20-22.08.46:994][835]LogModuleManager: Shutting down and abandoning module GameProjectGeneration (179)
[2016.03.20-22.08.46:994][835]LogModuleManager: Shutting down and abandoning module IntroTutorials (178)
[2016.03.20-22.08.46:995][835]LogModuleManager: Shutting down and abandoning module EditorLiveStreaming (177)
[2016.03.20-22.08.46:995][835]LogModuleManager: Shutting down and abandoning module IOSPlatformEditor (176)
[2016.03.20-22.08.46:995][835]LogModuleManager: Shutting down and abandoning module HTML5PlatformEditor (175)
[2016.03.20-22.08.46:995][835]LogModuleManager: Shutting down and abandoning module AndroidDeviceDetection (174)
[2016.03.20-22.08.47:754][835]LogModuleManager: Shutting down and abandoning module AndroidPlatformEditor (173)
[2016.03.20-22.08.47:754][835]LogModuleManager: Shutting down and abandoning module IOSRuntimeSettings (172)
[2016.03.20-22.08.47:754][835]LogModuleManager: Shutting down and abandoning module AndroidRuntimeSettings (171)
[2016.03.20-22.08.47:754][835]LogModuleManager: Shutting down and abandoning module MergeActors (170)
[2016.03.20-22.08.47:754][835]LogModuleManager: Shutting down and abandoning module SizeMap (169)
[2016.03.20-22.08.47:754][835]LogModuleManager: Shutting down and abandoning module TreeMap (168)
[2016.03.20-22.08.47:754][835]LogModuleManager: Shutting down and abandoning module ReferenceViewer (167)
[2016.03.20-22.08.47:754][835]LogModuleManager: Shutting down and abandoning module LocalizationService (166)
[2016.03.20-22.08.47:754][835]LogModuleManager: Shutting down and abandoning module LocalizationDashboard (165)
[2016.03.20-22.08.47:755][835]LogModuleManager: Shutting down and abandoning module HardwareTargeting (164)
[2016.03.20-22.08.47:755][835]LogModuleManager: Shutting down and abandoning module DeviceProfileEditor (163)
[2016.03.20-22.08.47:755][835]LogModuleManager: Shutting down and abandoning module UndoHistory (162)
[2016.03.20-22.08.47:755][835]LogModuleManager: Shutting down and abandoning module GameplayTagsEditor (161)
[2016.03.20-22.08.47:755][835]LogModuleManager: Shutting down and abandoning module UserFeedback (160)
[2016.03.20-22.08.47:755][835]LogModuleManager: Shutting down and abandoning module XmlParser (159)
[2016.03.20-22.08.47:755][835]LogModuleManager: Shutting down and abandoning module Blutility (158)
[2016.03.20-22.08.47:755][835]LogModuleManager: Shutting down and abandoning module ProjectTargetPlatformEditor (157)
[2016.03.20-22.08.47:755][835]LogModuleManager: Shutting down and abandoning module ProjectSettingsViewer (156)
[2016.03.20-22.08.47:756][835]LogModuleManager: Shutting down and abandoning module InputBindingEditor (155)
[2016.03.20-22.08.47:756][835]LogModuleManager: Shutting down and abandoning module EditorSettingsViewer (154)
[2016.03.20-22.08.47:756][835]LogModuleManager: Shutting down and abandoning module SettingsEditor (153)
[2016.03.20-22.08.47:756][835]LogModuleManager: Shutting down and abandoning module ProjectLauncher (152)
[2016.03.20-22.08.47:756][835]LogModuleManager: Shutting down and abandoning module SessionFrontend (151)
[2016.03.20-22.08.47:757][835]LogModuleManager: Shutting down and abandoning module ProfilerClient (150)
[2016.03.20-22.08.47:757][835]LogModuleManager: Shutting down and abandoning module TargetDeviceServices (149)
[2016.03.20-22.08.47:757][835]LogModuleManager: Shutting down and abandoning module DeviceManager (148)
[2016.03.20-22.08.47:758][835]LogModuleManager: Shutting down and abandoning module AutomationController (147)
[2016.03.20-22.08.47:758][835]LogModuleManager: Shutting down and abandoning module AutomationWindow (146)
[2016.03.20-22.08.47:758][835]LogModuleManager: Shutting down and abandoning module Layers (145)
[2016.03.20-22.08.47:758][835]LogModuleManager: Shutting down and abandoning module ComponentVisualizers (144)
[2016.03.20-22.08.47:758][835]LogModuleManager: Shutting down and abandoning module DetailCustomizations (143)
[2016.03.20-22.08.47:758][835]LogModuleManager: Shutting down and abandoning module PackagesDialog (142)
[2016.03.20-22.08.47:758][835]LogModuleManager: Shutting down and abandoning module Persona (141)
[2016.03.20-22.08.47:758][835]LogModuleManager: Shutting down and abandoning module Kismet (140)
[2016.03.20-22.08.47:759][835]LogModuleManager: Shutting down and abandoning module GraphEditor (139)
[2016.03.20-22.08.47:759][835]LogModuleManager: Shutting down and abandoning module ClassViewer (138)
[2016.03.20-22.08.47:763][835]LogModuleManager: Shutting down and abandoning module Toolbox (137)
[2016.03.20-22.08.47:763][835]LogModuleManager: Shutting down and abandoning module ModuleUI (136)
[2016.03.20-22.08.47:763][835]LogModuleManager: Shutting down and abandoning module MovieSceneTools (135)
[2016.03.20-22.08.47:763][835]LogModuleManager: Shutting down and abandoning module OutputLog (134)
[2016.03.20-22.08.47:763][835]LogModuleManager: Shutting down and abandoning module GammaUI (133)
[2016.03.20-22.08.47:763][835]LogModuleManager: Shutting down and abandoning module Documentation (132)
[2016.03.20-22.08.47:763][835]LogModuleManager: Shutting down and abandoning module GameLiveStreaming (131)
[2016.03.20-22.08.47:763][835]LogModuleManager: Shutting down and abandoning module StreamingPauseRendering (130)
[2016.03.20-22.08.47:763][835]LogModuleManager: Shutting down and abandoning module AnalyticsET (129)
[2016.03.20-22.08.47:763][835]LogModuleManager: Shutting down and abandoning module Analytics (128)
[2016.03.20-22.08.47:763][835]LogModuleManager: Shutting down and abandoning module AITestSuite (127)
[2016.03.20-22.08.47:763][835]LogModuleManager: Shutting down and abandoning module GameplayDebugger (126)
[2016.03.20-22.08.47:763][835]LogModuleManager: Shutting down and abandoning module AIModule (125)
[2016.03.20-22.08.47:763][835]LogModuleManager: Shutting down and abandoning module ProfilerService (124)
[2016.03.20-22.08.47:927][835]LogModuleManager: Shutting down and abandoning module TaskGraph (123)
[2016.03.20-22.08.47:927][835]LogModuleManager: Shutting down and abandoning module SlateRemote (122)
[2016.03.20-22.08.47:927][835]LogModuleManager: Shutting down and abandoning module SteamVRController (121)
[2016.03.20-22.08.47:927][835]LogModuleManager: Shutting down and abandoning module SteamVR (120)
[2016.03.20-22.08.47:927][835]LogModuleManager: Shutting down and abandoning module ProceduralMeshComponent (119)
[2016.03.20-22.08.47:927][835]LogModuleManager: Shutting down and abandoning module OculusLibrary (118)
[2016.03.20-22.08.47:927][835]LogModuleManager: Shutting down and abandoning module OculusInput (117)
[2016.03.20-22.08.47:927][835]LogModuleManager: Shutting down and abandoning module LeapMotionController (116)
[2016.03.20-22.08.47:970][835]LogModuleManager: Shutting down and abandoning module CustomMeshComponent (115)
[2016.03.20-22.08.47:970][835]LogModuleManager: Shutting down and abandoning module CableComponent (114)
[2016.03.20-22.08.47:971][835]LogModuleManager: Shutting down and abandoning module ArchVisCharacter (113)
[2016.03.20-22.08.47:971][835]LogModuleManager: Shutting down and abandoning module MessagingDebugger (112)
[2016.03.20-22.08.47:971][835]LogModuleManager: Shutting down and abandoning module MediaPlayerEditor (111)
[2016.03.20-22.08.47:971][835]LogModuleManager: Shutting down and abandoning module HTML5Networking (110)
[2016.03.20-22.08.47:971][835]LogModuleManager: Shutting down and abandoning module SpeedTreeImporter (109)
[2016.03.20-22.08.47:971][835]LogModuleManager: Shutting down and abandoning module PluginBrowser (108)
[2016.03.20-22.08.47:971][835]LogModuleManager: Shutting down and abandoning module EpicSurvey (107)
[2016.03.20-22.08.47:971][835]LogModuleManager: Shutting down and abandoning module DesktopPlatform (106)
[2016.03.20-22.08.47:971][835]LogModuleManager: Shutting down and abandoning module VisualStudioSourceCodeAccess (105)
[2016.03.20-22.08.47:971][835]LogModuleManager: Shutting down and abandoning module UObjectPlugin (104)
[2016.03.20-22.08.47:971][835]LogModuleManager: Shutting down and abandoning module SubversionSourceControl (103)
[2016.03.20-22.08.47:971][835]LogModuleManager: Shutting down and abandoning module PerforceSourceControl (102)
[2016.03.20-22.08.47:972][835]LogModuleManager: Shutting down and abandoning module SourceControl (101)
[2016.03.20-22.08.47:972][835]LogModuleManager: Shutting down and abandoning module GitSourceControl (100)
[2016.03.20-22.08.47:972][835]LogModuleManager: Shutting down and abandoning module LightPropagationVolumeEditor (99)
[2016.03.20-22.08.47:972][835]LogModuleManager: Shutting down and abandoning module PaperTiledImporter (98)
[2016.03.20-22.08.47:972][835]LogModuleManager: Shutting down and abandoning module PaperSpriteSheetImporter (97)
[2016.03.20-22.08.47:972][835]LogModuleManager: Shutting down and abandoning module MeshPaint (96)
[2016.03.20-22.08.47:972][835]LogModuleManager: Shutting down and abandoning module SlateReflector (95)
[2016.03.20-22.08.47:972][835]LogModuleManager: Shutting down and abandoning module HotReload (94)
[2016.03.20-22.08.47:972][835]LogModuleManager: Shutting down and abandoning module MainFrame (93)
[2016.03.20-22.08.47:972][835]LogModuleManager: Shutting down and abandoning module LevelEditor (92)
[2016.03.20-22.08.47:977][835]LogModuleManager: Shutting down and abandoning module DirectoryWatcher (91)
[2016.03.20-22.08.47:985][835]LogModuleManager: Shutting down and abandoning module AssetRegistry (90)
[2016.03.20-22.08.48:133][835]LogModuleManager: Shutting down and abandoning module ContentBrowser (89)
[2016.03.20-22.08.48:135][835]LogModuleManager: Shutting down and abandoning module Paper2DEditor (88)
[2016.03.20-22.08.48:135][835]LogModuleManager: Shutting down and abandoning module Maze_Of_Doom (87)
[2016.03.20-22.08.48:135][835]LogModuleManager: Shutting down and abandoning module UdpMessaging (86)
[2016.03.20-22.08.48:236][835]LogModuleManager: Shutting down and abandoning module LightPropagationVolumeRuntime (85)
[2016.03.20-22.08.48:236][835]LogModuleManager: Shutting down and abandoning module Paper2D (84)
[2016.03.20-22.08.48:236][835]LogModuleManager: Shutting down and abandoning module WindowsMoviePlayer (83)
[2016.03.20-22.08.48:245][835]LogModuleManager: Shutting down and abandoning module Media (82)
[2016.03.20-22.08.48:245][835]LogModuleManager: Shutting down and abandoning module WmfMedia (81)
[2016.03.20-22.08.48:246][835]LogModuleManager: Shutting down and abandoning module OnlineBlueprintSupport (80)
[2016.03.20-22.08.48:246][835]LogModuleManager: Shutting down and abandoning module GameplayTasksEditor (79)
[2016.03.20-22.08.48:246][835]LogModuleManager: Shutting down and abandoning module PropertyEditor (78)
[2016.03.20-22.08.48:246][835]LogModuleManager: Shutting down and abandoning module BehaviorTreeEditor (77)
[2016.03.20-22.08.48:246][835]LogModuleManager: Shutting down and abandoning module FunctionalTesting (76)
[2016.03.20-22.08.48:246][835]LogModuleManager: Shutting down and abandoning module CollisionAnalyzer (75)
[2016.03.20-22.08.48:246][835]LogModuleManager: Shutting down and abandoning module WorkspaceMenuStructure (74)
[2016.03.20-22.08.48:246][835]LogModuleManager: Shutting down and abandoning module MessageLog (73)
[2016.03.20-22.08.48:246][835]LogModuleManager: Shutting down and abandoning module Sequencer (72)
[2016.03.20-22.08.48:247][835]LogModuleManager: Shutting down and abandoning module AssetTools (71)
[2016.03.20-22.08.48:247][835]LogModuleManager: Shutting down and abandoning module UMGEditor (70)
[2016.03.20-22.08.48:247][835]LogModuleManager: Shutting down and abandoning module UMG (69)
[2016.03.20-22.08.48:247][835]LogModuleManager: Shutting down and abandoning module Slate (68)
[2016.03.20-22.08.48:247][835]LogModuleManager: Shutting down and abandoning module EditorStyle (67)
[2016.03.20-22.08.48:256][835]LogModuleManager: Shutting down and abandoning module SessionServices (66)
[2016.03.20-22.08.48:256][835]LogModuleManager: Shutting down and abandoning module SourceCodeAccess (65)
[2016.03.20-22.08.48:256][835]LogModuleManager: Shutting down and abandoning module HeadMountedDisplay (64)
[2016.03.20-22.08.48:256][835]LogModuleManager: Shutting down and abandoning module XAudio2 (63)
[2016.03.20-22.08.48:256][835]LogModuleManager: Shutting down and abandoning module Networking (61)
[2016.03.20-22.08.48:256][835]LogModuleManager: Shutting down and abandoning module Core (60)
[2016.03.20-22.08.48:256][835]LogModuleManager: Shutting down and abandoning module KismetCompiler (59)
[2016.03.20-22.08.48:256][835]LogModuleManager: Shutting down and abandoning module PhysXFormats (58)
[2016.03.20-22.08.48:256][835]LogModuleManager: Shutting down and abandoning module MeshUtilities (57)
[2016.03.20-22.08.48:256][835]LogModuleManager: Shutting down and abandoning module DerivedDataCache (56)
[2016.03.20-22.08.48:314][835]LogDerivedDataCache: Shutdown
[2016.03.20-22.08.48:314][835]LogModuleManager: Shutting down and abandoning module ShaderFormatOpenGL (55)
[2016.03.20-22.08.48:314][835]LogModuleManager: Shutting down and abandoning module ShaderFormatD3D (54)
[2016.03.20-22.08.48:314][835]LogModuleManager: Shutting down and abandoning module MetalShaderFormat (53)
[2016.03.20-22.08.48:314][835]LogModuleManager: Shutting down and abandoning module TextureFormatUncompressed (52)
[2016.03.20-22.08.48:314][835]LogModuleManager: Shutting down and abandoning module TextureFormatPVR (51)
[2016.03.20-22.08.48:314][835]LogModuleManager: Shutting down and abandoning module TextureFormatIntelISPCTexComp (50)
[2016.03.20-22.08.48:314][835]LogModuleManager: Shutting down and abandoning module TextureFormatDXT (49)
[2016.03.20-22.08.48:315][835]LogModuleManager: Shutting down and abandoning module ImageWrapper (48)
[2016.03.20-22.08.48:315][835]LogModuleManager: Shutting down and abandoning module TextureFormatASTC (47)
[2016.03.20-22.08.48:315][835]LogModuleManager: Shutting down and abandoning module TextureFormatAndroid (46)
[2016.03.20-22.08.48:315][835]LogModuleManager: Shutting down and abandoning module AudioFormatOpus (45)
[2016.03.20-22.08.48:315][835]LogModuleManager: Shutting down and abandoning module AudioFormatOgg (44)
[2016.03.20-22.08.48:315][835]LogModuleManager: Shutting down and abandoning module AudioFormatADPCM (43)
[2016.03.20-22.08.48:315][835]LogModuleManager: Shutting down and abandoning module LinuxTargetPlatform (42)
[2016.03.20-22.08.48:315][835]LogModuleManager: Shutting down and abandoning module LinuxServerTargetPlatform (41)
[2016.03.20-22.08.48:316][835]LogModuleManager: Shutting down and abandoning module LinuxNoEditorTargetPlatform (40)
[2016.03.20-22.08.48:316][835]LogModuleManager: Shutting down and abandoning module Messaging (39)
[2016.03.20-22.08.48:316][835]LogModuleManager: Shutting down and abandoning module IOSTargetPlatform (38)
[2016.03.20-22.08.48:316][835]LogModuleManager: Shutting down and abandoning module HTML5TargetPlatform (37)
[2016.03.20-22.08.48:316][835]LogModuleManager: Shutting down and abandoning module Android_PVRTCTargetPlatform (36)
[2016.03.20-22.08.48:316][835]LogModuleManager: Shutting down and abandoning module Android_MultiTargetPlatform (35)
[2016.03.20-22.08.48:316][835]LogModuleManager: Shutting down and abandoning module Android_ETC2TargetPlatform (34)
[2016.03.20-22.08.48:316][835]LogModuleManager: Shutting down and abandoning module Android_ETC1TargetPlatform (33)
[2016.03.20-22.08.48:316][835]LogModuleManager: Shutting down and abandoning module Android_DXTTargetPlatform (32)
[2016.03.20-22.08.48:316][835]LogModuleManager: Shutting down and abandoning module Android_ATCTargetPlatform (31)
[2016.03.20-22.08.48:316][835]LogModuleManager: Shutting down and abandoning module Android_ASTCTargetPlatform (30)
[2016.03.20-22.08.48:316][835]LogModuleManager: Shutting down and abandoning module AndroidTargetPlatform (29)
[2016.03.20-22.08.48:316][835]LogModuleManager: Shutting down and abandoning module WindowsTargetPlatform (28)
[2016.03.20-22.08.48:316][835]LogModuleManager: Shutting down and abandoning module WindowsServerTargetPlatform (27)
[2016.03.20-22.08.48:316][835]LogModuleManager: Shutting down and abandoning module WindowsNoEditorTargetPlatform (26)
[2016.03.20-22.08.48:316][835]LogModuleManager: Shutting down and abandoning module WindowsClientTargetPlatform (25)
[2016.03.20-22.08.48:316][835]LogModuleManager: Shutting down and abandoning module AllDesktopTargetPlatform (24)
[2016.03.20-22.08.48:316][835]LogModuleManager: Shutting down and abandoning module TargetPlatform (23)
[2016.03.20-22.08.48:317][835]LogModuleManager: Shutting down and abandoning module InputCore (22)
[2016.03.20-22.08.48:317][835]LogModuleManager: Shutting down and abandoning module Settings (21)
[2016.03.20-22.08.48:317][835]LogModuleManager: Shutting down and abandoning module OnlineSubsystem (19)
[2016.03.20-22.08.48:317][835]LogModuleManager: Shutting down and abandoning module HTTP (18)
[2016.03.20-22.08.50:322][835]LogModuleManager: Shutting down and abandoning module XMPP (17)
[2016.03.20-22.08.50:322][835]LogModuleManager: Shutting down and abandoning module OculusRift (16)
[2016.03.20-22.08.50:322][835]LogModuleManager: Shutting down and abandoning module ExampleDeviceProfileSelector (15)
[2016.03.20-22.08.50:322][835]LogModuleManager: Shutting down and abandoning module TextureCompressor (14)
[2016.03.20-22.08.50:322][835]LogModuleManager: Shutting down and abandoning module ShaderCore (13)
[2016.03.20-22.08.50:322][835]LogModuleManager: Shutting down and abandoning module Landscape (12)
[2016.03.20-22.08.50:322][835]LogModuleManager: Shutting down and abandoning module SlateRHIRenderer (11)
[2016.03.20-22.08.50:329][835]LogModuleManager: Shutting down and abandoning module OpenGLDrv (10)
[2016.03.20-22.08.50:329][835]LogModuleManager: Shutting down and abandoning module D3D11RHI (9)
[2016.03.20-22.08.50:329][835]LogModuleManager: Shutting down and abandoning module AnimGraphRuntime (8)
[2016.03.20-22.08.50:329][835]LogModuleManager: Shutting down and abandoning module Renderer (7)
[2016.03.20-22.08.50:329][835]LogModuleManager: Shutting down and abandoning module Engine (6)
[2016.03.20-22.08.50:329][835]LogModuleManager: Shutting down and abandoning module CoreUObject (5)
[2016.03.20-22.08.50:329][835]LogModuleManager: Shutting down and abandoning module NetworkFile (4)
[2016.03.20-22.08.50:329][835]LogModuleManager: Shutting down and abandoning module StreamingFile (3)
[2016.03.20-22.08.50:329][835]LogModuleManager: Shutting down and abandoning module SandboxFile (2)
[2016.03.20-22.08.50:329][835]LogModuleManager: Shutting down and abandoning module PakFile (1)
[2016.03.20-22.08.50:333][835]LogExit: Exiting.
[2016.03.20-22.08.50:343][835]Log file closed, 03/20/16 15:08:50
