[2016.03.31-01.47.18:559][  0]Log file open, 03/30/16 18:47:18
[2016.03.31-01.47.18:559][  0]LogInit:Display: Running engine for game: Maze_Of_Doom
[2016.03.31-01.47.18:559][  0]LogPlatformFile: Not using cached read wrapper
[2016.03.31-01.47.18:559][  0]LogInit:Display: RandInit(-1290113830) SRandInit(-1290113829).
[2016.03.31-01.47.18:559][  0]LogTaskGraph: Started task graph with 4 named threads and 7 total threads.
[2016.03.31-01.47.18:559][  0]LogStats: Stats thread started at 0.073546
[2016.03.31-01.47.18:559][  0]LogInit: Version: 4.10.2-2818068+++depot+UE4-Releases+4.10
[2016.03.31-01.47.18:559][  0]LogInit: API Version: 2758231
[2016.03.31-01.47.18:559][  0]LogInit: Compiled (64-bit): Jan  6 2016 17:36:42
[2016.03.31-01.47.18:559][  0]LogInit: Compiled with Visual C++: 19.00.23026.00
[2016.03.31-01.47.18:559][  0]LogInit: Build Configuration: Development
[2016.03.31-01.47.18:559][  0]LogInit: Branch Name: ++depot+UE4-Releases+4.10
[2016.03.31-01.47.18:559][  0]LogInit: Command line:  
[2016.03.31-01.47.18:559][  0]LogInit: Base directory: C:/Program Files (x86)/Epic Games/4.10/Engine/Binaries/Win64/
[2016.03.31-01.47.18:559][  0]LogInit: Rocket: 1
[2016.03.31-01.47.18:567][  0]LogInit: Using libcurl 7.41.0
[2016.03.31-01.47.18:567][  0]LogInit:  - built for x86_64-pc-win32
[2016.03.31-01.47.18:567][  0]LogInit:  - supports SSL with WinSSL
[2016.03.31-01.47.18:567][  0]LogInit:  - other features:
[2016.03.31-01.47.18:567][  0]LogInit:      CURL_VERSION_SSL
[2016.03.31-01.47.18:567][  0]LogInit:      CURL_VERSION_IPV6
[2016.03.31-01.47.18:567][  0]LogInit:      CURL_VERSION_ASYNCHDNS
[2016.03.31-01.47.18:567][  0]LogInit:      CURL_VERSION_LARGEFILE
[2016.03.31-01.47.18:567][  0]LogInit:      CURL_VERSION_IDN
[2016.03.31-01.47.18:567][  0]LogInit:  CurlRequestOptions (configurable via config and command line):
[2016.03.31-01.47.18:567][  0]LogInit:  - bVerifyPeer = true  - Libcurl will verify peer certificate
[2016.03.31-01.47.18:567][  0]LogInit:  - bUseHttpProxy = false  - Libcurl will NOT use HTTP proxy
[2016.03.31-01.47.18:567][  0]LogInit:  - bDontReuseConnections = false  - Libcurl will reuse connections
[2016.03.31-01.47.18:567][  0]LogInit:  - CertBundlePath = nullptr  - Libcurl will use whatever was configured at build time.
[2016.03.31-01.47.18:574][  0]LogInit: Presizing for 0 objects not considered by GC, pre-allocating 0 bytes.
[2016.03.31-01.47.18:579][  0]LogInit: Object subsystem initialized
[2016.03.31-01.47.18:580][  0]LogInit: Selected Device Profile: [Windows]
[2016.03.31-01.47.18:580][  0]LogInit: Applying CVar settings loaded from the selected device profile: [Windows]
[2016.03.31-01.47.18:589][  0]LogInit: Computer: DAVIDMIERKE
[2016.03.31-01.47.18:589][  0]LogInit: User: David
[2016.03.31-01.47.18:589][  0]LogInit: CPU Page size=4096, Cores=4
[2016.03.31-01.47.18:589][  0]LogInit: High frequency timer resolution =2.533205 MHz
[2016.03.31-01.47.18:589][  0]LogMemory: Memory total: Physical=16.0GB (16GB approx)
[2016.03.31-01.47.18:589][  0]LogMemory: Platform Memory Stats for Windows
[2016.03.31-01.47.18:589][  0]LogMemory: Process Physical Memory: 56.16 MB used, 56.16 MB peak
[2016.03.31-01.47.18:589][  0]LogMemory: Process Virtual Memory: 58.80 MB used, 58.80 MB peak
[2016.03.31-01.47.18:589][  0]LogMemory: Physical Memory: 6779.23 MB used, 16333.18 MB total
[2016.03.31-01.47.18:589][  0]LogMemory: Virtual Memory: 384.79 MB used, 134217728.00 MB total
[2016.03.31-01.47.18:621][  0]LogTextLocalizationManager: No specific translations for ('en-US') exist, so ('en') translations will be used.
[2016.03.31-01.47.19:028][  0]LogD3D11RHI: Found D3D11 adapter 0: NVIDIA GeForce GTX 965M (Feature Level 11_0)
[2016.03.31-01.47.19:028][  0]LogD3D11RHI: Adapter has 1969MB of dedicated video memory, 0MB of dedicated system memory, and 8166MB of shared system memory, 1 output[s]
[2016.03.31-01.47.19:029][  0]LogD3D11RHI: Found D3D11 adapter 1: Microsoft Basic Render Driver (Feature Level 11_0)
[2016.03.31-01.47.19:029][  0]LogD3D11RHI: Adapter has 0MB of dedicated video memory, 0MB of dedicated system memory, and 8166MB of shared system memory, 0 output[s]
[2016.03.31-01.47.19:029][  0]LogD3D11RHI: Chosen D3D11 Adapter Id = 0
[2016.03.31-01.47.19:037][  0]LogD3D11RHI: !Direct3DDevice
[2016.03.31-01.47.19:037][  0]LogRHI: Texture pool is 1361 MB (70% of 1945 MB)
[2016.03.31-01.47.19:053][  0]LogD3D11RHI: Async texture creation enabled
[2016.03.31-01.47.19:071][  0]LogShaderCompilers: Guid format shader working directory is -23 characters bigger than the processId version (../../../../../../Users/David/Desktop/ASU/SER432/Group2/Maze_Of_Doom/Intermediate/Shaders/WorkingDirectory/10628/).
[2016.03.31-01.47.19:071][  0]LogShaderCompilers: Cleaned the shader compiler working directory 'C:/Users/David/AppData/Local/Temp/UnrealShaderWorkingDir/57B598A6460912F878AA5687AD7D1CEF/'.
[2016.03.31-01.47.19:071][  0]LogShaderCompilers:Display: Using Local Shader Compiler.
[2016.03.31-01.47.19:770][  0]LogTemp:Display: Loaded TP AllDesktopTargetPlatform
[2016.03.31-01.47.19:775][  0]LogTemp:Display: Loaded TP WindowsClientTargetPlatform
[2016.03.31-01.47.19:780][  0]LogTemp:Display: Loaded TP WindowsNoEditorTargetPlatform
[2016.03.31-01.47.19:784][  0]LogTemp:Display: Loaded TP WindowsServerTargetPlatform
[2016.03.31-01.47.19:789][  0]LogTemp:Display: Loaded TP WindowsTargetPlatform
[2016.03.31-01.47.19:791][  0]LogTemp:Display: Loaded TP AndroidTargetPlatform
[2016.03.31-01.47.19:794][  0]LogTemp:Display: Loaded TP Android_ASTCTargetPlatform
[2016.03.31-01.47.19:796][  0]LogTemp:Display: Loaded TP Android_ATCTargetPlatform
[2016.03.31-01.47.19:800][  0]LogTemp:Display: Loaded TP Android_DXTTargetPlatform
[2016.03.31-01.47.19:805][  0]LogTemp:Display: Loaded TP Android_ETC1TargetPlatform
[2016.03.31-01.47.19:809][  0]LogTemp:Display: Loaded TP Android_ETC2TargetPlatform
[2016.03.31-01.47.19:814][  0]LogTemp:Display: Loaded TP Android_MultiTargetPlatform
[2016.03.31-01.47.19:814][  0]LogTemp:Display: Loaded TP Android_PVRTCTargetPlatform
[2016.03.31-01.47.19:815][  0]LogTemp:Display: Loaded TP HTML5TargetPlatform
[2016.03.31-01.47.19:833][  0]LogTemp:Display: Loaded TP IOSTargetPlatform
[2016.03.31-01.47.19:835][  0]LogTemp:Display: Loaded TP LinuxNoEditorTargetPlatform
[2016.03.31-01.47.19:838][  0]LogTemp:Display: Loaded TP LinuxServerTargetPlatform
[2016.03.31-01.47.19:841][  0]LogTemp:Display: Loaded TP LinuxTargetPlatform
[2016.03.31-01.47.19:841][  0]LogTargetPlatformManager:Display: Building Assets For Windows
[2016.03.31-01.47.19:923][  0]LogDerivedDataCache:Display: Max Cache Size: 512 MB
[2016.03.31-01.47.19:963][  0]LogDerivedDataCache: Loaded boot cache 0.04s 42MB C:/Users/David/AppData/Local/UnrealEngine/4.10/DerivedDataCache/Boot.ddc.
[2016.03.31-01.47.19:963][  0]LogDerivedDataCache:Display: Loaded Boot cache: C:/Users/David/AppData/Local/UnrealEngine/4.10/DerivedDataCache/Boot.ddc
[2016.03.31-01.47.19:963][  0]LogDerivedDataCache: FDerivedDataBackendGraph:  Pak pak cache file ../../../../../../Users/David/Desktop/ASU/SER432/Group2/Maze_Of_Doom/DerivedDataCache/DDC.ddp not found, will not use a pak cache.
[2016.03.31-01.47.19:963][  0]LogDerivedDataCache: Unable to find inner node Pak for hierarchical cache Hierarchy.
[2016.03.31-01.47.19:963][  0]LogDerivedDataCache: FDerivedDataBackendGraph:  CompressedPak pak cache file ../../../../../../Users/David/Desktop/ASU/SER432/Group2/Maze_Of_Doom/DerivedDataCache/Compressed.ddp not found, will not use a pak cache.
[2016.03.31-01.47.19:963][  0]LogDerivedDataCache: Unable to find inner node CompressedPak for hierarchical cache Hierarchy.
[2016.03.31-01.47.20:014][  0]LogDerivedDataCache:Display: Pak cache opened for reading ../../../Engine/DerivedDataCache/Compressed.ddp.
[2016.03.31-01.47.20:026][  0]LogDerivedDataCache: Using Local data cache path C:/Users/David/AppData/Local/UnrealEngine/Common/DerivedDataCache: Writable
[2016.03.31-01.47.20:194][  0]LogInit: Selected Device Profile: [Windows]
[2016.03.31-01.47.20:197][  0]LogContentStreaming: Texture pool size is 0.000000MB
[2016.03.31-01.47.20:293][  0]LogMeshUtilities: No automatic mesh reduction module available
[2016.03.31-01.47.20:293][  0]LogMeshUtilities: No automatic mesh merging module available
[2016.03.31-01.47.20:481][  0]LogInit: WinSock: version 1.1 (2.2), MaxSocks=32767, MaxUdp=65467
[2016.03.31-01.47.21:130][  0]UdpMessaging: Initializing bridge on interface 0.0.0.0:0 to multicast group 230.0.0.1:6666.
[2016.03.31-01.47.21:357][  0]LogAssetRegistry: FAssetRegistry took 0.0106 seconds to start up
[2016.03.31-01.47.21:505][  0]SourceControl: Info Source control is disabled
[2016.03.31-01.47.21:535][  0]SourceControl: Info Source control is disabled
[2016.03.31-01.47.21:548][  0]SourceControl: Info Source control is disabled
[2016.03.31-01.47.21:563][  0]SourceControl: Info Source control is disabled
[2016.03.31-01.47.21:807][  0]LogObj: 33994 objects as part of root set at end of initial load.
[2016.03.31-01.47.21:807][  0]LogUObjectAllocator: 8001952 out of 0 bytes used by permanent object pool.
[2016.03.31-01.47.21:860][  0]LogEngine: Initializing Engine...
[2016.03.31-01.47.21:863][  0]LogHMD: Can't find Oculus library dev build: is proper Runtime installed? Version: 0.8.0.0
[2016.03.31-01.47.21:864][  0]LogHMD: SteamVR failed to initialize.  Err: 110
[2016.03.31-01.47.21:974][  0]LogAIModule: Creating AISystem for world NewWorld
[2016.03.31-01.47.21:979][  0]LogInit: XAudio2 using 'Speakers (Realtek High Definition Audio)' : 2 channels at 48 kHz using 32 bits per sample (channel mask 0x3)
[2016.03.31-01.47.22:219][  0]LogInit: FAudioDevice initialized.
[2016.03.31-01.47.22:239][  0]LogDerivedDataCache: Saved boot cache 0.02s 42MB C:/Users/David/AppData/Local/UnrealEngine/4.10/DerivedDataCache/Boot.ddc.
[2016.03.31-01.47.22:243][  0]LogInit: Texture streaming: Enabled
[2016.03.31-01.47.22:248][  0]LogAnalytics: Creating configured Analytics provider AnalyticsET
[2016.03.31-01.47.22:248][  0]LogAnalytics: [UEEditor.Rocket.Release] APIServer = http://et2.epicgames.com/ET2/. AppVersion = 4.10.2-2818068+++depot+UE4-Releases+4.10
[2016.03.31-01.47.22:248][  0]LogAnalytics: [UEEditor.Rocket.Release] SetUserId f3fd65ed42405c16483d24826775683a|859fd02483094003b2ff534449d086e1|f7dbdf05-1b9e-457e-a434-53e302263073
[2016.03.31-01.47.22:248][  0]LogAnalytics: [UEEditor.Rocket.Release] AnalyticsET::StartSession
[2016.03.31-01.47.22:259][  0]LogInit: Transaction tracking system initialized
[2016.03.31-01.47.22:286][  0]BlueprintLog: New page: Editor Load
[2016.03.31-01.47.22:379][  0]LocalizationService: Info Localization service is disabled
[2016.03.31-01.47.22:447][  0]LogConsoleResponse:Display: 
[2016.03.31-01.47.22:539][  0]LogCook:Display: Done creating registry. It took  0.00s.
[2016.03.31-01.47.22:598][  0]LogFileCache: Scanning file cache for directory 'C:/Users/David/Desktop/ASU/SER432/Group2/Maze_Of_Doom/Content/' took 0.02s
[2016.03.31-01.47.22:598][  0]SourceControl: Info Source control is disabled
[2016.03.31-01.47.22:598][  0]Cmd: MAP LOAD FILE="../../../../../../Users/David/Desktop/ASU/SER432/Group2/Maze_Of_Doom/Content/ThirdPersonCPP/Maps/ThirdPersonExampleMap.umap" TEMPLATE=0 SHOWPROGRESS=1 FEATURELEVEL=3
[2016.03.31-01.47.22:598][  0]LogEditorServer:Warning: Can't find file '../../../../../../Users/David/Desktop/ASU/SER432/Group2/Maze_Of_Doom/Content/ThirdPersonCPP/Maps/ThirdPersonExampleMap.umap'
[2016.03.31-01.47.22:598][  0]Cmd: MAP CHECKDEP NOCLEARLOG
[2016.03.31-01.47.22:635][  0]MapCheck: Info Map check complete: 0 Error(s), 0 Warning(s), took 36.051ms to complete.
[2016.03.31-01.47.22:635][  0]LogFileHelpers: Loading map 'ThirdPersonExampleMap' took 0.036
[2016.03.31-01.47.22:754][  0]LogCollectionManager: Loaded 0 collections in 0.002269 seconds
[2016.03.31-01.47.22:792][  0]LogFileCache: Scanning file cache for directory 'C:/Users/David/Desktop/ASU/SER432/Group2/Maze_Of_Doom/Saved/Collections/' took 0.01s
[2016.03.31-01.47.22:792][  0]LogFileCache: Scanning file cache for directory 'C:/Users/David/Desktop/ASU/SER432/Group2/Maze_Of_Doom/Content/Developers/David/Collections/' took 0.01s
[2016.03.31-01.47.22:792][  0]LogFileCache: Scanning file cache for directory 'C:/Users/David/Desktop/ASU/SER432/Group2/Maze_Of_Doom/Content/Collections/' took 0.01s
[2016.03.31-01.47.22:792][  0]LogCollectionManager: Rebuilt the GUID cache for 0 collections in 0.000001 seconds
[2016.03.31-01.47.22:800][  0]LogContentBrowser: Native class hierarchy populated in 0.0071 seconds. Added 1898 classes and 340 folders.
[2016.03.31-01.47.22:807][  0]LogContentBrowser: Native class hierarchy updated for 'WidgetCarousel' in 0.0012 seconds. Added 0 classes and 0 folders.
[2016.03.31-01.47.22:845][  0]LogContentBrowser: Native class hierarchy updated for 'AddContentDialog' in 0.0012 seconds. Added 0 classes and 0 folders.
[2016.03.31-01.47.22:854][  0]LogContentBrowser: Native class hierarchy updated for 'SceneOutliner' in 0.0012 seconds. Added 1 classes and 2 folders.
[2016.03.31-01.47.22:870][  0]LogCrashTracker: Crashtracker disabled due to settings.
[2016.03.31-01.47.22:875][  0]LogUObjectGlobals:Warning: Failed to find object 'Class None.'
[2016.03.31-01.47.22:897][  0]LogLoad: Full Startup: 5.10 seconds (BP compile: 0.05 seconds)
[2016.03.31-01.47.22:906][  0]LogWindowsTextInputMethodSystem:Display: IME system now deactivated.
[2016.03.31-01.47.22:907][  0]LogWindowsTextInputMethodSystem:Display: IME system now deactivated.
[2016.03.31-01.47.22:909][  0]LogOcInput: Can't find Oculus library dev build: is proper Runtime installed? Version: 0.8.0.0
[2016.03.31-01.47.22:945][  0]LogContentStreaming: Texture pool size now 1000 MB
[2016.03.31-01.47.23:069][  0]LogRenderer: Reallocating scene render targets to support 1208x572 (Frame:2).
[2016.03.31-01.47.23:176][  2]LogAssetRegistry: Asset discovery search completed in 1.8300 seconds
[2016.03.31-01.47.23:176][  2]LogCollectionManager: Rebuilt the object cache for 0 collections in 0.000000 seconds (found 0 objects)
[2016.03.31-01.47.23:176][  2]LogCollectionManager: Fixed up redirectors for 0 collections in 0.000023 seconds (updated 0 objects)
[2016.03.31-01.47.26:351][356]LogLinker:Warning: Can't resolve asset name
[2016.03.31-01.47.29:555][696]LogClass:Warning: Type mismatch in Direction of Room_C - Previous (ArrayProperty) Current(IntProperty) for package:  FObjectReader
[2016.03.31-01.47.29:687][696]LogAIModule: Creating AISystem for world Level
[2016.03.31-01.47.29:719][696]Cmd: MAP LOAD FILE="../../../../../../Users/David/Desktop/ASU/SER432/Group2/Maze_Of_Doom/Content/Rooms/Level.umap" TEMPLATE=0 SHOWPROGRESS=1 FEATURELEVEL=3
[2016.03.31-01.47.29:719][696]LightingResults: New page: Lighting Build
[2016.03.31-01.47.29:724][696]LogContentBrowser: Native class hierarchy updated for 'StatsViewer' in 0.0016 seconds. Added 5 classes and 0 folders.
[2016.03.31-01.47.29:743][696]LoadErrors: New page: Loading map: Level.umap
[2016.03.31-01.47.29:762][696]MapCheck: New page: Map Check
[2016.03.31-01.47.29:763][696]LightingResults: New page: Lighting Build
[2016.03.31-01.47.29:776][696]LogParticles: Destroying 0 GPU particle simulations for FXSystem 0x000001BC6E7836A0
[2016.03.31-01.47.29:780][696]LogEditorServer: Finished looking for orphan Actors (0.000 secs)
[2016.03.31-01.47.29:811][696]Cmd: MAP CHECKDEP NOCLEARLOG
[2016.03.31-01.47.29:863][696]MapCheck: Info Map check complete: 0 Error(s), 0 Warning(s), took 52.495ms to complete.
[2016.03.31-01.47.29:863][696]LogFileHelpers: Loading map 'Level' took 0.146
[2016.03.31-01.47.34:449][ 54]LogLinker:Warning: Asset '../../../Engine/Content/ArtTools/RenderToTexture/Macros/RenderToTextureMacros.uasset' has been saved with empty engine version. The asset will be loaded but may be incompatible.
[2016.03.31-01.47.34:787][ 54]LogContentBrowser: Native class hierarchy updated for 'BlueprintGraph' in 0.0015 seconds. Added 107 classes and 0 folders.
[2016.03.31-01.47.39:333][393]BlueprintLog: New page: Compile Level
[2016.03.31-01.47.39:395][393]BlueprintEditorCompileResults: Info [0021.60] Compile of Level successful! [in 62 ms]
[2016.03.31-01.47.40:991][520]LogBlueprintUserMessages: Early PlayInEditor Detection: Level '/Game/Rooms/Level.Level:PersistentLevel' has LevelScriptBlueprint '/Game/Rooms/Level.Level:PersistentLevel.Level' with GeneratedClass '/Game/Rooms/Level.Level_C' with ClassGeneratedBy '/Game/Rooms/Level.Level:PersistentLevel.Level'
[2016.03.31-01.47.40:991][520]LogPlayLevel: PlayLevel: No blueprints needed recompiling
[2016.03.31-01.47.40:991][520]PIE: New page: PIE session: Level (Mar 30, 2016, 11:47:40 AM)
[2016.03.31-01.47.40:992][520]LogPlayLevel: Creating play world package: /Game/Rooms/UEDPIE_0_Level
[2016.03.31-01.47.40:996][520]LogPlayLevel: PIE: StaticDuplicateObject took: (0.004574s)
[2016.03.31-01.47.40:997][520]LogAIModule: Creating AISystem for world Level
[2016.03.31-01.47.40:997][520]LogPlayLevel: PIE: World Init took: (0.000948s)
[2016.03.31-01.47.40:997][520]LogPlayLevel: PIE: Created PIE world by copying editor world from /Game/Rooms/Level.Level to /Game/Rooms/UEDPIE_0_Level.Level (0.005843s)
[2016.03.31-01.47.41:033][520]LogInit: XAudio2 using 'Speakers (Realtek High Definition Audio)' : 2 channels at 48 kHz using 32 bits per sample (channel mask 0x3)
[2016.03.31-01.47.41:042][520]LogInit: FAudioDevice initialized.
[2016.03.31-01.47.41:098][520]LogWorld: Game class is 'Maze_Of_DoomGameMode'
[2016.03.31-01.47.41:101][520]LogWorld: Bringing World /Game/Rooms/UEDPIE_0_Level.Level up for play (max tick rate 0) at 2016.03.30-18.47.41
[2016.03.31-01.47.41:101][520]LogActor:Warning: GameSession /Game/Rooms/UEDPIE_0_Level.Level:PersistentLevel.GameSession_0 has natively added scene component(s), but none of them were set as the actor's RootComponent - picking one arbitrarily
[2016.03.31-01.47.41:101][520]LogActor:Warning: GameNetworkManager /Game/Rooms/UEDPIE_0_Level.Level:PersistentLevel.GameNetworkManager_0 has natively added scene component(s), but none of them were set as the actor's RootComponent - picking one arbitrarily
[2016.03.31-01.47.41:102][520]LogWorld: Bringing up level for play took: 0.001877
[2016.03.31-01.47.41:106][520]PIE: Info Play in editor start time for /Game/Rooms/UEDPIE_0_Level 0.461
[2016.03.31-01.47.41:106][520]LogBlueprintUserMessages: Late PlayInEditor Detection: Level '/Game/Rooms/Level.Level:PersistentLevel' has LevelScriptBlueprint '/Game/Rooms/Level.Level:PersistentLevel.Level' with GeneratedClass '/Game/Rooms/Level.Level_C' with ClassGeneratedBy '/Game/Rooms/Level.Level:PersistentLevel.Level'
[2016.03.31-01.47.53:011][651]LogBlueprintUserMessages: Early EndPlayMap Detection: Level '/Game/Rooms/Level.Level:PersistentLevel' has LevelScriptBlueprint '/Game/Rooms/Level.Level:PersistentLevel.Level' with GeneratedClass '/Game/Rooms/Level.Level_C' with ClassGeneratedBy '/Game/Rooms/Level.Level:PersistentLevel.Level'
[2016.03.31-01.47.53:140][651]LogBlueprintUserMessages: Late EndPlayMap Detection: Level '/Game/Rooms/Level.Level:PersistentLevel' has LevelScriptBlueprint '/Game/Rooms/Level.Level:PersistentLevel.Level' with GeneratedClass '/Game/Rooms/Level.Level_C' with ClassGeneratedBy '/Game/Rooms/Level.Level:PersistentLevel.Level'
[2016.03.31-01.47.53:199][651]LogParticles: Destroying 0 GPU particle simulations for FXSystem 0x000001BC0A199DA0
[2016.03.31-01.47.53:199][651]LogParticles: Destroying 0 GPU particle simulations for FXSystem 0x000001BC1DBBEB60
[2016.03.31-01.47.58:003][121]Cmd: OBJ SAVEPACKAGE PACKAGE="/Game/Rooms/Level" FILE="../../../../../../Users/David/Desktop/ASU/SER432/Group2/Maze_Of_Doom/Content/Rooms/Level.umap" SILENT=true AUTOSAVING=false KEEPDIRTY=false
[2016.03.31-01.47.58:242][121]LogSavePackage: Save=164.193588ms
[2016.03.31-01.47.58:242][121]LogSavePackage: Moving '../../../../../../Users/David/Desktop/ASU/SER432/Group2/Maze_Of_Doom/Saved/Level078991824F1732E3AE1402AE53F1AE02.tmp' to '../../../../../../Users/David/Desktop/ASU/SER432/Group2/Maze_Of_Doom/Content/Rooms/Level.umap'
[2016.03.31-01.47.58:249][121]LogSavePackage: Total save time: 186.508790ms
[2016.03.31-01.47.58:249][121]LogSavePackage:Display: Finished SavePackage ../../../../../../Users/David/Desktop/ASU/SER432/Group2/Maze_Of_Doom/Content/Rooms/Level.umap
[2016.03.31-01.47.58:296][121]LogFileHelpers: Saving map 'Level' took 0.438
[2016.03.31-01.50.50:019][684]LogRenderer: Reallocating scene render targets to support 1208x600 (Frame:4944).
[2016.03.31-02.41.10:965][693]LogHttp:Warning: Timeout processing Http request. 000001BC1ADBCF00
[2016.03.31-02.41.52:301][947]LogWindowsTextInputMethodSystem:Display: IME system now deactivated.
[2016.03.31-02.41.52:302][947]LogWindowsTextInputMethodSystem:Display: IME system now deactivated.
[2016.03.31-02.41.52:485][948]Cmd: QUIT_EDITOR
[2016.03.31-02.41.52:693][948]LogExit: Preparing to exit.
[2016.03.31-02.41.53:800][948]LogExit: Editor shut down
[2016.03.31-02.41.53:800][948]LogExit: Transaction tracking system shut down
[2016.03.31-02.41.53:801][948]LogParticles: Destroying 0 GPU particle simulations for FXSystem 0x000001BC60BEFCE0
[2016.03.31-02.41.53:802][948]LogParticles: Destroying 0 GPU particle simulations for FXSystem 0x000001BC06C52700
[2016.03.31-02.41.53:802][948]LogParticles: Destroying 0 GPU particle simulations for FXSystem 0x000001BC06C53100
[2016.03.31-02.41.53:962][948]LogExit: Object subsystem successfully closed.
[2016.03.31-02.41.53:975][948]LogD3D11RHI: Shutdown
[2016.03.31-02.41.53:975][948]LogD3D11RHI: CleanupD3DDevice
[2016.03.31-02.41.54:020][948]LogD3D11RHI: ~FD3D11DynamicRHI
[2016.03.31-02.41.54:033][948]LogModuleManager: Shutting down and abandoning module CookingStats (201)
[2016.03.31-02.41.54:033][948]LogModuleManager: Shutting down and abandoning module BlueprintGraph (200)
[2016.03.31-02.41.54:033][948]LogModuleManager: Shutting down and abandoning module StatsViewer (199)
[2016.03.31-02.41.54:033][948]LogModuleManager: Shutting down and abandoning module CrashTracker (198)
[2016.03.31-02.41.54:033][948]LogModuleManager: Shutting down and abandoning module SceneOutliner (197)
[2016.03.31-02.41.54:033][948]LogModuleManager: Shutting down and abandoning module SuperSearch (196)
[2016.03.31-02.41.54:033][948]LogModuleManager: Shutting down and abandoning module WidgetCarousel (195)
[2016.03.31-02.41.54:033][948]LogModuleManager: Shutting down and abandoning module AddContentDialog (194)
[2016.03.31-02.41.54:034][948]LogModuleManager: Shutting down and abandoning module EditorWidgets (193)
[2016.03.31-02.41.54:034][948]LogModuleManager: Shutting down and abandoning module CollectionManager (192)
[2016.03.31-02.41.54:034][948]LogModuleManager: Shutting down and abandoning module FoliageEdit (191)
[2016.03.31-02.41.54:034][948]LogModuleManager: Shutting down and abandoning module LandscapeEditor (190)
[2016.03.31-02.41.54:034][948]LogModuleManager: Shutting down and abandoning module ActorPickerMode (189)
[2016.03.31-02.41.54:034][948]LogModuleManager: Shutting down and abandoning module GeometryMode (188)
[2016.03.31-02.41.54:034][948]LogModuleManager: Shutting down and abandoning module TextureAlignMode (187)
[2016.03.31-02.41.54:034][948]LogModuleManager: Shutting down and abandoning module BspMode (186)
[2016.03.31-02.41.54:034][948]LogModuleManager: Shutting down and abandoning module PlacementMode (185)
[2016.03.31-02.41.54:034][948]LogModuleManager: Shutting down and abandoning module AutomationWorker (184)
[2016.03.31-02.41.54:034][948]LogModuleManager: Shutting down and abandoning module CharacterAI (183)
[2016.03.31-02.41.54:034][948]LogModuleManager: Shutting down and abandoning module SmartSnapping (182)
[2016.03.31-02.41.54:034][948]LogModuleManager: Shutting down and abandoning module ViewportSnapping (181)
[2016.03.31-02.41.54:034][948]LogModuleManager: Shutting down and abandoning module LogVisualizer (180)
[2016.03.31-02.41.54:034][948]LogModuleManager: Shutting down and abandoning module GameProjectGeneration (179)
[2016.03.31-02.41.54:035][948]LogModuleManager: Shutting down and abandoning module IntroTutorials (178)
[2016.03.31-02.41.54:035][948]LogModuleManager: Shutting down and abandoning module EditorLiveStreaming (177)
[2016.03.31-02.41.54:035][948]LogModuleManager: Shutting down and abandoning module IOSPlatformEditor (176)
[2016.03.31-02.41.54:035][948]LogModuleManager: Shutting down and abandoning module HTML5PlatformEditor (175)
[2016.03.31-02.41.54:035][948]LogModuleManager: Shutting down and abandoning module AndroidDeviceDetection (174)
[2016.03.31-02.41.54:899][948]LogModuleManager: Shutting down and abandoning module AndroidPlatformEditor (173)
[2016.03.31-02.41.54:899][948]LogModuleManager: Shutting down and abandoning module IOSRuntimeSettings (172)
[2016.03.31-02.41.54:899][948]LogModuleManager: Shutting down and abandoning module AndroidRuntimeSettings (171)
[2016.03.31-02.41.54:899][948]LogModuleManager: Shutting down and abandoning module MergeActors (170)
[2016.03.31-02.41.54:899][948]LogModuleManager: Shutting down and abandoning module SizeMap (169)
[2016.03.31-02.41.54:899][948]LogModuleManager: Shutting down and abandoning module TreeMap (168)
[2016.03.31-02.41.54:899][948]LogModuleManager: Shutting down and abandoning module ReferenceViewer (167)
[2016.03.31-02.41.54:899][948]LogModuleManager: Shutting down and abandoning module LocalizationService (166)
[2016.03.31-02.41.54:900][948]LogModuleManager: Shutting down and abandoning module LocalizationDashboard (165)
[2016.03.31-02.41.54:900][948]LogModuleManager: Shutting down and abandoning module HardwareTargeting (164)
[2016.03.31-02.41.54:900][948]LogModuleManager: Shutting down and abandoning module DeviceProfileEditor (163)
[2016.03.31-02.41.54:900][948]LogModuleManager: Shutting down and abandoning module UndoHistory (162)
[2016.03.31-02.41.54:900][948]LogModuleManager: Shutting down and abandoning module GameplayTagsEditor (161)
[2016.03.31-02.41.54:900][948]LogModuleManager: Shutting down and abandoning module UserFeedback (160)
[2016.03.31-02.41.54:900][948]LogModuleManager: Shutting down and abandoning module XmlParser (159)
[2016.03.31-02.41.54:900][948]LogModuleManager: Shutting down and abandoning module Blutility (158)
[2016.03.31-02.41.54:900][948]LogModuleManager: Shutting down and abandoning module ProjectTargetPlatformEditor (157)
[2016.03.31-02.41.54:900][948]LogModuleManager: Shutting down and abandoning module ProjectSettingsViewer (156)
[2016.03.31-02.41.54:900][948]LogModuleManager: Shutting down and abandoning module InputBindingEditor (155)
[2016.03.31-02.41.54:900][948]LogModuleManager: Shutting down and abandoning module EditorSettingsViewer (154)
[2016.03.31-02.41.54:900][948]LogModuleManager: Shutting down and abandoning module SettingsEditor (153)
[2016.03.31-02.41.54:900][948]LogModuleManager: Shutting down and abandoning module ProjectLauncher (152)
[2016.03.31-02.41.54:900][948]LogModuleManager: Shutting down and abandoning module SessionFrontend (151)
[2016.03.31-02.41.54:900][948]LogModuleManager: Shutting down and abandoning module ProfilerClient (150)
[2016.03.31-02.41.54:900][948]LogModuleManager: Shutting down and abandoning module TargetDeviceServices (149)
[2016.03.31-02.41.54:900][948]LogModuleManager: Shutting down and abandoning module DeviceManager (148)
[2016.03.31-02.41.54:900][948]LogModuleManager: Shutting down and abandoning module AutomationController (147)
[2016.03.31-02.41.54:900][948]LogModuleManager: Shutting down and abandoning module AutomationWindow (146)
[2016.03.31-02.41.54:900][948]LogModuleManager: Shutting down and abandoning module Layers (145)
[2016.03.31-02.41.54:900][948]LogModuleManager: Shutting down and abandoning module ComponentVisualizers (144)
[2016.03.31-02.41.54:900][948]LogModuleManager: Shutting down and abandoning module DetailCustomizations (143)
[2016.03.31-02.41.54:900][948]LogModuleManager: Shutting down and abandoning module PackagesDialog (142)
[2016.03.31-02.41.54:919][948]LogModuleManager: Shutting down and abandoning module Persona (141)
[2016.03.31-02.41.54:919][948]LogModuleManager: Shutting down and abandoning module Kismet (140)
[2016.03.31-02.41.54:919][948]LogModuleManager: Shutting down and abandoning module GraphEditor (139)
[2016.03.31-02.41.54:920][948]LogModuleManager: Shutting down and abandoning module ClassViewer (138)
[2016.03.31-02.41.54:920][948]LogModuleManager: Shutting down and abandoning module Toolbox (137)
[2016.03.31-02.41.54:920][948]LogModuleManager: Shutting down and abandoning module ModuleUI (136)
[2016.03.31-02.41.54:920][948]LogModuleManager: Shutting down and abandoning module MovieSceneTools (135)
[2016.03.31-02.41.54:920][948]LogModuleManager: Shutting down and abandoning module OutputLog (134)
[2016.03.31-02.41.54:920][948]LogModuleManager: Shutting down and abandoning module GammaUI (133)
[2016.03.31-02.41.54:920][948]LogModuleManager: Shutting down and abandoning module Documentation (132)
[2016.03.31-02.41.54:920][948]LogModuleManager: Shutting down and abandoning module GameLiveStreaming (131)
[2016.03.31-02.41.54:920][948]LogModuleManager: Shutting down and abandoning module StreamingPauseRendering (130)
[2016.03.31-02.41.54:920][948]LogModuleManager: Shutting down and abandoning module AnalyticsET (129)
[2016.03.31-02.41.54:920][948]LogModuleManager: Shutting down and abandoning module Analytics (128)
[2016.03.31-02.41.54:920][948]LogModuleManager: Shutting down and abandoning module AITestSuite (127)
[2016.03.31-02.41.54:920][948]LogModuleManager: Shutting down and abandoning module GameplayDebugger (126)
[2016.03.31-02.41.54:920][948]LogModuleManager: Shutting down and abandoning module AIModule (125)
[2016.03.31-02.41.54:920][948]LogModuleManager: Shutting down and abandoning module ProfilerService (124)
[2016.03.31-02.41.55:050][948]LogModuleManager: Shutting down and abandoning module TaskGraph (123)
[2016.03.31-02.41.55:050][948]LogModuleManager: Shutting down and abandoning module SlateRemote (122)
[2016.03.31-02.41.55:050][948]LogModuleManager: Shutting down and abandoning module SteamVRController (121)
[2016.03.31-02.41.55:050][948]LogModuleManager: Shutting down and abandoning module SteamVR (120)
[2016.03.31-02.41.55:050][948]LogModuleManager: Shutting down and abandoning module ProceduralMeshComponent (119)
[2016.03.31-02.41.55:050][948]LogModuleManager: Shutting down and abandoning module OculusLibrary (118)
[2016.03.31-02.41.55:050][948]LogModuleManager: Shutting down and abandoning module OculusInput (117)
[2016.03.31-02.41.55:050][948]LogModuleManager: Shutting down and abandoning module LeapMotionController (116)
[2016.03.31-02.41.55:080][948]LogModuleManager: Shutting down and abandoning module CustomMeshComponent (115)
[2016.03.31-02.41.55:080][948]LogModuleManager: Shutting down and abandoning module CableComponent (114)
[2016.03.31-02.41.55:080][948]LogModuleManager: Shutting down and abandoning module ArchVisCharacter (113)
[2016.03.31-02.41.55:080][948]LogModuleManager: Shutting down and abandoning module MessagingDebugger (112)
[2016.03.31-02.41.55:081][948]LogModuleManager: Shutting down and abandoning module MediaPlayerEditor (111)
[2016.03.31-02.41.55:081][948]LogModuleManager: Shutting down and abandoning module HTML5Networking (110)
[2016.03.31-02.41.55:081][948]LogModuleManager: Shutting down and abandoning module SpeedTreeImporter (109)
[2016.03.31-02.41.55:081][948]LogModuleManager: Shutting down and abandoning module PluginBrowser (108)
[2016.03.31-02.41.55:081][948]LogModuleManager: Shutting down and abandoning module EpicSurvey (107)
[2016.03.31-02.41.55:081][948]LogModuleManager: Shutting down and abandoning module DesktopPlatform (106)
[2016.03.31-02.41.55:081][948]LogModuleManager: Shutting down and abandoning module VisualStudioSourceCodeAccess (105)
[2016.03.31-02.41.55:081][948]LogModuleManager: Shutting down and abandoning module UObjectPlugin (104)
[2016.03.31-02.41.55:081][948]LogModuleManager: Shutting down and abandoning module SubversionSourceControl (103)
[2016.03.31-02.41.55:081][948]LogModuleManager: Shutting down and abandoning module PerforceSourceControl (102)
[2016.03.31-02.41.55:081][948]LogModuleManager: Shutting down and abandoning module SourceControl (101)
[2016.03.31-02.41.55:081][948]LogModuleManager: Shutting down and abandoning module GitSourceControl (100)
[2016.03.31-02.41.55:081][948]LogModuleManager: Shutting down and abandoning module LightPropagationVolumeEditor (99)
[2016.03.31-02.41.55:081][948]LogModuleManager: Shutting down and abandoning module PaperTiledImporter (98)
[2016.03.31-02.41.55:081][948]LogModuleManager: Shutting down and abandoning module PaperSpriteSheetImporter (97)
[2016.03.31-02.41.55:081][948]LogModuleManager: Shutting down and abandoning module MeshPaint (96)
[2016.03.31-02.41.55:081][948]LogModuleManager: Shutting down and abandoning module SlateReflector (95)
[2016.03.31-02.41.55:081][948]LogModuleManager: Shutting down and abandoning module HotReload (94)
[2016.03.31-02.41.55:081][948]LogModuleManager: Shutting down and abandoning module MainFrame (93)
[2016.03.31-02.41.55:081][948]LogModuleManager: Shutting down and abandoning module LevelEditor (92)
[2016.03.31-02.41.55:082][948]LogModuleManager: Shutting down and abandoning module DirectoryWatcher (91)
[2016.03.31-02.41.55:082][948]LogModuleManager: Shutting down and abandoning module AssetRegistry (90)
[2016.03.31-02.41.55:159][948]LogModuleManager: Shutting down and abandoning module ContentBrowser (89)
[2016.03.31-02.41.55:160][948]LogModuleManager: Shutting down and abandoning module Paper2DEditor (88)
[2016.03.31-02.41.55:160][948]LogModuleManager: Shutting down and abandoning module Maze_Of_Doom (87)
[2016.03.31-02.41.55:160][948]LogModuleManager: Shutting down and abandoning module UdpMessaging (86)
[2016.03.31-02.41.55:261][948]LogModuleManager: Shutting down and abandoning module LightPropagationVolumeRuntime (85)
[2016.03.31-02.41.55:261][948]LogModuleManager: Shutting down and abandoning module Paper2D (84)
[2016.03.31-02.41.55:261][948]LogModuleManager: Shutting down and abandoning module WindowsMoviePlayer (83)
[2016.03.31-02.41.55:263][948]LogModuleManager: Shutting down and abandoning module Media (82)
[2016.03.31-02.41.55:263][948]LogModuleManager: Shutting down and abandoning module WmfMedia (81)
[2016.03.31-02.41.55:263][948]LogModuleManager: Shutting down and abandoning module OnlineBlueprintSupport (80)
[2016.03.31-02.41.55:263][948]LogModuleManager: Shutting down and abandoning module GameplayTasksEditor (79)
[2016.03.31-02.41.55:263][948]LogModuleManager: Shutting down and abandoning module PropertyEditor (78)
[2016.03.31-02.41.55:263][948]LogModuleManager: Shutting down and abandoning module BehaviorTreeEditor (77)
[2016.03.31-02.41.55:263][948]LogModuleManager: Shutting down and abandoning module FunctionalTesting (76)
[2016.03.31-02.41.55:263][948]LogModuleManager: Shutting down and abandoning module CollisionAnalyzer (75)
[2016.03.31-02.41.55:263][948]LogModuleManager: Shutting down and abandoning module WorkspaceMenuStructure (74)
[2016.03.31-02.41.55:263][948]LogModuleManager: Shutting down and abandoning module MessageLog (73)
[2016.03.31-02.41.55:263][948]LogModuleManager: Shutting down and abandoning module Sequencer (72)
[2016.03.31-02.41.55:263][948]LogModuleManager: Shutting down and abandoning module AssetTools (71)
[2016.03.31-02.41.55:263][948]LogModuleManager: Shutting down and abandoning module UMGEditor (70)
[2016.03.31-02.41.55:263][948]LogModuleManager: Shutting down and abandoning module UMG (69)
[2016.03.31-02.41.55:263][948]LogModuleManager: Shutting down and abandoning module Slate (68)
[2016.03.31-02.41.55:263][948]LogModuleManager: Shutting down and abandoning module EditorStyle (67)
[2016.03.31-02.41.55:265][948]LogModuleManager: Shutting down and abandoning module SessionServices (66)
[2016.03.31-02.41.55:265][948]LogModuleManager: Shutting down and abandoning module SourceCodeAccess (65)
[2016.03.31-02.41.55:265][948]LogModuleManager: Shutting down and abandoning module HeadMountedDisplay (64)
[2016.03.31-02.41.55:265][948]LogModuleManager: Shutting down and abandoning module XAudio2 (63)
[2016.03.31-02.41.55:265][948]LogModuleManager: Shutting down and abandoning module Networking (61)
[2016.03.31-02.41.55:265][948]LogModuleManager: Shutting down and abandoning module Core (60)
[2016.03.31-02.41.55:265][948]LogModuleManager: Shutting down and abandoning module KismetCompiler (59)
[2016.03.31-02.41.55:265][948]LogModuleManager: Shutting down and abandoning module PhysXFormats (58)
[2016.03.31-02.41.55:265][948]LogModuleManager: Shutting down and abandoning module MeshUtilities (57)
[2016.03.31-02.41.55:265][948]LogModuleManager: Shutting down and abandoning module DerivedDataCache (56)
[2016.03.31-02.41.55:305][948]LogDerivedDataCache: Shutdown
[2016.03.31-02.41.55:306][948]LogModuleManager: Shutting down and abandoning module ShaderFormatOpenGL (55)
[2016.03.31-02.41.55:306][948]LogModuleManager: Shutting down and abandoning module ShaderFormatD3D (54)
[2016.03.31-02.41.55:306][948]LogModuleManager: Shutting down and abandoning module MetalShaderFormat (53)
[2016.03.31-02.41.55:306][948]LogModuleManager: Shutting down and abandoning module TextureFormatUncompressed (52)
[2016.03.31-02.41.55:306][948]LogModuleManager: Shutting down and abandoning module TextureFormatPVR (51)
[2016.03.31-02.41.55:306][948]LogModuleManager: Shutting down and abandoning module TextureFormatIntelISPCTexComp (50)
[2016.03.31-02.41.55:306][948]LogModuleManager: Shutting down and abandoning module TextureFormatDXT (49)
[2016.03.31-02.41.55:306][948]LogModuleManager: Shutting down and abandoning module ImageWrapper (48)
[2016.03.31-02.41.55:306][948]LogModuleManager: Shutting down and abandoning module TextureFormatASTC (47)
[2016.03.31-02.41.55:306][948]LogModuleManager: Shutting down and abandoning module TextureFormatAndroid (46)
[2016.03.31-02.41.55:306][948]LogModuleManager: Shutting down and abandoning module AudioFormatOpus (45)
[2016.03.31-02.41.55:306][948]LogModuleManager: Shutting down and abandoning module AudioFormatOgg (44)
[2016.03.31-02.41.55:306][948]LogModuleManager: Shutting down and abandoning module AudioFormatADPCM (43)
[2016.03.31-02.41.55:306][948]LogModuleManager: Shutting down and abandoning module LinuxTargetPlatform (42)
[2016.03.31-02.41.55:306][948]LogModuleManager: Shutting down and abandoning module LinuxServerTargetPlatform (41)
[2016.03.31-02.41.55:306][948]LogModuleManager: Shutting down and abandoning module LinuxNoEditorTargetPlatform (40)
[2016.03.31-02.41.55:306][948]LogModuleManager: Shutting down and abandoning module Messaging (39)
[2016.03.31-02.41.55:306][948]LogModuleManager: Shutting down and abandoning module IOSTargetPlatform (38)
[2016.03.31-02.41.55:306][948]LogModuleManager: Shutting down and abandoning module HTML5TargetPlatform (37)
[2016.03.31-02.41.55:306][948]LogModuleManager: Shutting down and abandoning module Android_PVRTCTargetPlatform (36)
[2016.03.31-02.41.55:306][948]LogModuleManager: Shutting down and abandoning module Android_MultiTargetPlatform (35)
[2016.03.31-02.41.55:306][948]LogModuleManager: Shutting down and abandoning module Android_ETC2TargetPlatform (34)
[2016.03.31-02.41.55:306][948]LogModuleManager: Shutting down and abandoning module Android_ETC1TargetPlatform (33)
[2016.03.31-02.41.55:306][948]LogModuleManager: Shutting down and abandoning module Android_DXTTargetPlatform (32)
[2016.03.31-02.41.55:306][948]LogModuleManager: Shutting down and abandoning module Android_ATCTargetPlatform (31)
[2016.03.31-02.41.55:306][948]LogModuleManager: Shutting down and abandoning module Android_ASTCTargetPlatform (30)
[2016.03.31-02.41.55:306][948]LogModuleManager: Shutting down and abandoning module AndroidTargetPlatform (29)
[2016.03.31-02.41.55:306][948]LogModuleManager: Shutting down and abandoning module WindowsTargetPlatform (28)
[2016.03.31-02.41.55:306][948]LogModuleManager: Shutting down and abandoning module WindowsServerTargetPlatform (27)
[2016.03.31-02.41.55:306][948]LogModuleManager: Shutting down and abandoning module WindowsNoEditorTargetPlatform (26)
[2016.03.31-02.41.55:306][948]LogModuleManager: Shutting down and abandoning module WindowsClientTargetPlatform (25)
[2016.03.31-02.41.55:306][948]LogModuleManager: Shutting down and abandoning module AllDesktopTargetPlatform (24)
[2016.03.31-02.41.55:306][948]LogModuleManager: Shutting down and abandoning module TargetPlatform (23)
[2016.03.31-02.41.55:306][948]LogModuleManager: Shutting down and abandoning module InputCore (22)
[2016.03.31-02.41.55:306][948]LogModuleManager: Shutting down and abandoning module Settings (21)
[2016.03.31-02.41.55:306][948]LogModuleManager: Shutting down and abandoning module OnlineSubsystem (19)
[2016.03.31-02.41.55:306][948]LogModuleManager: Shutting down and abandoning module HTTP (18)
[2016.03.31-02.41.57:308][948]LogModuleManager: Shutting down and abandoning module XMPP (17)
[2016.03.31-02.41.57:308][948]LogModuleManager: Shutting down and abandoning module OculusRift (16)
[2016.03.31-02.41.57:308][948]LogModuleManager: Shutting down and abandoning module ExampleDeviceProfileSelector (15)
[2016.03.31-02.41.57:308][948]LogModuleManager: Shutting down and abandoning module TextureCompressor (14)
[2016.03.31-02.41.57:308][948]LogModuleManager: Shutting down and abandoning module ShaderCore (13)
[2016.03.31-02.41.57:308][948]LogModuleManager: Shutting down and abandoning module Landscape (12)
[2016.03.31-02.41.57:308][948]LogModuleManager: Shutting down and abandoning module SlateRHIRenderer (11)
[2016.03.31-02.41.57:308][948]LogModuleManager: Shutting down and abandoning module OpenGLDrv (10)
[2016.03.31-02.41.57:309][948]LogModuleManager: Shutting down and abandoning module D3D11RHI (9)
[2016.03.31-02.41.57:309][948]LogModuleManager: Shutting down and abandoning module AnimGraphRuntime (8)
[2016.03.31-02.41.57:309][948]LogModuleManager: Shutting down and abandoning module Renderer (7)
[2016.03.31-02.41.57:309][948]LogModuleManager: Shutting down and abandoning module Engine (6)
[2016.03.31-02.41.57:309][948]LogModuleManager: Shutting down and abandoning module CoreUObject (5)
[2016.03.31-02.41.57:309][948]LogModuleManager: Shutting down and abandoning module NetworkFile (4)
[2016.03.31-02.41.57:309][948]LogModuleManager: Shutting down and abandoning module StreamingFile (3)
[2016.03.31-02.41.57:309][948]LogModuleManager: Shutting down and abandoning module SandboxFile (2)
[2016.03.31-02.41.57:309][948]LogModuleManager: Shutting down and abandoning module PakFile (1)
[2016.03.31-02.41.57:310][948]LogExit: Exiting.
[2016.03.31-02.41.57:322][948]Log file closed, 03/30/16 19:41:57
